#
# There is insufficient memory for the Java Runtime Environment to continue.
# Native memory allocation (malloc) failed to allocate 319216 bytes for Chunk::new
# Possible reasons:
#   The system is out of physical RAM or swap space
#   The process is running with CompressedOops enabled, and the Java Heap may be blocking the growth of the native heap
# Possible solutions:
#   Reduce memory load on the system
#   Increase physical memory or swap space
#   Check if swap backing store is full
#   Decrease Java heap size (-Xmx/-Xms)
#   Decrease number of Java threads
#   Decrease Java thread stack sizes (-Xss)
#   Set larger code cache with -XX:ReservedCodeCacheSize=
#   JVM is running with Zero Based Compressed Oops mode in which the Java heap is
#     placed in the first 32GB address space. The Java Heap base address is the
#     maximum limit for the native heap growth. Please use -XX:HeapBaseMinAddress
#     to set the Java Heap base and to place the Java Heap above 32GB virtual address.
# This output file may be truncated or incomplete.
#
#  Out of Memory Error (./open/src/hotspot/share/memory/arena.cpp:195), pid=7400, tid=11724
#
# JRE version: OpenJDK Runtime Environment (15.0.2+7) (build 15.0.2+7-27)
# Java VM: OpenJDK 64-Bit Server VM (15.0.2+7-27, mixed mode, sharing, tiered, compressed oops, g1 gc, windows-amd64)
# No core dump will be written. Minidumps are not enabled by default on client versions of Windows
#

---------------  S U M M A R Y ------------

Command Line: -javaagent:C:\Program Files\JetBrains\IntelliJ IDEA Community Edition 2021.1\lib\idea_rt.jar=60326:C:\Program Files\JetBrains\IntelliJ IDEA Community Edition 2021.1\bin -Dfile.encoding=UTF-8 --module-path=C:\Users\相忮\IdeaProjects\fileMeneger_V2\target\classes;C:\Users\相忮\.m2\repository\org\openjfx\javafx-controls\15.0.1\javafx-controls-15.0.1-win.jar;C:\Users\相忮\.m2\repository\org\openjfx\javafx-fxml\15.0.1\javafx-fxml-15.0.1-win.jar;C:\Users\相忮\.m2\repository\org\openjfx\javafx-graphics\15.0.1\javafx-graphics-15.0.1-win.jar;C:\Users\相忮\.m2\repository\org\openjfx\javafx-base\15.0.1\javafx-base-15.0.1-win.jar -Djdk.module.main=com.example.filemeneger_v2 com.example.filemeneger_v2/com.example.filemeneger_v2.HelloApplication

Host: AMD Ryzen 5 3500U with Radeon Vega Mobile Gfx  , 8 cores, 9G,  Windows 10 , 64 bit Build 17763 (10.0.17763.2300)
Time: Mon Dec  5 16:05:18 2022 RTZ 2 (ceia) elapsed time: 1.706387 seconds (0d 0h 0m 1s)

---------------  T H R E A D  ---------------

Current thread (0x00000157ff55fa00):  JavaThread "C2 CompilerThread2" daemon [_thread_in_native, id=11724, stack(0x0000002c36100000,0x0000002c36200000)]


Current CompileTask:
C2:   1706 1653       4       java.lang.invoke.MethodType::makeImpl (108 bytes)

Stack: [0x0000002c36100000,0x0000002c36200000]
Native frames: (J=compiled Java code, j=interpreted, Vv=VM code, C=native code)
V  [jvm.dll+0x62ae9a]
V  [jvm.dll+0x7817a9]
V  [jvm.dll+0x782f03]
V  [jvm.dll+0x783563]
V  [jvm.dll+0x216325]
V  [jvm.dll+0x97f3a]
V  [jvm.dll+0x9861c]
V  [jvm.dll+0x524c38]
V  [jvm.dll+0x2f76b9]
V  [jvm.dll+0x2f6a4a]
V  [jvm.dll+0x1ea705]
V  [jvm.dll+0x1e996e]
V  [jvm.dll+0x178567]
V  [jvm.dll+0x1f9225]
V  [jvm.dll+0x1f72cc]
V  [jvm.dll+0x74495d]
V  [jvm.dll+0x73d75a]
V  [jvm.dll+0x629c56]
C  [ucrtbase.dll+0x2268a]
C  [KERNEL32.DLL+0x17974]
C  [ntdll.dll+0x5a2f1]


---------------  P R O C E S S  ---------------

Threads class SMR info:
_java_thread_list=0x000001578734e4d0, length=20, elements={
0x00000157deccd4c0, 0x00000157feaf2c60, 0x00000157feaf4630, 0x00000157feb0aee0,
0x00000157feb0d8b0, 0x00000157feb0e270, 0x00000157feb10020, 0x00000157feb16340,
0x00000157ff428190, 0x00000157ff507620, 0x00000157ff53e4c0, 0x00000157ff55fa00,
0x0000015780374d70, 0x00000157ff6e2140, 0x000001578057cc90, 0x00000157806983a0,
0x00000157806b7780, 0x000001578095a9d0, 0x000001578095d580, 0x000001578735d480
}

Java Threads: ( => current thread )
  0x00000157deccd4c0 JavaThread "main" [_thread_blocked, id=18104, stack(0x0000002c35000000,0x0000002c35100000)]
  0x00000157feaf2c60 JavaThread "Reference Handler" daemon [_thread_blocked, id=628, stack(0x0000002c35700000,0x0000002c35800000)]
  0x00000157feaf4630 JavaThread "Finalizer" daemon [_thread_blocked, id=21844, stack(0x0000002c35800000,0x0000002c35900000)]
  0x00000157feb0aee0 JavaThread "Signal Dispatcher" daemon [_thread_blocked, id=19580, stack(0x0000002c35900000,0x0000002c35a00000)]
  0x00000157feb0d8b0 JavaThread "Attach Listener" daemon [_thread_blocked, id=20584, stack(0x0000002c35a00000,0x0000002c35b00000)]
  0x00000157feb0e270 JavaThread "Service Thread" daemon [_thread_blocked, id=3520, stack(0x0000002c35b00000,0x0000002c35c00000)]
  0x00000157feb10020 JavaThread "C2 CompilerThread0" daemon [_thread_in_native, id=18124, stack(0x0000002c35c00000,0x0000002c35d00000)]
  0x00000157feb16340 JavaThread "C1 CompilerThread0" daemon [_thread_blocked, id=9112, stack(0x0000002c35d00000,0x0000002c35e00000)]
  0x00000157ff428190 JavaThread "Sweeper thread" daemon [_thread_blocked, id=20552, stack(0x0000002c35e00000,0x0000002c35f00000)]
  0x00000157ff507620 JavaThread "Common-Cleaner" daemon [_thread_blocked, id=6796, stack(0x0000002c35f00000,0x0000002c36000000)]
  0x00000157ff53e4c0 JavaThread "C2 CompilerThread1" daemon [_thread_blocked, id=22172, stack(0x0000002c36000000,0x0000002c36100000)]
=>0x00000157ff55fa00 JavaThread "C2 CompilerThread2" daemon [_thread_in_native, id=11724, stack(0x0000002c36100000,0x0000002c36200000)]
  0x0000015780374d70 JavaThread "Monitor Ctrl-Break" daemon [_thread_in_native, id=19028, stack(0x0000002c36200000,0x0000002c36300000)]
  0x00000157ff6e2140 JavaThread "Notification Thread" daemon [_thread_blocked, id=22504, stack(0x0000002c36300000,0x0000002c36400000)]
  0x000001578057cc90 JavaThread "QuantumRenderer-0" daemon [_thread_blocked, id=3952, stack(0x0000002c36500000,0x0000002c36600000)]
  0x00000157806983a0 JavaThread "InvokeLaterDispatcher" daemon [_thread_blocked, id=22088, stack(0x0000002c36800000,0x0000002c36900000)]
  0x00000157806b7780 JavaThread "JavaFX Application Thread" [_thread_in_vm, id=18660, stack(0x0000002c36900000,0x0000002c36a00000)]
  0x000001578095a9d0 JavaThread "Thread-1" daemon [_thread_in_native, id=11804, stack(0x0000002c37000000,0x0000002c37100000)]
  0x000001578095d580 JavaThread "JavaFX-Launcher" [_thread_blocked, id=20924, stack(0x0000002c37100000,0x0000002c37200000)]
  0x000001578735d480 JavaThread "Prism Font Disposer" daemon [_thread_blocked, id=18744, stack(0x0000002c37800000,0x0000002c37900000)]

Other Threads:
  0x00000157feaed0b0 VMThread "VM Thread" [stack: 0x0000002c35600000,0x0000002c35700000] [id=16944]
  0x00000157804611b0 WatcherThread [stack: 0x0000002c36400000,0x0000002c36500000] [id=17956]
  0x00000157ded09b50 GCTaskThread "GC Thread#0" [stack: 0x0000002c35100000,0x0000002c35200000] [id=6932]
  0x000001578045c840 GCTaskThread "GC Thread#1" [stack: 0x0000002c37200000,0x0000002c37300000] [id=14904]
  0x000001578045cb70 GCTaskThread "GC Thread#2" [stack: 0x0000002c37300000,0x0000002c37400000] [id=21408]
  0x000001578045c1e0 GCTaskThread "GC Thread#3" [stack: 0x0000002c37400000,0x0000002c37500000] [id=14320]
  0x000001578045c510 GCTaskThread "GC Thread#4" [stack: 0x0000002c37500000,0x0000002c37600000] [id=20572]
  0x000001578045cea0 GCTaskThread "GC Thread#5" [stack: 0x0000002c37600000,0x0000002c37700000] [id=20220]
  0x00000157ded0fb20 ConcurrentGCThread "G1 Main Marker" [stack: 0x0000002c35200000,0x0000002c35300000] [id=21072]
  0x00000157ded121f0 ConcurrentGCThread "G1 Conc#0" [stack: 0x0000002c35300000,0x0000002c35400000] [id=21100]
  0x00000157fe9644c0 ConcurrentGCThread "G1 Refine#0" [stack: 0x0000002c35400000,0x0000002c35500000] [id=21788]
  0x00000157fe964fd0 ConcurrentGCThread "G1 Young RemSet Sampling" [stack: 0x0000002c35500000,0x0000002c35600000] [id=6268]

Threads with active compile tasks:
C2 CompilerThread0     1722 1205   !   4       com.sun.javafx.css.ParsedValueImpl::readBinary (688 bytes)
C2 CompilerThread2     1722 1653       4       java.lang.invoke.MethodType::makeImpl (108 bytes)

VM state: not at safepoint (normal execution)

VM Mutex/Monitor currently owned by a thread: None

Heap address: 0x0000000761000000, size: 2544 MB, Compressed Oops mode: Zero based, Oop shift amount: 3
CDS archive(s) mapped at: [0x0000000800000000-0x0000000800b50000-0x0000000800b50000), size 11862016, SharedBaseAddress: 0x0000000800000000, ArchiveRelocationMode: 0.
Compressed class space mapped at: 0x0000000800b50000-0x0000000840b50000, size: 1073741824
Narrow klass base: 0x0000000800000000, Narrow klass shift: 3, Narrow klass range: 0x100000000

GC Precious Log:
 CPUs: 8 total, 8 available
 Memory: 10170M
 Large Page Support: Disabled
 NUMA Support: Disabled
 Compressed Oops: Enabled (Zero based)
 Heap Region Size: 2M
 Heap Min Capacity: 8M
 Heap Initial Capacity: 160M
 Heap Max Capacity: 2544M
 Pre-touch: Disabled
 Parallel Workers: 8
 Concurrent Workers: 2
 Concurrent Refinement Workers: 8
 Periodic GC: Disabled

Heap:
 garbage-first heap   total 163840K, used 13088K [0x0000000761000000, 0x0000000800000000)
  region size 2048K, 7 young (14336K), 3 survivors (6144K)
 Metaspace       used 16398K, capacity 16645K, committed 16768K, reserved 1062912K
  class space    used 2501K, capacity 2574K, committed 2688K, reserved 1048576K

Heap Regions: E=young(eden), S=young(survivor), O=old, HS=humongous(starts), HC=humongous(continues), CS=collection set, F=free, OA=open archive, CA=closed archive, TAMS=top-at-mark-start (previous, next)
|   0|0x0000000761000000, 0x00000007610c8000, 0x0000000761200000| 39%| O|  |TAMS 0x0000000761000000, 0x0000000761000000| Untracked 
|   1|0x0000000761200000, 0x0000000761200000, 0x0000000761400000|  0%| F|  |TAMS 0x0000000761200000, 0x0000000761200000| Untracked 
|   2|0x0000000761400000, 0x0000000761400000, 0x0000000761600000|  0%| F|  |TAMS 0x0000000761400000, 0x0000000761400000| Untracked 
|   3|0x0000000761600000, 0x0000000761600000, 0x0000000761800000|  0%| F|  |TAMS 0x0000000761600000, 0x0000000761600000| Untracked 
|   4|0x0000000761800000, 0x0000000761800000, 0x0000000761a00000|  0%| F|  |TAMS 0x0000000761800000, 0x0000000761800000| Untracked 
|   5|0x0000000761a00000, 0x0000000761a00000, 0x0000000761c00000|  0%| F|  |TAMS 0x0000000761a00000, 0x0000000761a00000| Untracked 
|   6|0x0000000761c00000, 0x0000000761c00000, 0x0000000761e00000|  0%| F|  |TAMS 0x0000000761c00000, 0x0000000761c00000| Untracked 
|   7|0x0000000761e00000, 0x0000000761e00000, 0x0000000762000000|  0%| F|  |TAMS 0x0000000761e00000, 0x0000000761e00000| Untracked 
|   8|0x0000000762000000, 0x0000000762000000, 0x0000000762200000|  0%| F|  |TAMS 0x0000000762000000, 0x0000000762000000| Untracked 
|   9|0x0000000762200000, 0x0000000762200000, 0x0000000762400000|  0%| F|  |TAMS 0x0000000762200000, 0x0000000762200000| Untracked 
|  10|0x0000000762400000, 0x0000000762400000, 0x0000000762600000|  0%| F|  |TAMS 0x0000000762400000, 0x0000000762400000| Untracked 
|  11|0x0000000762600000, 0x0000000762600000, 0x0000000762800000|  0%| F|  |TAMS 0x0000000762600000, 0x0000000762600000| Untracked 
|  12|0x0000000762800000, 0x0000000762800000, 0x0000000762a00000|  0%| F|  |TAMS 0x0000000762800000, 0x0000000762800000| Untracked 
|  13|0x0000000762a00000, 0x0000000762a00000, 0x0000000762c00000|  0%| F|  |TAMS 0x0000000762a00000, 0x0000000762a00000| Untracked 
|  14|0x0000000762c00000, 0x0000000762c00000, 0x0000000762e00000|  0%| F|  |TAMS 0x0000000762c00000, 0x0000000762c00000| Untracked 
|  15|0x0000000762e00000, 0x0000000762e00000, 0x0000000763000000|  0%| F|  |TAMS 0x0000000762e00000, 0x0000000762e00000| Untracked 
|  16|0x0000000763000000, 0x0000000763000000, 0x0000000763200000|  0%| F|  |TAMS 0x0000000763000000, 0x0000000763000000| Untracked 
|  17|0x0000000763200000, 0x0000000763200000, 0x0000000763400000|  0%| F|  |TAMS 0x0000000763200000, 0x0000000763200000| Untracked 
|  18|0x0000000763400000, 0x0000000763400000, 0x0000000763600000|  0%| F|  |TAMS 0x0000000763400000, 0x0000000763400000| Untracked 
|  19|0x0000000763600000, 0x0000000763600000, 0x0000000763800000|  0%| F|  |TAMS 0x0000000763600000, 0x0000000763600000| Untracked 
|  20|0x0000000763800000, 0x0000000763800000, 0x0000000763a00000|  0%| F|  |TAMS 0x0000000763800000, 0x0000000763800000| Untracked 
|  21|0x0000000763a00000, 0x0000000763a00000, 0x0000000763c00000|  0%| F|  |TAMS 0x0000000763a00000, 0x0000000763a00000| Untracked 
|  22|0x0000000763c00000, 0x0000000763c00000, 0x0000000763e00000|  0%| F|  |TAMS 0x0000000763c00000, 0x0000000763c00000| Untracked 
|  23|0x0000000763e00000, 0x0000000763e00000, 0x0000000764000000|  0%| F|  |TAMS 0x0000000763e00000, 0x0000000763e00000| Untracked 
|  24|0x0000000764000000, 0x0000000764000000, 0x0000000764200000|  0%| F|  |TAMS 0x0000000764000000, 0x0000000764000000| Untracked 
|  25|0x0000000764200000, 0x0000000764200000, 0x0000000764400000|  0%| F|  |TAMS 0x0000000764200000, 0x0000000764200000| Untracked 
|  26|0x0000000764400000, 0x0000000764400000, 0x0000000764600000|  0%| F|  |TAMS 0x0000000764400000, 0x0000000764400000| Untracked 
|  27|0x0000000764600000, 0x0000000764600000, 0x0000000764800000|  0%| F|  |TAMS 0x0000000764600000, 0x0000000764600000| Untracked 
|  28|0x0000000764800000, 0x0000000764800000, 0x0000000764a00000|  0%| F|  |TAMS 0x0000000764800000, 0x0000000764800000| Untracked 
|  29|0x0000000764a00000, 0x0000000764a00000, 0x0000000764c00000|  0%| F|  |TAMS 0x0000000764a00000, 0x0000000764a00000| Untracked 
|  30|0x0000000764c00000, 0x0000000764c00000, 0x0000000764e00000|  0%| F|  |TAMS 0x0000000764c00000, 0x0000000764c00000| Untracked 
|  31|0x0000000764e00000, 0x0000000764e00000, 0x0000000765000000|  0%| F|  |TAMS 0x0000000764e00000, 0x0000000764e00000| Untracked 
|  32|0x0000000765000000, 0x0000000765000000, 0x0000000765200000|  0%| F|  |TAMS 0x0000000765000000, 0x0000000765000000| Untracked 
|  33|0x0000000765200000, 0x0000000765200000, 0x0000000765400000|  0%| F|  |TAMS 0x0000000765200000, 0x0000000765200000| Untracked 
|  34|0x0000000765400000, 0x0000000765400000, 0x0000000765600000|  0%| F|  |TAMS 0x0000000765400000, 0x0000000765400000| Untracked 
|  35|0x0000000765600000, 0x0000000765600000, 0x0000000765800000|  0%| F|  |TAMS 0x0000000765600000, 0x0000000765600000| Untracked 
|  36|0x0000000765800000, 0x0000000765800000, 0x0000000765a00000|  0%| F|  |TAMS 0x0000000765800000, 0x0000000765800000| Untracked 
|  37|0x0000000765a00000, 0x0000000765a00000, 0x0000000765c00000|  0%| F|  |TAMS 0x0000000765a00000, 0x0000000765a00000| Untracked 
|  38|0x0000000765c00000, 0x0000000765c00000, 0x0000000765e00000|  0%| F|  |TAMS 0x0000000765c00000, 0x0000000765c00000| Untracked 
|  39|0x0000000765e00000, 0x0000000765e00000, 0x0000000766000000|  0%| F|  |TAMS 0x0000000765e00000, 0x0000000765e00000| Untracked 
|  40|0x0000000766000000, 0x0000000766000000, 0x0000000766200000|  0%| F|  |TAMS 0x0000000766000000, 0x0000000766000000| Untracked 
|  41|0x0000000766200000, 0x0000000766200000, 0x0000000766400000|  0%| F|  |TAMS 0x0000000766200000, 0x0000000766200000| Untracked 
|  42|0x0000000766400000, 0x0000000766400000, 0x0000000766600000|  0%| F|  |TAMS 0x0000000766400000, 0x0000000766400000| Untracked 
|  43|0x0000000766600000, 0x0000000766600000, 0x0000000766800000|  0%| F|  |TAMS 0x0000000766600000, 0x0000000766600000| Untracked 
|  44|0x0000000766800000, 0x0000000766800000, 0x0000000766a00000|  0%| F|  |TAMS 0x0000000766800000, 0x0000000766800000| Untracked 
|  45|0x0000000766a00000, 0x0000000766a00000, 0x0000000766c00000|  0%| F|  |TAMS 0x0000000766a00000, 0x0000000766a00000| Untracked 
|  46|0x0000000766c00000, 0x0000000766c00000, 0x0000000766e00000|  0%| F|  |TAMS 0x0000000766c00000, 0x0000000766c00000| Untracked 
|  47|0x0000000766e00000, 0x0000000766e00000, 0x0000000767000000|  0%| F|  |TAMS 0x0000000766e00000, 0x0000000766e00000| Untracked 
|  48|0x0000000767000000, 0x0000000767000000, 0x0000000767200000|  0%| F|  |TAMS 0x0000000767000000, 0x0000000767000000| Untracked 
|  49|0x0000000767200000, 0x0000000767200000, 0x0000000767400000|  0%| F|  |TAMS 0x0000000767200000, 0x0000000767200000| Untracked 
|  50|0x0000000767400000, 0x0000000767400000, 0x0000000767600000|  0%| F|  |TAMS 0x0000000767400000, 0x0000000767400000| Untracked 
|  51|0x0000000767600000, 0x0000000767600000, 0x0000000767800000|  0%| F|  |TAMS 0x0000000767600000, 0x0000000767600000| Untracked 
|  52|0x0000000767800000, 0x0000000767800000, 0x0000000767a00000|  0%| F|  |TAMS 0x0000000767800000, 0x0000000767800000| Untracked 
|  53|0x0000000767a00000, 0x0000000767a00000, 0x0000000767c00000|  0%| F|  |TAMS 0x0000000767a00000, 0x0000000767a00000| Untracked 
|  54|0x0000000767c00000, 0x0000000767c00000, 0x0000000767e00000|  0%| F|  |TAMS 0x0000000767c00000, 0x0000000767c00000| Untracked 
|  55|0x0000000767e00000, 0x0000000767e00000, 0x0000000768000000|  0%| F|  |TAMS 0x0000000767e00000, 0x0000000767e00000| Untracked 
|  56|0x0000000768000000, 0x0000000768000000, 0x0000000768200000|  0%| F|  |TAMS 0x0000000768000000, 0x0000000768000000| Untracked 
|  57|0x0000000768200000, 0x0000000768200000, 0x0000000768400000|  0%| F|  |TAMS 0x0000000768200000, 0x0000000768200000| Untracked 
|  58|0x0000000768400000, 0x0000000768600000, 0x0000000768600000|100%| S|CS|TAMS 0x0000000768400000, 0x0000000768400000| Complete 
|  59|0x0000000768600000, 0x0000000768800000, 0x0000000768800000|100%| S|CS|TAMS 0x0000000768600000, 0x0000000768600000| Complete 
|  60|0x0000000768800000, 0x0000000768a00000, 0x0000000768a00000|100%| S|CS|TAMS 0x0000000768800000, 0x0000000768800000| Complete 
|  61|0x0000000768a00000, 0x0000000768a00000, 0x0000000768c00000|  0%| F|  |TAMS 0x0000000768a00000, 0x0000000768a00000| Untracked 
|  62|0x0000000768c00000, 0x0000000768c00000, 0x0000000768e00000|  0%| F|  |TAMS 0x0000000768c00000, 0x0000000768c00000| Untracked 
|  63|0x0000000768e00000, 0x0000000768e00000, 0x0000000769000000|  0%| F|  |TAMS 0x0000000768e00000, 0x0000000768e00000| Untracked 
|  64|0x0000000769000000, 0x0000000769000000, 0x0000000769200000|  0%| F|  |TAMS 0x0000000769000000, 0x0000000769000000| Untracked 
|  65|0x0000000769200000, 0x0000000769200000, 0x0000000769400000|  0%| F|  |TAMS 0x0000000769200000, 0x0000000769200000| Untracked 
|  66|0x0000000769400000, 0x0000000769400000, 0x0000000769600000|  0%| F|  |TAMS 0x0000000769400000, 0x0000000769400000| Untracked 
|  67|0x0000000769600000, 0x0000000769600000, 0x0000000769800000|  0%| F|  |TAMS 0x0000000769600000, 0x0000000769600000| Untracked 
|  68|0x0000000769800000, 0x0000000769800000, 0x0000000769a00000|  0%| F|  |TAMS 0x0000000769800000, 0x0000000769800000| Untracked 
|  69|0x0000000769a00000, 0x0000000769a00000, 0x0000000769c00000|  0%| F|  |TAMS 0x0000000769a00000, 0x0000000769a00000| Untracked 
|  70|0x0000000769c00000, 0x0000000769c00000, 0x0000000769e00000|  0%| F|  |TAMS 0x0000000769c00000, 0x0000000769c00000| Untracked 
|  71|0x0000000769e00000, 0x0000000769e00000, 0x000000076a000000|  0%| F|  |TAMS 0x0000000769e00000, 0x0000000769e00000| Untracked 
|  72|0x000000076a000000, 0x000000076a000000, 0x000000076a200000|  0%| F|  |TAMS 0x000000076a000000, 0x000000076a000000| Untracked 
|  73|0x000000076a200000, 0x000000076a200000, 0x000000076a400000|  0%| F|  |TAMS 0x000000076a200000, 0x000000076a200000| Untracked 
|  74|0x000000076a400000, 0x000000076a400000, 0x000000076a600000|  0%| F|  |TAMS 0x000000076a400000, 0x000000076a400000| Untracked 
|  75|0x000000076a600000, 0x000000076a700800, 0x000000076a800000| 50%| E|  |TAMS 0x000000076a600000, 0x000000076a600000| Complete 
|  76|0x000000076a800000, 0x000000076aa00000, 0x000000076aa00000|100%| E|CS|TAMS 0x000000076a800000, 0x000000076a800000| Complete 
|  77|0x000000076aa00000, 0x000000076ac00000, 0x000000076ac00000|100%| E|CS|TAMS 0x000000076aa00000, 0x000000076aa00000| Complete 
|  78|0x000000076ac00000, 0x000000076ae00000, 0x000000076ae00000|100%| E|CS|TAMS 0x000000076ac00000, 0x000000076ac00000| Complete 
|  79|0x000000076ae00000, 0x000000076b000000, 0x000000076b000000|100%| E|CS|TAMS 0x000000076ae00000, 0x000000076ae00000| Complete 

Card table byte_map: [0x00000157f6720000,0x00000157f6c20000] _byte_map_base: 0x00000157f2c18000

Marking Bits (Prev, Next): (CMBitMap*) 0x00000157ded0a250, (CMBitMap*) 0x00000157ded0a290
 Prev Bits: [0x00000157f7120000, 0x00000157f98e0000)
 Next Bits: [0x00000157f98e0000, 0x00000157fc0a0000)

Polling page: 0x00000157dcb60000

Metaspace:

Usage:
  Non-class:     13.74 MB capacity,    13.59 MB ( 99%) used,   136.38 KB ( <1%) free+waste,    22.56 KB ( <1%) overhead. 
      Class:      2.54 MB capacity,     2.45 MB ( 96%) used,    85.36 KB (  3%) free+waste,    10.38 KB ( <1%) overhead. 
       Both:     16.29 MB capacity,    16.04 MB ( 98%) used,   221.73 KB (  1%) free+waste,    32.94 KB ( <1%) overhead. 

Virtual space:
  Non-class space:       14.00 MB reserved,      13.75 MB ( 98%) committed 
      Class space:        1.00 GB reserved,       2.63 MB ( <1%) committed 
             Both:        1.01 GB reserved,      16.38 MB (  2%) committed 

Chunk freelists:
   Non-Class:  9.00 KB
       Class:  18.00 KB
        Both:  27.00 KB

MaxMetaspaceSize: 17179869184.00 GB
CompressedClassSpaceSize: 1.00 GB

CodeHeap 'non-profiled nmethods': size=120000Kb used=673Kb max_used=673Kb free=119326Kb
 bounds [0x00000157ee9c0000, 0x00000157eec30000, 0x00000157f5ef0000]
CodeHeap 'profiled nmethods': size=120000Kb used=3409Kb max_used=3409Kb free=116590Kb
 bounds [0x00000157e7490000, 0x00000157e77f0000, 0x00000157ee9c0000]
CodeHeap 'non-nmethods': size=5760Kb used=1487Kb max_used=1501Kb free=4272Kb
 bounds [0x00000157e6ef0000, 0x00000157e7160000, 0x00000157e7490000]
 total_blobs=2564 nmethods=1844 adapters=630
 compilation: enabled
              stopped_count=0, restarted_count=0
 full_count=0

Compilation events (20 events):
Event: 1.691 Thread 0x00000157feb16340 1820       1       com.sun.javafx.css.CalculatedValue::getOrigin (5 bytes)
Event: 1.691 Thread 0x00000157feb16340 nmethod 1820 0x00000157eea66c90 code [0x00000157eea66e20, 0x00000157eea66ed8]
Event: 1.691 Thread 0x00000157ff53e4c0 1821       4       java.lang.StringConcatHelper::prepend (37 bytes)
Event: 1.691 Thread 0x00000157feb16340 1822       3       javafx.css.Style::<init> (15 bytes)
Event: 1.692 Thread 0x00000157feb16340 nmethod 1822 0x00000157e77d0d10 code [0x00000157e77d0ec0, 0x00000157e77d10d8]
Event: 1.692 Thread 0x00000157feb16340 1823       3       com.sun.javafx.css.CascadingStyle::<init> (42 bytes)
Event: 1.692 Thread 0x00000157feb16340 nmethod 1823 0x00000157e77d1190 code [0x00000157e77d1340, 0x00000157e77d1608]
Event: 1.692 Thread 0x00000157feb16340 1824       3       com.sun.javafx.css.CascadingStyle::getOrigin (8 bytes)
Event: 1.692 Thread 0x00000157feb16340 nmethod 1824 0x00000157e77d1710 code [0x00000157e77d18c0, 0x00000157e77d1b58]
Event: 1.692 Thread 0x00000157feb16340 1825       3       com.sun.javafx.css.CascadingStyle::getRule (11 bytes)
Event: 1.692 Thread 0x00000157feb16340 nmethod 1825 0x00000157e77d1d10 code [0x00000157e77d1ea0, 0x00000157e77d1ff8]
Event: 1.694 Thread 0x00000157ff53e4c0 nmethod 1821 0x00000157eea66f90 code [0x00000157eea67120, 0x00000157eea674b8]
Event: 1.695 Thread 0x00000157feb16340 1826       3       com.sun.javafx.css.PseudoClassState::getIndex (86 bytes)
Event: 1.695 Thread 0x00000157ff53e4c0 1829   !   4       java.lang.invoke.MemberName::getMethodType (203 bytes)
Event: 1.696 Thread 0x00000157feb16340 nmethod 1826 0x00000157e77d2110 code [0x00000157e77d23a0, 0x00000157e77d3558]
Event: 1.696 Thread 0x00000157feb16340 1828       3       javafx.collections.ListChangeBuilder::findSubChange (84 bytes)
Event: 1.697 Thread 0x00000157feb16340 nmethod 1828 0x00000157e77d3a90 code [0x00000157e77d3c60, 0x00000157e77d41b8]
Event: 1.697 Thread 0x00000157feb16340 1827       1       java.util.Collections$1::hasNext (5 bytes)
Event: 1.697 Thread 0x00000157ff53e4c0 nmethod 1829 0x00000157eea67690 code [0x00000157eea67820, 0x00000157eea678f8]
Event: 1.697 Thread 0x00000157feb16340 nmethod 1827 0x00000157eea67a10 code [0x00000157eea67ba0, 0x00000157eea67c58]

GC Heap History (4 events):
Event: 0.697 GC heap before
{Heap before GC invocations=0 (full 0):
 garbage-first heap   total 163840K, used 22528K [0x0000000761000000, 0x0000000800000000)
  region size 2048K, 11 young (22528K), 0 survivors (0K)
 Metaspace       used 5713K, capacity 7524K, committed 7808K, reserved 1056768K
  class space    used 702K, capacity 862K, committed 896K, reserved 1048576K
}
Event: 0.700 GC heap after
{Heap after GC invocations=1 (full 0):
 garbage-first heap   total 163840K, used 2708K [0x0000000761000000, 0x0000000800000000)
  region size 2048K, 2 young (4096K), 2 survivors (4096K)
 Metaspace       used 5713K, capacity 7524K, committed 7808K, reserved 1056768K
  class space    used 702K, capacity 862K, committed 896K, reserved 1048576K
}
Event: 1.524 GC heap before
{Heap before GC invocations=1 (full 0):
 garbage-first heap   total 163840K, used 37524K [0x0000000761000000, 0x0000000800000000)
  region size 2048K, 19 young (38912K), 2 survivors (4096K)
 Metaspace       used 14797K, capacity 15073K, committed 15104K, reserved 1062912K
  class space    used 2188K, capacity 2285K, committed 2304K, reserved 1048576K
}
Event: 1.531 GC heap after
{Heap after GC invocations=2 (full 0):
 garbage-first heap   total 163840K, used 6944K [0x0000000761000000, 0x0000000800000000)
  region size 2048K, 3 young (6144K), 3 survivors (6144K)
 Metaspace       used 14797K, capacity 15073K, committed 15104K, reserved 1062912K
  class space    used 2188K, capacity 2285K, committed 2304K, reserved 1048576K
}

Deoptimization events (20 events):
Event: 1.159 Thread 0x00000157806b7780 Uncommon trap: trap_request=0xffffff45 fr.pc=0x00000157ee9e2da4 relative=0x00000000000002e4
Event: 1.159 Thread 0x00000157806b7780 Uncommon trap: reason=unstable_if action=reinterpret pc=0x00000157ee9e2da4 method=java.util.HashMap.hash(Ljava/lang/Object;)I @ 1 c2
Event: 1.159 Thread 0x00000157806b7780 DEOPT PACKING pc=0x00000157ee9e2da4 sp=0x0000002c369fd510
Event: 1.159 Thread 0x00000157806b7780 DEOPT UNPACKING pc=0x00000157e6f3e42f sp=0x0000002c369fd460 mode 2
Event: 1.280 Thread 0x00000157806b7780 Uncommon trap: trap_request=0xffffffde fr.pc=0x00000157eea3507c relative=0x000000000000017c
Event: 1.280 Thread 0x00000157806b7780 Uncommon trap: reason=class_check action=maybe_recompile pc=0x00000157eea3507c method=java.lang.String.equals(Ljava/lang/Object;)Z @ 8 c2
Event: 1.280 Thread 0x00000157806b7780 DEOPT PACKING pc=0x00000157eea3507c sp=0x0000002c369fd330
Event: 1.280 Thread 0x00000157806b7780 DEOPT UNPACKING pc=0x00000157e6f3e42f sp=0x0000002c369fd2c8 mode 2
Event: 1.280 Thread 0x00000157806b7780 Uncommon trap: trap_request=0xffffffde fr.pc=0x00000157eea3507c relative=0x000000000000017c
Event: 1.280 Thread 0x00000157806b7780 Uncommon trap: reason=class_check action=maybe_recompile pc=0x00000157eea3507c method=java.lang.String.equals(Ljava/lang/Object;)Z @ 8 c2
Event: 1.280 Thread 0x00000157806b7780 DEOPT PACKING pc=0x00000157eea3507c sp=0x0000002c369fd240
Event: 1.280 Thread 0x00000157806b7780 DEOPT UNPACKING pc=0x00000157e6f3e42f sp=0x0000002c369fd1d8 mode 2
Event: 1.280 Thread 0x00000157806b7780 Uncommon trap: trap_request=0xffffffde fr.pc=0x00000157eea3507c relative=0x000000000000017c
Event: 1.280 Thread 0x00000157806b7780 Uncommon trap: reason=class_check action=maybe_recompile pc=0x00000157eea3507c method=java.lang.String.equals(Ljava/lang/Object;)Z @ 8 c2
Event: 1.280 Thread 0x00000157806b7780 DEOPT PACKING pc=0x00000157eea3507c sp=0x0000002c369fd240
Event: 1.280 Thread 0x00000157806b7780 DEOPT UNPACKING pc=0x00000157e6f3e42f sp=0x0000002c369fd1d8 mode 2
Event: 1.282 Thread 0x00000157806b7780 Uncommon trap: trap_request=0xffffffde fr.pc=0x00000157eea3507c relative=0x000000000000017c
Event: 1.282 Thread 0x00000157806b7780 Uncommon trap: reason=class_check action=maybe_recompile pc=0x00000157eea3507c method=java.lang.String.equals(Ljava/lang/Object;)Z @ 8 c2
Event: 1.282 Thread 0x00000157806b7780 DEOPT PACKING pc=0x00000157eea3507c sp=0x0000002c369fd050
Event: 1.282 Thread 0x00000157806b7780 DEOPT UNPACKING pc=0x00000157e6f3e42f sp=0x0000002c369fcfe8 mode 2

Classes unloaded (0 events):
No events

Classes redefined (0 events):
No events

Internal exceptions (20 events):
Event: 0.607 Thread 0x00000157deccd4c0 Exception <a 'java/lang/NoSuchMethodError'{0x000000076a09f5b0}: 'java.lang.Object java.lang.invoke.DirectMethodHandle$Holder.newInvokeSpecial(java.lang.Object, java.lang.Object, java.lang.Object, java.lang.Object, java.lang.Object, java.lang.Object)'> (0x000000076a09f5b0) 
thrown [./open/src/hotspot/share/interpreter/linkResolver.cpp, line 782]
Event: 0.630 Thread 0x00000157deccd4c0 Exception <a 'java/lang/NoSuchMethodError'{0x000000076a0d0288}: 'java.lang.Object java.lang.invoke.DirectMethodHandle$Holder.newInvokeSpecial(java.lang.Object, java.lang.Object, java.lang.Object, java.lang.Object, java.lang.Object)'> (0x000000076a0d0288) 
thrown [./open/src/hotspot/share/interpreter/linkResolver.cpp, line 782]
Event: 0.632 Thread 0x000001578095d580 Exception <a 'java/lang/NoSuchMethodError'{0x0000000769c75478}: 'void java.lang.invoke.DirectMethodHandle$Holder.invokeStatic(java.lang.Object, java.lang.Object, java.lang.Object, java.lang.Object)'> (0x0000000769c75478) 
thrown [./open/src/hotspot/share/interpreter/linkResolver.cpp, line 782]
Event: 0.702 Thread 0x00000157806b7780 Exception <a 'sun/nio/fs/WindowsException'{0x000000076ae2a3a8}> (0x000000076ae2a3a8) 
thrown [./open/src/hotspot/share/prims/jni.cpp, line 578]
Event: 0.756 Thread 0x00000157806b7780 Exception <a 'java/lang/NoSuchMethodError'{0x000000076adb4368}: 'java.lang.Object java.lang.invoke.DirectMethodHandle$Holder.invokeStaticInit(java.lang.Object, java.lang.Object, java.lang.Object, java.lang.Object)'> (0x000000076adb4368) 
thrown [./open/src/hotspot/share/interpreter/linkResolver.cpp, line 782]
Event: 0.758 Thread 0x00000157806b7780 Exception <a 'java/lang/NullPointerException'{0x000000076adc08f0}> (0x000000076adc08f0) 
thrown [./open/src/hotspot/share/interpreter/linkResolver.cpp, line 1374]
Event: 0.761 Thread 0x00000157806b7780 Exception <a 'java/lang/NoSuchMethodError'{0x000000076aded778}: 'void java.lang.invoke.DirectMethodHandle$Holder.invokeSpecial(java.lang.Object, java.lang.Object, java.lang.Object, java.lang.Object, java.lang.Object)'> (0x000000076aded778) 
thrown [./open/src/hotspot/share/interpreter/linkResolver.cpp, line 782]
Event: 0.772 Thread 0x00000157806b7780 Exception <a 'sun/nio/fs/WindowsException'{0x000000076aa407b8}> (0x000000076aa407b8) 
thrown [./open/src/hotspot/share/prims/jni.cpp, line 578]
Event: 0.796 Thread 0x00000157806b7780 Exception <a 'sun/nio/fs/WindowsException'{0x000000076aacf0f8}> (0x000000076aacf0f8) 
thrown [./open/src/hotspot/share/prims/jni.cpp, line 578]
Event: 0.806 Thread 0x00000157806b7780 Exception <a 'java/lang/ClassNotFoundException'{0x000000076aae9bc8}: sun/util/logging/resources/spi/loggingProvider> (0x000000076aae9bc8) 
thrown [./open/src/hotspot/share/classfile/systemDictionary.cpp, line 295]
Event: 1.159 Thread 0x00000157806b7780 Implicit null exception at 0x00000157ee9e2af9 to 0x00000157ee9e2d7c
Event: 1.290 Thread 0x00000157806b7780 Exception <a 'java/lang/NoSuchMethodError'{0x0000000769364808}: 'int java.lang.invoke.DirectMethodHandle$Holder.invokeStaticInit(java.lang.Object, java.lang.Object)'> (0x0000000769364808) 
thrown [./open/src/hotspot/share/interpreter/linkResolver.cpp, line 782]
Event: 1.342 Thread 0x00000157806b7780 Exception <a 'java/lang/NoSuchMethodError'{0x0000000768e136e8}: 'void java.lang.invoke.DirectMethodHandle$Holder.invokeSpecial(java.lang.Object, java.lang.Object, java.lang.Object, java.lang.Object, java.lang.Object, java.lang.Object)'> (0x0000000768e136e8) 
thrown [./open/src/hotspot/share/interpreter/linkResolver.cpp, line 782]
Event: 1.377 Thread 0x00000157806b7780 Exception <a 'java/lang/NoSuchMethodError'{0x0000000768f03e10}: 'java.lang.Object java.lang.invoke.DirectMethodHandle$Holder.invokeInterface(java.lang.Object, java.lang.Object, java.lang.Object)'> (0x0000000768f03e10) 
thrown [./open/src/hotspot/share/interpreter/linkResolver.cpp, line 782]
Event: 1.377 Thread 0x00000157806b7780 Exception <a 'java/lang/IncompatibleClassChangeError'{0x0000000768f07990}: Found class java.lang.Object, but interface was expected> (0x0000000768f07990) 
thrown [./open/src/hotspot/share/interpreter/linkResolver.cpp, line 848]
Event: 1.486 Thread 0x00000157806b7780 Exception <a 'java/lang/NoSuchMethodError'{0x0000000768ab2480}: 'void java.lang.invoke.DirectMethodHandle$Holder.invokeSpecialIFC(java.lang.Object, java.lang.Object, java.lang.Object, java.lang.Object)'> (0x0000000768ab2480) 
thrown [./open/src/hotspot/share/interpreter/linkResolver.cpp, line 782]
Event: 1.494 Thread 0x00000157806b7780 Exception <a 'java/lang/ClassNotFoundException'{0x0000000768af89a0}: com/sun/javafx/scene/control/skin/resources/controls> (0x0000000768af89a0) 
thrown [./open/src/hotspot/share/prims/jni.cpp, line 599]
Event: 1.496 Thread 0x00000157806b7780 Exception <a 'java/lang/ClassNotFoundException'{0x0000000768b064a8}: com/sun/javafx/scene/control/skin/resources/controls_ru> (0x0000000768b064a8) 
thrown [./open/src/hotspot/share/prims/jni.cpp, line 599]
Event: 1.496 Thread 0x00000157806b7780 Exception <a 'java/lang/ClassNotFoundException'{0x0000000768b07450}: com/sun/javafx/scene/control/skin/resources/controls_ru_RU> (0x0000000768b07450) 
thrown [./open/src/hotspot/share/prims/jni.cpp, line 599]
Event: 1.550 Thread 0x00000157806b7780 Exception <a 'java/lang/NoSuchMethodError'{0x000000076aec84e8}: 'int java.lang.invoke.DirectMethodHandle$Holder.invokeSpecial(java.lang.Object, java.lang.Object, int)'> (0x000000076aec84e8) 
thrown [./open/src/hotspot/share/interpreter/linkResolver.cpp, line 782]

Events (20 events):
Event: 1.369 Executing VM operation: HandshakeAllThreads done
Event: 1.424 loading class sun/nio/cs/UTF_16BE$Decoder
Event: 1.424 loading class sun/nio/cs/UnicodeDecoder
Event: 1.424 loading class sun/nio/cs/UnicodeDecoder done
Event: 1.424 loading class sun/nio/cs/UTF_16BE$Decoder done
Event: 1.429 Thread 0x000001578735d480 Thread added: 0x000001578735d480
Event: 1.470 loading class java/util/BitSet$1BitSetSpliterator
Event: 1.470 loading class java/util/BitSet$1BitSetSpliterator done
Event: 1.470 Executing VM operation: HandshakeAllThreads
Event: 1.470 Executing VM operation: HandshakeAllThreads done
Event: 1.471 loading class java/util/stream/IntPipeline$1
Event: 1.471 loading class java/util/stream/IntPipeline$1 done
Event: 1.471 loading class java/util/stream/IntPipeline$1$1
Event: 1.471 loading class java/util/stream/IntPipeline$1$1 done
Event: 1.524 Executing VM operation: G1CollectForAllocation
Event: 1.531 Executing VM operation: G1CollectForAllocation done
Event: 1.682 loading class java/lang/FdLibm$Hypot
Event: 1.682 loading class java/lang/FdLibm$Hypot done
Event: 1.682 loading class java/lang/FdLibm
Event: 1.682 loading class java/lang/FdLibm done


Dynamic libraries:
0x00007ff6e1af0000 - 0x00007ff6e1afd000 	C:\proj\jdk-15.0.2\bin\java.exe
0x00007ffaf3ce0000 - 0x00007ffaf3ecd000 	C:\Windows\SYSTEM32\ntdll.dll
0x00007ffaf1b50000 - 0x00007ffaf1c04000 	C:\Windows\System32\KERNEL32.DLL
0x00007ffaf0790000 - 0x00007ffaf0a24000 	C:\Windows\System32\KERNELBASE.dll
0x00007ffaf05f0000 - 0x00007ffaf06ea000 	C:\Windows\System32\ucrtbase.dll
0x00007ffae66a0000 - 0x00007ffae66b9000 	C:\proj\jdk-15.0.2\bin\VCRUNTIME140.dll
0x00007ffae7bc0000 - 0x00007ffae7bd8000 	C:\proj\jdk-15.0.2\bin\jli.dll
0x00007ffaf1140000 - 0x00007ffaf12d7000 	C:\Windows\System32\USER32.dll
0x00007ffaf04f0000 - 0x00007ffaf0510000 	C:\Windows\System32\win32u.dll
0x00007ffadfea0000 - 0x00007ffae0119000 	C:\Windows\WinSxS\amd64_microsoft.windows.common-controls_6595b64144ccf1df_6.0.17763.2366_none_de735d0053496d5d\COMCTL32.dll
0x00007ffaf25e0000 - 0x00007ffaf2609000 	C:\Windows\System32\GDI32.dll
0x00007ffaf1c70000 - 0x00007ffaf1d0e000 	C:\Windows\System32\msvcrt.dll
0x00007ffaf0c30000 - 0x00007ffaf0dcc000 	C:\Windows\System32\gdi32full.dll
0x00007ffaf06f0000 - 0x00007ffaf0790000 	C:\Windows\System32\msvcp_win.dll
0x00007ffaf1460000 - 0x00007ffaf178d000 	C:\Windows\System32\combase.dll
0x00007ffaf3b90000 - 0x00007ffaf3caf000 	C:\Windows\System32\RPCRT4.dll
0x00007ffaf0e30000 - 0x00007ffaf0eb2000 	C:\Windows\System32\bcryptPrimitives.dll
0x00007ffaf20d0000 - 0x00007ffaf20fe000 	C:\Windows\System32\IMM32.DLL
0x00007ffaeb070000 - 0x00007ffaeb07c000 	C:\proj\jdk-15.0.2\bin\vcruntime140_1.dll
0x00007ffae0640000 - 0x00007ffae06d1000 	C:\proj\jdk-15.0.2\bin\msvcp140.dll
0x00007ffabe350000 - 0x00007ffabeeae000 	C:\proj\jdk-15.0.2\bin\server\jvm.dll
0x00007ffaf0f20000 - 0x00007ffaf0fc4000 	C:\Windows\System32\ADVAPI32.dll
0x00007ffaf1970000 - 0x00007ffaf1a0e000 	C:\Windows\System32\sechost.dll
0x00007ffaf20c0000 - 0x00007ffaf20c8000 	C:\Windows\System32\PSAPI.DLL
0x00007ffaed9a0000 - 0x00007ffaed9c4000 	C:\Windows\SYSTEM32\WINMM.dll
0x00007ffad52c0000 - 0x00007ffad52c9000 	C:\Windows\SYSTEM32\WSOCK32.dll
0x00007ffae9e40000 - 0x00007ffae9e4a000 	C:\Windows\SYSTEM32\VERSION.dll
0x00007ffaf1ee0000 - 0x00007ffaf1f4d000 	C:\Windows\System32\WS2_32.dll
0x00007ffaed950000 - 0x00007ffaed97d000 	C:\Windows\SYSTEM32\winmmbase.dll
0x00007ffaf0ec0000 - 0x00007ffaf0f0a000 	C:\Windows\System32\cfgmgr32.dll
0x00007ffaefd00000 - 0x00007ffaefd11000 	C:\Windows\System32\kernel.appcore.dll
0x00007ffae89b0000 - 0x00007ffae89ba000 	C:\proj\jdk-15.0.2\bin\jimage.dll
0x00007ffadfc90000 - 0x00007ffadfe7d000 	C:\Windows\SYSTEM32\DBGHELP.DLL
0x00007ffadf330000 - 0x00007ffadf35a000 	C:\Windows\SYSTEM32\dbgcore.DLL
0x00007ffae5550000 - 0x00007ffae555e000 	C:\proj\jdk-15.0.2\bin\instrument.dll
0x00007ffae5710000 - 0x00007ffae5735000 	C:\proj\jdk-15.0.2\bin\java.dll
0x00007ffaf2610000 - 0x00007ffaf3b09000 	C:\Windows\System32\SHELL32.dll
0x00007ffaf1fb0000 - 0x00007ffaf2058000 	C:\Windows\System32\shcore.dll
0x00007ffaefda0000 - 0x00007ffaf04ea000 	C:\Windows\System32\windows.storage.dll
0x00007ffaefcd0000 - 0x00007ffaefcf4000 	C:\Windows\System32\profapi.dll
0x00007ffaefd20000 - 0x00007ffaefd7d000 	C:\Windows\System32\powrprof.dll
0x00007ffaf1c10000 - 0x00007ffaf1c62000 	C:\Windows\System32\shlwapi.dll
0x00007ffaefd80000 - 0x00007ffaefd97000 	C:\Windows\System32\cryptsp.dll
0x00007ffae56f0000 - 0x00007ffae5709000 	C:\proj\jdk-15.0.2\bin\net.dll
0x00007ffae5910000 - 0x00007ffae5a01000 	C:\Windows\SYSTEM32\WINHTTP.dll
0x00007ffaef4a0000 - 0x00007ffaef507000 	C:\Windows\system32\mswsock.dll
0x00007ffae5560000 - 0x00007ffae5572000 	C:\proj\jdk-15.0.2\bin\nio.dll
0x00007ffae5120000 - 0x00007ffae5138000 	C:\proj\jdk-15.0.2\bin\zip.dll
0x00007ffae4670000 - 0x00007ffae468a000 	C:\Program Files\JetBrains\IntelliJ IDEA Community Edition 2021.1\bin\breakgen64.dll
0x00000157dec30000 - 0x00000157dec33000 	C:\Users\相忮\.openjfx\cache\15.0.1\api-ms-win-core-console-l1-1-0.dll
0x00000157dec40000 - 0x00000157dec43000 	C:\Users\相忮\.openjfx\cache\15.0.1\api-ms-win-core-console-l1-2-0.dll
0x00000157dec50000 - 0x00000157dec53000 	C:\Users\相忮\.openjfx\cache\15.0.1\api-ms-win-core-datetime-l1-1-0.dll
0x00000157dec60000 - 0x00000157dec63000 	C:\Users\相忮\.openjfx\cache\15.0.1\api-ms-win-core-debug-l1-1-0.dll
0x00000157dec70000 - 0x00000157dec73000 	C:\Users\相忮\.openjfx\cache\15.0.1\api-ms-win-core-errorhandling-l1-1-0.dll
0x00000157dec80000 - 0x00000157dec84000 	C:\Users\相忮\.openjfx\cache\15.0.1\api-ms-win-core-file-l1-1-0.dll
0x00000157ff820000 - 0x00000157ff823000 	C:\Users\相忮\.openjfx\cache\15.0.1\api-ms-win-core-file-l1-2-0.dll
0x00000157ff830000 - 0x00000157ff833000 	C:\Users\相忮\.openjfx\cache\15.0.1\api-ms-win-core-file-l2-1-0.dll
0x00000157ff840000 - 0x00000157ff843000 	C:\Users\相忮\.openjfx\cache\15.0.1\api-ms-win-core-handle-l1-1-0.dll
0x00000157ff850000 - 0x00000157ff853000 	C:\Users\相忮\.openjfx\cache\15.0.1\api-ms-win-core-heap-l1-1-0.dll
0x00000157ff860000 - 0x00000157ff863000 	C:\Users\相忮\.openjfx\cache\15.0.1\api-ms-win-core-interlocked-l1-1-0.dll
0x00000157ff870000 - 0x00000157ff873000 	C:\Users\相忮\.openjfx\cache\15.0.1\api-ms-win-core-libraryloader-l1-1-0.dll
0x00000157ff880000 - 0x00000157ff883000 	C:\Users\相忮\.openjfx\cache\15.0.1\api-ms-win-core-localization-l1-2-0.dll
0x00000157ff890000 - 0x00000157ff893000 	C:\Users\相忮\.openjfx\cache\15.0.1\api-ms-win-core-memory-l1-1-0.dll
0x00000157ff8a0000 - 0x00000157ff8a3000 	C:\Users\相忮\.openjfx\cache\15.0.1\api-ms-win-core-namedpipe-l1-1-0.dll
0x00000157ff8b0000 - 0x00000157ff8b3000 	C:\Users\相忮\.openjfx\cache\15.0.1\api-ms-win-core-processenvironment-l1-1-0.dll
0x00000157ff8c0000 - 0x00000157ff8c3000 	C:\Users\相忮\.openjfx\cache\15.0.1\api-ms-win-core-processthreads-l1-1-0.dll
0x00000157ff8d0000 - 0x00000157ff8d3000 	C:\Users\相忮\.openjfx\cache\15.0.1\api-ms-win-core-processthreads-l1-1-1.dll
0x00000157ff8e0000 - 0x00000157ff8e3000 	C:\Users\相忮\.openjfx\cache\15.0.1\api-ms-win-core-profile-l1-1-0.dll
0x00000157ff8f0000 - 0x00000157ff8f3000 	C:\Users\相忮\.openjfx\cache\15.0.1\api-ms-win-core-rtlsupport-l1-1-0.dll
0x00000157ff900000 - 0x00000157ff903000 	C:\Users\相忮\.openjfx\cache\15.0.1\api-ms-win-core-string-l1-1-0.dll
0x00000157ff910000 - 0x00000157ff913000 	C:\Users\相忮\.openjfx\cache\15.0.1\api-ms-win-core-synch-l1-1-0.dll
0x00000157ff920000 - 0x00000157ff923000 	C:\Users\相忮\.openjfx\cache\15.0.1\api-ms-win-core-synch-l1-2-0.dll
0x00000157ff930000 - 0x00000157ff933000 	C:\Users\相忮\.openjfx\cache\15.0.1\api-ms-win-core-sysinfo-l1-1-0.dll
0x00000157ff940000 - 0x00000157ff943000 	C:\Users\相忮\.openjfx\cache\15.0.1\api-ms-win-core-timezone-l1-1-0.dll
0x00000157ff950000 - 0x00000157ff953000 	C:\Users\相忮\.openjfx\cache\15.0.1\api-ms-win-core-util-l1-1-0.dll
0x00000157ff960000 - 0x00000157ff963000 	C:\Users\相忮\.openjfx\cache\15.0.1\api-ms-win-crt-conio-l1-1-0.dll
0x00000157ff970000 - 0x00000157ff974000 	C:\Users\相忮\.openjfx\cache\15.0.1\api-ms-win-crt-convert-l1-1-0.dll
0x00000157ff980000 - 0x00000157ff983000 	C:\Users\相忮\.openjfx\cache\15.0.1\api-ms-win-crt-environment-l1-1-0.dll
0x00000157ff990000 - 0x00000157ff993000 	C:\Users\相忮\.openjfx\cache\15.0.1\api-ms-win-crt-filesystem-l1-1-0.dll
0x00000157ff9a0000 - 0x00000157ff9a3000 	C:\Users\相忮\.openjfx\cache\15.0.1\api-ms-win-crt-heap-l1-1-0.dll
0x00000157ff9b0000 - 0x00000157ff9b3000 	C:\Users\相忮\.openjfx\cache\15.0.1\api-ms-win-crt-locale-l1-1-0.dll
0x00000157ff9c0000 - 0x00000157ff9c5000 	C:\Users\相忮\.openjfx\cache\15.0.1\api-ms-win-crt-math-l1-1-0.dll
0x00000157ff9d0000 - 0x00000157ff9d5000 	C:\Users\相忮\.openjfx\cache\15.0.1\api-ms-win-crt-multibyte-l1-1-0.dll
0x00000157ff9e0000 - 0x00000157ff9f0000 	C:\Users\相忮\.openjfx\cache\15.0.1\api-ms-win-crt-private-l1-1-0.dll
0x00000157ff9f0000 - 0x00000157ff9f3000 	C:\Users\相忮\.openjfx\cache\15.0.1\api-ms-win-crt-process-l1-1-0.dll
0x00000157ffa00000 - 0x00000157ffa04000 	C:\Users\相忮\.openjfx\cache\15.0.1\api-ms-win-crt-runtime-l1-1-0.dll
0x00000157ffa10000 - 0x00000157ffa14000 	C:\Users\相忮\.openjfx\cache\15.0.1\api-ms-win-crt-stdio-l1-1-0.dll
0x00000157ffa20000 - 0x00000157ffa24000 	C:\Users\相忮\.openjfx\cache\15.0.1\api-ms-win-crt-string-l1-1-0.dll
0x00000157ffa30000 - 0x00000157ffa33000 	C:\Users\相忮\.openjfx\cache\15.0.1\api-ms-win-crt-time-l1-1-0.dll
0x00000157ffa40000 - 0x00000157ffa43000 	C:\Users\相忮\.openjfx\cache\15.0.1\api-ms-win-crt-utility-l1-1-0.dll
0x00007ffac0560000 - 0x00007ffac065c000 	C:\Users\相忮\.openjfx\cache\15.0.1\ucrtbase.dll
0x00007ffae8410000 - 0x00007ffae8425000 	C:\Users\相忮\.openjfx\cache\15.0.1\vcruntime140.dll
0x00007ffae0bf0000 - 0x00007ffae0c8b000 	C:\Users\相忮\.openjfx\cache\15.0.1\msvcp140.dll
0x00007ffae7f50000 - 0x00007ffae7f73000 	C:\Users\相忮\.openjfx\cache\15.0.1\prism_d3d.dll
0x00007ffabc940000 - 0x00007ffabcade000 	C:\Windows\system32\d3d9.dll
0x00007ffaedfc0000 - 0x00007ffaedfee000 	C:\Windows\SYSTEM32\dwmapi.dll
0x00007ffaf0a30000 - 0x00007ffaf0c25000 	C:\Windows\System32\CRYPT32.dll
0x00007ffaefcb0000 - 0x00007ffaefcc2000 	C:\Windows\System32\MSASN1.dll
0x00007ffaedee0000 - 0x00007ffaedf7c000 	C:\Windows\system32\uxtheme.dll
0x00007ffae9f60000 - 0x00007ffaea13d000 	C:\Windows\System32\DriverStore\FileRepository\u0346830.inf_amd64_35731e557194973d\B345901\aticfx64.dll
0x00007ffae0ad0000 - 0x00007ffae0b00000 	C:\Windows\System32\DriverStore\FileRepository\u0346830.inf_amd64_35731e557194973d\B345901\atiu9p64.dll
0x00007ffa98ec0000 - 0x00007ffa99b8e000 	C:\Windows\System32\DriverStore\FileRepository\u0346830.inf_amd64_35731e557194973d\B345901\atiumd64.dll
0x00007ffaf1790000 - 0x00007ffaf18e6000 	C:\Windows\System32\ole32.dll
0x00000000583f0000 - 0x0000000059184000 	C:\Windows\System32\DriverStore\FileRepository\u0346830.inf_amd64_35731e557194973d\B345901\atiumd6a.dll
0x00007ffadc960000 - 0x00007ffadc9a5000 	C:\Users\相忮\.openjfx\cache\15.0.1\glass.dll
0x00007ffaf1a20000 - 0x00007ffaf1b47000 	C:\Windows\System32\COMDLG32.dll
0x00007ffaf1390000 - 0x00007ffaf1454000 	C:\Windows\System32\OLEAUT32.dll
0x00007ffaf0fd0000 - 0x00007ffaf113b000 	C:\Windows\System32\MSCTF.dll
0x00007ffae8160000 - 0x00007ffae8174000 	C:\Users\相忮\.openjfx\cache\15.0.1\javafx_font.dll
0x00007ffae2380000 - 0x00007ffae2689000 	C:\Windows\SYSTEM32\dwrite.dll
0x00007ffaf12e0000 - 0x00007ffaf1382000 	C:\Windows\System32\clbcatq.dll
0x00007ffaeb4f0000 - 0x00007ffaeb6a8000 	C:\Windows\SYSTEM32\WindowsCodecs.dll
0x00007ffacb4b0000 - 0x00007ffacb507000 	C:\Windows\system32\dataexchange.dll
0x00007ffaecae0000 - 0x00007ffaecd5e000 	C:\Windows\system32\d3d11.dll
0x00007ffaed320000 - 0x00007ffaed4e3000 	C:\Windows\system32\dcomp.dll
0x00007ffaeea70000 - 0x00007ffaeeb32000 	C:\Windows\system32\dxgi.dll
0x00007ffaedff0000 - 0x00007ffaee1fc000 	C:\Windows\system32\twinapi.appcore.dll
0x00007ffaee200000 - 0x00007ffaee228000 	C:\Windows\system32\RMCLIENT.dll
0x00007ffae66c0000 - 0x00007ffae66f3000 	C:\Program Files\Common Files\Microsoft Shared\Ink\rtscom.dll
0x00007ffae44e0000 - 0x00007ffae4573000 	C:\Windows\System32\TextInputFramework.dll
0x00007ffaed860000 - 0x00007ffaed941000 	C:\Windows\System32\CoreMessaging.dll
0x00007ffaebb40000 - 0x00007ffaebe62000 	C:\Windows\System32\CoreUIComponents.dll
0x00007ffaeb9e0000 - 0x00007ffaebb31000 	C:\Windows\SYSTEM32\wintypes.dll
0x00007ffaeecf0000 - 0x00007ffaeed21000 	C:\Windows\SYSTEM32\ntmarta.dll

dbghelp: loaded successfully - version: 4.0.5 - missing functions: none
symbol engine: initialized successfully - sym options: 0x614 - pdb path: .;C:\proj\jdk-15.0.2\bin;C:\Windows\SYSTEM32;C:\Windows\WinSxS\amd64_microsoft.windows.common-controls_6595b64144ccf1df_6.0.17763.2366_none_de735d0053496d5d;C:\proj\jdk-15.0.2\bin\server;C:\Program Files\JetBrains\IntelliJ IDEA Community Edition 2021.1\bin;C:\Users\相忮\.openjfx\cache\15.0.1;C:\Windows\System32\DriverStore\FileRepository\u0346830.inf_amd64_35731e557194973d\B345901;C:\Program Files\Common Files\Microsoft Shared\Ink

VM Arguments:
jvm_args: -javaagent:C:\Program Files\JetBrains\IntelliJ IDEA Community Edition 2021.1\lib\idea_rt.jar=60326:C:\Program Files\JetBrains\IntelliJ IDEA Community Edition 2021.1\bin -Dfile.encoding=UTF-8 --module-path=C:\Users\相忮\IdeaProjects\fileMeneger_V2\target\classes;C:\Users\相忮\.m2\repository\org\openjfx\javafx-controls\15.0.1\javafx-controls-15.0.1-win.jar;C:\Users\相忮\.m2\repository\org\openjfx\javafx-fxml\15.0.1\javafx-fxml-15.0.1-win.jar;C:\Users\相忮\.m2\repository\org\openjfx\javafx-graphics\15.0.1\javafx-graphics-15.0.1-win.jar;C:\Users\相忮\.m2\repository\org\openjfx\javafx-base\15.0.1\javafx-base-15.0.1-win.jar -Djdk.module.main=com.example.filemeneger_v2 
java_command: com.example.filemeneger_v2/com.example.filemeneger_v2.HelloApplication
java_class_path (initial): C:\Users\相忮\.m2\repository\org\openjfx\javafx-controls\15.0.1\javafx-controls-15.0.1.jar;C:\Users\相忮\.m2\repository\org\openjfx\javafx-graphics\15.0.1\javafx-graphics-15.0.1.jar;C:\Users\相忮\.m2\repository\org\openjfx\javafx-base\15.0.1\javafx-base-15.0.1.jar;C:\Users\相忮\.m2\repository\org\openjfx\javafx-fxml\15.0.1\javafx-fxml-15.0.1.jar
Launcher Type: SUN_STANDARD

[Global flags]
     intx CICompilerCount                          = 4                                         {product} {ergonomic}
     uint ConcGCThreads                            = 2                                         {product} {ergonomic}
     uint G1ConcRefinementThreads                  = 8                                         {product} {ergonomic}
   size_t G1HeapRegionSize                         = 2097152                                   {product} {ergonomic}
    uintx GCDrainStackTargetSize                   = 64                                        {product} {ergonomic}
   size_t InitialHeapSize                          = 167772160                                 {product} {ergonomic}
   size_t MarkStackSize                            = 4194304                                   {product} {ergonomic}
   size_t MaxHeapSize                              = 2667577344                                {product} {ergonomic}
   size_t MaxNewSize                               = 1600126976                                {product} {ergonomic}
   size_t MinHeapDeltaBytes                        = 2097152                                   {product} {ergonomic}
   size_t MinHeapSize                              = 8388608                                   {product} {ergonomic}
    uintx NonNMethodCodeHeapSize                   = 5839372                                {pd product} {ergonomic}
    uintx NonProfiledCodeHeapSize                  = 122909434                              {pd product} {ergonomic}
    uintx ProfiledCodeHeapSize                     = 122909434                              {pd product} {ergonomic}
    uintx ReservedCodeCacheSize                    = 251658240                              {pd product} {ergonomic}
     bool SegmentedCodeCache                       = true                                      {product} {ergonomic}
   size_t SoftMaxHeapSize                          = 2667577344                             {manageable} {ergonomic}
     bool UseCompressedClassPointers               = true                                 {lp64_product} {ergonomic}
     bool UseCompressedOops                        = true                                 {lp64_product} {ergonomic}
     bool UseG1GC                                  = true                                      {product} {ergonomic}
     bool UseLargePagesIndividualAllocation        = false                                  {pd product} {ergonomic}

Logging:
Log output configuration:
 #0: stdout all=warning uptime,level,tags
 #1: stderr all=off uptime,level,tags

Environment Variables:
JAVA_HOME=C:\proj\jdk-15.0.2
PATH=C:\Program Files (x86)\NVIDIA Corporation\PhysX\Common;C:\Program Files (x86)\Common Files\Oracle\Java\javapath;C:\Windows\system32;C:\Windows;C:\Windows\System32\Wbem;C:\Windows\System32\WindowsPowerShell\v1.0\;C:\Windows\System32\OpenSSH\;C:\Program Files (x86)\Windows Kits\8.1\Windows Performance Toolkit\;C:\Program Files\Git\cmd;C:\proj\jdk-15.0.2\bin;C:\Program Files\PuTTY\;C:\Program Files\MySQL\MySQL Shell 8.0\bin\;C:\Users\相忮\AppData\Local\Microsoft\WindowsApps;C:\Users\相忮\AppData\Local\Programs\Microsoft VS Code\bin;
USERNAME=相忮
OS=Windows_NT
PROCESSOR_IDENTIFIER=AMD64 Family 23 Model 24 Stepping 1, AuthenticAMD



---------------  S Y S T E M  ---------------

OS:
 Windows 10 , 64 bit Build 17763 (10.0.17763.2300)
OS uptime: 13 days 2:04 hours

CPU: total 8 (initial active 8) (8 cores per cpu, 2 threads per core) family 23 model 24 stepping 1 microcode 0x0, cmov, cx8, fxsr, mmx, sse, sse2, sse3, ssse3, sse4.1, sse4.2, popcnt, vzeroupper, avx, avx2, aes, clmul, 3dnowpref, lzcnt, sse4a, ht, tsc, tscinvbit, tscinv, bmi1, bmi2, adx, sha, fma, clflush, clflushopt

Memory: 4k page, system-wide physical 10170M (2810M free)
TotalPageFile size 12218M (AvailPageFile size 8M)
current process WorkingSet (physical memory assigned to process): 182M, peak: 186M
current process commit charge ("private bytes"): 352M, peak: 357M

vm_info: OpenJDK 64-Bit Server VM (15.0.2+7-27) for windows-amd64 JRE (15.0.2+7-27), built on Dec  7 2020 20:02:38 by "mach5one" with unknown MS VC++:1925

END.
