#
# There is insufficient memory for the Java Runtime Environment to continue.
# Native memory allocation (malloc) failed to allocate 32744 bytes for ChunkPool::allocate
# Possible reasons:
#   The system is out of physical RAM or swap space
#   The process is running with CompressedOops enabled, and the Java Heap may be blocking the growth of the native heap
# Possible solutions:
#   Reduce memory load on the system
#   Increase physical memory or swap space
#   Check if swap backing store is full
#   Decrease Java heap size (-Xmx/-Xms)
#   Decrease number of Java threads
#   Decrease Java thread stack sizes (-Xss)
#   Set larger code cache with -XX:ReservedCodeCacheSize=
#   JVM is running with Zero Based Compressed Oops mode in which the Java heap is
#     placed in the first 32GB address space. The Java Heap base address is the
#     maximum limit for the native heap growth. Please use -XX:HeapBaseMinAddress
#     to set the Java Heap base and to place the Java Heap above 32GB virtual address.
# This output file may be truncated or incomplete.
#
#  Out of Memory Error (./open/src/hotspot/share/memory/arena.cpp:79), pid=11192, tid=5392
#
# JRE version: OpenJDK Runtime Environment (15.0.2+7) (build 15.0.2+7-27)
# Java VM: OpenJDK 64-Bit Server VM (15.0.2+7-27, mixed mode, sharing, tiered, compressed oops, g1 gc, windows-amd64)
# No core dump will be written. Minidumps are not enabled by default on client versions of Windows
#

---------------  S U M M A R Y ------------

Command Line: -javaagent:C:\Program Files\JetBrains\IntelliJ IDEA Community Edition 2021.1\lib\idea_rt.jar=51566:C:\Program Files\JetBrains\IntelliJ IDEA Community Edition 2021.1\bin -Dfile.encoding=UTF-8 --module-path=C:\Users\相忮\.m2\repository\org\openjfx\javafx-graphics\15.0.1\javafx-graphics-15.0.1-win.jar;C:\Users\相忮\.m2\repository\org\slf4j\slf4j-api\1.7.32\slf4j-api-1.7.32.jar;C:\Users\相忮\.m2\repository\io\netty\netty-codec\4.1.70.Final\netty-codec-4.1.70.Final.jar;C:\Users\相忮\.m2\repository\org\openjfx\javafx-fxml\15.0.1\javafx-fxml-15.0.1-win.jar;C:\Users\相忮\IdeaProjects\fileMeneger_V2\target\classes;C:\Users\相忮\.m2\repository\org\openjfx\javafx-controls\15.0.1\javafx-controls-15.0.1-win.jar;C:\Users\相忮\.m2\repository\org\openjfx\javafx-base\15.0.1\javafx-base-15.0.1-win.jar;C:\Users\相忮\.m2\repository\org\projectlombok\lombok\1.18.22\lombok-1.18.22.jar;C:\Users\相忮\.m2\repository\io\netty\netty-transport\4.1.70.Final\netty-transport-4.1.70.Final.jar -Djdk.module.main=com.example.filemeneger_v2 com.example.filemeneger_v2/com.example.filemeneger_v2.client.StartApp

Host: AMD Ryzen 5 3500U with Radeon Vega Mobile Gfx  , 8 cores, 9G,  Windows 10 , 64 bit Build 17763 (10.0.17763.2300)
Time: Thu Dec 22 18:21:09 2022 RTZ 2 (ceia) elapsed time: 1.721845 seconds (0d 0h 0m 1s)

---------------  T H R E A D  ---------------

Current thread (0x000002357a82f080):  JavaThread "C2 CompilerThread1" daemon [_thread_in_native, id=5392, stack(0x00000050ea600000,0x00000050ea700000)]


Current CompileTask:
C2:   1721 1895       4       java.lang.invoke.MethodType$ConcurrentWeakInternSet::get (47 bytes)

Stack: [0x00000050ea600000,0x00000050ea700000]
Native frames: (J=compiled Java code, j=interpreted, Vv=VM code, C=native code)
V  [jvm.dll+0x62ae9a]
V  [jvm.dll+0x7817a9]
V  [jvm.dll+0x782f03]
V  [jvm.dll+0x783563]
V  [jvm.dll+0x216325]
V  [jvm.dll+0x982cf]
V  [jvm.dll+0x9861c]
V  [jvm.dll+0x313dca]
V  [jvm.dll+0xa5b87]
V  [jvm.dll+0x1910fd]
V  [jvm.dll+0x2f7609]
V  [jvm.dll+0x2f6a4a]
V  [jvm.dll+0x1ea705]
V  [jvm.dll+0x1e996e]
V  [jvm.dll+0x178567]
V  [jvm.dll+0x1f9225]
V  [jvm.dll+0x1f72cc]
V  [jvm.dll+0x74495d]
V  [jvm.dll+0x73d75a]
V  [jvm.dll+0x629c56]
C  [ucrtbase.dll+0x2268a]
C  [KERNEL32.DLL+0x17974]
C  [ntdll.dll+0x5a2f1]


---------------  P R O C E S S  ---------------

Threads class SMR info:
_java_thread_list=0x000002357b7a69a0, length=21, elements={
0x0000023559f539b0, 0x0000023579d64970, 0x0000023579d66010, 0x0000023579d80ee0,
0x0000023579d837b0, 0x0000023579d84d30, 0x0000023579d875f0, 0x0000023579d983a0,
0x0000023579d9bc30, 0x000002357a790300, 0x000002357a82f080, 0x000002357a7daff0,
0x000002357b1f02c0, 0x000002357aae0070, 0x000002357ad3f050, 0x000002357b4bc2f0,
0x000002357b4add30, 0x000002357b636050, 0x000002357b701610, 0x000002357b87ea10,
0x000002357b8aeae0
}

Java Threads: ( => current thread )
  0x0000023559f539b0 JavaThread "main" [_thread_blocked, id=2660, stack(0x00000050e9600000,0x00000050e9700000)]
  0x0000023579d64970 JavaThread "Reference Handler" daemon [_thread_blocked, id=588, stack(0x00000050e9d00000,0x00000050e9e00000)]
  0x0000023579d66010 JavaThread "Finalizer" daemon [_thread_blocked, id=6416, stack(0x00000050e9e00000,0x00000050e9f00000)]
  0x0000023579d80ee0 JavaThread "Signal Dispatcher" daemon [_thread_blocked, id=676, stack(0x00000050e9f00000,0x00000050ea000000)]
  0x0000023579d837b0 JavaThread "Attach Listener" daemon [_thread_blocked, id=5440, stack(0x00000050ea000000,0x00000050ea100000)]
  0x0000023579d84d30 JavaThread "Service Thread" daemon [_thread_blocked, id=10628, stack(0x00000050ea100000,0x00000050ea200000)]
  0x0000023579d875f0 JavaThread "C2 CompilerThread0" daemon [_thread_in_native, id=1772, stack(0x00000050ea200000,0x00000050ea300000)]
  0x0000023579d983a0 JavaThread "C1 CompilerThread0" daemon [_thread_in_vm, id=8992, stack(0x00000050ea300000,0x00000050ea400000)]
  0x0000023579d9bc30 JavaThread "Sweeper thread" daemon [_thread_blocked, id=10276, stack(0x00000050ea400000,0x00000050ea500000)]
  0x000002357a790300 JavaThread "Common-Cleaner" daemon [_thread_blocked, id=3988, stack(0x00000050ea500000,0x00000050ea600000)]
=>0x000002357a82f080 JavaThread "C2 CompilerThread1" daemon [_thread_in_native, id=5392, stack(0x00000050ea600000,0x00000050ea700000)]
  0x000002357a7daff0 JavaThread "C2 CompilerThread2" daemon [_thread_in_native, id=2312, stack(0x00000050ea700000,0x00000050ea800000)]
  0x000002357b1f02c0 JavaThread "Monitor Ctrl-Break" daemon [_thread_in_native, id=11588, stack(0x00000050ea800000,0x00000050ea900000)]
  0x000002357aae0070 JavaThread "Notification Thread" daemon [_thread_blocked, id=12800, stack(0x00000050ea900000,0x00000050eaa00000)]
  0x000002357ad3f050 JavaThread "QuantumRenderer-0" daemon [_thread_in_vm, id=1976, stack(0x00000050eab00000,0x00000050eac00000)]
  0x000002357b4bc2f0 JavaThread "InvokeLaterDispatcher" daemon [_thread_blocked, id=8620, stack(0x00000050eae00000,0x00000050eaf00000)]
  0x000002357b4add30 JavaThread "JavaFX Application Thread" [_thread_in_native, id=8476, stack(0x00000050eaf00000,0x00000050eb000000)]
  0x000002357b636050 JavaThread "Thread-1" daemon [_thread_in_native, id=13276, stack(0x00000050eb600000,0x00000050eb700000)]
  0x000002357b701610 JavaThread "JavaFX-Launcher" [_thread_blocked, id=12280, stack(0x00000050eba00000,0x00000050ebb00000)]
  0x000002357b87ea10 JavaThread "Prism Font Disposer" daemon [_thread_blocked, id=4232, stack(0x00000050ebb00000,0x00000050ebc00000)]
  0x000002357b8aeae0 JavaThread "Cleaner-0" daemon [_thread_blocked, id=12516, stack(0x00000050ec300000,0x00000050ec400000)]

Other Threads:
  0x0000023579d60610 VMThread "VM Thread" [stack: 0x00000050e9c00000,0x00000050e9d00000] [id=5784]
  0x000002357b1f0790 WatcherThread [stack: 0x00000050eaa00000,0x00000050eab00000] [id=12464]
  0x0000023559f90650 GCTaskThread "GC Thread#0" [stack: 0x00000050e9700000,0x00000050e9800000] [id=2088]
  0x000002357b673480 GCTaskThread "GC Thread#1" [stack: 0x00000050eb700000,0x00000050eb800000] [id=6748]
  0x000002357b671e30 GCTaskThread "GC Thread#2" [stack: 0x00000050eb800000,0x00000050eb900000] [id=11188]
  0x000002357b673150 GCTaskThread "GC Thread#3" [stack: 0x00000050eb900000,0x00000050eba00000] [id=9704]
  0x000002357b672160 GCTaskThread "GC Thread#4" [stack: 0x00000050ebd00000,0x00000050ebe00000] [id=9812]
  0x000002357b6727c0 GCTaskThread "GC Thread#5" [stack: 0x00000050ebe00000,0x00000050ebf00000] [id=12332]
  0x0000023559f97730 ConcurrentGCThread "G1 Main Marker" [stack: 0x00000050e9800000,0x00000050e9900000] [id=8544]
  0x0000023559f99e80 ConcurrentGCThread "G1 Conc#0" [stack: 0x00000050e9900000,0x00000050e9a00000] [id=11764]
  0x0000023579be0090 ConcurrentGCThread "G1 Refine#0" [stack: 0x00000050e9a00000,0x00000050e9b00000] [id=6284]
  0x0000023579be0c20 ConcurrentGCThread "G1 Young RemSet Sampling" [stack: 0x00000050e9b00000,0x00000050e9c00000] [id=9516]

Threads with active compile tasks:
C2 CompilerThread0     1743 1894       4       java.lang.invoke.MethodType::makeImpl (108 bytes)
C1 CompilerThread0     1743 1905       1       com.sun.javafx.UnmodifiableArrayList::size (5 bytes)
C2 CompilerThread1     1743 1895       4       java.lang.invoke.MethodType$ConcurrentWeakInternSet::get (47 bytes)
C2 CompilerThread2     1743 1410   !   4       com.sun.javafx.css.ParsedValueImpl::readBinary (688 bytes)

VM state: not at safepoint (normal execution)

VM Mutex/Monitor currently owned by a thread: None

Heap address: 0x0000000761000000, size: 2544 MB, Compressed Oops mode: Zero based, Oop shift amount: 3
CDS archive(s) mapped at: [0x0000000800000000-0x0000000800b50000-0x0000000800b50000), size 11862016, SharedBaseAddress: 0x0000000800000000, ArchiveRelocationMode: 0.
Compressed class space mapped at: 0x0000000800b50000-0x0000000840b50000, size: 1073741824
Narrow klass base: 0x0000000800000000, Narrow klass shift: 3, Narrow klass range: 0x100000000

GC Precious Log:
 CPUs: 8 total, 8 available
 Memory: 10170M
 Large Page Support: Disabled
 NUMA Support: Disabled
 Compressed Oops: Enabled (Zero based)
 Heap Region Size: 2M
 Heap Min Capacity: 8M
 Heap Initial Capacity: 160M
 Heap Max Capacity: 2544M
 Pre-touch: Disabled
 Parallel Workers: 8
 Concurrent Workers: 2
 Concurrent Refinement Workers: 8
 Periodic GC: Disabled

Heap:
 garbage-first heap   total 163840K, used 17676K [0x0000000761000000, 0x0000000800000000)
  region size 2048K, 8 young (16384K), 3 survivors (6144K)
 Metaspace       used 14928K, capacity 15247K, committed 15360K, reserved 1062912K
  class space    used 2127K, capacity 2232K, committed 2304K, reserved 1048576K

Heap Regions: E=young(eden), S=young(survivor), O=old, HS=humongous(starts), HC=humongous(continues), CS=collection set, F=free, OA=open archive, CA=closed archive, TAMS=top-at-mark-start (previous, next)
|   0|0x0000000761000000, 0x0000000761200000, 0x0000000761200000|100%| O|  |TAMS 0x0000000761000000, 0x0000000761000000| Untracked 
|   1|0x0000000761200000, 0x0000000761307a00, 0x0000000761400000| 51%| O|  |TAMS 0x0000000761200000, 0x0000000761200000| Untracked 
|   2|0x0000000761400000, 0x0000000761600000, 0x0000000761600000|100%|HS|  |TAMS 0x0000000761400000, 0x0000000761400000| Complete 
|   3|0x0000000761600000, 0x0000000761800000, 0x0000000761800000|100%|HS|  |TAMS 0x0000000761600000, 0x0000000761600000| Complete 
|   4|0x0000000761800000, 0x0000000761800000, 0x0000000761a00000|  0%| F|  |TAMS 0x0000000761800000, 0x0000000761800000| Untracked 
|   5|0x0000000761a00000, 0x0000000761a00000, 0x0000000761c00000|  0%| F|  |TAMS 0x0000000761a00000, 0x0000000761a00000| Untracked 
|   6|0x0000000761c00000, 0x0000000761c00000, 0x0000000761e00000|  0%| F|  |TAMS 0x0000000761c00000, 0x0000000761c00000| Untracked 
|   7|0x0000000761e00000, 0x0000000761e00000, 0x0000000762000000|  0%| F|  |TAMS 0x0000000761e00000, 0x0000000761e00000| Untracked 
|   8|0x0000000762000000, 0x0000000762000000, 0x0000000762200000|  0%| F|  |TAMS 0x0000000762000000, 0x0000000762000000| Untracked 
|   9|0x0000000762200000, 0x0000000762200000, 0x0000000762400000|  0%| F|  |TAMS 0x0000000762200000, 0x0000000762200000| Untracked 
|  10|0x0000000762400000, 0x0000000762400000, 0x0000000762600000|  0%| F|  |TAMS 0x0000000762400000, 0x0000000762400000| Untracked 
|  11|0x0000000762600000, 0x0000000762600000, 0x0000000762800000|  0%| F|  |TAMS 0x0000000762600000, 0x0000000762600000| Untracked 
|  12|0x0000000762800000, 0x0000000762800000, 0x0000000762a00000|  0%| F|  |TAMS 0x0000000762800000, 0x0000000762800000| Untracked 
|  13|0x0000000762a00000, 0x0000000762a00000, 0x0000000762c00000|  0%| F|  |TAMS 0x0000000762a00000, 0x0000000762a00000| Untracked 
|  14|0x0000000762c00000, 0x0000000762c00000, 0x0000000762e00000|  0%| F|  |TAMS 0x0000000762c00000, 0x0000000762c00000| Untracked 
|  15|0x0000000762e00000, 0x0000000762e00000, 0x0000000763000000|  0%| F|  |TAMS 0x0000000762e00000, 0x0000000762e00000| Untracked 
|  16|0x0000000763000000, 0x0000000763000000, 0x0000000763200000|  0%| F|  |TAMS 0x0000000763000000, 0x0000000763000000| Untracked 
|  17|0x0000000763200000, 0x0000000763200000, 0x0000000763400000|  0%| F|  |TAMS 0x0000000763200000, 0x0000000763200000| Untracked 
|  18|0x0000000763400000, 0x0000000763400000, 0x0000000763600000|  0%| F|  |TAMS 0x0000000763400000, 0x0000000763400000| Untracked 
|  19|0x0000000763600000, 0x0000000763600000, 0x0000000763800000|  0%| F|  |TAMS 0x0000000763600000, 0x0000000763600000| Untracked 
|  20|0x0000000763800000, 0x0000000763800000, 0x0000000763a00000|  0%| F|  |TAMS 0x0000000763800000, 0x0000000763800000| Untracked 
|  21|0x0000000763a00000, 0x0000000763a00000, 0x0000000763c00000|  0%| F|  |TAMS 0x0000000763a00000, 0x0000000763a00000| Untracked 
|  22|0x0000000763c00000, 0x0000000763c00000, 0x0000000763e00000|  0%| F|  |TAMS 0x0000000763c00000, 0x0000000763c00000| Untracked 
|  23|0x0000000763e00000, 0x0000000763e00000, 0x0000000764000000|  0%| F|  |TAMS 0x0000000763e00000, 0x0000000763e00000| Untracked 
|  24|0x0000000764000000, 0x0000000764000000, 0x0000000764200000|  0%| F|  |TAMS 0x0000000764000000, 0x0000000764000000| Untracked 
|  25|0x0000000764200000, 0x0000000764200000, 0x0000000764400000|  0%| F|  |TAMS 0x0000000764200000, 0x0000000764200000| Untracked 
|  26|0x0000000764400000, 0x0000000764400000, 0x0000000764600000|  0%| F|  |TAMS 0x0000000764400000, 0x0000000764400000| Untracked 
|  27|0x0000000764600000, 0x0000000764600000, 0x0000000764800000|  0%| F|  |TAMS 0x0000000764600000, 0x0000000764600000| Untracked 
|  28|0x0000000764800000, 0x0000000764800000, 0x0000000764a00000|  0%| F|  |TAMS 0x0000000764800000, 0x0000000764800000| Untracked 
|  29|0x0000000764a00000, 0x0000000764a00000, 0x0000000764c00000|  0%| F|  |TAMS 0x0000000764a00000, 0x0000000764a00000| Untracked 
|  30|0x0000000764c00000, 0x0000000764c00000, 0x0000000764e00000|  0%| F|  |TAMS 0x0000000764c00000, 0x0000000764c00000| Untracked 
|  31|0x0000000764e00000, 0x0000000764e00000, 0x0000000765000000|  0%| F|  |TAMS 0x0000000764e00000, 0x0000000764e00000| Untracked 
|  32|0x0000000765000000, 0x0000000765000000, 0x0000000765200000|  0%| F|  |TAMS 0x0000000765000000, 0x0000000765000000| Untracked 
|  33|0x0000000765200000, 0x0000000765200000, 0x0000000765400000|  0%| F|  |TAMS 0x0000000765200000, 0x0000000765200000| Untracked 
|  34|0x0000000765400000, 0x0000000765400000, 0x0000000765600000|  0%| F|  |TAMS 0x0000000765400000, 0x0000000765400000| Untracked 
|  35|0x0000000765600000, 0x0000000765600000, 0x0000000765800000|  0%| F|  |TAMS 0x0000000765600000, 0x0000000765600000| Untracked 
|  36|0x0000000765800000, 0x0000000765800000, 0x0000000765a00000|  0%| F|  |TAMS 0x0000000765800000, 0x0000000765800000| Untracked 
|  37|0x0000000765a00000, 0x0000000765a00000, 0x0000000765c00000|  0%| F|  |TAMS 0x0000000765a00000, 0x0000000765a00000| Untracked 
|  38|0x0000000765c00000, 0x0000000765c00000, 0x0000000765e00000|  0%| F|  |TAMS 0x0000000765c00000, 0x0000000765c00000| Untracked 
|  39|0x0000000765e00000, 0x0000000765e00000, 0x0000000766000000|  0%| F|  |TAMS 0x0000000765e00000, 0x0000000765e00000| Untracked 
|  40|0x0000000766000000, 0x0000000766000000, 0x0000000766200000|  0%| F|  |TAMS 0x0000000766000000, 0x0000000766000000| Untracked 
|  41|0x0000000766200000, 0x0000000766200000, 0x0000000766400000|  0%| F|  |TAMS 0x0000000766200000, 0x0000000766200000| Untracked 
|  42|0x0000000766400000, 0x0000000766400000, 0x0000000766600000|  0%| F|  |TAMS 0x0000000766400000, 0x0000000766400000| Untracked 
|  43|0x0000000766600000, 0x0000000766600000, 0x0000000766800000|  0%| F|  |TAMS 0x0000000766600000, 0x0000000766600000| Untracked 
|  44|0x0000000766800000, 0x0000000766800000, 0x0000000766a00000|  0%| F|  |TAMS 0x0000000766800000, 0x0000000766800000| Untracked 
|  45|0x0000000766a00000, 0x0000000766a00000, 0x0000000766c00000|  0%| F|  |TAMS 0x0000000766a00000, 0x0000000766a00000| Untracked 
|  46|0x0000000766c00000, 0x0000000766c00000, 0x0000000766e00000|  0%| F|  |TAMS 0x0000000766c00000, 0x0000000766c00000| Untracked 
|  47|0x0000000766e00000, 0x0000000766e00000, 0x0000000767000000|  0%| F|  |TAMS 0x0000000766e00000, 0x0000000766e00000| Untracked 
|  48|0x0000000767000000, 0x0000000767000000, 0x0000000767200000|  0%| F|  |TAMS 0x0000000767000000, 0x0000000767000000| Untracked 
|  49|0x0000000767200000, 0x0000000767200000, 0x0000000767400000|  0%| F|  |TAMS 0x0000000767200000, 0x0000000767200000| Untracked 
|  50|0x0000000767400000, 0x0000000767400000, 0x0000000767600000|  0%| F|  |TAMS 0x0000000767400000, 0x0000000767400000| Untracked 
|  51|0x0000000767600000, 0x0000000767600000, 0x0000000767800000|  0%| F|  |TAMS 0x0000000767600000, 0x0000000767600000| Untracked 
|  52|0x0000000767800000, 0x0000000767800000, 0x0000000767a00000|  0%| F|  |TAMS 0x0000000767800000, 0x0000000767800000| Untracked 
|  53|0x0000000767a00000, 0x0000000767a00000, 0x0000000767c00000|  0%| F|  |TAMS 0x0000000767a00000, 0x0000000767a00000| Untracked 
|  54|0x0000000767c00000, 0x0000000767c00000, 0x0000000767e00000|  0%| F|  |TAMS 0x0000000767c00000, 0x0000000767c00000| Untracked 
|  55|0x0000000767e00000, 0x0000000767e00000, 0x0000000768000000|  0%| F|  |TAMS 0x0000000767e00000, 0x0000000767e00000| Untracked 
|  56|0x0000000768000000, 0x0000000768000000, 0x0000000768200000|  0%| F|  |TAMS 0x0000000768000000, 0x0000000768000000| Untracked 
|  57|0x0000000768200000, 0x0000000768200000, 0x0000000768400000|  0%| F|  |TAMS 0x0000000768200000, 0x0000000768200000| Untracked 
|  58|0x0000000768400000, 0x0000000768400000, 0x0000000768600000|  0%| F|  |TAMS 0x0000000768400000, 0x0000000768400000| Untracked 
|  59|0x0000000768600000, 0x000000076863b880, 0x0000000768800000| 11%| S|CS|TAMS 0x0000000768600000, 0x0000000768600000| Complete 
|  60|0x0000000768800000, 0x0000000768a00000, 0x0000000768a00000|100%| S|CS|TAMS 0x0000000768800000, 0x0000000768800000| Complete 
|  61|0x0000000768a00000, 0x0000000768c00000, 0x0000000768c00000|100%| S|CS|TAMS 0x0000000768a00000, 0x0000000768a00000| Complete 
|  62|0x0000000768c00000, 0x0000000768c00000, 0x0000000768e00000|  0%| F|  |TAMS 0x0000000768c00000, 0x0000000768c00000| Untracked 
|  63|0x0000000768e00000, 0x0000000768e00000, 0x0000000769000000|  0%| F|  |TAMS 0x0000000768e00000, 0x0000000768e00000| Untracked 
|  64|0x0000000769000000, 0x0000000769000000, 0x0000000769200000|  0%| F|  |TAMS 0x0000000769000000, 0x0000000769000000| Untracked 
|  65|0x0000000769200000, 0x0000000769200000, 0x0000000769400000|  0%| F|  |TAMS 0x0000000769200000, 0x0000000769200000| Untracked 
|  66|0x0000000769400000, 0x0000000769400000, 0x0000000769600000|  0%| F|  |TAMS 0x0000000769400000, 0x0000000769400000| Untracked 
|  67|0x0000000769600000, 0x0000000769600000, 0x0000000769800000|  0%| F|  |TAMS 0x0000000769600000, 0x0000000769600000| Untracked 
|  68|0x0000000769800000, 0x0000000769800000, 0x0000000769a00000|  0%| F|  |TAMS 0x0000000769800000, 0x0000000769800000| Untracked 
|  69|0x0000000769a00000, 0x0000000769a00000, 0x0000000769c00000|  0%| F|  |TAMS 0x0000000769a00000, 0x0000000769a00000| Untracked 
|  70|0x0000000769c00000, 0x0000000769c00000, 0x0000000769e00000|  0%| F|  |TAMS 0x0000000769c00000, 0x0000000769c00000| Untracked 
|  71|0x0000000769e00000, 0x0000000769e00000, 0x000000076a000000|  0%| F|  |TAMS 0x0000000769e00000, 0x0000000769e00000| Untracked 
|  72|0x000000076a000000, 0x000000076a000000, 0x000000076a200000|  0%| F|  |TAMS 0x000000076a000000, 0x000000076a000000| Untracked 
|  73|0x000000076a200000, 0x000000076a200000, 0x000000076a400000|  0%| F|  |TAMS 0x000000076a200000, 0x000000076a200000| Untracked 
|  74|0x000000076a400000, 0x000000076a400000, 0x000000076a600000|  0%| F|  |TAMS 0x000000076a400000, 0x000000076a400000| Untracked 
|  75|0x000000076a600000, 0x000000076a800000, 0x000000076a800000|100%| E|  |TAMS 0x000000076a600000, 0x000000076a600000| Complete 
|  76|0x000000076a800000, 0x000000076aa00000, 0x000000076aa00000|100%| E|  |TAMS 0x000000076a800000, 0x000000076a800000| Complete 
|  77|0x000000076aa00000, 0x000000076ac00000, 0x000000076ac00000|100%| E|CS|TAMS 0x000000076aa00000, 0x000000076aa00000| Complete 
|  78|0x000000076ac00000, 0x000000076ae00000, 0x000000076ae00000|100%| E|CS|TAMS 0x000000076ac00000, 0x000000076ac00000| Complete 
|  79|0x000000076ae00000, 0x000000076b000000, 0x000000076b000000|100%| E|CS|TAMS 0x000000076ae00000, 0x000000076ae00000| Complete 

Card table byte_map: [0x00000235719b0000,0x0000023571eb0000] _byte_map_base: 0x000002356dea8000

Marking Bits (Prev, Next): (CMBitMap*) 0x0000023559f91de0, (CMBitMap*) 0x0000023559f91e20
 Prev Bits: [0x00000235723b0000, 0x0000023574b70000)
 Next Bits: [0x0000023574b70000, 0x0000023577330000)

Polling page: 0x0000023559710000

Metaspace:

Usage:
  Non-class:     12.71 MB capacity,    12.50 MB ( 98%) used,   191.91 KB (  1%) free+waste,    22.94 KB ( <1%) overhead. 
      Class:      2.18 MB capacity,     2.08 MB ( 95%) used,    93.89 KB (  4%) free+waste,    10.25 KB ( <1%) overhead. 
       Both:     14.89 MB capacity,    14.58 MB ( 98%) used,   285.80 KB (  2%) free+waste,    33.19 KB ( <1%) overhead. 

Virtual space:
  Non-class space:       14.00 MB reserved,      12.75 MB ( 91%) committed 
      Class space:        1.00 GB reserved,       2.25 MB ( <1%) committed 
             Both:        1.01 GB reserved,      15.00 MB (  1%) committed 

Chunk freelists:
   Non-Class:  41.00 KB
       Class:  8.00 KB
        Both:  49.00 KB

MaxMetaspaceSize: 17179869184.00 GB
CompressedClassSpaceSize: 1.00 GB

CodeHeap 'non-profiled nmethods': size=120000Kb used=674Kb max_used=674Kb free=119325Kb
 bounds [0x0000023569c40000, 0x0000023569eb0000, 0x0000023571170000]
CodeHeap 'profiled nmethods': size=120000Kb used=3396Kb max_used=3396Kb free=116603Kb
 bounds [0x0000023562710000, 0x0000023562a70000, 0x0000023569c40000]
CodeHeap 'non-nmethods': size=5760Kb used=1429Kb max_used=1429Kb free=4330Kb
 bounds [0x0000023562170000, 0x00000235623e0000, 0x0000023562710000]
 total_blobs=2654 nmethods=1899 adapters=667
 compilation: enabled
              stopped_count=0, restarted_count=0
 full_count=0

Compilation events (20 events):
Event: 1.700 Thread 0x0000023579d983a0 nmethod 1890 0x0000023562a5e510 code [0x0000023562a5e720, 0x0000023562a5ef38]
Event: 1.700 Thread 0x0000023579d983a0 1892       3       java.lang.invoke.BoundMethodHandle$Species_L::speciesData (4 bytes)
Event: 1.700 Thread 0x0000023579d983a0 nmethod 1892 0x0000023562a5f310 code [0x0000023562a5f4a0, 0x0000023562a5f5b8]
Event: 1.700 Thread 0x0000023579d983a0 1893       3       java.util.Arrays$ArrayList::size (6 bytes)
Event: 1.700 Thread 0x0000023579d983a0 nmethod 1893 0x0000023562a5f690 code [0x0000023562a5f820, 0x0000023562a5f938]
Event: 1.700 Thread 0x000002357a82f080 nmethod 1891 0x0000023569ce8490 code [0x0000023569ce8600, 0x0000023569ce8698]
Event: 1.707 Thread 0x0000023579d875f0 1894       4       java.lang.invoke.MethodType::makeImpl (108 bytes)
Event: 1.707 Thread 0x000002357a82f080 1895       4       java.lang.invoke.MethodType$ConcurrentWeakInternSet::get (47 bytes)
Event: 1.713 Thread 0x0000023579d983a0 1896       3       sun.misc.Unsafe::putByte (9 bytes)
Event: 1.713 Thread 0x0000023579d983a0 nmethod 1896 0x0000023562a5fa10 code [0x0000023562a5fba0, 0x0000023562a5fd18]
Event: 1.713 Thread 0x0000023579d983a0 1897       3       jdk.internal.misc.Unsafe::putByte (8 bytes)
Event: 1.714 Thread 0x0000023579d983a0 nmethod 1897 0x0000023562a5fe10 code [0x0000023562a5ffa0, 0x0000023562a600b8]
Event: 1.714 Thread 0x0000023579d983a0 1899       3       sun.misc.Unsafe::getByte (8 bytes)
Event: 1.714 Thread 0x0000023579d983a0 nmethod 1899 0x0000023562a60190 code [0x0000023562a60320, 0x0000023562a60498]
Event: 1.714 Thread 0x0000023579d983a0 1900       3       sun.misc.Unsafe::getInt (8 bytes)
Event: 1.714 Thread 0x0000023579d983a0 nmethod 1900 0x0000023562a60590 code [0x0000023562a60720, 0x0000023562a60898]
Event: 1.714 Thread 0x0000023579d983a0 1903       3       jdk.internal.misc.Unsafe::putInt (8 bytes)
Event: 1.714 Thread 0x0000023579d983a0 nmethod 1903 0x0000023562a60990 code [0x0000023562a60b20, 0x0000023562a60c38]
Event: 1.714 Thread 0x0000023579d983a0 1901       3       sun.misc.Unsafe::putInt (9 bytes)
Event: 1.714 Thread 0x0000023579d983a0 nmethod 1901 0x0000023562a60d10 code [0x0000023562a60ea0, 0x0000023562a61018]

GC Heap History (4 events):
Event: 0.779 GC heap before
{Heap before GC invocations=0 (full 0):
 garbage-first heap   total 163840K, used 20480K [0x0000000761000000, 0x0000000800000000)
  region size 2048K, 11 young (22528K), 0 survivors (0K)
 Metaspace       used 4665K, capacity 6497K, committed 6656K, reserved 1056768K
  class space    used 515K, capacity 669K, committed 768K, reserved 1048576K
}
Event: 0.783 GC heap after
{Heap after GC invocations=1 (full 0):
 garbage-first heap   total 163840K, used 3151K [0x0000000761000000, 0x0000000800000000)
  region size 2048K, 2 young (4096K), 2 survivors (4096K)
 Metaspace       used 4665K, capacity 6497K, committed 6656K, reserved 1056768K
  class space    used 515K, capacity 669K, committed 768K, reserved 1048576K
}
Event: 1.505 GC heap before
{Heap before GC invocations=1 (full 0):
 garbage-first heap   total 163840K, used 33871K [0x0000000761000000, 0x0000000800000000)
  region size 2048K, 18 young (36864K), 2 survivors (4096K)
 Metaspace       used 13030K, capacity 13315K, committed 13568K, reserved 1060864K
  class space    used 1849K, capacity 1931K, committed 2048K, reserved 1048576K
}
Event: 1.512 GC heap after
{Heap after GC invocations=2 (full 0):
 garbage-first heap   total 163840K, used 7436K [0x0000000761000000, 0x0000000800000000)
  region size 2048K, 3 young (6144K), 3 survivors (6144K)
 Metaspace       used 13030K, capacity 13315K, committed 13568K, reserved 1060864K
  class space    used 1849K, capacity 1931K, committed 2048K, reserved 1048576K
}

Deoptimization events (20 events):
Event: 1.354 Thread 0x000002357b4add30 Uncommon trap: trap_request=0xffffffde fr.pc=0x0000023569cb38fc relative=0x000000000000017c
Event: 1.354 Thread 0x000002357b4add30 Uncommon trap: reason=class_check action=maybe_recompile pc=0x0000023569cb38fc method=java.lang.String.equals(Ljava/lang/Object;)Z @ 8 c2
Event: 1.354 Thread 0x000002357b4add30 DEOPT PACKING pc=0x0000023569cb38fc sp=0x00000050eaffd600
Event: 1.354 Thread 0x000002357b4add30 DEOPT UNPACKING pc=0x00000235621be42f sp=0x00000050eaffd598 mode 2
Event: 1.355 Thread 0x000002357b4add30 Uncommon trap: trap_request=0xffffffde fr.pc=0x0000023569cb38fc relative=0x000000000000017c
Event: 1.355 Thread 0x000002357b4add30 Uncommon trap: reason=class_check action=maybe_recompile pc=0x0000023569cb38fc method=java.lang.String.equals(Ljava/lang/Object;)Z @ 8 c2
Event: 1.355 Thread 0x000002357b4add30 DEOPT PACKING pc=0x0000023569cb38fc sp=0x00000050eaffd510
Event: 1.355 Thread 0x000002357b4add30 DEOPT UNPACKING pc=0x00000235621be42f sp=0x00000050eaffd4a8 mode 2
Event: 1.355 Thread 0x000002357b4add30 Uncommon trap: trap_request=0xffffffde fr.pc=0x0000023569cb38fc relative=0x000000000000017c
Event: 1.355 Thread 0x000002357b4add30 Uncommon trap: reason=class_check action=maybe_recompile pc=0x0000023569cb38fc method=java.lang.String.equals(Ljava/lang/Object;)Z @ 8 c2
Event: 1.355 Thread 0x000002357b4add30 DEOPT PACKING pc=0x0000023569cb38fc sp=0x00000050eaffd510
Event: 1.355 Thread 0x000002357b4add30 DEOPT UNPACKING pc=0x00000235621be42f sp=0x00000050eaffd4a8 mode 2
Event: 1.357 Thread 0x000002357b4add30 Uncommon trap: trap_request=0xffffffde fr.pc=0x0000023569cb38fc relative=0x000000000000017c
Event: 1.357 Thread 0x000002357b4add30 Uncommon trap: reason=class_check action=maybe_recompile pc=0x0000023569cb38fc method=java.lang.String.equals(Ljava/lang/Object;)Z @ 8 c2
Event: 1.357 Thread 0x000002357b4add30 DEOPT PACKING pc=0x0000023569cb38fc sp=0x00000050eaffcfc0
Event: 1.357 Thread 0x000002357b4add30 DEOPT UNPACKING pc=0x00000235621be42f sp=0x00000050eaffcf58 mode 2
Event: 1.586 Thread 0x000002357b4add30 Uncommon trap: trap_request=0xffffff45 fr.pc=0x0000023569cb7e4c relative=0x00000000000001ac
Event: 1.586 Thread 0x000002357b4add30 Uncommon trap: reason=unstable_if action=reinterpret pc=0x0000023569cb7e4c method=java.io.ByteArrayInputStream.read()I @ 8 c2
Event: 1.586 Thread 0x000002357b4add30 DEOPT PACKING pc=0x0000023569cb7e4c sp=0x00000050eaffbe20
Event: 1.586 Thread 0x000002357b4add30 DEOPT UNPACKING pc=0x00000235621be42f sp=0x00000050eaffbdd8 mode 2

Classes unloaded (0 events):
No events

Classes redefined (0 events):
No events

Internal exceptions (20 events):
Event: 0.922 Thread 0x000002357b4add30 Exception <a 'sun/nio/fs/WindowsException'{0x000000076a6b2700}> (0x000000076a6b2700) 
thrown [./open/src/hotspot/share/prims/jni.cpp, line 578]
Event: 0.940 Thread 0x000002357b4add30 Exception <a 'sun/nio/fs/WindowsException'{0x000000076a742d20}> (0x000000076a742d20) 
thrown [./open/src/hotspot/share/prims/jni.cpp, line 578]
Event: 0.947 Thread 0x000002357b4add30 Exception <a 'java/lang/ClassNotFoundException'{0x000000076a75e618}: sun/util/logging/resources/spi/loggingProvider> (0x000000076a75e618) 
thrown [./open/src/hotspot/share/classfile/systemDictionary.cpp, line 295]
Event: 1.218 Thread 0x000002357b4add30 Implicit null exception at 0x0000023569c6d158 to 0x0000023569c6d1ea
Event: 1.228 Thread 0x000002357b4add30 Implicit null exception at 0x0000023569cbd00f to 0x0000023569cbd3c0
Event: 1.236 Thread 0x000002357b4add30 Implicit null exception at 0x0000023569cbc78b to 0x0000023569cbcadc
Event: 1.237 Thread 0x000002357b4add30 Implicit null exception at 0x0000023569c6ab2f to 0x0000023569c6aba9
Event: 1.405 Thread 0x000002357b4add30 Exception <a 'java/lang/ClassNotFoundException'{0x0000000768e9a190}: com/sun/javafx/scene/control/skin/resources/controls> (0x0000000768e9a190) 
thrown [./open/src/hotspot/share/prims/jni.cpp, line 599]
Event: 1.407 Thread 0x000002357b4add30 Exception <a 'java/lang/ClassNotFoundException'{0x0000000768ea7c88}: com/sun/javafx/scene/control/skin/resources/controls_ru> (0x0000000768ea7c88) 
thrown [./open/src/hotspot/share/prims/jni.cpp, line 599]
Event: 1.407 Thread 0x000002357b4add30 Exception <a 'java/lang/ClassNotFoundException'{0x0000000768ea9df0}: com/sun/javafx/scene/control/skin/resources/controls_ru_RU> (0x0000000768ea9df0) 
thrown [./open/src/hotspot/share/prims/jni.cpp, line 599]
Event: 1.485 Thread 0x000002357b4add30 Exception <a 'java/lang/NoSuchMethodError'{0x0000000768c8ea80}: 'void java.lang.invoke.DirectMethodHandle$Holder.invokeSpecial(java.lang.Object, java.lang.Object, java.lang.Object, java.lang.Object, java.lang.Object, java.lang.Object)'> (0x0000000768c8ea80) 
thrown [./open/src/hotspot/share/interpreter/linkResolver.cpp, line 782]
Event: 1.525 Thread 0x000002357b4add30 Exception <a 'java/lang/NoSuchMethodError'{0x000000076aef5348}: 'java.lang.Object java.lang.invoke.DirectMethodHandle$Holder.invokeInterface(java.lang.Object, java.lang.Object, java.lang.Object)'> (0x000000076aef5348) 
thrown [./open/src/hotspot/share/interpreter/linkResolver.cpp, line 782]
Event: 1.525 Thread 0x000002357b4add30 Exception <a 'java/lang/IncompatibleClassChangeError'{0x000000076aef8ec8}: Found class java.lang.Object, but interface was expected> (0x000000076aef8ec8) 
thrown [./open/src/hotspot/share/interpreter/linkResolver.cpp, line 848]
Event: 1.602 Thread 0x000002357b4add30 Exception <a 'java/lang/NoSuchMethodError'{0x000000076add7230}: 'java.lang.Object java.lang.invoke.DirectMethodHandle$Holder.newInvokeSpecial(java.lang.Object, java.lang.Object, int)'> (0x000000076add7230) 
thrown [./open/src/hotspot/share/interpreter/linkResolver.cpp, line 782]
Event: 1.624 Thread 0x000002357ad3f050 Exception <a 'java/lang/NoSuchMethodError'{0x000000076abb0be8}: 'int java.lang.invoke.DirectMethodHandle$Holder.invokeStaticInit(java.lang.Object, java.lang.Object)'> (0x000000076abb0be8) 
thrown [./open/src/hotspot/share/interpreter/linkResolver.cpp, line 782]
Event: 1.630 Thread 0x000002357b4add30 Exception <a 'java/lang/NoSuchMethodError'{0x000000076aacd428}: 'long java.lang.invoke.DirectMethodHandle$Holder.invokeStatic(java.lang.Object, java.lang.Object, java.lang.Object)'> (0x000000076aacd428) 
thrown [./open/src/hotspot/share/interpreter/linkResolver.cpp, line 782]
Event: 1.631 Thread 0x000002357b4add30 Exception <a 'java/lang/NoSuchMethodError'{0x000000076aad0dd8}: 'long java.lang.invoke.DirectMethodHandle$Holder.invokeStaticInit(java.lang.Object, java.lang.Object, java.lang.Object)'> (0x000000076aad0dd8) 
thrown [./open/src/hotspot/share/interpreter/linkResolver.cpp, line 782]
Event: 1.635 Thread 0x000002357b4add30 Exception <a 'java/lang/NoSuchMethodError'{0x000000076aae8e38}: 'java.lang.Object java.lang.invoke.DirectMethodHandle$Holder.newInvokeSpecial(java.lang.Object, java.lang.Object, long)'> (0x000000076aae8e38) 
thrown [./open/src/hotspot/share/interpreter/linkResolver.cpp, line 782]
Event: 1.636 Thread 0x000002357b4add30 Exception <a 'java/lang/NoSuchMethodError'{0x000000076aaecba8}: 'java.lang.Object java.lang.invoke.Invokers$Holder.linkToTargetMethod(java.lang.Object, long, java.lang.Object)'> (0x000000076aaecba8) 
thrown [./open/src/hotspot/share/interpreter/linkResolver.cpp, line 782]
Event: 1.717 Thread 0x000002357ad3f050 Exception <a 'java/lang/NullPointerException'{0x000000076a6675a0}> (0x000000076a6675a0) 
thrown [./open/src/hotspot/share/interpreter/linkResolver.cpp, line 1457]

Events (20 events):
Event: 1.668 loading class java/nio/DoubleBuffer done
Event: 1.686 loading class jdk/internal/ref/CleanerImpl$InnocuousThreadFactory
Event: 1.686 loading class jdk/internal/ref/CleanerImpl$InnocuousThreadFactory done
Event: 1.686 loading class jdk/internal/ref/CleanerImpl$InnocuousThreadFactory$1
Event: 1.686 loading class jdk/internal/ref/CleanerImpl$InnocuousThreadFactory$1 done
Event: 1.686 loading class jdk/internal/misc/InnocuousThread$1
Event: 1.686 loading class jdk/internal/misc/InnocuousThread$1 done
Event: 1.687 Thread 0x000002357b8aeae0 Thread added: 0x000002357b8aeae0
Event: 1.692 loading class jdk/internal/math/FDBigInteger
Event: 1.693 loading class jdk/internal/math/FDBigInteger done
Event: 1.697 loading class sun/misc/Unsafe
Event: 1.697 loading class sun/misc/Unsafe done
Event: 1.697 loading class jdk/internal/reflect/UnsafeQualifiedStaticObjectFieldAccessorImpl
Event: 1.698 loading class jdk/internal/reflect/UnsafeQualifiedStaticFieldAccessorImpl
Event: 1.698 loading class jdk/internal/reflect/UnsafeQualifiedStaticFieldAccessorImpl done
Event: 1.698 loading class jdk/internal/reflect/UnsafeQualifiedStaticObjectFieldAccessorImpl done
Event: 1.717 loading class java/lang/Throwable$WrappedPrintStream
Event: 1.717 loading class java/lang/Throwable$PrintStreamOrWriter
Event: 1.717 loading class java/lang/Throwable$PrintStreamOrWriter done
Event: 1.717 loading class java/lang/Throwable$WrappedPrintStream done


Dynamic libraries:
0x00007ff770690000 - 0x00007ff77069d000 	C:\proj\jdk-15.0.2\bin\java.exe
0x00007ffde0520000 - 0x00007ffde070d000 	C:\Windows\SYSTEM32\ntdll.dll
0x00007ffde03d0000 - 0x00007ffde0484000 	C:\Windows\System32\KERNEL32.DLL
0x00007ffddc5c0000 - 0x00007ffddc854000 	C:\Windows\System32\KERNELBASE.dll
0x00007ffddd5c0000 - 0x00007ffddd6ba000 	C:\Windows\System32\ucrtbase.dll
0x00007ffdcdbc0000 - 0x00007ffdcdbd9000 	C:\proj\jdk-15.0.2\bin\VCRUNTIME140.dll
0x00007ffdcdc30000 - 0x00007ffdcdc48000 	C:\proj\jdk-15.0.2\bin\jli.dll
0x00007ffdde020000 - 0x00007ffdde1b7000 	C:\Windows\System32\USER32.dll
0x00007ffddd5a0000 - 0x00007ffddd5c0000 	C:\Windows\System32\win32u.dll
0x00007ffddda60000 - 0x00007ffddda89000 	C:\Windows\System32\GDI32.dll
0x00007ffdc6f30000 - 0x00007ffdc71a9000 	C:\Windows\WinSxS\amd64_microsoft.windows.common-controls_6595b64144ccf1df_6.0.17763.2366_none_de735d0053496d5d\COMCTL32.dll
0x00007ffddd210000 - 0x00007ffddd3ac000 	C:\Windows\System32\gdi32full.dll
0x00007ffddda90000 - 0x00007ffdddb2e000 	C:\Windows\System32\msvcrt.dll
0x00007ffddd500000 - 0x00007ffddd5a0000 	C:\Windows\System32\msvcp_win.dll
0x00007ffdddb30000 - 0x00007ffddde5d000 	C:\Windows\System32\combase.dll
0x00007ffddd880000 - 0x00007ffddd99f000 	C:\Windows\System32\RPCRT4.dll
0x00007ffddd6c0000 - 0x00007ffddd742000 	C:\Windows\System32\bcryptPrimitives.dll
0x00007ffde0340000 - 0x00007ffde036e000 	C:\Windows\System32\IMM32.DLL
0x00007ffdce5a0000 - 0x00007ffdce5ac000 	C:\proj\jdk-15.0.2\bin\vcruntime140_1.dll
0x00007ffdb19b0000 - 0x00007ffdb1a41000 	C:\proj\jdk-15.0.2\bin\msvcp140.dll
0x00007ffd84fb0000 - 0x00007ffd85b0e000 	C:\proj\jdk-15.0.2\bin\server\jvm.dll
0x00007ffddecb0000 - 0x00007ffdded54000 	C:\Windows\System32\ADVAPI32.dll
0x00007ffdde410000 - 0x00007ffdde4ae000 	C:\Windows\System32\sechost.dll
0x00007ffddda50000 - 0x00007ffddda58000 	C:\Windows\System32\PSAPI.DLL
0x00007ffdc6ab0000 - 0x00007ffdc6ab9000 	C:\Windows\SYSTEM32\WSOCK32.dll
0x00007ffdda1e0000 - 0x00007ffdda204000 	C:\Windows\SYSTEM32\WINMM.dll
0x00007ffdde560000 - 0x00007ffdde5cd000 	C:\Windows\System32\WS2_32.dll
0x00007ffdd78b0000 - 0x00007ffdd78ba000 	C:\Windows\SYSTEM32\VERSION.dll
0x00007ffdd9d60000 - 0x00007ffdd9d8d000 	C:\Windows\SYSTEM32\winmmbase.dll
0x00007ffddd400000 - 0x00007ffddd44a000 	C:\Windows\System32\cfgmgr32.dll
0x00007ffddc510000 - 0x00007ffddc521000 	C:\Windows\System32\kernel.appcore.dll
0x00007ffdc8090000 - 0x00007ffdc809a000 	C:\proj\jdk-15.0.2\bin\jimage.dll
0x00007ffdcb7e0000 - 0x00007ffdcb9cd000 	C:\Windows\SYSTEM32\DBGHELP.DLL
0x00007ffdca780000 - 0x00007ffdca7aa000 	C:\Windows\SYSTEM32\dbgcore.DLL
0x00007ffdc4ec0000 - 0x00007ffdc4ece000 	C:\proj\jdk-15.0.2\bin\instrument.dll
0x00007ffdc3a30000 - 0x00007ffdc3a55000 	C:\proj\jdk-15.0.2\bin\java.dll
0x00007ffddee40000 - 0x00007ffde0339000 	C:\Windows\System32\SHELL32.dll
0x00007ffddd9a0000 - 0x00007ffddda48000 	C:\Windows\System32\shcore.dll
0x00007ffddcac0000 - 0x00007ffddd20a000 	C:\Windows\System32\windows.storage.dll
0x00007ffddc590000 - 0x00007ffddc5b4000 	C:\Windows\System32\profapi.dll
0x00007ffddc530000 - 0x00007ffddc58d000 	C:\Windows\System32\powrprof.dll
0x00007ffde0490000 - 0x00007ffde04e2000 	C:\Windows\System32\shlwapi.dll
0x00007ffddd3b0000 - 0x00007ffddd3c7000 	C:\Windows\System32\cryptsp.dll
0x00007ffdc77c0000 - 0x00007ffdc77d9000 	C:\proj\jdk-15.0.2\bin\net.dll
0x00007ffdd2400000 - 0x00007ffdd24f1000 	C:\Windows\SYSTEM32\WINHTTP.dll
0x00007ffddbce0000 - 0x00007ffddbd47000 	C:\Windows\system32\mswsock.dll
0x00007ffdc6e50000 - 0x00007ffdc6e62000 	C:\proj\jdk-15.0.2\bin\nio.dll
0x00007ffdc6ac0000 - 0x00007ffdc6ad8000 	C:\proj\jdk-15.0.2\bin\zip.dll
0x00007ffdc1230000 - 0x00007ffdc124a000 	C:\Program Files\JetBrains\IntelliJ IDEA Community Edition 2021.1\bin\breakgen64.dll
0x0000023559ef0000 - 0x0000023559ef3000 	C:\Users\相忮\.openjfx\cache\15.0.1\api-ms-win-core-console-l1-1-0.dll
0x0000023559f00000 - 0x0000023559f03000 	C:\Users\相忮\.openjfx\cache\15.0.1\api-ms-win-core-console-l1-2-0.dll
0x000002357c290000 - 0x000002357c293000 	C:\Users\相忮\.openjfx\cache\15.0.1\api-ms-win-core-datetime-l1-1-0.dll
0x000002357c2a0000 - 0x000002357c2a3000 	C:\Users\相忮\.openjfx\cache\15.0.1\api-ms-win-core-debug-l1-1-0.dll
0x000002357c2b0000 - 0x000002357c2b3000 	C:\Users\相忮\.openjfx\cache\15.0.1\api-ms-win-core-errorhandling-l1-1-0.dll
0x000002357c2c0000 - 0x000002357c2c4000 	C:\Users\相忮\.openjfx\cache\15.0.1\api-ms-win-core-file-l1-1-0.dll
0x000002357c2d0000 - 0x000002357c2d3000 	C:\Users\相忮\.openjfx\cache\15.0.1\api-ms-win-core-file-l1-2-0.dll
0x000002357c2e0000 - 0x000002357c2e3000 	C:\Users\相忮\.openjfx\cache\15.0.1\api-ms-win-core-file-l2-1-0.dll
0x000002357c2f0000 - 0x000002357c2f3000 	C:\Users\相忮\.openjfx\cache\15.0.1\api-ms-win-core-handle-l1-1-0.dll
0x000002357c300000 - 0x000002357c303000 	C:\Users\相忮\.openjfx\cache\15.0.1\api-ms-win-core-heap-l1-1-0.dll
0x000002357c310000 - 0x000002357c313000 	C:\Users\相忮\.openjfx\cache\15.0.1\api-ms-win-core-interlocked-l1-1-0.dll
0x000002357c320000 - 0x000002357c323000 	C:\Users\相忮\.openjfx\cache\15.0.1\api-ms-win-core-libraryloader-l1-1-0.dll
0x000002357c330000 - 0x000002357c333000 	C:\Users\相忮\.openjfx\cache\15.0.1\api-ms-win-core-localization-l1-2-0.dll
0x000002357c340000 - 0x000002357c343000 	C:\Users\相忮\.openjfx\cache\15.0.1\api-ms-win-core-memory-l1-1-0.dll
0x000002357c350000 - 0x000002357c353000 	C:\Users\相忮\.openjfx\cache\15.0.1\api-ms-win-core-namedpipe-l1-1-0.dll
0x000002357c360000 - 0x000002357c363000 	C:\Users\相忮\.openjfx\cache\15.0.1\api-ms-win-core-processenvironment-l1-1-0.dll
0x000002357c370000 - 0x000002357c373000 	C:\Users\相忮\.openjfx\cache\15.0.1\api-ms-win-core-processthreads-l1-1-0.dll
0x000002357c380000 - 0x000002357c383000 	C:\Users\相忮\.openjfx\cache\15.0.1\api-ms-win-core-processthreads-l1-1-1.dll
0x000002357c390000 - 0x000002357c393000 	C:\Users\相忮\.openjfx\cache\15.0.1\api-ms-win-core-profile-l1-1-0.dll
0x000002357c3a0000 - 0x000002357c3a3000 	C:\Users\相忮\.openjfx\cache\15.0.1\api-ms-win-core-rtlsupport-l1-1-0.dll
0x000002357c3b0000 - 0x000002357c3b3000 	C:\Users\相忮\.openjfx\cache\15.0.1\api-ms-win-core-string-l1-1-0.dll
0x000002357c3c0000 - 0x000002357c3c3000 	C:\Users\相忮\.openjfx\cache\15.0.1\api-ms-win-core-synch-l1-1-0.dll
0x000002357c3d0000 - 0x000002357c3d3000 	C:\Users\相忮\.openjfx\cache\15.0.1\api-ms-win-core-synch-l1-2-0.dll
0x000002357c3e0000 - 0x000002357c3e3000 	C:\Users\相忮\.openjfx\cache\15.0.1\api-ms-win-core-sysinfo-l1-1-0.dll
0x000002357c3f0000 - 0x000002357c3f3000 	C:\Users\相忮\.openjfx\cache\15.0.1\api-ms-win-core-timezone-l1-1-0.dll
0x000002357c400000 - 0x000002357c403000 	C:\Users\相忮\.openjfx\cache\15.0.1\api-ms-win-core-util-l1-1-0.dll
0x000002357c410000 - 0x000002357c413000 	C:\Users\相忮\.openjfx\cache\15.0.1\api-ms-win-crt-conio-l1-1-0.dll
0x000002357c420000 - 0x000002357c424000 	C:\Users\相忮\.openjfx\cache\15.0.1\api-ms-win-crt-convert-l1-1-0.dll
0x000002357c430000 - 0x000002357c433000 	C:\Users\相忮\.openjfx\cache\15.0.1\api-ms-win-crt-environment-l1-1-0.dll
0x000002357c440000 - 0x000002357c443000 	C:\Users\相忮\.openjfx\cache\15.0.1\api-ms-win-crt-filesystem-l1-1-0.dll
0x000002357c450000 - 0x000002357c453000 	C:\Users\相忮\.openjfx\cache\15.0.1\api-ms-win-crt-heap-l1-1-0.dll
0x000002357c460000 - 0x000002357c463000 	C:\Users\相忮\.openjfx\cache\15.0.1\api-ms-win-crt-locale-l1-1-0.dll
0x000002357c470000 - 0x000002357c475000 	C:\Users\相忮\.openjfx\cache\15.0.1\api-ms-win-crt-math-l1-1-0.dll
0x000002357c480000 - 0x000002357c485000 	C:\Users\相忮\.openjfx\cache\15.0.1\api-ms-win-crt-multibyte-l1-1-0.dll
0x000002357c490000 - 0x000002357c4a0000 	C:\Users\相忮\.openjfx\cache\15.0.1\api-ms-win-crt-private-l1-1-0.dll
0x000002357c4a0000 - 0x000002357c4a3000 	C:\Users\相忮\.openjfx\cache\15.0.1\api-ms-win-crt-process-l1-1-0.dll
0x000002357c4b0000 - 0x000002357c4b4000 	C:\Users\相忮\.openjfx\cache\15.0.1\api-ms-win-crt-runtime-l1-1-0.dll
0x000002357c4c0000 - 0x000002357c4c4000 	C:\Users\相忮\.openjfx\cache\15.0.1\api-ms-win-crt-stdio-l1-1-0.dll
0x000002357c4d0000 - 0x000002357c4d4000 	C:\Users\相忮\.openjfx\cache\15.0.1\api-ms-win-crt-string-l1-1-0.dll
0x000002357c4e0000 - 0x000002357c4e3000 	C:\Users\相忮\.openjfx\cache\15.0.1\api-ms-win-crt-time-l1-1-0.dll
0x000002357c4f0000 - 0x000002357c4f3000 	C:\Users\相忮\.openjfx\cache\15.0.1\api-ms-win-crt-utility-l1-1-0.dll
0x00007ffdaee50000 - 0x00007ffdaef4c000 	C:\Users\相忮\.openjfx\cache\15.0.1\ucrtbase.dll
0x00007ffdc0480000 - 0x00007ffdc0495000 	C:\Users\相忮\.openjfx\cache\15.0.1\vcruntime140.dll
0x00007ffdaf2f0000 - 0x00007ffdaf38b000 	C:\Users\相忮\.openjfx\cache\15.0.1\msvcp140.dll
0x00007ffdbfcf0000 - 0x00007ffdbfd13000 	C:\Users\相忮\.openjfx\cache\15.0.1\prism_d3d.dll
0x00007ffdbeb30000 - 0x00007ffdbecce000 	C:\Windows\system32\d3d9.dll
0x00007ffddaa10000 - 0x00007ffddaa3e000 	C:\Windows\SYSTEM32\dwmapi.dll
0x00007ffddc860000 - 0x00007ffddca55000 	C:\Windows\System32\CRYPT32.dll
0x00007ffddc4f0000 - 0x00007ffddc502000 	C:\Windows\System32\MSASN1.dll
0x00007ffdda720000 - 0x00007ffdda7bc000 	C:\Windows\system32\uxtheme.dll
0x00007ffdd78c0000 - 0x00007ffdd7a9d000 	C:\Windows\System32\DriverStore\FileRepository\u0346830.inf_amd64_35731e557194973d\B345901\aticfx64.dll
0x00007ffdbeb00000 - 0x00007ffdbeb30000 	C:\Windows\System32\DriverStore\FileRepository\u0346830.inf_amd64_35731e557194973d\B345901\atiu9p64.dll
0x00007ffdac840000 - 0x00007ffdad50e000 	C:\Windows\System32\DriverStore\FileRepository\u0346830.inf_amd64_35731e557194973d\B345901\atiumd64.dll
0x00007ffddde60000 - 0x00007ffdddfb6000 	C:\Windows\System32\ole32.dll
0x000000005a6a0000 - 0x000000005b434000 	C:\Windows\System32\DriverStore\FileRepository\u0346830.inf_amd64_35731e557194973d\B345901\atiumd6a.dll
0x00007ffdbed30000 - 0x00007ffdbed75000 	C:\Users\相忮\.openjfx\cache\15.0.1\glass.dll
0x00007ffddd750000 - 0x00007ffddd877000 	C:\Windows\System32\COMDLG32.dll
0x00007ffdded70000 - 0x00007ffddee34000 	C:\Windows\System32\OLEAUT32.dll
0x00007ffddeb40000 - 0x00007ffddecab000 	C:\Windows\System32\MSCTF.dll
0x00007ffdbf2b0000 - 0x00007ffdbf2c4000 	C:\Users\相忮\.openjfx\cache\15.0.1\javafx_font.dll
0x00007ffdcf060000 - 0x00007ffdcf369000 	C:\Windows\SYSTEM32\dwrite.dll
0x00007ffdde4b0000 - 0x00007ffdde552000 	C:\Windows\System32\clbcatq.dll
0x00007ffdd7e10000 - 0x00007ffdd7fc8000 	C:\Windows\SYSTEM32\WindowsCodecs.dll
0x00007ffdb80a0000 - 0x00007ffdb80f7000 	C:\Windows\system32\dataexchange.dll
0x00007ffdd9350000 - 0x00007ffdd95ce000 	C:\Windows\system32\d3d11.dll
0x00007ffdd9b90000 - 0x00007ffdd9d53000 	C:\Windows\system32\dcomp.dll
0x00007ffddb1e0000 - 0x00007ffddb2a2000 	C:\Windows\system32\dxgi.dll
0x00007ffdda800000 - 0x00007ffddaa0c000 	C:\Windows\system32\twinapi.appcore.dll
0x00007ffddaa40000 - 0x00007ffddaa68000 	C:\Windows\system32\RMCLIENT.dll
0x00007ffdbc8e0000 - 0x00007ffdbc913000 	C:\Program Files\Common Files\Microsoft Shared\Ink\rtscom.dll
0x00007ffdd1010000 - 0x00007ffdd10a3000 	C:\Windows\System32\TextInputFramework.dll
0x00007ffdda0f0000 - 0x00007ffdda1d1000 	C:\Windows\System32\CoreMessaging.dll
0x00007ffdd8380000 - 0x00007ffdd86a2000 	C:\Windows\System32\CoreUIComponents.dll
0x00007ffddb530000 - 0x00007ffddb561000 	C:\Windows\SYSTEM32\ntmarta.dll
0x00007ffdd8220000 - 0x00007ffdd8371000 	C:\Windows\SYSTEM32\wintypes.dll
0x00007ffdd95d0000 - 0x00007ffdd9b8e000 	C:\Windows\SYSTEM32\d2d1.dll
0x00007ffd896d0000 - 0x00007ffd89e0b000 	C:\Windows\SYSTEM32\D3D10Warp.dll

dbghelp: loaded successfully - version: 4.0.5 - missing functions: none
symbol engine: initialized successfully - sym options: 0x614 - pdb path: .;C:\proj\jdk-15.0.2\bin;C:\Windows\SYSTEM32;C:\Windows\WinSxS\amd64_microsoft.windows.common-controls_6595b64144ccf1df_6.0.17763.2366_none_de735d0053496d5d;C:\proj\jdk-15.0.2\bin\server;C:\Program Files\JetBrains\IntelliJ IDEA Community Edition 2021.1\bin;C:\Users\相忮\.openjfx\cache\15.0.1;C:\Windows\System32\DriverStore\FileRepository\u0346830.inf_amd64_35731e557194973d\B345901;C:\Program Files\Common Files\Microsoft Shared\Ink

VM Arguments:
jvm_args: -javaagent:C:\Program Files\JetBrains\IntelliJ IDEA Community Edition 2021.1\lib\idea_rt.jar=51566:C:\Program Files\JetBrains\IntelliJ IDEA Community Edition 2021.1\bin -Dfile.encoding=UTF-8 --module-path=C:\Users\相忮\.m2\repository\org\openjfx\javafx-graphics\15.0.1\javafx-graphics-15.0.1-win.jar;C:\Users\相忮\.m2\repository\org\slf4j\slf4j-api\1.7.32\slf4j-api-1.7.32.jar;C:\Users\相忮\.m2\repository\io\netty\netty-codec\4.1.70.Final\netty-codec-4.1.70.Final.jar;C:\Users\相忮\.m2\repository\org\openjfx\javafx-fxml\15.0.1\javafx-fxml-15.0.1-win.jar;C:\Users\相忮\IdeaProjects\fileMeneger_V2\target\classes;C:\Users\相忮\.m2\repository\org\openjfx\javafx-controls\15.0.1\javafx-controls-15.0.1-win.jar;C:\Users\相忮\.m2\repository\org\openjfx\javafx-base\15.0.1\javafx-base-15.0.1-win.jar;C:\Users\相忮\.m2\repository\org\projectlombok\lombok\1.18.22\lombok-1.18.22.jar;C:\Users\相忮\.m2\repository\io\netty\netty-transport\4.1.70.Final\netty-transport-4.1.70.Final.jar -Djdk.module.main=com.example.filemeneger_v2 
java_command: com.example.filemeneger_v2/com.example.filemeneger_v2.client.StartApp
java_class_path (initial): C:\Users\相忮\.m2\repository\org\openjfx\javafx-controls\15.0.1\javafx-controls-15.0.1.jar;C:\Users\相忮\.m2\repository\org\openjfx\javafx-graphics\15.0.1\javafx-graphics-15.0.1.jar;C:\Users\相忮\.m2\repository\org\openjfx\javafx-base\15.0.1\javafx-base-15.0.1.jar;C:\Users\相忮\.m2\repository\org\openjfx\javafx-fxml\15.0.1\javafx-fxml-15.0.1.jar;C:\Users\相忮\.m2\repository\io\netty\netty-all\4.1.70.Final\netty-all-4.1.70.Final.jar;C:\Users\相忮\.m2\repository\io\netty\netty-buffer\4.1.70.Final\netty-buffer-4.1.70.Final.jar;C:\Users\相忮\.m2\repository\io\netty\netty-codec-dns\4.1.70.Final\netty-codec-dns-4.1.70.Final.jar;C:\Users\相忮\.m2\repository\io\netty\netty-codec-haproxy\4.1.70.Final\netty-codec-haproxy-4.1.70.Final.jar;C:\Users\相忮\.m2\repository\io\netty\netty-codec-http\4.1.70.Final\netty-codec-http-4.1.70.Final.jar;C:\Users\相忮\.m2\repository\io\netty\netty-codec-http2\4.1.70.Final\netty-codec-http2-4.1.70.Final.jar;C:\Users\相忮\.m2\repository\io\netty\netty-codec-memcache\4.1.70.Final\netty-codec-memcache-4.1.70.Final.jar;C:\Users\相忮\.m2\repository\io\netty\netty-codec-mqtt\4.1.70.Final\netty-codec-mqtt-4.1.70.Final.jar;C:\Users\相忮\.m2\repository\io\netty\netty-codec-redis\4.1.70.Final\netty-codec-redis-4.1.70.Final.jar;C:\Users\相忮\.m2\repository\io\netty\netty-codec-smtp\4.1.70.Final\netty-codec-smtp-4.1.70.Final.jar;C:\Users\相忮\.m2\repository\io\netty\netty-codec-socks\4.1.70.Final\netty-codec-socks-4.1.70.Final.jar;C:\Users\相忮\.m2\repository\io\netty\netty-codec-stomp\4.1.70.Final\netty-codec-stomp-4.1.70.Final.jar;C:\Users\相忮\.m2\repository\io\netty\netty-codec-xml\4.1.70.Final\netty-codec-xml-4.1.70.Final.jar;C:\Users\相忮\.m2\repository\io\netty\netty-common\4.1.70.Final\netty-common-4.1.70.Final.jar;C:\Users\相忮\.m2\repository\io\netty\netty-handler\4.1.70.Final\netty-handler-4.1.70.Final.jar;C:\Users\相忮\.m2\repository\io\netty\netty-handler-proxy\4.1.70.Final\netty-handler-proxy-
Launcher Type: SUN_STANDARD

[Global flags]
     intx CICompilerCount                          = 4                                         {product} {ergonomic}
     uint ConcGCThreads                            = 2                                         {product} {ergonomic}
     uint G1ConcRefinementThreads                  = 8                                         {product} {ergonomic}
   size_t G1HeapRegionSize                         = 2097152                                   {product} {ergonomic}
    uintx GCDrainStackTargetSize                   = 64                                        {product} {ergonomic}
   size_t InitialHeapSize                          = 167772160                                 {product} {ergonomic}
   size_t MarkStackSize                            = 4194304                                   {product} {ergonomic}
   size_t MaxHeapSize                              = 2667577344                                {product} {ergonomic}
   size_t MaxNewSize                               = 1600126976                                {product} {ergonomic}
   size_t MinHeapDeltaBytes                        = 2097152                                   {product} {ergonomic}
   size_t MinHeapSize                              = 8388608                                   {product} {ergonomic}
    uintx NonNMethodCodeHeapSize                   = 5839372                                {pd product} {ergonomic}
    uintx NonProfiledCodeHeapSize                  = 122909434                              {pd product} {ergonomic}
    uintx ProfiledCodeHeapSize                     = 122909434                              {pd product} {ergonomic}
    uintx ReservedCodeCacheSize                    = 251658240                              {pd product} {ergonomic}
     bool SegmentedCodeCache                       = true                                      {product} {ergonomic}
   size_t SoftMaxHeapSize                          = 2667577344                             {manageable} {ergonomic}
     bool UseCompressedClassPointers               = true                                 {lp64_product} {ergonomic}
     bool UseCompressedOops                        = true                                 {lp64_product} {ergonomic}
     bool UseG1GC                                  = true                                      {product} {ergonomic}
     bool UseLargePagesIndividualAllocation        = false                                  {pd product} {ergonomic}

Logging:
Log output configuration:
 #0: stdout all=warning uptime,level,tags
 #1: stderr all=off uptime,level,tags

Environment Variables:
JAVA_HOME=C:\proj\jdk-15.0.2
PATH=C:\Program Files (x86)\NVIDIA Corporation\PhysX\Common;C:\Program Files (x86)\Common Files\Oracle\Java\javapath;C:\Windows\system32;C:\Windows;C:\Windows\System32\Wbem;C:\Windows\System32\WindowsPowerShell\v1.0\;C:\Windows\System32\OpenSSH\;C:\Program Files (x86)\Windows Kits\8.1\Windows Performance Toolkit\;C:\Program Files\Git\cmd;C:\proj\jdk-15.0.2\bin;C:\Program Files\PuTTY\;C:\Program Files\MySQL\MySQL Shell 8.0\bin\;C:\Users\相忮\AppData\Local\Microsoft\WindowsApps;C:\Users\相忮\AppData\Local\Programs\Microsoft VS Code\bin;
USERNAME=相忮
OS=Windows_NT
PROCESSOR_IDENTIFIER=AMD64 Family 23 Model 24 Stepping 1, AuthenticAMD



---------------  S Y S T E M  ---------------

OS:
 Windows 10 , 64 bit Build 17763 (10.0.17763.2300)
OS uptime: 0 days 23:22 hours

CPU: total 8 (initial active 8) (8 cores per cpu, 2 threads per core) family 23 model 24 stepping 1 microcode 0x0, cmov, cx8, fxsr, mmx, sse, sse2, sse3, ssse3, sse4.1, sse4.2, popcnt, vzeroupper, avx, avx2, aes, clmul, 3dnowpref, lzcnt, sse4a, ht, tsc, tscinvbit, tscinv, bmi1, bmi2, adx, sha, fma, clflush, clflushopt

Memory: 4k page, system-wide physical 10170M (3846M free)
TotalPageFile size 12218M (AvailPageFile size 2M)
current process WorkingSet (physical memory assigned to process): 169M, peak: 169M
current process commit charge ("private bytes"): 340M, peak: 341M

vm_info: OpenJDK 64-Bit Server VM (15.0.2+7-27) for windows-amd64 JRE (15.0.2+7-27), built on Dec  7 2020 20:02:38 by "mach5one" with unknown MS VC++:1925

END.
