#
# There is insufficient memory for the Java Runtime Environment to continue.
# Native memory allocation (malloc) failed to allocate 2081200 bytes for Chunk::new
# Possible reasons:
#   The system is out of physical RAM or swap space
#   The process is running with CompressedOops enabled, and the Java Heap may be blocking the growth of the native heap
# Possible solutions:
#   Reduce memory load on the system
#   Increase physical memory or swap space
#   Check if swap backing store is full
#   Decrease Java heap size (-Xmx/-Xms)
#   Decrease number of Java threads
#   Decrease Java thread stack sizes (-Xss)
#   Set larger code cache with -XX:ReservedCodeCacheSize=
#   JVM is running with Zero Based Compressed Oops mode in which the Java heap is
#     placed in the first 32GB address space. The Java Heap base address is the
#     maximum limit for the native heap growth. Please use -XX:HeapBaseMinAddress
#     to set the Java Heap base and to place the Java Heap above 32GB virtual address.
# This output file may be truncated or incomplete.
#
#  Out of Memory Error (./open/src/hotspot/share/memory/arena.cpp:195), pid=9300, tid=20464
#
# JRE version: OpenJDK Runtime Environment (15.0.2+7) (build 15.0.2+7-27)
# Java VM: OpenJDK 64-Bit Server VM (15.0.2+7-27, mixed mode, sharing, tiered, compressed oops, g1 gc, windows-amd64)
# No core dump will be written. Minidumps are not enabled by default on client versions of Windows
#

---------------  S U M M A R Y ------------

Command Line: -javaagent:C:\Program Files\JetBrains\IntelliJ IDEA Community Edition 2021.1\lib\idea_rt.jar=59267:C:\Program Files\JetBrains\IntelliJ IDEA Community Edition 2021.1\bin -Dfile.encoding=UTF-8 --module-path=C:\Users\相忮\.m2\repository\org\openjfx\javafx-controls\15.0.1\javafx-controls-15.0.1-win.jar;C:\Users\相忮\.m2\repository\org\openjfx\javafx-graphics\15.0.1\javafx-graphics-15.0.1-win.jar;C:\Users\相忮\IdeaProjects\fileMeneger_V2\target\classes;C:\Users\相忮\.m2\repository\org\openjfx\javafx-fxml\15.0.1\javafx-fxml-15.0.1-win.jar;C:\Users\相忮\.m2\repository\org\openjfx\javafx-base\15.0.1\javafx-base-15.0.1-win.jar -Djdk.module.main=com.example.filemeneger_v2 com.example.filemeneger_v2/com.example.filemeneger_v2.HelloApplication

Host: AMD Ryzen 5 3500U with Radeon Vega Mobile Gfx  , 8 cores, 9G,  Windows 10 , 64 bit Build 17763 (10.0.17763.2300)
Time: Mon Dec  5 15:23:07 2022 RTZ 2 (ceia) elapsed time: 3.408600 seconds (0d 0h 0m 3s)

---------------  T H R E A D  ---------------

Current thread (0x000001d453ebea90):  JavaThread "C2 CompilerThread0" daemon [_thread_in_native, id=20464, stack(0x000000adf9300000,0x000000adf9400000)]


Current CompileTask:
C2:   3408 2232       4       javafx.scene.CssStyleHelper::resolveLookups (463 bytes)

Stack: [0x000000adf9300000,0x000000adf9400000]
Native frames: (J=compiled Java code, j=interpreted, Vv=VM code, C=native code)
V  [jvm.dll+0x62ae9a]
V  [jvm.dll+0x7817a9]
V  [jvm.dll+0x782f03]
V  [jvm.dll+0x783563]
V  [jvm.dll+0x216325]
V  [jvm.dll+0x97f3a]
V  [jvm.dll+0x9861c]
V  [jvm.dll+0x32e305]
V  [jvm.dll+0x2f768a]
V  [jvm.dll+0x2f6a4a]
V  [jvm.dll+0x1ea705]
V  [jvm.dll+0x1e996e]
V  [jvm.dll+0x178567]
V  [jvm.dll+0x1f9225]
V  [jvm.dll+0x1f72cc]
V  [jvm.dll+0x74495d]
V  [jvm.dll+0x73d75a]
V  [jvm.dll+0x629c56]
C  [ucrtbase.dll+0x2268a]
C  [KERNEL32.DLL+0x17974]
C  [ntdll.dll+0x5a2f1]


---------------  P R O C E S S  ---------------

Threads class SMR info:
_java_thread_list=0x000001d45bbe0c40, length=19, elements={
0x000001d434086170, 0x000001d453e92df0, 0x000001d453e955e0, 0x000001d453eb0030,
0x000001d453eb0500, 0x000001d453eb4bd0, 0x000001d453ebea90, 0x000001d453ee3b70,
0x000001d4547f8070, 0x000001d4548d1430, 0x000001d4553ee8a0, 0x000001d454b11a80,
0x000001d45520f560, 0x000001d455a31820, 0x000001d4553354b0, 0x000001d4552a6000,
0x000001d4551ffbe0, 0x000001d45b808550, 0x000001d45b805a00
}

Java Threads: ( => current thread )
  0x000001d434086170 JavaThread "main" [_thread_blocked, id=9356, stack(0x000000adf8700000,0x000000adf8800000)]
  0x000001d453e92df0 JavaThread "Reference Handler" daemon [_thread_blocked, id=10708, stack(0x000000adf8e00000,0x000000adf8f00000)]
  0x000001d453e955e0 JavaThread "Finalizer" daemon [_thread_blocked, id=12192, stack(0x000000adf8f00000,0x000000adf9000000)]
  0x000001d453eb0030 JavaThread "Signal Dispatcher" daemon [_thread_blocked, id=15784, stack(0x000000adf9000000,0x000000adf9100000)]
  0x000001d453eb0500 JavaThread "Attach Listener" daemon [_thread_blocked, id=14208, stack(0x000000adf9100000,0x000000adf9200000)]
  0x000001d453eb4bd0 JavaThread "Service Thread" daemon [_thread_blocked, id=20724, stack(0x000000adf9200000,0x000000adf9300000)]
=>0x000001d453ebea90 JavaThread "C2 CompilerThread0" daemon [_thread_in_native, id=20464, stack(0x000000adf9300000,0x000000adf9400000)]
  0x000001d453ee3b70 JavaThread "C1 CompilerThread0" daemon [_thread_blocked, id=9964, stack(0x000000adf9400000,0x000000adf9500000)]
  0x000001d4547f8070 JavaThread "Sweeper thread" daemon [_thread_blocked, id=15000, stack(0x000000adf9500000,0x000000adf9600000)]
  0x000001d4548d1430 JavaThread "Common-Cleaner" daemon [_thread_blocked, id=6056, stack(0x000000adf9600000,0x000000adf9700000)]
  0x000001d4553ee8a0 JavaThread "Monitor Ctrl-Break" daemon [_thread_in_native, id=19872, stack(0x000000adf9900000,0x000000adf9a00000)]
  0x000001d454b11a80 JavaThread "Notification Thread" daemon [_thread_blocked, id=17120, stack(0x000000adf9a00000,0x000000adf9b00000)]
  0x000001d45520f560 JavaThread "QuantumRenderer-0" daemon [_thread_blocked, id=11876, stack(0x000000adf9c00000,0x000000adf9d00000)]
  0x000001d455a31820 JavaThread "InvokeLaterDispatcher" daemon [_thread_blocked, id=9028, stack(0x000000adf9f00000,0x000000adfa000000)]
  0x000001d4553354b0 JavaThread "JavaFX Application Thread" [_thread_in_native, id=11760, stack(0x000000adfa000000,0x000000adfa100000)]
  0x000001d4552a6000 JavaThread "Thread-1" daemon [_thread_in_native, id=20900, stack(0x000000adfa700000,0x000000adfa800000)]
  0x000001d4551ffbe0 JavaThread "JavaFX-Launcher" [_thread_blocked, id=2172, stack(0x000000adfa800000,0x000000adfa900000)]
  0x000001d45b808550 JavaThread "Prism Font Disposer" daemon [_thread_blocked, id=18660, stack(0x000000adf9800000,0x000000adf9900000)]
  0x000001d45b805a00 JavaThread "Cleaner-0" daemon [_thread_blocked, id=22332, stack(0x000000adfb000000,0x000000adfb100000)]

Other Threads:
  0x000001d453e8a130 VMThread "VM Thread" [stack: 0x000000adf8d00000,0x000000adf8e00000] [id=19144]
  0x000001d4549545d0 WatcherThread [stack: 0x000000adf9b00000,0x000000adf9c00000] [id=19932]
  0x000001d4340c2550 GCTaskThread "GC Thread#0" [stack: 0x000000adf8800000,0x000000adf8900000] [id=13536]
  0x000001d4556b7b40 GCTaskThread "GC Thread#1" [stack: 0x000000adfa900000,0x000000adfaa00000] [id=14564]
  0x000001d4556b74e0 GCTaskThread "GC Thread#2" [stack: 0x000000adfaa00000,0x000000adfab00000] [id=16640]
  0x000001d4556b6e80 GCTaskThread "GC Thread#3" [stack: 0x000000adfab00000,0x000000adfac00000] [id=22520]
  0x000001d4556b5b60 GCTaskThread "GC Thread#4" [stack: 0x000000adfac00000,0x000000adfad00000] [id=7452]
  0x000001d4556b4b70 GCTaskThread "GC Thread#5" [stack: 0x000000adfad00000,0x000000adfae00000] [id=8696]
  0x000001d4340cd5a0 ConcurrentGCThread "G1 Main Marker" [stack: 0x000000adf8900000,0x000000adf8a00000] [id=3520]
  0x000001d4340d0c10 ConcurrentGCThread "G1 Conc#0" [stack: 0x000000adf8a00000,0x000000adf8b00000] [id=9536]
  0x000001d434146880 ConcurrentGCThread "G1 Refine#0" [stack: 0x000000adf8b00000,0x000000adf8c00000] [id=19516]
  0x000001d453d110a0 ConcurrentGCThread "G1 Young RemSet Sampling" [stack: 0x000000adf8c00000,0x000000adf8d00000] [id=20256]

Threads with active compile tasks:
C2 CompilerThread0     3429 2232       4       javafx.scene.CssStyleHelper::resolveLookups (463 bytes)

VM state: not at safepoint (normal execution)

VM Mutex/Monitor currently owned by a thread: None

Heap address: 0x0000000761000000, size: 2544 MB, Compressed Oops mode: Zero based, Oop shift amount: 3
CDS archive(s) mapped at: [0x0000000800000000-0x0000000800b50000-0x0000000800b50000), size 11862016, SharedBaseAddress: 0x0000000800000000, ArchiveRelocationMode: 0.
Compressed class space mapped at: 0x0000000800b50000-0x0000000840b50000, size: 1073741824
Narrow klass base: 0x0000000800000000, Narrow klass shift: 3, Narrow klass range: 0x100000000

GC Precious Log:
 CPUs: 8 total, 8 available
 Memory: 10170M
 Large Page Support: Disabled
 NUMA Support: Disabled
 Compressed Oops: Enabled (Zero based)
 Heap Region Size: 2M
 Heap Min Capacity: 8M
 Heap Initial Capacity: 160M
 Heap Max Capacity: 2544M
 Pre-touch: Disabled
 Parallel Workers: 8
 Concurrent Workers: 2
 Concurrent Refinement Workers: 8
 Periodic GC: Disabled

Heap:
 garbage-first heap   total 163840K, used 23198K [0x0000000761000000, 0x0000000800000000)
  region size 2048K, 11 young (22528K), 3 survivors (6144K)
 Metaspace       used 17962K, capacity 18256K, committed 18432K, reserved 1064960K
  class space    used 2677K, capacity 2773K, committed 2816K, reserved 1048576K

Heap Regions: E=young(eden), S=young(survivor), O=old, HS=humongous(starts), HC=humongous(continues), CS=collection set, F=free, OA=open archive, CA=closed archive, TAMS=top-at-mark-start (previous, next)
|   0|0x0000000761000000, 0x00000007610a7a00, 0x0000000761200000| 32%| O|  |TAMS 0x0000000761000000, 0x0000000761000000| Untracked 
|   1|0x0000000761200000, 0x0000000761400000, 0x0000000761400000|100%|HS|  |TAMS 0x0000000761200000, 0x0000000761200000| Complete 
|   2|0x0000000761400000, 0x0000000761400000, 0x0000000761600000|  0%| F|  |TAMS 0x0000000761400000, 0x0000000761400000| Untracked 
|   3|0x0000000761600000, 0x0000000761600000, 0x0000000761800000|  0%| F|  |TAMS 0x0000000761600000, 0x0000000761600000| Untracked 
|   4|0x0000000761800000, 0x0000000761800000, 0x0000000761a00000|  0%| F|  |TAMS 0x0000000761800000, 0x0000000761800000| Untracked 
|   5|0x0000000761a00000, 0x0000000761a00000, 0x0000000761c00000|  0%| F|  |TAMS 0x0000000761a00000, 0x0000000761a00000| Untracked 
|   6|0x0000000761c00000, 0x0000000761c00000, 0x0000000761e00000|  0%| F|  |TAMS 0x0000000761c00000, 0x0000000761c00000| Untracked 
|   7|0x0000000761e00000, 0x0000000761e00000, 0x0000000762000000|  0%| F|  |TAMS 0x0000000761e00000, 0x0000000761e00000| Untracked 
|   8|0x0000000762000000, 0x0000000762000000, 0x0000000762200000|  0%| F|  |TAMS 0x0000000762000000, 0x0000000762000000| Untracked 
|   9|0x0000000762200000, 0x0000000762200000, 0x0000000762400000|  0%| F|  |TAMS 0x0000000762200000, 0x0000000762200000| Untracked 
|  10|0x0000000762400000, 0x0000000762400000, 0x0000000762600000|  0%| F|  |TAMS 0x0000000762400000, 0x0000000762400000| Untracked 
|  11|0x0000000762600000, 0x0000000762600000, 0x0000000762800000|  0%| F|  |TAMS 0x0000000762600000, 0x0000000762600000| Untracked 
|  12|0x0000000762800000, 0x0000000762800000, 0x0000000762a00000|  0%| F|  |TAMS 0x0000000762800000, 0x0000000762800000| Untracked 
|  13|0x0000000762a00000, 0x0000000762a00000, 0x0000000762c00000|  0%| F|  |TAMS 0x0000000762a00000, 0x0000000762a00000| Untracked 
|  14|0x0000000762c00000, 0x0000000762c00000, 0x0000000762e00000|  0%| F|  |TAMS 0x0000000762c00000, 0x0000000762c00000| Untracked 
|  15|0x0000000762e00000, 0x0000000762e00000, 0x0000000763000000|  0%| F|  |TAMS 0x0000000762e00000, 0x0000000762e00000| Untracked 
|  16|0x0000000763000000, 0x0000000763000000, 0x0000000763200000|  0%| F|  |TAMS 0x0000000763000000, 0x0000000763000000| Untracked 
|  17|0x0000000763200000, 0x0000000763200000, 0x0000000763400000|  0%| F|  |TAMS 0x0000000763200000, 0x0000000763200000| Untracked 
|  18|0x0000000763400000, 0x0000000763400000, 0x0000000763600000|  0%| F|  |TAMS 0x0000000763400000, 0x0000000763400000| Untracked 
|  19|0x0000000763600000, 0x0000000763600000, 0x0000000763800000|  0%| F|  |TAMS 0x0000000763600000, 0x0000000763600000| Untracked 
|  20|0x0000000763800000, 0x0000000763800000, 0x0000000763a00000|  0%| F|  |TAMS 0x0000000763800000, 0x0000000763800000| Untracked 
|  21|0x0000000763a00000, 0x0000000763a00000, 0x0000000763c00000|  0%| F|  |TAMS 0x0000000763a00000, 0x0000000763a00000| Untracked 
|  22|0x0000000763c00000, 0x0000000763c00000, 0x0000000763e00000|  0%| F|  |TAMS 0x0000000763c00000, 0x0000000763c00000| Untracked 
|  23|0x0000000763e00000, 0x0000000763e00000, 0x0000000764000000|  0%| F|  |TAMS 0x0000000763e00000, 0x0000000763e00000| Untracked 
|  24|0x0000000764000000, 0x0000000764000000, 0x0000000764200000|  0%| F|  |TAMS 0x0000000764000000, 0x0000000764000000| Untracked 
|  25|0x0000000764200000, 0x0000000764200000, 0x0000000764400000|  0%| F|  |TAMS 0x0000000764200000, 0x0000000764200000| Untracked 
|  26|0x0000000764400000, 0x0000000764400000, 0x0000000764600000|  0%| F|  |TAMS 0x0000000764400000, 0x0000000764400000| Untracked 
|  27|0x0000000764600000, 0x0000000764600000, 0x0000000764800000|  0%| F|  |TAMS 0x0000000764600000, 0x0000000764600000| Untracked 
|  28|0x0000000764800000, 0x0000000764800000, 0x0000000764a00000|  0%| F|  |TAMS 0x0000000764800000, 0x0000000764800000| Untracked 
|  29|0x0000000764a00000, 0x0000000764a00000, 0x0000000764c00000|  0%| F|  |TAMS 0x0000000764a00000, 0x0000000764a00000| Untracked 
|  30|0x0000000764c00000, 0x0000000764c00000, 0x0000000764e00000|  0%| F|  |TAMS 0x0000000764c00000, 0x0000000764c00000| Untracked 
|  31|0x0000000764e00000, 0x0000000764e00000, 0x0000000765000000|  0%| F|  |TAMS 0x0000000764e00000, 0x0000000764e00000| Untracked 
|  32|0x0000000765000000, 0x0000000765000000, 0x0000000765200000|  0%| F|  |TAMS 0x0000000765000000, 0x0000000765000000| Untracked 
|  33|0x0000000765200000, 0x0000000765200000, 0x0000000765400000|  0%| F|  |TAMS 0x0000000765200000, 0x0000000765200000| Untracked 
|  34|0x0000000765400000, 0x0000000765400000, 0x0000000765600000|  0%| F|  |TAMS 0x0000000765400000, 0x0000000765400000| Untracked 
|  35|0x0000000765600000, 0x0000000765600000, 0x0000000765800000|  0%| F|  |TAMS 0x0000000765600000, 0x0000000765600000| Untracked 
|  36|0x0000000765800000, 0x0000000765800000, 0x0000000765a00000|  0%| F|  |TAMS 0x0000000765800000, 0x0000000765800000| Untracked 
|  37|0x0000000765a00000, 0x0000000765a00000, 0x0000000765c00000|  0%| F|  |TAMS 0x0000000765a00000, 0x0000000765a00000| Untracked 
|  38|0x0000000765c00000, 0x0000000765c00000, 0x0000000765e00000|  0%| F|  |TAMS 0x0000000765c00000, 0x0000000765c00000| Untracked 
|  39|0x0000000765e00000, 0x0000000765e00000, 0x0000000766000000|  0%| F|  |TAMS 0x0000000765e00000, 0x0000000765e00000| Untracked 
|  40|0x0000000766000000, 0x0000000766000000, 0x0000000766200000|  0%| F|  |TAMS 0x0000000766000000, 0x0000000766000000| Untracked 
|  41|0x0000000766200000, 0x0000000766200000, 0x0000000766400000|  0%| F|  |TAMS 0x0000000766200000, 0x0000000766200000| Untracked 
|  42|0x0000000766400000, 0x0000000766400000, 0x0000000766600000|  0%| F|  |TAMS 0x0000000766400000, 0x0000000766400000| Untracked 
|  43|0x0000000766600000, 0x0000000766600000, 0x0000000766800000|  0%| F|  |TAMS 0x0000000766600000, 0x0000000766600000| Untracked 
|  44|0x0000000766800000, 0x0000000766800000, 0x0000000766a00000|  0%| F|  |TAMS 0x0000000766800000, 0x0000000766800000| Untracked 
|  45|0x0000000766a00000, 0x0000000766a00000, 0x0000000766c00000|  0%| F|  |TAMS 0x0000000766a00000, 0x0000000766a00000| Untracked 
|  46|0x0000000766c00000, 0x0000000766c00000, 0x0000000766e00000|  0%| F|  |TAMS 0x0000000766c00000, 0x0000000766c00000| Untracked 
|  47|0x0000000766e00000, 0x0000000766e00000, 0x0000000767000000|  0%| F|  |TAMS 0x0000000766e00000, 0x0000000766e00000| Untracked 
|  48|0x0000000767000000, 0x0000000767000000, 0x0000000767200000|  0%| F|  |TAMS 0x0000000767000000, 0x0000000767000000| Untracked 
|  49|0x0000000767200000, 0x0000000767200000, 0x0000000767400000|  0%| F|  |TAMS 0x0000000767200000, 0x0000000767200000| Untracked 
|  50|0x0000000767400000, 0x0000000767400000, 0x0000000767600000|  0%| F|  |TAMS 0x0000000767400000, 0x0000000767400000| Untracked 
|  51|0x0000000767600000, 0x0000000767600000, 0x0000000767800000|  0%| F|  |TAMS 0x0000000767600000, 0x0000000767600000| Untracked 
|  52|0x0000000767800000, 0x0000000767800000, 0x0000000767a00000|  0%| F|  |TAMS 0x0000000767800000, 0x0000000767800000| Untracked 
|  53|0x0000000767a00000, 0x0000000767a00000, 0x0000000767c00000|  0%| F|  |TAMS 0x0000000767a00000, 0x0000000767a00000| Untracked 
|  54|0x0000000767c00000, 0x0000000767c00000, 0x0000000767e00000|  0%| F|  |TAMS 0x0000000767c00000, 0x0000000767c00000| Untracked 
|  55|0x0000000767e00000, 0x0000000767e00000, 0x0000000768000000|  0%| F|  |TAMS 0x0000000767e00000, 0x0000000767e00000| Untracked 
|  56|0x0000000768000000, 0x0000000768000000, 0x0000000768200000|  0%| F|  |TAMS 0x0000000768000000, 0x0000000768000000| Untracked 
|  57|0x0000000768200000, 0x0000000768200000, 0x0000000768400000|  0%| F|  |TAMS 0x0000000768200000, 0x0000000768200000| Untracked 
|  58|0x0000000768400000, 0x0000000768600000, 0x0000000768600000|100%| S|CS|TAMS 0x0000000768400000, 0x0000000768400000| Complete 
|  59|0x0000000768600000, 0x0000000768800000, 0x0000000768800000|100%| S|CS|TAMS 0x0000000768600000, 0x0000000768600000| Complete 
|  60|0x0000000768800000, 0x0000000768a00000, 0x0000000768a00000|100%| S|CS|TAMS 0x0000000768800000, 0x0000000768800000| Complete 
|  61|0x0000000768a00000, 0x0000000768a00000, 0x0000000768c00000|  0%| F|  |TAMS 0x0000000768a00000, 0x0000000768a00000| Untracked 
|  62|0x0000000768c00000, 0x0000000768c00000, 0x0000000768e00000|  0%| F|  |TAMS 0x0000000768c00000, 0x0000000768c00000| Untracked 
|  63|0x0000000768e00000, 0x0000000768e00000, 0x0000000769000000|  0%| F|  |TAMS 0x0000000768e00000, 0x0000000768e00000| Untracked 
|  64|0x0000000769000000, 0x0000000769000000, 0x0000000769200000|  0%| F|  |TAMS 0x0000000769000000, 0x0000000769000000| Untracked 
|  65|0x0000000769200000, 0x0000000769200000, 0x0000000769400000|  0%| F|  |TAMS 0x0000000769200000, 0x0000000769200000| Untracked 
|  66|0x0000000769400000, 0x0000000769400000, 0x0000000769600000|  0%| F|  |TAMS 0x0000000769400000, 0x0000000769400000| Untracked 
|  67|0x0000000769600000, 0x0000000769600000, 0x0000000769800000|  0%| F|  |TAMS 0x0000000769600000, 0x0000000769600000| Untracked 
|  68|0x0000000769800000, 0x0000000769800000, 0x0000000769a00000|  0%| F|  |TAMS 0x0000000769800000, 0x0000000769800000| Untracked 
|  69|0x0000000769a00000, 0x0000000769a00000, 0x0000000769c00000|  0%| F|  |TAMS 0x0000000769a00000, 0x0000000769a00000| Untracked 
|  70|0x0000000769c00000, 0x0000000769c00000, 0x0000000769e00000|  0%| F|  |TAMS 0x0000000769c00000, 0x0000000769c00000| Untracked 
|  71|0x0000000769e00000, 0x0000000769e00000, 0x000000076a000000|  0%| F|  |TAMS 0x0000000769e00000, 0x0000000769e00000| Untracked 
|  72|0x000000076a000000, 0x000000076a1da020, 0x000000076a200000| 92%| E|  |TAMS 0x000000076a000000, 0x000000076a000000| Complete 
|  73|0x000000076a200000, 0x000000076a400000, 0x000000076a400000|100%| E|CS|TAMS 0x000000076a200000, 0x000000076a200000| Complete 
|  74|0x000000076a400000, 0x000000076a600000, 0x000000076a600000|100%| E|CS|TAMS 0x000000076a400000, 0x000000076a400000| Complete 
|  75|0x000000076a600000, 0x000000076a800000, 0x000000076a800000|100%| E|CS|TAMS 0x000000076a600000, 0x000000076a600000| Complete 
|  76|0x000000076a800000, 0x000000076aa00000, 0x000000076aa00000|100%| E|CS|TAMS 0x000000076a800000, 0x000000076a800000| Complete 
|  77|0x000000076aa00000, 0x000000076ac00000, 0x000000076ac00000|100%| E|CS|TAMS 0x000000076aa00000, 0x000000076aa00000| Complete 
|  78|0x000000076ac00000, 0x000000076ae00000, 0x000000076ae00000|100%| E|CS|TAMS 0x000000076ac00000, 0x000000076ac00000| Complete 
|  79|0x000000076ae00000, 0x000000076b000000, 0x000000076b000000|100%| E|CS|TAMS 0x000000076ae00000, 0x000000076ae00000| Complete 

Card table byte_map: [0x000001d44bae0000,0x000001d44bfe0000] _byte_map_base: 0x000001d447fd8000

Marking Bits (Prev, Next): (CMBitMap*) 0x000001d4340c2d40, (CMBitMap*) 0x000001d4340c2d80
 Prev Bits: [0x000001d44c4e0000, 0x000001d44eca0000)
 Next Bits: [0x000001d44eca0000, 0x000001d451460000)

Polling page: 0x000001d431f40000

Metaspace:

Usage:
  Non-class:     15.12 MB capacity,    14.93 MB ( 99%) used,   174.08 KB (  1%) free+waste,    24.75 KB ( <1%) overhead. 
      Class:      2.71 MB capacity,     2.62 MB ( 97%) used,    83.99 KB (  3%) free+waste,    11.13 KB ( <1%) overhead. 
       Both:     17.83 MB capacity,    17.54 MB ( 98%) used,   258.07 KB (  1%) free+waste,    35.88 KB ( <1%) overhead. 

Virtual space:
  Non-class space:       16.00 MB reserved,      15.25 MB ( 95%) committed 
      Class space:        1.00 GB reserved,       2.75 MB ( <1%) committed 
             Both:        1.02 GB reserved,      18.00 MB (  2%) committed 

Chunk freelists:
   Non-Class:  5.00 KB
       Class:  11.00 KB
        Both:  16.00 KB

MaxMetaspaceSize: 17179869184.00 GB
CompressedClassSpaceSize: 1.00 GB

CodeHeap 'non-profiled nmethods': size=120000Kb used=978Kb max_used=978Kb free=119021Kb
 bounds [0x000001d443d80000, 0x000001d443ff0000, 0x000001d44b2b0000]
CodeHeap 'profiled nmethods': size=120000Kb used=4035Kb max_used=4035Kb free=115964Kb
 bounds [0x000001d43c850000, 0x000001d43cc50000, 0x000001d443d80000]
CodeHeap 'non-nmethods': size=5760Kb used=1454Kb max_used=1470Kb free=4306Kb
 bounds [0x000001d43c2b0000, 0x000001d43c520000, 0x000001d43c850000]
 total_blobs=3080 nmethods=2290 adapters=702
 compilation: enabled
              stopped_count=0, restarted_count=0
 full_count=0

Compilation events (20 events):
Event: 3.247 Thread 0x000001d454974b10 2231       4       com.sun.javafx.css.BitSet::size (49 bytes)
Event: 3.249 Thread 0x000001d454974b10 nmethod 2231 0x000001d443e70890 code [0x000001d443e70a00, 0x000001d443e70af8]
Event: 3.249 Thread 0x000001d454974b10 2226       4       com.sun.javafx.css.ParsedValueImpl::containsFontRelativeSize (231 bytes)
Event: 3.250 Thread 0x000001d453ebea90 nmethod 2223 0x000001d443e70c10 code [0x000001d443e70e20, 0x000001d443e71fd0]
Event: 3.251 Thread 0x000001d453ebea90 2232       4       javafx.scene.CssStyleHelper::resolveLookups (463 bytes)
Event: 3.252 Thread 0x000001d453ee3b70 2287       3       javafx.scene.input.MouseEvent::<init> (45 bytes)
Event: 3.252 Thread 0x000001d453ee3b70 nmethod 2287 0x000001d43cc3ec10 code [0x000001d43cc3edc0, 0x000001d43cc3efe8]
Event: 3.252 Thread 0x000001d453ee3b70 2288       3       javafx.scene.input.MouseEvent::<init> (208 bytes)
Event: 3.253 Thread 0x000001d453ee3b70 nmethod 2288 0x000001d43cc3f110 code [0x000001d43cc3f300, 0x000001d43cc3fa48]
Event: 3.253 Thread 0x000001d453ee3b70 2289       1       com.sun.javafx.stage.WindowEventDispatcher::getFirstDispatcher (5 bytes)
Event: 3.253 Thread 0x000001d453ee3b70 nmethod 2289 0x000001d443e72890 code [0x000001d443e72a20, 0x000001d443e72ad8]
Event: 3.262 Thread 0x000001d454974b10 nmethod 2226 0x000001d443e72b90 code [0x000001d443e72de0, 0x000001d443e73980]
Event: 3.268 Thread 0x000001d453ee3b70 2290       1       com.sun.javafx.scene.SceneEventDispatcher::getFirstDispatcher (5 bytes)
Event: 3.268 Thread 0x000001d453ee3b70 nmethod 2290 0x000001d443e74310 code [0x000001d443e744a0, 0x000001d443e74558]
Event: 3.284 Thread 0x000001d453ee3b70 2291       3       javafx.scene.Node::getCursor (21 bytes)
Event: 3.284 Thread 0x000001d453ee3b70 nmethod 2291 0x000001d43cc3fd90 code [0x000001d43cc3ff60, 0x000001d43cc40368]
Event: 3.380 Thread 0x000001d453ee3b70 2292       1       com.sun.javafx.event.BasicEventDispatcher::getPreviousDispatcher (5 bytes)
Event: 3.380 Thread 0x000001d453ee3b70 nmethod 2292 0x000001d443e74610 code [0x000001d443e747a0, 0x000001d443e74858]
Event: 3.396 Thread 0x000001d453ee3b70 2293       3       javafx.scene.Parent::pickChildrenNode (53 bytes)
Event: 3.396 Thread 0x000001d453ee3b70 nmethod 2293 0x000001d43cc40490 code [0x000001d43cc40680, 0x000001d43cc40bd8]

GC Heap History (4 events):
Event: 0.709 GC heap before
{Heap before GC invocations=0 (full 0):
 garbage-first heap   total 163840K, used 22528K [0x0000000761000000, 0x0000000800000000)
  region size 2048K, 11 young (22528K), 0 survivors (0K)
 Metaspace       used 5717K, capacity 7524K, committed 7808K, reserved 1056768K
  class space    used 702K, capacity 862K, committed 896K, reserved 1048576K
}
Event: 0.712 GC heap after
{Heap after GC invocations=1 (full 0):
 garbage-first heap   total 163840K, used 2713K [0x0000000761000000, 0x0000000800000000)
  region size 2048K, 2 young (4096K), 2 survivors (4096K)
 Metaspace       used 5717K, capacity 7524K, committed 7808K, reserved 1056768K
  class space    used 702K, capacity 862K, committed 896K, reserved 1048576K
}
Event: 1.500 GC heap before
{Heap before GC invocations=1 (full 0):
 garbage-first heap   total 163840K, used 37529K [0x0000000761000000, 0x0000000800000000)
  region size 2048K, 19 young (38912K), 2 survivors (4096K)
 Metaspace       used 14583K, capacity 14869K, committed 15104K, reserved 1062912K
  class space    used 2192K, capacity 2286K, committed 2304K, reserved 1048576K
}
Event: 1.506 GC heap after
{Heap after GC invocations=2 (full 0):
 garbage-first heap   total 163840K, used 6814K [0x0000000761000000, 0x0000000800000000)
  region size 2048K, 3 young (6144K), 3 survivors (6144K)
 Metaspace       used 14583K, capacity 14869K, committed 15104K, reserved 1062912K
  class space    used 2192K, capacity 2286K, committed 2304K, reserved 1048576K
}

Deoptimization events (20 events):
Event: 1.426 Thread 0x000001d4553354b0 DEOPT PACKING pc=0x000001d443dfa380 sp=0x000000adfa0fd7d0
Event: 1.426 Thread 0x000001d4553354b0 DEOPT UNPACKING pc=0x000001d43c2fe42f sp=0x000000adfa0fd768 mode 2
Event: 1.685 Thread 0x000001d4553354b0 Uncommon trap: trap_request=0xffffff45 fr.pc=0x000001d443de594c relative=0x00000000000001ac
Event: 1.685 Thread 0x000001d4553354b0 Uncommon trap: reason=unstable_if action=reinterpret pc=0x000001d443de594c method=java.io.ByteArrayInputStream.read()I @ 8 c2
Event: 1.685 Thread 0x000001d4553354b0 DEOPT PACKING pc=0x000001d443de594c sp=0x000000adfa0fbfd0
Event: 1.685 Thread 0x000001d4553354b0 DEOPT UNPACKING pc=0x000001d43c2fe42f sp=0x000000adfa0fbf88 mode 2
Event: 1.690 Thread 0x000001d4553354b0 Uncommon trap: trap_request=0xffffff45 fr.pc=0x000001d443e354b4 relative=0x0000000000000554
Event: 1.690 Thread 0x000001d4553354b0 Uncommon trap: reason=unstable_if action=reinterpret pc=0x000001d443e354b4 method=com.sun.javafx.css.BitSet.add(Ljava/lang/Object;)Z @ 91 c2
Event: 1.690 Thread 0x000001d4553354b0 DEOPT PACKING pc=0x000001d443e354b4 sp=0x000000adfa0fd530
Event: 1.690 Thread 0x000001d4553354b0 DEOPT UNPACKING pc=0x000001d43c2fe42f sp=0x000000adfa0fd4f0 mode 2
Event: 1.740 Thread 0x000001d4553354b0 Uncommon trap: trap_request=0xffffff45 fr.pc=0x000001d443e3a3ac relative=0x00000000000010cc
Event: 1.740 Thread 0x000001d4553354b0 Uncommon trap: reason=unstable_if action=reinterpret pc=0x000001d443e3a3ac method=javafx.css.SimpleSelector.stateMatches(Ljavafx/css/Styleable;Ljava/util/Set;)Z @ 1 c2
Event: 1.741 Thread 0x000001d4553354b0 DEOPT PACKING pc=0x000001d443e3a3ac sp=0x000000adfa0fcff0
Event: 1.741 Thread 0x000001d4553354b0 DEOPT UNPACKING pc=0x000001d43c2fe42f sp=0x000000adfa0fcef0 mode 2
Event: 1.846 Thread 0x000001d45520f560 Uncommon trap: trap_request=0xffffff45 fr.pc=0x000001d443e49d24 relative=0x0000000000004884
Event: 1.846 Thread 0x000001d45520f560 Uncommon trap: reason=unstable_if action=reinterpret pc=0x000001d443e49d24 method=java.lang.invoke.MethodType.checkPtypes([Ljava/lang/Class;)I @ 32 c2
Event: 1.846 Thread 0x000001d45520f560 DEOPT PACKING pc=0x000001d443e49d24 sp=0x000000adf9cfcb80
Event: 1.846 Thread 0x000001d45520f560 DEOPT UNPACKING pc=0x000001d43c2fe42f sp=0x000000adf9cfcb18 mode 2
Event: 3.219 Thread 0x000001d45520f560 DEOPT PACKING pc=0x000001d43cbee99f sp=0x000000adf9cfdf90
Event: 3.219 Thread 0x000001d45520f560 DEOPT UNPACKING pc=0x000001d43c2fe23f sp=0x000000adf9cfd3e8 mode 0

Classes unloaded (0 events):
No events

Classes redefined (0 events):
No events

Internal exceptions (20 events):
Event: 0.714 Thread 0x000001d4553354b0 Exception <a 'sun/nio/fs/WindowsException'{0x000000076ae2a3a8}> (0x000000076ae2a3a8) 
thrown [./open/src/hotspot/share/prims/jni.cpp, line 578]
Event: 0.760 Thread 0x000001d4553354b0 Exception <a 'java/lang/NoSuchMethodError'{0x000000076ad84318}: 'java.lang.Object java.lang.invoke.DirectMethodHandle$Holder.invokeStaticInit(java.lang.Object, java.lang.Object, java.lang.Object, java.lang.Object)'> (0x000000076ad84318) 
thrown [./open/src/hotspot/share/interpreter/linkResolver.cpp, line 782]
Event: 0.762 Thread 0x000001d4553354b0 Exception <a 'java/lang/NullPointerException'{0x000000076ad908a0}> (0x000000076ad908a0) 
thrown [./open/src/hotspot/share/interpreter/linkResolver.cpp, line 1374]
Event: 0.766 Thread 0x000001d4553354b0 Exception <a 'java/lang/NoSuchMethodError'{0x000000076adbd970}: 'void java.lang.invoke.DirectMethodHandle$Holder.invokeSpecial(java.lang.Object, java.lang.Object, java.lang.Object, java.lang.Object, java.lang.Object)'> (0x000000076adbd970) 
thrown [./open/src/hotspot/share/interpreter/linkResolver.cpp, line 782]
Event: 0.778 Thread 0x000001d4553354b0 Exception <a 'sun/nio/fs/WindowsException'{0x000000076aa10118}> (0x000000076aa10118) 
thrown [./open/src/hotspot/share/prims/jni.cpp, line 578]
Event: 0.800 Thread 0x000001d4553354b0 Exception <a 'sun/nio/fs/WindowsException'{0x000000076aa9ea48}> (0x000000076aa9ea48) 
thrown [./open/src/hotspot/share/prims/jni.cpp, line 578]
Event: 0.810 Thread 0x000001d4553354b0 Exception <a 'java/lang/ClassNotFoundException'{0x000000076aab9200}: sun/util/logging/resources/spi/loggingProvider> (0x000000076aab9200) 
thrown [./open/src/hotspot/share/classfile/systemDictionary.cpp, line 295]
Event: 1.114 Thread 0x000001d4553354b0 Implicit null exception at 0x000001d443d9df58 to 0x000001d443d9dfea
Event: 1.128 Thread 0x000001d4553354b0 Implicit null exception at 0x000001d443de782b to 0x000001d443de7e04
Event: 1.237 Thread 0x000001d4553354b0 Exception <a 'java/lang/NoSuchMethodError'{0x000000076920ad20}: 'int java.lang.invoke.DirectMethodHandle$Holder.invokeStaticInit(java.lang.Object, java.lang.Object)'> (0x000000076920ad20) 
thrown [./open/src/hotspot/share/interpreter/linkResolver.cpp, line 782]
Event: 1.288 Thread 0x000001d4553354b0 Exception <a 'java/lang/NoSuchMethodError'{0x00000007690c0c88}: 'void java.lang.invoke.DirectMethodHandle$Holder.invokeSpecial(java.lang.Object, java.lang.Object, java.lang.Object, java.lang.Object, java.lang.Object, java.lang.Object)'> (0x00000007690c0c88) 
thrown [./open/src/hotspot/share/interpreter/linkResolver.cpp, line 782]
Event: 1.320 Thread 0x000001d4553354b0 Exception <a 'java/lang/NoSuchMethodError'{0x00000007691b79b8}: 'java.lang.Object java.lang.invoke.DirectMethodHandle$Holder.invokeInterface(java.lang.Object, java.lang.Object, java.lang.Object)'> (0x00000007691b79b8) 
thrown [./open/src/hotspot/share/interpreter/linkResolver.cpp, line 782]
Event: 1.321 Thread 0x000001d4553354b0 Exception <a 'java/lang/IncompatibleClassChangeError'{0x00000007691bb538}: Found class java.lang.Object, but interface was expected> (0x00000007691bb538) 
thrown [./open/src/hotspot/share/interpreter/linkResolver.cpp, line 848]
Event: 1.443 Thread 0x000001d4553354b0 Exception <a 'java/lang/NoSuchMethodError'{0x0000000768d72588}: 'void java.lang.invoke.DirectMethodHandle$Holder.invokeSpecialIFC(java.lang.Object, java.lang.Object, java.lang.Object, java.lang.Object)'> (0x0000000768d72588) 
thrown [./open/src/hotspot/share/interpreter/linkResolver.cpp, line 782]
Event: 1.452 Thread 0x000001d4553354b0 Exception <a 'java/lang/ClassNotFoundException'{0x0000000768db91a0}: com/sun/javafx/scene/control/skin/resources/controls> (0x0000000768db91a0) 
thrown [./open/src/hotspot/share/prims/jni.cpp, line 599]
Event: 1.453 Thread 0x000001d4553354b0 Exception <a 'java/lang/ClassNotFoundException'{0x0000000768dc6ca8}: com/sun/javafx/scene/control/skin/resources/controls_ru> (0x0000000768dc6ca8) 
thrown [./open/src/hotspot/share/prims/jni.cpp, line 599]
Event: 1.453 Thread 0x000001d4553354b0 Exception <a 'java/lang/ClassNotFoundException'{0x0000000768dc7c50}: com/sun/javafx/scene/control/skin/resources/controls_ru_RU> (0x0000000768dc7c50) 
thrown [./open/src/hotspot/share/prims/jni.cpp, line 599]
Event: 1.488 Thread 0x000001d4553354b0 Exception <a 'java/lang/NoSuchMethodError'{0x0000000768b86db8}: 'int java.lang.invoke.DirectMethodHandle$Holder.invokeSpecial(java.lang.Object, java.lang.Object, int)'> (0x0000000768b86db8) 
thrown [./open/src/hotspot/share/interpreter/linkResolver.cpp, line 782]
Event: 1.732 Thread 0x000001d4553354b0 Exception <a 'java/lang/NoSuchMethodError'{0x000000076a6a09c0}: 'java.lang.Object java.lang.invoke.DirectMethodHandle$Holder.newInvokeSpecial(java.lang.Object, java.lang.Object, int)'> (0x000000076a6a09c0) 
thrown [./open/src/hotspot/share/interpreter/linkResolver.cpp, line 782]
Event: 1.740 Thread 0x000001d4553354b0 Implicit null exception at 0x000001d443e398dd to 0x000001d443e3a380

Events (20 events):
Event: 1.840 loading class jdk/internal/math/FDBigInteger
Event: 1.841 loading class jdk/internal/math/FDBigInteger done
Event: 1.845 loading class sun/misc/Unsafe
Event: 1.846 loading class sun/misc/Unsafe done
Event: 1.846 loading class jdk/internal/reflect/UnsafeQualifiedStaticObjectFieldAccessorImpl
Event: 1.846 loading class jdk/internal/reflect/UnsafeQualifiedStaticFieldAccessorImpl
Event: 1.846 loading class jdk/internal/reflect/UnsafeQualifiedStaticFieldAccessorImpl done
Event: 1.846 loading class jdk/internal/reflect/UnsafeQualifiedStaticObjectFieldAccessorImpl done
Event: 2.437 Thread 0x000001d45bbebaa0 Thread exited: 0x000001d45bbebaa0
Event: 2.437 Thread 0x000001d454974b10 Thread exited: 0x000001d454974b10
Event: 2.437 loading class java/util/EnumMap$Values
Event: 2.438 loading class java/util/EnumMap$Values done
Event: 2.438 loading class java/util/EnumMap$ValueIterator
Event: 2.438 loading class java/util/EnumMap$EnumMapIterator
Event: 2.438 loading class java/util/EnumMap$EnumMapIterator done
Event: 2.438 loading class java/util/EnumMap$ValueIterator done
Event: 2.769 Executing VM operation: HandshakeAllThreads
Event: 2.769 Executing VM operation: HandshakeAllThreads done
Event: 3.215 Thread 0x000001d454974b10 Thread added: 0x000001d454974b10
Event: 3.380 Thread 0x000001d454974b10 Thread exited: 0x000001d454974b10


Dynamic libraries:
0x00007ff6e1af0000 - 0x00007ff6e1afd000 	C:\proj\jdk-15.0.2\bin\java.exe
0x00007ffaf3ce0000 - 0x00007ffaf3ecd000 	C:\Windows\SYSTEM32\ntdll.dll
0x00007ffaf1b50000 - 0x00007ffaf1c04000 	C:\Windows\System32\KERNEL32.DLL
0x00007ffaf0790000 - 0x00007ffaf0a24000 	C:\Windows\System32\KERNELBASE.dll
0x00007ffaf05f0000 - 0x00007ffaf06ea000 	C:\Windows\System32\ucrtbase.dll
0x00007ffae7bc0000 - 0x00007ffae7bd8000 	C:\proj\jdk-15.0.2\bin\jli.dll
0x00007ffae66a0000 - 0x00007ffae66b9000 	C:\proj\jdk-15.0.2\bin\VCRUNTIME140.dll
0x00007ffaf1140000 - 0x00007ffaf12d7000 	C:\Windows\System32\USER32.dll
0x00007ffaf04f0000 - 0x00007ffaf0510000 	C:\Windows\System32\win32u.dll
0x00007ffadfea0000 - 0x00007ffae0119000 	C:\Windows\WinSxS\amd64_microsoft.windows.common-controls_6595b64144ccf1df_6.0.17763.2366_none_de735d0053496d5d\COMCTL32.dll
0x00007ffaf25e0000 - 0x00007ffaf2609000 	C:\Windows\System32\GDI32.dll
0x00007ffaf1c70000 - 0x00007ffaf1d0e000 	C:\Windows\System32\msvcrt.dll
0x00007ffaf0c30000 - 0x00007ffaf0dcc000 	C:\Windows\System32\gdi32full.dll
0x00007ffaf06f0000 - 0x00007ffaf0790000 	C:\Windows\System32\msvcp_win.dll
0x00007ffaf1460000 - 0x00007ffaf178d000 	C:\Windows\System32\combase.dll
0x00007ffaf3b90000 - 0x00007ffaf3caf000 	C:\Windows\System32\RPCRT4.dll
0x00007ffaf0e30000 - 0x00007ffaf0eb2000 	C:\Windows\System32\bcryptPrimitives.dll
0x00007ffaf20d0000 - 0x00007ffaf20fe000 	C:\Windows\System32\IMM32.DLL
0x00007ffaeb070000 - 0x00007ffaeb07c000 	C:\proj\jdk-15.0.2\bin\vcruntime140_1.dll
0x00007ffae0640000 - 0x00007ffae06d1000 	C:\proj\jdk-15.0.2\bin\msvcp140.dll
0x00007ffabe350000 - 0x00007ffabeeae000 	C:\proj\jdk-15.0.2\bin\server\jvm.dll
0x00007ffaf0f20000 - 0x00007ffaf0fc4000 	C:\Windows\System32\ADVAPI32.dll
0x00007ffaf1970000 - 0x00007ffaf1a0e000 	C:\Windows\System32\sechost.dll
0x00007ffaf20c0000 - 0x00007ffaf20c8000 	C:\Windows\System32\PSAPI.DLL
0x00007ffad52c0000 - 0x00007ffad52c9000 	C:\Windows\SYSTEM32\WSOCK32.dll
0x00007ffae9e40000 - 0x00007ffae9e4a000 	C:\Windows\SYSTEM32\VERSION.dll
0x00007ffaed9a0000 - 0x00007ffaed9c4000 	C:\Windows\SYSTEM32\WINMM.dll
0x00007ffaf1ee0000 - 0x00007ffaf1f4d000 	C:\Windows\System32\WS2_32.dll
0x00007ffaed950000 - 0x00007ffaed97d000 	C:\Windows\SYSTEM32\winmmbase.dll
0x00007ffaf0ec0000 - 0x00007ffaf0f0a000 	C:\Windows\System32\cfgmgr32.dll
0x00007ffaefd00000 - 0x00007ffaefd11000 	C:\Windows\System32\kernel.appcore.dll
0x00007ffae89b0000 - 0x00007ffae89ba000 	C:\proj\jdk-15.0.2\bin\jimage.dll
0x00007ffadfc90000 - 0x00007ffadfe7d000 	C:\Windows\SYSTEM32\DBGHELP.DLL
0x00007ffadf330000 - 0x00007ffadf35a000 	C:\Windows\SYSTEM32\dbgcore.DLL
0x00007ffae5550000 - 0x00007ffae555e000 	C:\proj\jdk-15.0.2\bin\instrument.dll
0x00007ffae5710000 - 0x00007ffae5735000 	C:\proj\jdk-15.0.2\bin\java.dll
0x00007ffaf2610000 - 0x00007ffaf3b09000 	C:\Windows\System32\SHELL32.dll
0x00007ffaf1fb0000 - 0x00007ffaf2058000 	C:\Windows\System32\shcore.dll
0x00007ffaefda0000 - 0x00007ffaf04ea000 	C:\Windows\System32\windows.storage.dll
0x00007ffaefcd0000 - 0x00007ffaefcf4000 	C:\Windows\System32\profapi.dll
0x00007ffaefd20000 - 0x00007ffaefd7d000 	C:\Windows\System32\powrprof.dll
0x00007ffaf1c10000 - 0x00007ffaf1c62000 	C:\Windows\System32\shlwapi.dll
0x00007ffaefd80000 - 0x00007ffaefd97000 	C:\Windows\System32\cryptsp.dll
0x00007ffae56f0000 - 0x00007ffae5709000 	C:\proj\jdk-15.0.2\bin\net.dll
0x00007ffae5910000 - 0x00007ffae5a01000 	C:\Windows\SYSTEM32\WINHTTP.dll
0x00007ffaef4a0000 - 0x00007ffaef507000 	C:\Windows\system32\mswsock.dll
0x00007ffae5560000 - 0x00007ffae5572000 	C:\proj\jdk-15.0.2\bin\nio.dll
0x00007ffae5120000 - 0x00007ffae5138000 	C:\proj\jdk-15.0.2\bin\zip.dll
0x00007ffae4670000 - 0x00007ffae468a000 	C:\Program Files\JetBrains\IntelliJ IDEA Community Edition 2021.1\bin\breakgen64.dll
0x000001d434010000 - 0x000001d434013000 	C:\Users\相忮\.openjfx\cache\15.0.1\api-ms-win-core-console-l1-1-0.dll
0x000001d434020000 - 0x000001d434023000 	C:\Users\相忮\.openjfx\cache\15.0.1\api-ms-win-core-console-l1-2-0.dll
0x000001d434030000 - 0x000001d434033000 	C:\Users\相忮\.openjfx\cache\15.0.1\api-ms-win-core-datetime-l1-1-0.dll
0x000001d434040000 - 0x000001d434043000 	C:\Users\相忮\.openjfx\cache\15.0.1\api-ms-win-core-debug-l1-1-0.dll
0x000001d4563c0000 - 0x000001d4563c3000 	C:\Users\相忮\.openjfx\cache\15.0.1\api-ms-win-core-errorhandling-l1-1-0.dll
0x000001d4563d0000 - 0x000001d4563d4000 	C:\Users\相忮\.openjfx\cache\15.0.1\api-ms-win-core-file-l1-1-0.dll
0x000001d4563e0000 - 0x000001d4563e3000 	C:\Users\相忮\.openjfx\cache\15.0.1\api-ms-win-core-file-l1-2-0.dll
0x000001d4563f0000 - 0x000001d4563f3000 	C:\Users\相忮\.openjfx\cache\15.0.1\api-ms-win-core-file-l2-1-0.dll
0x000001d456400000 - 0x000001d456403000 	C:\Users\相忮\.openjfx\cache\15.0.1\api-ms-win-core-handle-l1-1-0.dll
0x000001d456410000 - 0x000001d456413000 	C:\Users\相忮\.openjfx\cache\15.0.1\api-ms-win-core-heap-l1-1-0.dll
0x000001d456420000 - 0x000001d456423000 	C:\Users\相忮\.openjfx\cache\15.0.1\api-ms-win-core-interlocked-l1-1-0.dll
0x000001d456430000 - 0x000001d456433000 	C:\Users\相忮\.openjfx\cache\15.0.1\api-ms-win-core-libraryloader-l1-1-0.dll
0x000001d456440000 - 0x000001d456443000 	C:\Users\相忮\.openjfx\cache\15.0.1\api-ms-win-core-localization-l1-2-0.dll
0x000001d4567b0000 - 0x000001d4567b3000 	C:\Users\相忮\.openjfx\cache\15.0.1\api-ms-win-core-memory-l1-1-0.dll
0x000001d4567c0000 - 0x000001d4567c3000 	C:\Users\相忮\.openjfx\cache\15.0.1\api-ms-win-core-namedpipe-l1-1-0.dll
0x000001d4567d0000 - 0x000001d4567d3000 	C:\Users\相忮\.openjfx\cache\15.0.1\api-ms-win-core-processenvironment-l1-1-0.dll
0x000001d4567e0000 - 0x000001d4567e3000 	C:\Users\相忮\.openjfx\cache\15.0.1\api-ms-win-core-processthreads-l1-1-0.dll
0x000001d4567f0000 - 0x000001d4567f3000 	C:\Users\相忮\.openjfx\cache\15.0.1\api-ms-win-core-processthreads-l1-1-1.dll
0x000001d456450000 - 0x000001d456453000 	C:\Users\相忮\.openjfx\cache\15.0.1\api-ms-win-core-profile-l1-1-0.dll
0x000001d456460000 - 0x000001d456463000 	C:\Users\相忮\.openjfx\cache\15.0.1\api-ms-win-core-rtlsupport-l1-1-0.dll
0x000001d456470000 - 0x000001d456473000 	C:\Users\相忮\.openjfx\cache\15.0.1\api-ms-win-core-string-l1-1-0.dll
0x000001d456480000 - 0x000001d456483000 	C:\Users\相忮\.openjfx\cache\15.0.1\api-ms-win-core-synch-l1-1-0.dll
0x000001d456490000 - 0x000001d456493000 	C:\Users\相忮\.openjfx\cache\15.0.1\api-ms-win-core-synch-l1-2-0.dll
0x000001d4564a0000 - 0x000001d4564a3000 	C:\Users\相忮\.openjfx\cache\15.0.1\api-ms-win-core-sysinfo-l1-1-0.dll
0x000001d4564b0000 - 0x000001d4564b3000 	C:\Users\相忮\.openjfx\cache\15.0.1\api-ms-win-core-timezone-l1-1-0.dll
0x000001d4564c0000 - 0x000001d4564c3000 	C:\Users\相忮\.openjfx\cache\15.0.1\api-ms-win-core-util-l1-1-0.dll
0x000001d4564d0000 - 0x000001d4564d3000 	C:\Users\相忮\.openjfx\cache\15.0.1\api-ms-win-crt-conio-l1-1-0.dll
0x000001d4564e0000 - 0x000001d4564e4000 	C:\Users\相忮\.openjfx\cache\15.0.1\api-ms-win-crt-convert-l1-1-0.dll
0x000001d4564f0000 - 0x000001d4564f3000 	C:\Users\相忮\.openjfx\cache\15.0.1\api-ms-win-crt-environment-l1-1-0.dll
0x000001d456500000 - 0x000001d456503000 	C:\Users\相忮\.openjfx\cache\15.0.1\api-ms-win-crt-filesystem-l1-1-0.dll
0x000001d456510000 - 0x000001d456513000 	C:\Users\相忮\.openjfx\cache\15.0.1\api-ms-win-crt-heap-l1-1-0.dll
0x000001d456520000 - 0x000001d456523000 	C:\Users\相忮\.openjfx\cache\15.0.1\api-ms-win-crt-locale-l1-1-0.dll
0x000001d456530000 - 0x000001d456535000 	C:\Users\相忮\.openjfx\cache\15.0.1\api-ms-win-crt-math-l1-1-0.dll
0x000001d456540000 - 0x000001d456545000 	C:\Users\相忮\.openjfx\cache\15.0.1\api-ms-win-crt-multibyte-l1-1-0.dll
0x000001d456780000 - 0x000001d456790000 	C:\Users\相忮\.openjfx\cache\15.0.1\api-ms-win-crt-private-l1-1-0.dll
0x000001d456790000 - 0x000001d456793000 	C:\Users\相忮\.openjfx\cache\15.0.1\api-ms-win-crt-process-l1-1-0.dll
0x000001d4567a0000 - 0x000001d4567a4000 	C:\Users\相忮\.openjfx\cache\15.0.1\api-ms-win-crt-runtime-l1-1-0.dll
0x000001d456800000 - 0x000001d456804000 	C:\Users\相忮\.openjfx\cache\15.0.1\api-ms-win-crt-stdio-l1-1-0.dll
0x000001d456810000 - 0x000001d456814000 	C:\Users\相忮\.openjfx\cache\15.0.1\api-ms-win-crt-string-l1-1-0.dll
0x000001d456820000 - 0x000001d456823000 	C:\Users\相忮\.openjfx\cache\15.0.1\api-ms-win-crt-time-l1-1-0.dll
0x000001d456830000 - 0x000001d456833000 	C:\Users\相忮\.openjfx\cache\15.0.1\api-ms-win-crt-utility-l1-1-0.dll
0x00007ffabe020000 - 0x00007ffabe11c000 	C:\Users\相忮\.openjfx\cache\15.0.1\ucrtbase.dll
0x00007ffae6840000 - 0x00007ffae6855000 	C:\Users\相忮\.openjfx\cache\15.0.1\vcruntime140.dll
0x00007ffabeec0000 - 0x00007ffabef5b000 	C:\Users\相忮\.openjfx\cache\15.0.1\msvcp140.dll
0x00007ffae66d0000 - 0x00007ffae66f3000 	C:\Users\相忮\.openjfx\cache\15.0.1\prism_d3d.dll
0x00007ffabc940000 - 0x00007ffabcade000 	C:\Windows\system32\d3d9.dll
0x00007ffaedfc0000 - 0x00007ffaedfee000 	C:\Windows\SYSTEM32\dwmapi.dll
0x00007ffaf0a30000 - 0x00007ffaf0c25000 	C:\Windows\System32\CRYPT32.dll
0x00007ffaefcb0000 - 0x00007ffaefcc2000 	C:\Windows\System32\MSASN1.dll
0x00007ffaedee0000 - 0x00007ffaedf7c000 	C:\Windows\system32\uxtheme.dll
0x00007ffae9f60000 - 0x00007ffaea13d000 	C:\Windows\System32\DriverStore\FileRepository\u0346830.inf_amd64_35731e557194973d\B345901\aticfx64.dll
0x00007ffae0ad0000 - 0x00007ffae0b00000 	C:\Windows\System32\DriverStore\FileRepository\u0346830.inf_amd64_35731e557194973d\B345901\atiu9p64.dll
0x00007ffa98ec0000 - 0x00007ffa99b8e000 	C:\Windows\System32\DriverStore\FileRepository\u0346830.inf_amd64_35731e557194973d\B345901\atiumd64.dll
0x00007ffaf1790000 - 0x00007ffaf18e6000 	C:\Windows\System32\ole32.dll
0x00000000583f0000 - 0x0000000059184000 	C:\Windows\System32\DriverStore\FileRepository\u0346830.inf_amd64_35731e557194973d\B345901\atiumd6a.dll
0x00007ffad48c0000 - 0x00007ffad4905000 	C:\Users\相忮\.openjfx\cache\15.0.1\glass.dll
0x00007ffaf1a20000 - 0x00007ffaf1b47000 	C:\Windows\System32\COMDLG32.dll
0x00007ffaf1390000 - 0x00007ffaf1454000 	C:\Windows\System32\OLEAUT32.dll
0x00007ffaf0fd0000 - 0x00007ffaf113b000 	C:\Windows\System32\MSCTF.dll
0x00007ffae50d0000 - 0x00007ffae50e4000 	C:\Users\相忮\.openjfx\cache\15.0.1\javafx_font.dll
0x00007ffae2380000 - 0x00007ffae2689000 	C:\Windows\SYSTEM32\dwrite.dll
0x00007ffaf12e0000 - 0x00007ffaf1382000 	C:\Windows\System32\clbcatq.dll
0x00007ffaeb4f0000 - 0x00007ffaeb6a8000 	C:\Windows\SYSTEM32\WindowsCodecs.dll
0x00007ffacb4b0000 - 0x00007ffacb507000 	C:\Windows\system32\dataexchange.dll
0x00007ffaed320000 - 0x00007ffaed4e3000 	C:\Windows\system32\dcomp.dll
0x00007ffaecae0000 - 0x00007ffaecd5e000 	C:\Windows\system32\d3d11.dll
0x00007ffaeea70000 - 0x00007ffaeeb32000 	C:\Windows\system32\dxgi.dll
0x00007ffaedff0000 - 0x00007ffaee1fc000 	C:\Windows\system32\twinapi.appcore.dll
0x00007ffaee200000 - 0x00007ffaee228000 	C:\Windows\system32\RMCLIENT.dll
0x00007ffae7f30000 - 0x00007ffae7f63000 	C:\Program Files\Common Files\Microsoft Shared\Ink\rtscom.dll
0x00007ffae44e0000 - 0x00007ffae4573000 	C:\Windows\System32\TextInputFramework.dll
0x00007ffaebb40000 - 0x00007ffaebe62000 	C:\Windows\System32\CoreUIComponents.dll
0x00007ffaed860000 - 0x00007ffaed941000 	C:\Windows\System32\CoreMessaging.dll
0x00007ffaeecf0000 - 0x00007ffaeed21000 	C:\Windows\SYSTEM32\ntmarta.dll
0x00007ffaeb9e0000 - 0x00007ffaebb31000 	C:\Windows\SYSTEM32\wintypes.dll

dbghelp: loaded successfully - version: 4.0.5 - missing functions: none
symbol engine: initialized successfully - sym options: 0x614 - pdb path: .;C:\proj\jdk-15.0.2\bin;C:\Windows\SYSTEM32;C:\Windows\WinSxS\amd64_microsoft.windows.common-controls_6595b64144ccf1df_6.0.17763.2366_none_de735d0053496d5d;C:\proj\jdk-15.0.2\bin\server;C:\Program Files\JetBrains\IntelliJ IDEA Community Edition 2021.1\bin;C:\Users\相忮\.openjfx\cache\15.0.1;C:\Windows\System32\DriverStore\FileRepository\u0346830.inf_amd64_35731e557194973d\B345901;C:\Program Files\Common Files\Microsoft Shared\Ink

VM Arguments:
jvm_args: -javaagent:C:\Program Files\JetBrains\IntelliJ IDEA Community Edition 2021.1\lib\idea_rt.jar=59267:C:\Program Files\JetBrains\IntelliJ IDEA Community Edition 2021.1\bin -Dfile.encoding=UTF-8 --module-path=C:\Users\相忮\.m2\repository\org\openjfx\javafx-controls\15.0.1\javafx-controls-15.0.1-win.jar;C:\Users\相忮\.m2\repository\org\openjfx\javafx-graphics\15.0.1\javafx-graphics-15.0.1-win.jar;C:\Users\相忮\IdeaProjects\fileMeneger_V2\target\classes;C:\Users\相忮\.m2\repository\org\openjfx\javafx-fxml\15.0.1\javafx-fxml-15.0.1-win.jar;C:\Users\相忮\.m2\repository\org\openjfx\javafx-base\15.0.1\javafx-base-15.0.1-win.jar -Djdk.module.main=com.example.filemeneger_v2 
java_command: com.example.filemeneger_v2/com.example.filemeneger_v2.HelloApplication
java_class_path (initial): C:\Users\相忮\.m2\repository\org\openjfx\javafx-controls\15.0.1\javafx-controls-15.0.1.jar;C:\Users\相忮\.m2\repository\org\openjfx\javafx-graphics\15.0.1\javafx-graphics-15.0.1.jar;C:\Users\相忮\.m2\repository\org\openjfx\javafx-base\15.0.1\javafx-base-15.0.1.jar;C:\Users\相忮\.m2\repository\org\openjfx\javafx-fxml\15.0.1\javafx-fxml-15.0.1.jar
Launcher Type: SUN_STANDARD

[Global flags]
     intx CICompilerCount                          = 4                                         {product} {ergonomic}
     uint ConcGCThreads                            = 2                                         {product} {ergonomic}
     uint G1ConcRefinementThreads                  = 8                                         {product} {ergonomic}
   size_t G1HeapRegionSize                         = 2097152                                   {product} {ergonomic}
    uintx GCDrainStackTargetSize                   = 64                                        {product} {ergonomic}
   size_t InitialHeapSize                          = 167772160                                 {product} {ergonomic}
   size_t MarkStackSize                            = 4194304                                   {product} {ergonomic}
   size_t MaxHeapSize                              = 2667577344                                {product} {ergonomic}
   size_t MaxNewSize                               = 1600126976                                {product} {ergonomic}
   size_t MinHeapDeltaBytes                        = 2097152                                   {product} {ergonomic}
   size_t MinHeapSize                              = 8388608                                   {product} {ergonomic}
    uintx NonNMethodCodeHeapSize                   = 5839372                                {pd product} {ergonomic}
    uintx NonProfiledCodeHeapSize                  = 122909434                              {pd product} {ergonomic}
    uintx ProfiledCodeHeapSize                     = 122909434                              {pd product} {ergonomic}
    uintx ReservedCodeCacheSize                    = 251658240                              {pd product} {ergonomic}
     bool SegmentedCodeCache                       = true                                      {product} {ergonomic}
   size_t SoftMaxHeapSize                          = 2667577344                             {manageable} {ergonomic}
     bool UseCompressedClassPointers               = true                                 {lp64_product} {ergonomic}
     bool UseCompressedOops                        = true                                 {lp64_product} {ergonomic}
     bool UseG1GC                                  = true                                      {product} {ergonomic}
     bool UseLargePagesIndividualAllocation        = false                                  {pd product} {ergonomic}

Logging:
Log output configuration:
 #0: stdout all=warning uptime,level,tags
 #1: stderr all=off uptime,level,tags

Environment Variables:
JAVA_HOME=C:\proj\jdk-15.0.2
PATH=C:\Program Files (x86)\NVIDIA Corporation\PhysX\Common;C:\Program Files (x86)\Common Files\Oracle\Java\javapath;C:\Windows\system32;C:\Windows;C:\Windows\System32\Wbem;C:\Windows\System32\WindowsPowerShell\v1.0\;C:\Windows\System32\OpenSSH\;C:\Program Files (x86)\Windows Kits\8.1\Windows Performance Toolkit\;C:\Program Files\Git\cmd;C:\proj\jdk-15.0.2\bin;C:\Program Files\PuTTY\;C:\Program Files\MySQL\MySQL Shell 8.0\bin\;C:\Users\相忮\AppData\Local\Microsoft\WindowsApps;C:\Users\相忮\AppData\Local\Programs\Microsoft VS Code\bin;
USERNAME=相忮
OS=Windows_NT
PROCESSOR_IDENTIFIER=AMD64 Family 23 Model 24 Stepping 1, AuthenticAMD



---------------  S Y S T E M  ---------------

OS:
 Windows 10 , 64 bit Build 17763 (10.0.17763.2300)
OS uptime: 13 days 1:22 hours

CPU: total 8 (initial active 8) (8 cores per cpu, 2 threads per core) family 23 model 24 stepping 1 microcode 0x0, cmov, cx8, fxsr, mmx, sse, sse2, sse3, ssse3, sse4.1, sse4.2, popcnt, vzeroupper, avx, avx2, aes, clmul, 3dnowpref, lzcnt, sse4a, ht, tsc, tscinvbit, tscinv, bmi1, bmi2, adx, sha, fma, clflush, clflushopt

Memory: 4k page, system-wide physical 10170M (2892M free)
TotalPageFile size 12218M (AvailPageFile size 5M)
current process WorkingSet (physical memory assigned to process): 169M, peak: 170M
current process commit charge ("private bytes"): 341M, peak: 343M

vm_info: OpenJDK 64-Bit Server VM (15.0.2+7-27) for windows-amd64 JRE (15.0.2+7-27), built on Dec  7 2020 20:02:38 by "mach5one" with unknown MS VC++:1925

END.
