#
# There is insufficient memory for the Java Runtime Environment to continue.
# Native memory allocation (malloc) failed to allocate 824896 bytes for Chunk::new
# Possible reasons:
#   The system is out of physical RAM or swap space
#   The process is running with CompressedOops enabled, and the Java Heap may be blocking the growth of the native heap
# Possible solutions:
#   Reduce memory load on the system
#   Increase physical memory or swap space
#   Check if swap backing store is full
#   Decrease Java heap size (-Xmx/-Xms)
#   Decrease number of Java threads
#   Decrease Java thread stack sizes (-Xss)
#   Set larger code cache with -XX:ReservedCodeCacheSize=
#   JVM is running with Zero Based Compressed Oops mode in which the Java heap is
#     placed in the first 32GB address space. The Java Heap base address is the
#     maximum limit for the native heap growth. Please use -XX:HeapBaseMinAddress
#     to set the Java Heap base and to place the Java Heap above 32GB virtual address.
# This output file may be truncated or incomplete.
#
#  Out of Memory Error (./open/src/hotspot/share/memory/arena.cpp:195), pid=21776, tid=7272
#
# JRE version: OpenJDK Runtime Environment (15.0.2+7) (build 15.0.2+7-27)
# Java VM: OpenJDK 64-Bit Server VM (15.0.2+7-27, mixed mode, sharing, tiered, compressed oops, g1 gc, windows-amd64)
# No core dump will be written. Minidumps are not enabled by default on client versions of Windows
#

---------------  S U M M A R Y ------------

Command Line: -javaagent:C:\Program Files\JetBrains\IntelliJ IDEA Community Edition 2021.1\lib\idea_rt.jar=65380:C:\Program Files\JetBrains\IntelliJ IDEA Community Edition 2021.1\bin -Dfile.encoding=UTF-8 --module-path=C:\Users\相忮\.m2\repository\org\openjfx\javafx-graphics\15.0.1\javafx-graphics-15.0.1-win.jar;C:\Users\相忮\.m2\repository\org\openjfx\javafx-controls\15.0.1\javafx-controls-15.0.1-win.jar;C:\Users\相忮\IdeaProjects\fileMeneger_V2\target\classes;C:\Users\相忮\.m2\repository\org\openjfx\javafx-base\15.0.1\javafx-base-15.0.1-win.jar;C:\Users\相忮\.m2\repository\org\openjfx\javafx-fxml\15.0.1\javafx-fxml-15.0.1-win.jar -Djdk.module.main=com.example.filemeneger_v2 com.example.filemeneger_v2/com.example.filemeneger_v2.HelloApplication

Host: AMD Ryzen 5 3500U with Radeon Vega Mobile Gfx  , 8 cores, 9G,  Windows 10 , 64 bit Build 17763 (10.0.17763.2300)
Time: Mon Dec  5 17:59:31 2022 RTZ 2 (ceia) elapsed time: 1.019268 seconds (0d 0h 0m 1s)

---------------  T H R E A D  ---------------

Current thread (0x000001bac044d9f0):  JavaThread "C2 CompilerThread1" daemon [_thread_in_native, id=7272, stack(0x00000095ed800000,0x00000095ed900000)]


Current CompileTask:
C2:   1019 1197   !   4       com.sun.javafx.css.ParsedValueImpl::readBinary (688 bytes)

Stack: [0x00000095ed800000,0x00000095ed900000]
Native frames: (J=compiled Java code, j=interpreted, Vv=VM code, C=native code)
V  [jvm.dll+0x62ae9a]
V  [jvm.dll+0x7817a9]
V  [jvm.dll+0x782f03]
V  [jvm.dll+0x783563]
V  [jvm.dll+0x216325]
V  [jvm.dll+0x97f3a]
V  [jvm.dll+0x9861c]
V  [jvm.dll+0x279f9f]
V  [jvm.dll+0x540794]
V  [jvm.dll+0x1f2cd4]
V  [jvm.dll+0x1ec477]
V  [jvm.dll+0x1e9867]
V  [jvm.dll+0x178567]
V  [jvm.dll+0x1f9225]
V  [jvm.dll+0x1f72cc]
V  [jvm.dll+0x74495d]
V  [jvm.dll+0x73d75a]
V  [jvm.dll+0x629c56]
C  [ucrtbase.dll+0x2268a]
C  [KERNEL32.DLL+0x17974]
C  [ntdll.dll+0x5a2f1]


---------------  P R O C E S S  ---------------

Threads class SMR info:
_java_thread_list=0x000001bac1b48a20, length=19, elements={
0x000001ba9db657a0, 0x000001babf8d1ca0, 0x000001babf8d3620, 0x000001babf8ec9e0,
0x000001babf8ef4a0, 0x000001babf8f06f0, 0x000001babf8f11a0, 0x000001babf8f2b60,
0x000001babf9278c0, 0x000001bac0321650, 0x000001bac044d9f0, 0x000001bac04528a0,
0x000001bac0b1bfc0, 0x000001bac0d3af20, 0x000001bac0c25df0, 0x000001bac0d32fd0,
0x000001bac0d20c50, 0x000001bac1150f30, 0x000001bac111c710
}

Java Threads: ( => current thread )
  0x000001ba9db657a0 JavaThread "main" [_thread_blocked, id=11112, stack(0x00000095ec800000,0x00000095ec900000)]
  0x000001babf8d1ca0 JavaThread "Reference Handler" daemon [_thread_blocked, id=21512, stack(0x00000095ecf00000,0x00000095ed000000)]
  0x000001babf8d3620 JavaThread "Finalizer" daemon [_thread_blocked, id=8244, stack(0x00000095ed000000,0x00000095ed100000)]
  0x000001babf8ec9e0 JavaThread "Signal Dispatcher" daemon [_thread_blocked, id=20940, stack(0x00000095ed100000,0x00000095ed200000)]
  0x000001babf8ef4a0 JavaThread "Attach Listener" daemon [_thread_blocked, id=18904, stack(0x00000095ed200000,0x00000095ed300000)]
  0x000001babf8f06f0 JavaThread "Service Thread" daemon [_thread_blocked, id=17984, stack(0x00000095ed300000,0x00000095ed400000)]
  0x000001babf8f11a0 JavaThread "C2 CompilerThread0" daemon [_thread_blocked, id=18372, stack(0x00000095ed400000,0x00000095ed500000)]
  0x000001babf8f2b60 JavaThread "C1 CompilerThread0" daemon [_thread_blocked, id=21368, stack(0x00000095ed500000,0x00000095ed600000)]
  0x000001babf9278c0 JavaThread "Sweeper thread" daemon [_thread_blocked, id=3992, stack(0x00000095ed600000,0x00000095ed700000)]
  0x000001bac0321650 JavaThread "Common-Cleaner" daemon [_thread_blocked, id=21864, stack(0x00000095ed700000,0x00000095ed800000)]
=>0x000001bac044d9f0 JavaThread "C2 CompilerThread1" daemon [_thread_in_native, id=7272, stack(0x00000095ed800000,0x00000095ed900000)]
  0x000001bac04528a0 JavaThread "C2 CompilerThread2" daemon [_thread_in_native, id=1572, stack(0x00000095ed900000,0x00000095eda00000)]
  0x000001bac0b1bfc0 JavaThread "Monitor Ctrl-Break" daemon [_thread_in_native, id=10040, stack(0x00000095eda00000,0x00000095edb00000)]
  0x000001bac0d3af20 JavaThread "Notification Thread" daemon [_thread_blocked, id=16724, stack(0x00000095edb00000,0x00000095edc00000)]
  0x000001bac0c25df0 JavaThread "QuantumRenderer-0" daemon [_thread_blocked, id=18076, stack(0x00000095edd00000,0x00000095ede00000)]
  0x000001bac0d32fd0 JavaThread "InvokeLaterDispatcher" daemon [_thread_blocked, id=16720, stack(0x00000095ee000000,0x00000095ee100000)]
  0x000001bac0d20c50 JavaThread "JavaFX Application Thread" [_thread_in_native, id=22500, stack(0x00000095ee100000,0x00000095ee200000)]
  0x000001bac1150f30 JavaThread "Thread-1" daemon [_thread_in_native, id=16108, stack(0x00000095ee800000,0x00000095ee900000)]
  0x000001bac111c710 JavaThread "JavaFX-Launcher" [_thread_blocked, id=15056, stack(0x00000095ee900000,0x00000095eea00000)]

Other Threads:
  0x000001babf8cd870 VMThread "VM Thread" [stack: 0x00000095ece00000,0x00000095ecf00000] [id=11256]
  0x000001bac0b1c490 WatcherThread [stack: 0x00000095edc00000,0x00000095edd00000] [id=9716]
  0x000001ba9dba2160 GCTaskThread "GC Thread#0" [stack: 0x00000095ec900000,0x00000095eca00000] [id=20292]
  0x000001bac0d6ceb0 GCTaskThread "GC Thread#1" [stack: 0x00000095eea00000,0x00000095eeb00000] [id=16004]
  0x000001bac0d6c1f0 GCTaskThread "GC Thread#2" [stack: 0x00000095eeb00000,0x00000095eec00000] [id=11220]
  0x000001bac0d6d510 GCTaskThread "GC Thread#3" [stack: 0x00000095eec00000,0x00000095eed00000] [id=20556]
  0x000001bac0d6c520 GCTaskThread "GC Thread#4" [stack: 0x00000095eed00000,0x00000095eee00000] [id=11504]
  0x000001bac0d6c850 GCTaskThread "GC Thread#5" [stack: 0x00000095eee00000,0x00000095eef00000] [id=6764]
  0x000001ba9dbad330 ConcurrentGCThread "G1 Main Marker" [stack: 0x00000095eca00000,0x00000095ecb00000] [id=20976]
  0x000001ba9dbafb70 ConcurrentGCThread "G1 Conc#0" [stack: 0x00000095ecb00000,0x00000095ecc00000] [id=17260]
  0x000001ba9dc21ac0 ConcurrentGCThread "G1 Refine#0" [stack: 0x00000095ecc00000,0x00000095ecd00000] [id=22276]
  0x000001babf750840 ConcurrentGCThread "G1 Young RemSet Sampling" [stack: 0x00000095ecd00000,0x00000095ece00000] [id=20272]

Threads with active compile tasks:
C2 CompilerThread1     1036 1197   !   4       com.sun.javafx.css.ParsedValueImpl::readBinary (688 bytes)
C2 CompilerThread2     1036 1268       4       jdk.internal.org.objectweb.asm.SymbolTable::addConstantUtf8 (98 bytes)

VM state: not at safepoint (normal execution)

VM Mutex/Monitor currently owned by a thread: None

Heap address: 0x0000000761000000, size: 2544 MB, Compressed Oops mode: Zero based, Oop shift amount: 3
CDS archive(s) mapped at: [0x0000000800000000-0x0000000800b50000-0x0000000800b50000), size 11862016, SharedBaseAddress: 0x0000000800000000, ArchiveRelocationMode: 0.
Compressed class space mapped at: 0x0000000800b50000-0x0000000840b50000, size: 1073741824
Narrow klass base: 0x0000000800000000, Narrow klass shift: 3, Narrow klass range: 0x100000000

GC Precious Log:
 CPUs: 8 total, 8 available
 Memory: 10170M
 Large Page Support: Disabled
 NUMA Support: Disabled
 Compressed Oops: Enabled (Zero based)
 Heap Region Size: 2M
 Heap Min Capacity: 8M
 Heap Initial Capacity: 160M
 Heap Max Capacity: 2544M
 Pre-touch: Disabled
 Parallel Workers: 8
 Concurrent Workers: 2
 Concurrent Refinement Workers: 8
 Periodic GC: Disabled

Heap:
 garbage-first heap   total 163840K, used 17014K [0x0000000761000000, 0x0000000800000000)
  region size 2048K, 10 young (20480K), 2 survivors (4096K)
 Metaspace       used 9880K, capacity 10432K, committed 10624K, reserved 1058816K
  class space    used 1311K, capacity 1406K, committed 1408K, reserved 1048576K

Heap Regions: E=young(eden), S=young(survivor), O=old, HS=humongous(starts), HC=humongous(continues), CS=collection set, F=free, OA=open archive, CA=closed archive, TAMS=top-at-mark-start (previous, next)
|   0|0x0000000761000000, 0x0000000761000000, 0x0000000761200000|  0%| F|  |TAMS 0x0000000761000000, 0x0000000761000000| Untracked 
|   1|0x0000000761200000, 0x0000000761200000, 0x0000000761400000|  0%| F|  |TAMS 0x0000000761200000, 0x0000000761200000| Untracked 
|   2|0x0000000761400000, 0x0000000761400000, 0x0000000761600000|  0%| F|  |TAMS 0x0000000761400000, 0x0000000761400000| Untracked 
|   3|0x0000000761600000, 0x0000000761600000, 0x0000000761800000|  0%| F|  |TAMS 0x0000000761600000, 0x0000000761600000| Untracked 
|   4|0x0000000761800000, 0x0000000761800000, 0x0000000761a00000|  0%| F|  |TAMS 0x0000000761800000, 0x0000000761800000| Untracked 
|   5|0x0000000761a00000, 0x0000000761a00000, 0x0000000761c00000|  0%| F|  |TAMS 0x0000000761a00000, 0x0000000761a00000| Untracked 
|   6|0x0000000761c00000, 0x0000000761c00000, 0x0000000761e00000|  0%| F|  |TAMS 0x0000000761c00000, 0x0000000761c00000| Untracked 
|   7|0x0000000761e00000, 0x0000000761e00000, 0x0000000762000000|  0%| F|  |TAMS 0x0000000761e00000, 0x0000000761e00000| Untracked 
|   8|0x0000000762000000, 0x0000000762000000, 0x0000000762200000|  0%| F|  |TAMS 0x0000000762000000, 0x0000000762000000| Untracked 
|   9|0x0000000762200000, 0x0000000762200000, 0x0000000762400000|  0%| F|  |TAMS 0x0000000762200000, 0x0000000762200000| Untracked 
|  10|0x0000000762400000, 0x0000000762400000, 0x0000000762600000|  0%| F|  |TAMS 0x0000000762400000, 0x0000000762400000| Untracked 
|  11|0x0000000762600000, 0x0000000762600000, 0x0000000762800000|  0%| F|  |TAMS 0x0000000762600000, 0x0000000762600000| Untracked 
|  12|0x0000000762800000, 0x0000000762800000, 0x0000000762a00000|  0%| F|  |TAMS 0x0000000762800000, 0x0000000762800000| Untracked 
|  13|0x0000000762a00000, 0x0000000762a00000, 0x0000000762c00000|  0%| F|  |TAMS 0x0000000762a00000, 0x0000000762a00000| Untracked 
|  14|0x0000000762c00000, 0x0000000762c00000, 0x0000000762e00000|  0%| F|  |TAMS 0x0000000762c00000, 0x0000000762c00000| Untracked 
|  15|0x0000000762e00000, 0x0000000762e00000, 0x0000000763000000|  0%| F|  |TAMS 0x0000000762e00000, 0x0000000762e00000| Untracked 
|  16|0x0000000763000000, 0x0000000763000000, 0x0000000763200000|  0%| F|  |TAMS 0x0000000763000000, 0x0000000763000000| Untracked 
|  17|0x0000000763200000, 0x0000000763200000, 0x0000000763400000|  0%| F|  |TAMS 0x0000000763200000, 0x0000000763200000| Untracked 
|  18|0x0000000763400000, 0x0000000763400000, 0x0000000763600000|  0%| F|  |TAMS 0x0000000763400000, 0x0000000763400000| Untracked 
|  19|0x0000000763600000, 0x0000000763600000, 0x0000000763800000|  0%| F|  |TAMS 0x0000000763600000, 0x0000000763600000| Untracked 
|  20|0x0000000763800000, 0x0000000763800000, 0x0000000763a00000|  0%| F|  |TAMS 0x0000000763800000, 0x0000000763800000| Untracked 
|  21|0x0000000763a00000, 0x0000000763a00000, 0x0000000763c00000|  0%| F|  |TAMS 0x0000000763a00000, 0x0000000763a00000| Untracked 
|  22|0x0000000763c00000, 0x0000000763c00000, 0x0000000763e00000|  0%| F|  |TAMS 0x0000000763c00000, 0x0000000763c00000| Untracked 
|  23|0x0000000763e00000, 0x0000000763e00000, 0x0000000764000000|  0%| F|  |TAMS 0x0000000763e00000, 0x0000000763e00000| Untracked 
|  24|0x0000000764000000, 0x0000000764000000, 0x0000000764200000|  0%| F|  |TAMS 0x0000000764000000, 0x0000000764000000| Untracked 
|  25|0x0000000764200000, 0x0000000764200000, 0x0000000764400000|  0%| F|  |TAMS 0x0000000764200000, 0x0000000764200000| Untracked 
|  26|0x0000000764400000, 0x0000000764400000, 0x0000000764600000|  0%| F|  |TAMS 0x0000000764400000, 0x0000000764400000| Untracked 
|  27|0x0000000764600000, 0x0000000764600000, 0x0000000764800000|  0%| F|  |TAMS 0x0000000764600000, 0x0000000764600000| Untracked 
|  28|0x0000000764800000, 0x0000000764800000, 0x0000000764a00000|  0%| F|  |TAMS 0x0000000764800000, 0x0000000764800000| Untracked 
|  29|0x0000000764a00000, 0x0000000764a00000, 0x0000000764c00000|  0%| F|  |TAMS 0x0000000764a00000, 0x0000000764a00000| Untracked 
|  30|0x0000000764c00000, 0x0000000764c00000, 0x0000000764e00000|  0%| F|  |TAMS 0x0000000764c00000, 0x0000000764c00000| Untracked 
|  31|0x0000000764e00000, 0x0000000764e00000, 0x0000000765000000|  0%| F|  |TAMS 0x0000000764e00000, 0x0000000764e00000| Untracked 
|  32|0x0000000765000000, 0x0000000765000000, 0x0000000765200000|  0%| F|  |TAMS 0x0000000765000000, 0x0000000765000000| Untracked 
|  33|0x0000000765200000, 0x0000000765200000, 0x0000000765400000|  0%| F|  |TAMS 0x0000000765200000, 0x0000000765200000| Untracked 
|  34|0x0000000765400000, 0x0000000765400000, 0x0000000765600000|  0%| F|  |TAMS 0x0000000765400000, 0x0000000765400000| Untracked 
|  35|0x0000000765600000, 0x0000000765600000, 0x0000000765800000|  0%| F|  |TAMS 0x0000000765600000, 0x0000000765600000| Untracked 
|  36|0x0000000765800000, 0x0000000765800000, 0x0000000765a00000|  0%| F|  |TAMS 0x0000000765800000, 0x0000000765800000| Untracked 
|  37|0x0000000765a00000, 0x0000000765a00000, 0x0000000765c00000|  0%| F|  |TAMS 0x0000000765a00000, 0x0000000765a00000| Untracked 
|  38|0x0000000765c00000, 0x0000000765c00000, 0x0000000765e00000|  0%| F|  |TAMS 0x0000000765c00000, 0x0000000765c00000| Untracked 
|  39|0x0000000765e00000, 0x0000000765e00000, 0x0000000766000000|  0%| F|  |TAMS 0x0000000765e00000, 0x0000000765e00000| Untracked 
|  40|0x0000000766000000, 0x0000000766000000, 0x0000000766200000|  0%| F|  |TAMS 0x0000000766000000, 0x0000000766000000| Untracked 
|  41|0x0000000766200000, 0x0000000766200000, 0x0000000766400000|  0%| F|  |TAMS 0x0000000766200000, 0x0000000766200000| Untracked 
|  42|0x0000000766400000, 0x0000000766400000, 0x0000000766600000|  0%| F|  |TAMS 0x0000000766400000, 0x0000000766400000| Untracked 
|  43|0x0000000766600000, 0x0000000766600000, 0x0000000766800000|  0%| F|  |TAMS 0x0000000766600000, 0x0000000766600000| Untracked 
|  44|0x0000000766800000, 0x0000000766800000, 0x0000000766a00000|  0%| F|  |TAMS 0x0000000766800000, 0x0000000766800000| Untracked 
|  45|0x0000000766a00000, 0x0000000766a00000, 0x0000000766c00000|  0%| F|  |TAMS 0x0000000766a00000, 0x0000000766a00000| Untracked 
|  46|0x0000000766c00000, 0x0000000766c00000, 0x0000000766e00000|  0%| F|  |TAMS 0x0000000766c00000, 0x0000000766c00000| Untracked 
|  47|0x0000000766e00000, 0x0000000766e00000, 0x0000000767000000|  0%| F|  |TAMS 0x0000000766e00000, 0x0000000766e00000| Untracked 
|  48|0x0000000767000000, 0x0000000767000000, 0x0000000767200000|  0%| F|  |TAMS 0x0000000767000000, 0x0000000767000000| Untracked 
|  49|0x0000000767200000, 0x0000000767200000, 0x0000000767400000|  0%| F|  |TAMS 0x0000000767200000, 0x0000000767200000| Untracked 
|  50|0x0000000767400000, 0x0000000767400000, 0x0000000767600000|  0%| F|  |TAMS 0x0000000767400000, 0x0000000767400000| Untracked 
|  51|0x0000000767600000, 0x0000000767600000, 0x0000000767800000|  0%| F|  |TAMS 0x0000000767600000, 0x0000000767600000| Untracked 
|  52|0x0000000767800000, 0x0000000767800000, 0x0000000767a00000|  0%| F|  |TAMS 0x0000000767800000, 0x0000000767800000| Untracked 
|  53|0x0000000767a00000, 0x0000000767a00000, 0x0000000767c00000|  0%| F|  |TAMS 0x0000000767a00000, 0x0000000767a00000| Untracked 
|  54|0x0000000767c00000, 0x0000000767c00000, 0x0000000767e00000|  0%| F|  |TAMS 0x0000000767c00000, 0x0000000767c00000| Untracked 
|  55|0x0000000767e00000, 0x0000000767e00000, 0x0000000768000000|  0%| F|  |TAMS 0x0000000767e00000, 0x0000000767e00000| Untracked 
|  56|0x0000000768000000, 0x0000000768000000, 0x0000000768200000|  0%| F|  |TAMS 0x0000000768000000, 0x0000000768000000| Untracked 
|  57|0x0000000768200000, 0x0000000768200000, 0x0000000768400000|  0%| F|  |TAMS 0x0000000768200000, 0x0000000768200000| Untracked 
|  58|0x0000000768400000, 0x0000000768400000, 0x0000000768600000|  0%| F|  |TAMS 0x0000000768400000, 0x0000000768400000| Untracked 
|  59|0x0000000768600000, 0x0000000768600000, 0x0000000768800000|  0%| F|  |TAMS 0x0000000768600000, 0x0000000768600000| Untracked 
|  60|0x0000000768800000, 0x0000000768800000, 0x0000000768a00000|  0%| F|  |TAMS 0x0000000768800000, 0x0000000768800000| Untracked 
|  61|0x0000000768a00000, 0x0000000768a00000, 0x0000000768c00000|  0%| F|  |TAMS 0x0000000768a00000, 0x0000000768a00000| Untracked 
|  62|0x0000000768c00000, 0x0000000768c00000, 0x0000000768e00000|  0%| F|  |TAMS 0x0000000768c00000, 0x0000000768c00000| Untracked 
|  63|0x0000000768e00000, 0x0000000768e00000, 0x0000000769000000|  0%| F|  |TAMS 0x0000000768e00000, 0x0000000768e00000| Untracked 
|  64|0x0000000769000000, 0x0000000769000000, 0x0000000769200000|  0%| F|  |TAMS 0x0000000769000000, 0x0000000769000000| Untracked 
|  65|0x0000000769200000, 0x0000000769200000, 0x0000000769400000|  0%| F|  |TAMS 0x0000000769200000, 0x0000000769200000| Untracked 
|  66|0x0000000769400000, 0x0000000769400000, 0x0000000769600000|  0%| F|  |TAMS 0x0000000769400000, 0x0000000769400000| Untracked 
|  67|0x0000000769600000, 0x000000076969d938, 0x0000000769800000| 30%| S|CS|TAMS 0x0000000769600000, 0x0000000769600000| Complete 
|  68|0x0000000769800000, 0x0000000769a00000, 0x0000000769a00000|100%| S|CS|TAMS 0x0000000769800000, 0x0000000769800000| Complete 
|  69|0x0000000769a00000, 0x0000000769a00000, 0x0000000769c00000|  0%| F|  |TAMS 0x0000000769a00000, 0x0000000769a00000| Untracked 
|  70|0x0000000769c00000, 0x0000000769c00000, 0x0000000769e00000|  0%| F|  |TAMS 0x0000000769c00000, 0x0000000769c00000| Untracked 
|  71|0x0000000769e00000, 0x0000000769e00000, 0x000000076a000000|  0%| F|  |TAMS 0x0000000769e00000, 0x0000000769e00000| Untracked 
|  72|0x000000076a000000, 0x000000076a200000, 0x000000076a200000|100%| E|  |TAMS 0x000000076a000000, 0x000000076a000000| Complete 
|  73|0x000000076a200000, 0x000000076a400000, 0x000000076a400000|100%| E|CS|TAMS 0x000000076a200000, 0x000000076a200000| Complete 
|  74|0x000000076a400000, 0x000000076a600000, 0x000000076a600000|100%| E|CS|TAMS 0x000000076a400000, 0x000000076a400000| Complete 
|  75|0x000000076a600000, 0x000000076a800000, 0x000000076a800000|100%| E|CS|TAMS 0x000000076a600000, 0x000000076a600000| Complete 
|  76|0x000000076a800000, 0x000000076aa00000, 0x000000076aa00000|100%| E|CS|TAMS 0x000000076a800000, 0x000000076a800000| Complete 
|  77|0x000000076aa00000, 0x000000076ac00000, 0x000000076ac00000|100%| E|CS|TAMS 0x000000076aa00000, 0x000000076aa00000| Complete 
|  78|0x000000076ac00000, 0x000000076ae00000, 0x000000076ae00000|100%| E|CS|TAMS 0x000000076ac00000, 0x000000076ac00000| Complete 
|  79|0x000000076ae00000, 0x000000076b000000, 0x000000076b000000|100%| E|CS|TAMS 0x000000076ae00000, 0x000000076ae00000| Complete 

Card table byte_map: [0x000001bab74d0000,0x000001bab79d0000] _byte_map_base: 0x000001bab39c8000

Marking Bits (Prev, Next): (CMBitMap*) 0x000001ba9dba29d0, (CMBitMap*) 0x000001ba9dba2a10
 Prev Bits: [0x000001bab7ed0000, 0x000001baba690000)
 Next Bits: [0x000001baba690000, 0x000001babce50000)

Polling page: 0x000001baa7540000

Metaspace:

Usage:
  Non-class:      8.82 MB capacity,     8.38 MB ( 95%) used,   430.16 KB (  5%) free+waste,    15.25 KB ( <1%) overhead. 
      Class:      1.37 MB capacity,     1.29 MB ( 94%) used,    82.59 KB (  6%) free+waste,     7.13 KB ( <1%) overhead. 
       Both:     10.19 MB capacity,     9.67 MB ( 95%) used,   512.74 KB (  5%) free+waste,    22.38 KB ( <1%) overhead. 

Virtual space:
  Non-class space:       10.00 MB reserved,       9.00 MB ( 90%) committed 
      Class space:        1.00 GB reserved,       1.38 MB ( <1%) committed 
             Both:        1.01 GB reserved,      10.38 MB (  1%) committed 

Chunk freelists:
   Non-Class:  0 bytes
       Class:  1.00 KB
        Both:  1.00 KB

MaxMetaspaceSize: 17179869184.00 GB
CompressedClassSpaceSize: 1.00 GB

CodeHeap 'non-profiled nmethods': size=120000Kb used=459Kb max_used=459Kb free=119540Kb
 bounds [0x000001baaf030000, 0x000001baaf2a0000, 0x000001bab6560000]
CodeHeap 'profiled nmethods': size=120000Kb used=2153Kb max_used=2153Kb free=117846Kb
 bounds [0x000001baa7b00000, 0x000001baa7d70000, 0x000001baaf030000]
CodeHeap 'non-nmethods': size=5760Kb used=1287Kb max_used=1303Kb free=4472Kb
 bounds [0x000001baa7560000, 0x000001baa77d0000, 0x000001baa7b00000]
 total_blobs=1867 nmethods=1288 adapters=492
 compilation: enabled
              stopped_count=0, restarted_count=0
 full_count=0

Compilation events (20 events):
Event: 0.993 Thread 0x000001babf8f2b60 nmethod 1249 0x000001baa7d08110 code [0x000001baa7d082e0, 0x000001baa7d085d8]
Event: 0.993 Thread 0x000001babf8f2b60 1250       3       java.lang.Module::allows (60 bytes)
Event: 0.994 Thread 0x000001babf8f2b60 nmethod 1250 0x000001baa7d08790 code [0x000001baa7d08980, 0x000001baa7d08f88]
Event: 0.998 Thread 0x000001babf8f11a0 1251       4       java.util.ArrayList::<init> (12 bytes)
Event: 0.999 Thread 0x000001babf8f2b60 1252       1       com.sun.org.apache.xerces.internal.utils.XMLSecurityManager$Limit::systemProperty (5 bytes)
Event: 0.999 Thread 0x000001babf8f2b60 nmethod 1252 0x000001baaf09f910 code [0x000001baaf09faa0, 0x000001baaf09fb58]
Event: 0.999 Thread 0x000001babf8f2b60 1253       3       java.lang.invoke.Invokers$Holder::linkToTargetMethod (9 bytes)
Event: 0.999 Thread 0x000001babf8f2b60 nmethod 1253 0x000001baa7d09110 code [0x000001baa7d092c0, 0x000001baa7d096b8]
Event: 0.999 Thread 0x000001babf8f2b60 1254       3       com.sun.org.apache.xerces.internal.util.XMLChar::isContent (35 bytes)
Event: 0.999 Thread 0x000001babf8f11a0 nmethod 1251 0x000001baaf09fc10 code [0x000001baaf09fd80, 0x000001baaf09fe98]
Event: 1.000 Thread 0x000001babf8f2b60 nmethod 1254 0x000001baa7d09790 code [0x000001baa7d09940, 0x000001baa7d09b58]
Event: 1.003 Thread 0x000001babf8f2b60 1256       3       java.lang.invoke.DirectMethodHandle::allocateInstance (16 bytes)
Event: 1.003 Thread 0x000001babf8f2b60 nmethod 1256 0x000001baa7d09c10 code [0x000001baa7d09dc0, 0x000001baa7d09fe8]
Event: 1.003 Thread 0x000001babf8f2b60 1257       3       java.lang.invoke.DirectMethodHandle::constructorMethod (10 bytes)
Event: 1.003 Thread 0x000001babf8f2b60 nmethod 1257 0x000001baa7d0a110 code [0x000001baa7d0a2a0, 0x000001baa7d0a498]
Event: 1.004 Thread 0x000001babf8f2b60 1258       3       java.util.regex.Matcher::groupCount (10 bytes)
Event: 1.004 Thread 0x000001babf8f2b60 nmethod 1258 0x000001baa7d0a590 code [0x000001baa7d0a720, 0x000001baa7d0a838]
Event: 1.004 Thread 0x000001babf8f2b60 1259       3       java.util.Arrays::copyOf (10 bytes)
Event: 1.004 Thread 0x000001babf8f2b60 nmethod 1259 0x000001baa7d0a910 code [0x000001baa7d0aac0, 0x000001baa7d0ac08]
Event: 1.008 Thread 0x000001bac04528a0 1260   !   4       java.util.zip.Inflater::inflate (418 bytes)

GC Heap History (2 events):
Event: 0.719 GC heap before
{Heap before GC invocations=0 (full 0):
 garbage-first heap   total 163840K, used 22528K [0x0000000761000000, 0x0000000800000000)
  region size 2048K, 11 young (22528K), 0 survivors (0K)
 Metaspace       used 5510K, capacity 7428K, committed 7552K, reserved 1056768K
  class space    used 678K, capacity 830K, committed 896K, reserved 1048576K
}
Event: 0.723 GC heap after
{Heap after GC invocations=1 (full 0):
 garbage-first heap   total 163840K, used 2678K [0x0000000761000000, 0x0000000800000000)
  region size 2048K, 2 young (4096K), 2 survivors (4096K)
 Metaspace       used 5510K, capacity 7428K, committed 7552K, reserved 1056768K
  class space    used 678K, capacity 830K, committed 896K, reserved 1048576K
}

Deoptimization events (20 events):
Event: 0.922 Thread 0x000001bac0d20c50 Uncommon trap: trap_request=0xffffffde fr.pc=0x000001baaf090074 relative=0x00000000000003b4
Event: 0.922 Thread 0x000001bac0d20c50 Uncommon trap: reason=class_check action=maybe_recompile pc=0x000001baaf090074 method=java.util.HashMap.getNode(Ljava/lang/Object;)Ljava/util/HashMap$Node; @ 63 c2
Event: 0.922 Thread 0x000001bac0d20c50 DEOPT PACKING pc=0x000001baaf090074 sp=0x00000095ee1fcdd0
Event: 0.922 Thread 0x000001bac0d20c50 DEOPT UNPACKING pc=0x000001baa75ae42f sp=0x00000095ee1fcd48 mode 2
Event: 0.922 Thread 0x000001bac0d20c50 Uncommon trap: trap_request=0xffffffde fr.pc=0x000001baaf090074 relative=0x00000000000003b4
Event: 0.922 Thread 0x000001bac0d20c50 Uncommon trap: reason=class_check action=maybe_recompile pc=0x000001baaf090074 method=java.util.HashMap.getNode(Ljava/lang/Object;)Ljava/util/HashMap$Node; @ 63 c2
Event: 0.922 Thread 0x000001bac0d20c50 DEOPT PACKING pc=0x000001baaf090074 sp=0x00000095ee1fcdd0
Event: 0.922 Thread 0x000001bac0d20c50 DEOPT UNPACKING pc=0x000001baa75ae42f sp=0x00000095ee1fcd48 mode 2
Event: 0.923 Thread 0x000001bac0d20c50 Uncommon trap: trap_request=0xffffffde fr.pc=0x000001baaf090074 relative=0x00000000000003b4
Event: 0.923 Thread 0x000001bac0d20c50 Uncommon trap: reason=class_check action=maybe_recompile pc=0x000001baaf090074 method=java.util.HashMap.getNode(Ljava/lang/Object;)Ljava/util/HashMap$Node; @ 63 c2
Event: 0.923 Thread 0x000001bac0d20c50 DEOPT PACKING pc=0x000001baaf090074 sp=0x00000095ee1fcdd0
Event: 0.923 Thread 0x000001bac0d20c50 DEOPT UNPACKING pc=0x000001baa75ae42f sp=0x00000095ee1fcd48 mode 2
Event: 0.923 Thread 0x000001bac0d20c50 Uncommon trap: trap_request=0xffffffde fr.pc=0x000001baaf090074 relative=0x00000000000003b4
Event: 0.923 Thread 0x000001bac0d20c50 Uncommon trap: reason=class_check action=maybe_recompile pc=0x000001baaf090074 method=java.util.HashMap.getNode(Ljava/lang/Object;)Ljava/util/HashMap$Node; @ 63 c2
Event: 0.923 Thread 0x000001bac0d20c50 DEOPT PACKING pc=0x000001baaf090074 sp=0x00000095ee1fcdd0
Event: 0.923 Thread 0x000001bac0d20c50 DEOPT UNPACKING pc=0x000001baa75ae42f sp=0x00000095ee1fcd48 mode 2
Event: 0.979 Thread 0x000001bac0d20c50 Uncommon trap: trap_request=0xffffff45 fr.pc=0x000001baaf03f024 relative=0x0000000000000184
Event: 0.979 Thread 0x000001bac0d20c50 Uncommon trap: reason=unstable_if action=reinterpret pc=0x000001baaf03f024 method=java.lang.String.equals(Ljava/lang/Object;)Z @ 33 c2
Event: 0.979 Thread 0x000001bac0d20c50 DEOPT PACKING pc=0x000001baaf03f024 sp=0x00000095ee1fc890
Event: 0.979 Thread 0x000001bac0d20c50 DEOPT UNPACKING pc=0x000001baa75ae42f sp=0x00000095ee1fc830 mode 2

Classes unloaded (0 events):
No events

Classes redefined (0 events):
No events

Internal exceptions (20 events):
Event: 0.207 Thread 0x000001bac0b1bfc0 Exception <a 'java/lang/NoSuchMethodError'{0x000000076a87ef98}: 'java.lang.Object java.lang.invoke.DirectMethodHandle$Holder.invokeStaticInit(java.lang.Object)'> (0x000000076a87ef98) 
thrown [./open/src/hotspot/share/interpreter/linkResolver.cpp, line 782]
Event: 0.210 Thread 0x000001bac0b1bfc0 Exception <a 'java/lang/ClassNotFoundException'{0x000000076a88a1f0}: jdk/net/ExtendedSocketOptions> (0x000000076a88a1f0) 
thrown [./open/src/hotspot/share/classfile/systemDictionary.cpp, line 295]
Event: 0.211 Thread 0x000001bac0b1bfc0 Exception <a 'java/lang/NoSuchMethodError'{0x000000076a88b970}: 'void java.lang.invoke.DirectMethodHandle$Holder.invokeStatic(java.lang.Object, java.lang.Object)'> (0x000000076a88b970) 
thrown [./open/src/hotspot/share/interpreter/linkResolver.cpp, line 782]
Event: 0.295 Thread 0x000001ba9db657a0 Exception <a 'java/lang/NoSuchMethodError'{0x000000076a718390}: 'void java.lang.invoke.DirectMethodHandle$Holder.invokeStaticInit(java.lang.Object, java.lang.Object)'> (0x000000076a718390) 
thrown [./open/src/hotspot/share/interpreter/linkResolver.cpp, line 782]
Event: 0.473 Thread 0x000001ba9db657a0 Exception <a 'java/lang/NoSuchMethodError'{0x000000076a303058}: 'void java.lang.invoke.DirectMethodHandle$Holder.invokeSpecial(java.lang.Object, java.lang.Object, java.lang.Object)'> (0x000000076a303058) 
thrown [./open/src/hotspot/share/interpreter/linkResolver.cpp, line 782]
Event: 0.483 Thread 0x000001ba9db657a0 Exception <a 'java/lang/NoSuchMethodError'{0x000000076a33b3f0}: 'void java.lang.invoke.DirectMethodHandle$Holder.invokeStatic(java.lang.Object, java.lang.Object, java.lang.Object)'> (0x000000076a33b3f0) 
thrown [./open/src/hotspot/share/interpreter/linkResolver.cpp, line 782]
Event: 0.538 Thread 0x000001ba9db657a0 Exception <a 'java/lang/NoSuchMethodError'{0x000000076a358988}: 'int java.lang.invoke.DirectMethodHandle$Holder.invokeStaticInit(java.lang.Object, java.lang.Object, java.lang.Object)'> (0x000000076a358988) 
thrown [./open/src/hotspot/share/interpreter/linkResolver.cpp, line 782]
Event: 0.565 Thread 0x000001ba9db657a0 Exception <a 'java/lang/NoSuchMethodError'{0x000000076a08b500}: 'java.lang.Object java.lang.invoke.DirectMethodHandle$Holder.newInvokeSpecial(java.lang.Object, java.lang.Object, int, java.lang.Object)'> (0x000000076a08b500) 
thrown [./open/src/hotspot/share/interpreter/linkResolver.cpp, line 782]
Event: 0.565 Thread 0x000001ba9db657a0 Exception <a 'java/lang/NoSuchMethodError'{0x000000076a08f9e8}: 'java.lang.Object java.lang.invoke.DirectMethodHandle$Holder.invokeSpecial(java.lang.Object, java.lang.Object, java.lang.Object, int, java.lang.Object)'> (0x000000076a08f9e8) 
thrown [./open/src/hotspot/share/interpreter/linkResolver.cpp, line 782]
Event: 0.641 Thread 0x000001bac0d20c50 Exception <a 'java/lang/NoSuchMethodError'{0x0000000769f900f8}: 'void java.lang.invoke.DirectMethodHandle$Holder.invokeStaticInit(java.lang.Object)'> (0x0000000769f900f8) 
thrown [./open/src/hotspot/share/interpreter/linkResolver.cpp, line 782]
Event: 0.645 Thread 0x000001ba9db657a0 Exception <a 'java/lang/NoSuchMethodError'{0x000000076a0a5db8}: 'java.lang.Object java.lang.invoke.DirectMethodHandle$Holder.newInvokeSpecial(java.lang.Object, java.lang.Object, java.lang.Object, java.lang.Object, java.lang.Object, java.lang.Object)'> (0x000000076a0a5db8) 
thrown [./open/src/hotspot/share/interpreter/linkResolver.cpp, line 782]
Event: 0.668 Thread 0x000001ba9db657a0 Exception <a 'java/lang/NoSuchMethodError'{0x000000076a0d6a90}: 'java.lang.Object java.lang.invoke.DirectMethodHandle$Holder.newInvokeSpecial(java.lang.Object, java.lang.Object, java.lang.Object, java.lang.Object, java.lang.Object)'> (0x000000076a0d6a90) 
thrown [./open/src/hotspot/share/interpreter/linkResolver.cpp, line 782]
Event: 0.670 Thread 0x000001bac111c710 Exception <a 'java/lang/NoSuchMethodError'{0x0000000769ce6008}: 'void java.lang.invoke.DirectMethodHandle$Holder.invokeStatic(java.lang.Object, java.lang.Object, java.lang.Object, java.lang.Object)'> (0x0000000769ce6008) 
thrown [./open/src/hotspot/share/interpreter/linkResolver.cpp, line 782]
Event: 0.735 Thread 0x000001bac0d20c50 Exception <a 'sun/nio/fs/WindowsException'{0x000000076ae603b0}> (0x000000076ae603b0) 
thrown [./open/src/hotspot/share/prims/jni.cpp, line 578]
Event: 0.777 Thread 0x000001bac0d20c50 Exception <a 'java/lang/NoSuchMethodError'{0x000000076add9da0}: 'java.lang.Object java.lang.invoke.DirectMethodHandle$Holder.invokeStaticInit(java.lang.Object, java.lang.Object, java.lang.Object, java.lang.Object)'> (0x000000076add9da0) 
thrown [./open/src/hotspot/share/interpreter/linkResolver.cpp, line 782]
Event: 0.779 Thread 0x000001bac0d20c50 Exception <a 'java/lang/NullPointerException'{0x000000076ade7018}> (0x000000076ade7018) 
thrown [./open/src/hotspot/share/interpreter/linkResolver.cpp, line 1374]
Event: 0.782 Thread 0x000001bac0d20c50 Exception <a 'java/lang/NoSuchMethodError'{0x000000076aa14cd8}: 'void java.lang.invoke.DirectMethodHandle$Holder.invokeSpecial(java.lang.Object, java.lang.Object, java.lang.Object, java.lang.Object, java.lang.Object)'> (0x000000076aa14cd8) 
thrown [./open/src/hotspot/share/interpreter/linkResolver.cpp, line 782]
Event: 0.791 Thread 0x000001bac0d20c50 Exception <a 'sun/nio/fs/WindowsException'{0x000000076aa66f10}> (0x000000076aa66f10) 
thrown [./open/src/hotspot/share/prims/jni.cpp, line 578]
Event: 0.815 Thread 0x000001bac0d20c50 Exception <a 'sun/nio/fs/WindowsException'{0x000000076aaf5bd8}> (0x000000076aaf5bd8) 
thrown [./open/src/hotspot/share/prims/jni.cpp, line 578]
Event: 0.824 Thread 0x000001bac0d20c50 Exception <a 'java/lang/ClassNotFoundException'{0x000000076ab10390}: sun/util/logging/resources/spi/loggingProvider> (0x000000076ab10390) 
thrown [./open/src/hotspot/share/classfile/systemDictionary.cpp, line 295]

Events (20 events):
Event: 0.977 loading class sun/reflect/generics/repository/ConstructorRepository done
Event: 0.977 loading class sun/reflect/generics/repository/MethodRepository done
Event: 0.977 loading class sun/reflect/generics/tree/FormalTypeParameter
Event: 0.977 loading class sun/reflect/generics/tree/FormalTypeParameter done
Event: 0.978 loading class sun/reflect/generics/tree/MethodTypeSignature
Event: 0.978 loading class sun/reflect/generics/tree/Signature
Event: 0.978 loading class sun/reflect/generics/tree/Signature done
Event: 0.978 loading class sun/reflect/generics/tree/MethodTypeSignature done
Event: 0.978 loading class sun/reflect/generics/reflectiveObjects/ParameterizedTypeImpl
Event: 0.978 loading class java/lang/reflect/ParameterizedType
Event: 0.978 loading class java/lang/reflect/ParameterizedType done
Event: 0.978 loading class sun/reflect/generics/reflectiveObjects/ParameterizedTypeImpl done
Event: 0.978 loading class sun/reflect/generics/tree/ClassSignature
Event: 0.978 loading class sun/reflect/generics/tree/ClassSignature done
Event: 0.978 loading class sun/reflect/generics/tree/TypeVariableSignature
Event: 0.978 loading class sun/reflect/generics/tree/TypeVariableSignature done
Event: 0.978 loading class sun/reflect/generics/reflectiveObjects/TypeVariableImpl
Event: 0.979 loading class sun/reflect/generics/reflectiveObjects/LazyReflectiveObjectGenerator
Event: 0.979 loading class sun/reflect/generics/reflectiveObjects/LazyReflectiveObjectGenerator done
Event: 0.979 loading class sun/reflect/generics/reflectiveObjects/TypeVariableImpl done


Dynamic libraries:
0x00007ff6e1af0000 - 0x00007ff6e1afd000 	C:\proj\jdk-15.0.2\bin\java.exe
0x00007ffaf3ce0000 - 0x00007ffaf3ecd000 	C:\Windows\SYSTEM32\ntdll.dll
0x00007ffaf1b50000 - 0x00007ffaf1c04000 	C:\Windows\System32\KERNEL32.DLL
0x00007ffaf0790000 - 0x00007ffaf0a24000 	C:\Windows\System32\KERNELBASE.dll
0x00007ffaf05f0000 - 0x00007ffaf06ea000 	C:\Windows\System32\ucrtbase.dll
0x00007ffae7bc0000 - 0x00007ffae7bd8000 	C:\proj\jdk-15.0.2\bin\jli.dll
0x00007ffae66a0000 - 0x00007ffae66b9000 	C:\proj\jdk-15.0.2\bin\VCRUNTIME140.dll
0x00007ffaf1140000 - 0x00007ffaf12d7000 	C:\Windows\System32\USER32.dll
0x00007ffadfea0000 - 0x00007ffae0119000 	C:\Windows\WinSxS\amd64_microsoft.windows.common-controls_6595b64144ccf1df_6.0.17763.2366_none_de735d0053496d5d\COMCTL32.dll
0x00007ffaf04f0000 - 0x00007ffaf0510000 	C:\Windows\System32\win32u.dll
0x00007ffaf1c70000 - 0x00007ffaf1d0e000 	C:\Windows\System32\msvcrt.dll
0x00007ffaf25e0000 - 0x00007ffaf2609000 	C:\Windows\System32\GDI32.dll
0x00007ffaf1460000 - 0x00007ffaf178d000 	C:\Windows\System32\combase.dll
0x00007ffaf0c30000 - 0x00007ffaf0dcc000 	C:\Windows\System32\gdi32full.dll
0x00007ffaf3b90000 - 0x00007ffaf3caf000 	C:\Windows\System32\RPCRT4.dll
0x00007ffaf06f0000 - 0x00007ffaf0790000 	C:\Windows\System32\msvcp_win.dll
0x00007ffaf0e30000 - 0x00007ffaf0eb2000 	C:\Windows\System32\bcryptPrimitives.dll
0x00007ffaf20d0000 - 0x00007ffaf20fe000 	C:\Windows\System32\IMM32.DLL
0x00007ffaeb070000 - 0x00007ffaeb07c000 	C:\proj\jdk-15.0.2\bin\vcruntime140_1.dll
0x00007ffae0640000 - 0x00007ffae06d1000 	C:\proj\jdk-15.0.2\bin\msvcp140.dll
0x00007ffabe350000 - 0x00007ffabeeae000 	C:\proj\jdk-15.0.2\bin\server\jvm.dll
0x00007ffaf0f20000 - 0x00007ffaf0fc4000 	C:\Windows\System32\ADVAPI32.dll
0x00007ffaf1970000 - 0x00007ffaf1a0e000 	C:\Windows\System32\sechost.dll
0x00007ffaf20c0000 - 0x00007ffaf20c8000 	C:\Windows\System32\PSAPI.DLL
0x00007ffad52c0000 - 0x00007ffad52c9000 	C:\Windows\SYSTEM32\WSOCK32.dll
0x00007ffaf1ee0000 - 0x00007ffaf1f4d000 	C:\Windows\System32\WS2_32.dll
0x00007ffae9e40000 - 0x00007ffae9e4a000 	C:\Windows\SYSTEM32\VERSION.dll
0x00007ffaed9a0000 - 0x00007ffaed9c4000 	C:\Windows\SYSTEM32\WINMM.dll
0x00007ffaed950000 - 0x00007ffaed97d000 	C:\Windows\SYSTEM32\winmmbase.dll
0x00007ffaf0ec0000 - 0x00007ffaf0f0a000 	C:\Windows\System32\cfgmgr32.dll
0x00007ffaefd00000 - 0x00007ffaefd11000 	C:\Windows\System32\kernel.appcore.dll
0x00007ffae89b0000 - 0x00007ffae89ba000 	C:\proj\jdk-15.0.2\bin\jimage.dll
0x00007ffadfc90000 - 0x00007ffadfe7d000 	C:\Windows\SYSTEM32\DBGHELP.DLL
0x00007ffadf330000 - 0x00007ffadf35a000 	C:\Windows\SYSTEM32\dbgcore.DLL
0x00007ffae5550000 - 0x00007ffae555e000 	C:\proj\jdk-15.0.2\bin\instrument.dll
0x00007ffae5710000 - 0x00007ffae5735000 	C:\proj\jdk-15.0.2\bin\java.dll
0x00007ffaf2610000 - 0x00007ffaf3b09000 	C:\Windows\System32\SHELL32.dll
0x00007ffaf1fb0000 - 0x00007ffaf2058000 	C:\Windows\System32\shcore.dll
0x00007ffaefda0000 - 0x00007ffaf04ea000 	C:\Windows\System32\windows.storage.dll
0x00007ffaefcd0000 - 0x00007ffaefcf4000 	C:\Windows\System32\profapi.dll
0x00007ffaefd20000 - 0x00007ffaefd7d000 	C:\Windows\System32\powrprof.dll
0x00007ffaf1c10000 - 0x00007ffaf1c62000 	C:\Windows\System32\shlwapi.dll
0x00007ffaefd80000 - 0x00007ffaefd97000 	C:\Windows\System32\cryptsp.dll
0x00007ffae56f0000 - 0x00007ffae5709000 	C:\proj\jdk-15.0.2\bin\net.dll
0x00007ffae5910000 - 0x00007ffae5a01000 	C:\Windows\SYSTEM32\WINHTTP.dll
0x00007ffaef4a0000 - 0x00007ffaef507000 	C:\Windows\system32\mswsock.dll
0x00007ffae5560000 - 0x00007ffae5572000 	C:\proj\jdk-15.0.2\bin\nio.dll
0x00007ffae5120000 - 0x00007ffae5138000 	C:\proj\jdk-15.0.2\bin\zip.dll
0x00007ffae4670000 - 0x00007ffae468a000 	C:\Program Files\JetBrains\IntelliJ IDEA Community Edition 2021.1\bin\breakgen64.dll
0x000001bac1e20000 - 0x000001bac1e23000 	C:\Users\相忮\.openjfx\cache\15.0.1\api-ms-win-core-console-l1-1-0.dll
0x000001bac1e30000 - 0x000001bac1e33000 	C:\Users\相忮\.openjfx\cache\15.0.1\api-ms-win-core-console-l1-2-0.dll
0x000001bac1e40000 - 0x000001bac1e43000 	C:\Users\相忮\.openjfx\cache\15.0.1\api-ms-win-core-datetime-l1-1-0.dll
0x000001bac1e50000 - 0x000001bac1e53000 	C:\Users\相忮\.openjfx\cache\15.0.1\api-ms-win-core-debug-l1-1-0.dll
0x000001bac1e60000 - 0x000001bac1e63000 	C:\Users\相忮\.openjfx\cache\15.0.1\api-ms-win-core-errorhandling-l1-1-0.dll
0x000001bac1e70000 - 0x000001bac1e74000 	C:\Users\相忮\.openjfx\cache\15.0.1\api-ms-win-core-file-l1-1-0.dll
0x000001bac1e80000 - 0x000001bac1e83000 	C:\Users\相忮\.openjfx\cache\15.0.1\api-ms-win-core-file-l1-2-0.dll
0x000001bac1e90000 - 0x000001bac1e93000 	C:\Users\相忮\.openjfx\cache\15.0.1\api-ms-win-core-file-l2-1-0.dll
0x000001bac1ea0000 - 0x000001bac1ea3000 	C:\Users\相忮\.openjfx\cache\15.0.1\api-ms-win-core-handle-l1-1-0.dll
0x000001bac1eb0000 - 0x000001bac1eb3000 	C:\Users\相忮\.openjfx\cache\15.0.1\api-ms-win-core-heap-l1-1-0.dll
0x000001bac1ec0000 - 0x000001bac1ec3000 	C:\Users\相忮\.openjfx\cache\15.0.1\api-ms-win-core-interlocked-l1-1-0.dll
0x000001bac2220000 - 0x000001bac2223000 	C:\Users\相忮\.openjfx\cache\15.0.1\api-ms-win-core-libraryloader-l1-1-0.dll
0x000001bac2230000 - 0x000001bac2233000 	C:\Users\相忮\.openjfx\cache\15.0.1\api-ms-win-core-localization-l1-2-0.dll
0x000001bac2240000 - 0x000001bac2243000 	C:\Users\相忮\.openjfx\cache\15.0.1\api-ms-win-core-memory-l1-1-0.dll
0x000001bac2250000 - 0x000001bac2253000 	C:\Users\相忮\.openjfx\cache\15.0.1\api-ms-win-core-namedpipe-l1-1-0.dll
0x000001bac1ed0000 - 0x000001bac1ed3000 	C:\Users\相忮\.openjfx\cache\15.0.1\api-ms-win-core-processenvironment-l1-1-0.dll
0x000001bac1ee0000 - 0x000001bac1ee3000 	C:\Users\相忮\.openjfx\cache\15.0.1\api-ms-win-core-processthreads-l1-1-0.dll
0x000001bac1ef0000 - 0x000001bac1ef3000 	C:\Users\相忮\.openjfx\cache\15.0.1\api-ms-win-core-processthreads-l1-1-1.dll
0x000001bac1f00000 - 0x000001bac1f03000 	C:\Users\相忮\.openjfx\cache\15.0.1\api-ms-win-core-profile-l1-1-0.dll
0x000001bac1f10000 - 0x000001bac1f13000 	C:\Users\相忮\.openjfx\cache\15.0.1\api-ms-win-core-rtlsupport-l1-1-0.dll
0x000001bac1f20000 - 0x000001bac1f23000 	C:\Users\相忮\.openjfx\cache\15.0.1\api-ms-win-core-string-l1-1-0.dll
0x000001bac1f30000 - 0x000001bac1f33000 	C:\Users\相忮\.openjfx\cache\15.0.1\api-ms-win-core-synch-l1-1-0.dll
0x000001bac1f40000 - 0x000001bac1f43000 	C:\Users\相忮\.openjfx\cache\15.0.1\api-ms-win-core-synch-l1-2-0.dll
0x000001bac1f50000 - 0x000001bac1f53000 	C:\Users\相忮\.openjfx\cache\15.0.1\api-ms-win-core-sysinfo-l1-1-0.dll
0x000001bac1f60000 - 0x000001bac1f63000 	C:\Users\相忮\.openjfx\cache\15.0.1\api-ms-win-core-timezone-l1-1-0.dll
0x000001bac1f70000 - 0x000001bac1f73000 	C:\Users\相忮\.openjfx\cache\15.0.1\api-ms-win-core-util-l1-1-0.dll
0x000001bac1f80000 - 0x000001bac1f83000 	C:\Users\相忮\.openjfx\cache\15.0.1\api-ms-win-crt-conio-l1-1-0.dll
0x000001bac1f90000 - 0x000001bac1f94000 	C:\Users\相忮\.openjfx\cache\15.0.1\api-ms-win-crt-convert-l1-1-0.dll
0x000001bac1fa0000 - 0x000001bac1fa3000 	C:\Users\相忮\.openjfx\cache\15.0.1\api-ms-win-crt-environment-l1-1-0.dll
0x000001bac1fb0000 - 0x000001bac1fb3000 	C:\Users\相忮\.openjfx\cache\15.0.1\api-ms-win-crt-filesystem-l1-1-0.dll
0x000001bac1fc0000 - 0x000001bac1fc3000 	C:\Users\相忮\.openjfx\cache\15.0.1\api-ms-win-crt-heap-l1-1-0.dll
0x000001bac1fd0000 - 0x000001bac1fd3000 	C:\Users\相忮\.openjfx\cache\15.0.1\api-ms-win-crt-locale-l1-1-0.dll
0x000001bac2260000 - 0x000001bac2265000 	C:\Users\相忮\.openjfx\cache\15.0.1\api-ms-win-crt-math-l1-1-0.dll
0x000001bac2270000 - 0x000001bac2275000 	C:\Users\相忮\.openjfx\cache\15.0.1\api-ms-win-crt-multibyte-l1-1-0.dll
0x000001bac2280000 - 0x000001bac2290000 	C:\Users\相忮\.openjfx\cache\15.0.1\api-ms-win-crt-private-l1-1-0.dll
0x000001bac2290000 - 0x000001bac2293000 	C:\Users\相忮\.openjfx\cache\15.0.1\api-ms-win-crt-process-l1-1-0.dll
0x000001bac22a0000 - 0x000001bac22a4000 	C:\Users\相忮\.openjfx\cache\15.0.1\api-ms-win-crt-runtime-l1-1-0.dll
0x000001bac22b0000 - 0x000001bac22b4000 	C:\Users\相忮\.openjfx\cache\15.0.1\api-ms-win-crt-stdio-l1-1-0.dll
0x000001bac22c0000 - 0x000001bac22c4000 	C:\Users\相忮\.openjfx\cache\15.0.1\api-ms-win-crt-string-l1-1-0.dll
0x000001bac22d0000 - 0x000001bac22d3000 	C:\Users\相忮\.openjfx\cache\15.0.1\api-ms-win-crt-time-l1-1-0.dll
0x000001bac22e0000 - 0x000001bac22e3000 	C:\Users\相忮\.openjfx\cache\15.0.1\api-ms-win-crt-utility-l1-1-0.dll
0x00007ffad4a20000 - 0x00007ffad4b1c000 	C:\Users\相忮\.openjfx\cache\15.0.1\ucrtbase.dll
0x00007ffae8880000 - 0x00007ffae8895000 	C:\Users\相忮\.openjfx\cache\15.0.1\vcruntime140.dll
0x00007ffae8710000 - 0x00007ffae87ab000 	C:\Users\相忮\.openjfx\cache\15.0.1\msvcp140.dll
0x00007ffae8590000 - 0x00007ffae85b3000 	C:\Users\相忮\.openjfx\cache\15.0.1\prism_d3d.dll
0x00007ffabc940000 - 0x00007ffabcade000 	C:\Windows\system32\d3d9.dll
0x00007ffaedfc0000 - 0x00007ffaedfee000 	C:\Windows\SYSTEM32\dwmapi.dll
0x00007ffaf0a30000 - 0x00007ffaf0c25000 	C:\Windows\System32\CRYPT32.dll
0x00007ffaefcb0000 - 0x00007ffaefcc2000 	C:\Windows\System32\MSASN1.dll
0x00007ffaedee0000 - 0x00007ffaedf7c000 	C:\Windows\system32\uxtheme.dll
0x00007ffae9f60000 - 0x00007ffaea13d000 	C:\Windows\System32\DriverStore\FileRepository\u0346830.inf_amd64_35731e557194973d\B345901\aticfx64.dll
0x00007ffae0ad0000 - 0x00007ffae0b00000 	C:\Windows\System32\DriverStore\FileRepository\u0346830.inf_amd64_35731e557194973d\B345901\atiu9p64.dll
0x00007ffa98ec0000 - 0x00007ffa99b8e000 	C:\Windows\System32\DriverStore\FileRepository\u0346830.inf_amd64_35731e557194973d\B345901\atiumd64.dll
0x00007ffaf1790000 - 0x00007ffaf18e6000 	C:\Windows\System32\ole32.dll
0x00000000583f0000 - 0x0000000059184000 	C:\Windows\System32\DriverStore\FileRepository\u0346830.inf_amd64_35731e557194973d\B345901\atiumd6a.dll
0x00007ffae7f70000 - 0x00007ffae7fb5000 	C:\Users\相忮\.openjfx\cache\15.0.1\glass.dll
0x00007ffaf1a20000 - 0x00007ffaf1b47000 	C:\Windows\System32\COMDLG32.dll
0x00007ffaf1390000 - 0x00007ffaf1454000 	C:\Windows\System32\OLEAUT32.dll
0x00007ffaf0fd0000 - 0x00007ffaf113b000 	C:\Windows\System32\MSCTF.dll
0x00007ffae86f0000 - 0x00007ffae8704000 	C:\Users\相忮\.openjfx\cache\15.0.1\javafx_font.dll

dbghelp: loaded successfully - version: 4.0.5 - missing functions: none
symbol engine: initialized successfully - sym options: 0x614 - pdb path: .;C:\proj\jdk-15.0.2\bin;C:\Windows\SYSTEM32;C:\Windows\WinSxS\amd64_microsoft.windows.common-controls_6595b64144ccf1df_6.0.17763.2366_none_de735d0053496d5d;C:\proj\jdk-15.0.2\bin\server;C:\Program Files\JetBrains\IntelliJ IDEA Community Edition 2021.1\bin;C:\Users\相忮\.openjfx\cache\15.0.1;C:\Windows\System32\DriverStore\FileRepository\u0346830.inf_amd64_35731e557194973d\B345901

VM Arguments:
jvm_args: -javaagent:C:\Program Files\JetBrains\IntelliJ IDEA Community Edition 2021.1\lib\idea_rt.jar=65380:C:\Program Files\JetBrains\IntelliJ IDEA Community Edition 2021.1\bin -Dfile.encoding=UTF-8 --module-path=C:\Users\相忮\.m2\repository\org\openjfx\javafx-graphics\15.0.1\javafx-graphics-15.0.1-win.jar;C:\Users\相忮\.m2\repository\org\openjfx\javafx-controls\15.0.1\javafx-controls-15.0.1-win.jar;C:\Users\相忮\IdeaProjects\fileMeneger_V2\target\classes;C:\Users\相忮\.m2\repository\org\openjfx\javafx-base\15.0.1\javafx-base-15.0.1-win.jar;C:\Users\相忮\.m2\repository\org\openjfx\javafx-fxml\15.0.1\javafx-fxml-15.0.1-win.jar -Djdk.module.main=com.example.filemeneger_v2 
java_command: com.example.filemeneger_v2/com.example.filemeneger_v2.HelloApplication
java_class_path (initial): C:\Users\相忮\.m2\repository\org\openjfx\javafx-controls\15.0.1\javafx-controls-15.0.1.jar;C:\Users\相忮\.m2\repository\org\openjfx\javafx-graphics\15.0.1\javafx-graphics-15.0.1.jar;C:\Users\相忮\.m2\repository\org\openjfx\javafx-base\15.0.1\javafx-base-15.0.1.jar;C:\Users\相忮\.m2\repository\org\openjfx\javafx-fxml\15.0.1\javafx-fxml-15.0.1.jar
Launcher Type: SUN_STANDARD

[Global flags]
     intx CICompilerCount                          = 4                                         {product} {ergonomic}
     uint ConcGCThreads                            = 2                                         {product} {ergonomic}
     uint G1ConcRefinementThreads                  = 8                                         {product} {ergonomic}
   size_t G1HeapRegionSize                         = 2097152                                   {product} {ergonomic}
    uintx GCDrainStackTargetSize                   = 64                                        {product} {ergonomic}
   size_t InitialHeapSize                          = 167772160                                 {product} {ergonomic}
   size_t MarkStackSize                            = 4194304                                   {product} {ergonomic}
   size_t MaxHeapSize                              = 2667577344                                {product} {ergonomic}
   size_t MaxNewSize                               = 1600126976                                {product} {ergonomic}
   size_t MinHeapDeltaBytes                        = 2097152                                   {product} {ergonomic}
   size_t MinHeapSize                              = 8388608                                   {product} {ergonomic}
    uintx NonNMethodCodeHeapSize                   = 5839372                                {pd product} {ergonomic}
    uintx NonProfiledCodeHeapSize                  = 122909434                              {pd product} {ergonomic}
    uintx ProfiledCodeHeapSize                     = 122909434                              {pd product} {ergonomic}
    uintx ReservedCodeCacheSize                    = 251658240                              {pd product} {ergonomic}
     bool SegmentedCodeCache                       = true                                      {product} {ergonomic}
   size_t SoftMaxHeapSize                          = 2667577344                             {manageable} {ergonomic}
     bool UseCompressedClassPointers               = true                                 {lp64_product} {ergonomic}
     bool UseCompressedOops                        = true                                 {lp64_product} {ergonomic}
     bool UseG1GC                                  = true                                      {product} {ergonomic}
     bool UseLargePagesIndividualAllocation        = false                                  {pd product} {ergonomic}

Logging:
Log output configuration:
 #0: stdout all=warning uptime,level,tags
 #1: stderr all=off uptime,level,tags

Environment Variables:
JAVA_HOME=C:\proj\jdk-15.0.2
PATH=C:\Program Files (x86)\NVIDIA Corporation\PhysX\Common;C:\Program Files (x86)\Common Files\Oracle\Java\javapath;C:\Windows\system32;C:\Windows;C:\Windows\System32\Wbem;C:\Windows\System32\WindowsPowerShell\v1.0\;C:\Windows\System32\OpenSSH\;C:\Program Files (x86)\Windows Kits\8.1\Windows Performance Toolkit\;C:\Program Files\Git\cmd;C:\proj\jdk-15.0.2\bin;C:\Program Files\PuTTY\;C:\Program Files\MySQL\MySQL Shell 8.0\bin\;C:\Users\相忮\AppData\Local\Microsoft\WindowsApps;C:\Users\相忮\AppData\Local\Programs\Microsoft VS Code\bin;
USERNAME=相忮
OS=Windows_NT
PROCESSOR_IDENTIFIER=AMD64 Family 23 Model 24 Stepping 1, AuthenticAMD



---------------  S Y S T E M  ---------------

OS:
 Windows 10 , 64 bit Build 17763 (10.0.17763.2300)
OS uptime: 13 days 3:58 hours

CPU: total 8 (initial active 8) (8 cores per cpu, 2 threads per core) family 23 model 24 stepping 1 microcode 0x0, cmov, cx8, fxsr, mmx, sse, sse2, sse3, ssse3, sse4.1, sse4.2, popcnt, vzeroupper, avx, avx2, aes, clmul, 3dnowpref, lzcnt, sse4a, ht, tsc, tscinvbit, tscinv, bmi1, bmi2, adx, sha, fma, clflush, clflushopt

Memory: 4k page, system-wide physical 10170M (2659M free)
TotalPageFile size 12218M (AvailPageFile size 5M)
current process WorkingSet (physical memory assigned to process): 113M, peak: 113M
current process commit charge ("private bytes"): 304M, peak: 304M

vm_info: OpenJDK 64-Bit Server VM (15.0.2+7-27) for windows-amd64 JRE (15.0.2+7-27), built on Dec  7 2020 20:02:38 by "mach5one" with unknown MS VC++:1925

END.
