#
# There is insufficient memory for the Java Runtime Environment to continue.
# Native memory allocation (malloc) failed to allocate 134576 bytes for Chunk::new
# Possible reasons:
#   The system is out of physical RAM or swap space
#   The process is running with CompressedOops enabled, and the Java Heap may be blocking the growth of the native heap
# Possible solutions:
#   Reduce memory load on the system
#   Increase physical memory or swap space
#   Check if swap backing store is full
#   Decrease Java heap size (-Xmx/-Xms)
#   Decrease number of Java threads
#   Decrease Java thread stack sizes (-Xss)
#   Set larger code cache with -XX:ReservedCodeCacheSize=
#   JVM is running with Zero Based Compressed Oops mode in which the Java heap is
#     placed in the first 32GB address space. The Java Heap base address is the
#     maximum limit for the native heap growth. Please use -XX:HeapBaseMinAddress
#     to set the Java Heap base and to place the Java Heap above 32GB virtual address.
# This output file may be truncated or incomplete.
#
#  Out of Memory Error (./open/src/hotspot/share/memory/arena.cpp:195), pid=8764, tid=22480
#
# JRE version: OpenJDK Runtime Environment (15.0.2+7) (build 15.0.2+7-27)
# Java VM: OpenJDK 64-Bit Server VM (15.0.2+7-27, mixed mode, sharing, tiered, compressed oops, g1 gc, windows-amd64)
# No core dump will be written. Minidumps are not enabled by default on client versions of Windows
#

---------------  S U M M A R Y ------------

Command Line: -javaagent:C:\Program Files\JetBrains\IntelliJ IDEA Community Edition 2021.1\lib\idea_rt.jar=51200:C:\Program Files\JetBrains\IntelliJ IDEA Community Edition 2021.1\bin -Dfile.encoding=UTF-8 --module-path=C:\Users\Павел\.m2\repository\org\openjfx\javafx-fxml\15.0.1\javafx-fxml-15.0.1-win.jar;C:\Users\Павел\.m2\repository\org\openjfx\javafx-graphics\15.0.1\javafx-graphics-15.0.1-win.jar;C:\Users\Павел\.m2\repository\org\openjfx\javafx-base\15.0.1\javafx-base-15.0.1-win.jar;C:\Users\Павел\.m2\repository\org\openjfx\javafx-controls\15.0.1\javafx-controls-15.0.1-win.jar;C:\Users\Павел\IdeaProjects\fileMeneger_V2\target\classes -Djdk.module.main=com.example.filemeneger_v2 com.example.filemeneger_v2/com.example.filemeneger_v2.HelloApplication

Host: AMD Ryzen 5 3500U with Radeon Vega Mobile Gfx  , 8 cores, 9G,  Windows 10 , 64 bit Build 17763 (10.0.17763.2300)
Time: Mon Dec  5 18:12:15 2022 RTZ 2 (ceia) elapsed time: 0.657193 seconds (0d 0h 0m 0s)

---------------  T H R E A D  ---------------

Current thread (0x0000022b7792d080):  JavaThread "C2 CompilerThread1" daemon [_thread_in_native, id=22480, stack(0x000000c5d4b00000,0x000000c5d4c00000)]


Current CompileTask:
C2:    657  812       4       java.lang.StringBuilder::append (8 bytes)

Stack: [0x000000c5d4b00000,0x000000c5d4c00000]
Native frames: (J=compiled Java code, j=interpreted, Vv=VM code, C=native code)
V  [jvm.dll+0x62ae9a]
V  [jvm.dll+0x7817a9]
V  [jvm.dll+0x782f03]
V  [jvm.dll+0x783563]
V  [jvm.dll+0x216325]
V  [jvm.dll+0x97f3a]
V  [jvm.dll+0x9861c]
V  [jvm.dll+0x32e2a8]
V  [jvm.dll+0x2f768a]
V  [jvm.dll+0x2f6a4a]
V  [jvm.dll+0x1ea705]
V  [jvm.dll+0x1e996e]
V  [jvm.dll+0x178567]
V  [jvm.dll+0x1f9225]
V  [jvm.dll+0x1f72cc]
V  [jvm.dll+0x74495d]
V  [jvm.dll+0x73d75a]
V  [jvm.dll+0x629c56]
C  [ucrtbase.dll+0x2268a]
C  [KERNEL32.DLL+0x17974]
C  [ntdll.dll+0x5a2f1]


---------------  P R O C E S S  ---------------

Threads class SMR info:
_java_thread_list=0x0000022b792deaa0, length=17, elements={
0x0000022b55075f00, 0x0000022b76e00480, 0x0000022b76e01470, 0x0000022b76e19c20,
0x0000022b76e1c5f0, 0x0000022b76e1d0a0, 0x0000022b76e1f780, 0x0000022b76e231d0,
0x0000022b76e244d0, 0x0000022b7782f5a0, 0x0000022b7792d080, 0x0000022b7793a170,
0x0000022b783ede40, 0x0000022b783ecaf0, 0x0000022b78169310, 0x0000022b781697e0,
0x0000022b78167160
}

Java Threads: ( => current thread )
  0x0000022b55075f00 JavaThread "main" [_thread_blocked, id=15140, stack(0x000000c5d3b00000,0x000000c5d3c00000)]
  0x0000022b76e00480 JavaThread "Reference Handler" daemon [_thread_blocked, id=6000, stack(0x000000c5d4200000,0x000000c5d4300000)]
  0x0000022b76e01470 JavaThread "Finalizer" daemon [_thread_blocked, id=15616, stack(0x000000c5d4300000,0x000000c5d4400000)]
  0x0000022b76e19c20 JavaThread "Signal Dispatcher" daemon [_thread_blocked, id=22420, stack(0x000000c5d4400000,0x000000c5d4500000)]
  0x0000022b76e1c5f0 JavaThread "Attach Listener" daemon [_thread_blocked, id=10848, stack(0x000000c5d4500000,0x000000c5d4600000)]
  0x0000022b76e1d0a0 JavaThread "Service Thread" daemon [_thread_blocked, id=21112, stack(0x000000c5d4600000,0x000000c5d4700000)]
  0x0000022b76e1f780 JavaThread "C2 CompilerThread0" daemon [_thread_blocked, id=17256, stack(0x000000c5d4700000,0x000000c5d4800000)]
  0x0000022b76e231d0 JavaThread "C1 CompilerThread0" daemon [_thread_blocked, id=1080, stack(0x000000c5d4800000,0x000000c5d4900000)]
  0x0000022b76e244d0 JavaThread "Sweeper thread" daemon [_thread_blocked, id=12856, stack(0x000000c5d4900000,0x000000c5d4a00000)]
  0x0000022b7782f5a0 JavaThread "Common-Cleaner" daemon [_thread_blocked, id=20144, stack(0x000000c5d4a00000,0x000000c5d4b00000)]
=>0x0000022b7792d080 JavaThread "C2 CompilerThread1" daemon [_thread_in_native, id=22480, stack(0x000000c5d4b00000,0x000000c5d4c00000)]
  0x0000022b7793a170 JavaThread "C2 CompilerThread2" daemon [_thread_in_native, id=2736, stack(0x000000c5d4c00000,0x000000c5d4d00000)]
  0x0000022b783ede40 JavaThread "Monitor Ctrl-Break" daemon [_thread_in_native, id=21520, stack(0x000000c5d4d00000,0x000000c5d4e00000)]
  0x0000022b783ecaf0 JavaThread "Notification Thread" daemon [_thread_blocked, id=20392, stack(0x000000c5d4e00000,0x000000c5d4f00000)]
  0x0000022b78169310 JavaThread "QuantumRenderer-0" daemon [_thread_blocked, id=21372, stack(0x000000c5d5000000,0x000000c5d5100000)]
  0x0000022b781697e0 JavaThread "InvokeLaterDispatcher" daemon [_thread_blocked, id=4668, stack(0x000000c5d5300000,0x000000c5d5400000)]
  0x0000022b78167160 JavaThread "JavaFX Application Thread" [_thread_in_Java, id=21060, stack(0x000000c5d5400000,0x000000c5d5500000)]

Other Threads:
  0x0000022b76dfa7c0 VMThread "VM Thread" [stack: 0x000000c5d4100000,0x000000c5d4200000] [id=11688]
  0x0000022b784802a0 WatcherThread [stack: 0x000000c5d4f00000,0x000000c5d5000000] [id=11140]
  0x0000022b550b1670 GCTaskThread "GC Thread#0" [stack: 0x000000c5d3c00000,0x000000c5d3d00000] [id=3328]
  0x0000022b550bc6c0 ConcurrentGCThread "G1 Main Marker" [stack: 0x000000c5d3d00000,0x000000c5d3e00000] [id=17396]
  0x0000022b550bfe90 ConcurrentGCThread "G1 Conc#0" [stack: 0x000000c5d3e00000,0x000000c5d3f00000] [id=21244]
  0x0000022b55131840 ConcurrentGCThread "G1 Refine#0" [stack: 0x000000c5d3f00000,0x000000c5d4000000] [id=20604]
  0x0000022b55132440 ConcurrentGCThread "G1 Young RemSet Sampling" [stack: 0x000000c5d4000000,0x000000c5d4100000] [id=22068]

Threads with active compile tasks:
C1 CompilerThread0      676  834       3       java.nio.ByteBuffer::limit (6 bytes)
C2 CompilerThread1      676  812       4       java.lang.StringBuilder::append (8 bytes)
C2 CompilerThread2      676  831       4       java.lang.StringUTF16::compress (59 bytes)

VM state: not at safepoint (normal execution)

VM Mutex/Monitor currently owned by a thread: None

Heap address: 0x0000000761000000, size: 2544 MB, Compressed Oops mode: Zero based, Oop shift amount: 3
CDS archive(s) mapped at: [0x0000000800000000-0x0000000800b50000-0x0000000800b50000), size 11862016, SharedBaseAddress: 0x0000000800000000, ArchiveRelocationMode: 0.
Compressed class space mapped at: 0x0000000800b50000-0x0000000840b50000, size: 1073741824
Narrow klass base: 0x0000000800000000, Narrow klass shift: 3, Narrow klass range: 0x100000000

GC Precious Log:
 CPUs: 8 total, 8 available
 Memory: 10170M
 Large Page Support: Disabled
 NUMA Support: Disabled
 Compressed Oops: Enabled (Zero based)
 Heap Region Size: 2M
 Heap Min Capacity: 8M
 Heap Initial Capacity: 160M
 Heap Max Capacity: 2544M
 Pre-touch: Disabled
 Parallel Workers: 8
 Concurrent Workers: 2
 Concurrent Refinement Workers: 8
 Periodic GC: Disabled

Heap:
 garbage-first heap   total 163840K, used 16384K [0x0000000761000000, 0x0000000800000000)
  region size 2048K, 9 young (18432K), 0 survivors (0K)
 Metaspace       used 4156K, capacity 6479K, committed 6656K, reserved 1056768K
  class space    used 451K, capacity 663K, committed 768K, reserved 1048576K

Heap Regions: E=young(eden), S=young(survivor), O=old, HS=humongous(starts), HC=humongous(continues), CS=collection set, F=free, OA=open archive, CA=closed archive, TAMS=top-at-mark-start (previous, next)
|   0|0x0000000761000000, 0x0000000761000000, 0x0000000761200000|  0%| F|  |TAMS 0x0000000761000000, 0x0000000761000000| Untracked 
|   1|0x0000000761200000, 0x0000000761200000, 0x0000000761400000|  0%| F|  |TAMS 0x0000000761200000, 0x0000000761200000| Untracked 
|   2|0x0000000761400000, 0x0000000761400000, 0x0000000761600000|  0%| F|  |TAMS 0x0000000761400000, 0x0000000761400000| Untracked 
|   3|0x0000000761600000, 0x0000000761600000, 0x0000000761800000|  0%| F|  |TAMS 0x0000000761600000, 0x0000000761600000| Untracked 
|   4|0x0000000761800000, 0x0000000761800000, 0x0000000761a00000|  0%| F|  |TAMS 0x0000000761800000, 0x0000000761800000| Untracked 
|   5|0x0000000761a00000, 0x0000000761a00000, 0x0000000761c00000|  0%| F|  |TAMS 0x0000000761a00000, 0x0000000761a00000| Untracked 
|   6|0x0000000761c00000, 0x0000000761c00000, 0x0000000761e00000|  0%| F|  |TAMS 0x0000000761c00000, 0x0000000761c00000| Untracked 
|   7|0x0000000761e00000, 0x0000000761e00000, 0x0000000762000000|  0%| F|  |TAMS 0x0000000761e00000, 0x0000000761e00000| Untracked 
|   8|0x0000000762000000, 0x0000000762000000, 0x0000000762200000|  0%| F|  |TAMS 0x0000000762000000, 0x0000000762000000| Untracked 
|   9|0x0000000762200000, 0x0000000762200000, 0x0000000762400000|  0%| F|  |TAMS 0x0000000762200000, 0x0000000762200000| Untracked 
|  10|0x0000000762400000, 0x0000000762400000, 0x0000000762600000|  0%| F|  |TAMS 0x0000000762400000, 0x0000000762400000| Untracked 
|  11|0x0000000762600000, 0x0000000762600000, 0x0000000762800000|  0%| F|  |TAMS 0x0000000762600000, 0x0000000762600000| Untracked 
|  12|0x0000000762800000, 0x0000000762800000, 0x0000000762a00000|  0%| F|  |TAMS 0x0000000762800000, 0x0000000762800000| Untracked 
|  13|0x0000000762a00000, 0x0000000762a00000, 0x0000000762c00000|  0%| F|  |TAMS 0x0000000762a00000, 0x0000000762a00000| Untracked 
|  14|0x0000000762c00000, 0x0000000762c00000, 0x0000000762e00000|  0%| F|  |TAMS 0x0000000762c00000, 0x0000000762c00000| Untracked 
|  15|0x0000000762e00000, 0x0000000762e00000, 0x0000000763000000|  0%| F|  |TAMS 0x0000000762e00000, 0x0000000762e00000| Untracked 
|  16|0x0000000763000000, 0x0000000763000000, 0x0000000763200000|  0%| F|  |TAMS 0x0000000763000000, 0x0000000763000000| Untracked 
|  17|0x0000000763200000, 0x0000000763200000, 0x0000000763400000|  0%| F|  |TAMS 0x0000000763200000, 0x0000000763200000| Untracked 
|  18|0x0000000763400000, 0x0000000763400000, 0x0000000763600000|  0%| F|  |TAMS 0x0000000763400000, 0x0000000763400000| Untracked 
|  19|0x0000000763600000, 0x0000000763600000, 0x0000000763800000|  0%| F|  |TAMS 0x0000000763600000, 0x0000000763600000| Untracked 
|  20|0x0000000763800000, 0x0000000763800000, 0x0000000763a00000|  0%| F|  |TAMS 0x0000000763800000, 0x0000000763800000| Untracked 
|  21|0x0000000763a00000, 0x0000000763a00000, 0x0000000763c00000|  0%| F|  |TAMS 0x0000000763a00000, 0x0000000763a00000| Untracked 
|  22|0x0000000763c00000, 0x0000000763c00000, 0x0000000763e00000|  0%| F|  |TAMS 0x0000000763c00000, 0x0000000763c00000| Untracked 
|  23|0x0000000763e00000, 0x0000000763e00000, 0x0000000764000000|  0%| F|  |TAMS 0x0000000763e00000, 0x0000000763e00000| Untracked 
|  24|0x0000000764000000, 0x0000000764000000, 0x0000000764200000|  0%| F|  |TAMS 0x0000000764000000, 0x0000000764000000| Untracked 
|  25|0x0000000764200000, 0x0000000764200000, 0x0000000764400000|  0%| F|  |TAMS 0x0000000764200000, 0x0000000764200000| Untracked 
|  26|0x0000000764400000, 0x0000000764400000, 0x0000000764600000|  0%| F|  |TAMS 0x0000000764400000, 0x0000000764400000| Untracked 
|  27|0x0000000764600000, 0x0000000764600000, 0x0000000764800000|  0%| F|  |TAMS 0x0000000764600000, 0x0000000764600000| Untracked 
|  28|0x0000000764800000, 0x0000000764800000, 0x0000000764a00000|  0%| F|  |TAMS 0x0000000764800000, 0x0000000764800000| Untracked 
|  29|0x0000000764a00000, 0x0000000764a00000, 0x0000000764c00000|  0%| F|  |TAMS 0x0000000764a00000, 0x0000000764a00000| Untracked 
|  30|0x0000000764c00000, 0x0000000764c00000, 0x0000000764e00000|  0%| F|  |TAMS 0x0000000764c00000, 0x0000000764c00000| Untracked 
|  31|0x0000000764e00000, 0x0000000764e00000, 0x0000000765000000|  0%| F|  |TAMS 0x0000000764e00000, 0x0000000764e00000| Untracked 
|  32|0x0000000765000000, 0x0000000765000000, 0x0000000765200000|  0%| F|  |TAMS 0x0000000765000000, 0x0000000765000000| Untracked 
|  33|0x0000000765200000, 0x0000000765200000, 0x0000000765400000|  0%| F|  |TAMS 0x0000000765200000, 0x0000000765200000| Untracked 
|  34|0x0000000765400000, 0x0000000765400000, 0x0000000765600000|  0%| F|  |TAMS 0x0000000765400000, 0x0000000765400000| Untracked 
|  35|0x0000000765600000, 0x0000000765600000, 0x0000000765800000|  0%| F|  |TAMS 0x0000000765600000, 0x0000000765600000| Untracked 
|  36|0x0000000765800000, 0x0000000765800000, 0x0000000765a00000|  0%| F|  |TAMS 0x0000000765800000, 0x0000000765800000| Untracked 
|  37|0x0000000765a00000, 0x0000000765a00000, 0x0000000765c00000|  0%| F|  |TAMS 0x0000000765a00000, 0x0000000765a00000| Untracked 
|  38|0x0000000765c00000, 0x0000000765c00000, 0x0000000765e00000|  0%| F|  |TAMS 0x0000000765c00000, 0x0000000765c00000| Untracked 
|  39|0x0000000765e00000, 0x0000000765e00000, 0x0000000766000000|  0%| F|  |TAMS 0x0000000765e00000, 0x0000000765e00000| Untracked 
|  40|0x0000000766000000, 0x0000000766000000, 0x0000000766200000|  0%| F|  |TAMS 0x0000000766000000, 0x0000000766000000| Untracked 
|  41|0x0000000766200000, 0x0000000766200000, 0x0000000766400000|  0%| F|  |TAMS 0x0000000766200000, 0x0000000766200000| Untracked 
|  42|0x0000000766400000, 0x0000000766400000, 0x0000000766600000|  0%| F|  |TAMS 0x0000000766400000, 0x0000000766400000| Untracked 
|  43|0x0000000766600000, 0x0000000766600000, 0x0000000766800000|  0%| F|  |TAMS 0x0000000766600000, 0x0000000766600000| Untracked 
|  44|0x0000000766800000, 0x0000000766800000, 0x0000000766a00000|  0%| F|  |TAMS 0x0000000766800000, 0x0000000766800000| Untracked 
|  45|0x0000000766a00000, 0x0000000766a00000, 0x0000000766c00000|  0%| F|  |TAMS 0x0000000766a00000, 0x0000000766a00000| Untracked 
|  46|0x0000000766c00000, 0x0000000766c00000, 0x0000000766e00000|  0%| F|  |TAMS 0x0000000766c00000, 0x0000000766c00000| Untracked 
|  47|0x0000000766e00000, 0x0000000766e00000, 0x0000000767000000|  0%| F|  |TAMS 0x0000000766e00000, 0x0000000766e00000| Untracked 
|  48|0x0000000767000000, 0x0000000767000000, 0x0000000767200000|  0%| F|  |TAMS 0x0000000767000000, 0x0000000767000000| Untracked 
|  49|0x0000000767200000, 0x0000000767200000, 0x0000000767400000|  0%| F|  |TAMS 0x0000000767200000, 0x0000000767200000| Untracked 
|  50|0x0000000767400000, 0x0000000767400000, 0x0000000767600000|  0%| F|  |TAMS 0x0000000767400000, 0x0000000767400000| Untracked 
|  51|0x0000000767600000, 0x0000000767600000, 0x0000000767800000|  0%| F|  |TAMS 0x0000000767600000, 0x0000000767600000| Untracked 
|  52|0x0000000767800000, 0x0000000767800000, 0x0000000767a00000|  0%| F|  |TAMS 0x0000000767800000, 0x0000000767800000| Untracked 
|  53|0x0000000767a00000, 0x0000000767a00000, 0x0000000767c00000|  0%| F|  |TAMS 0x0000000767a00000, 0x0000000767a00000| Untracked 
|  54|0x0000000767c00000, 0x0000000767c00000, 0x0000000767e00000|  0%| F|  |TAMS 0x0000000767c00000, 0x0000000767c00000| Untracked 
|  55|0x0000000767e00000, 0x0000000767e00000, 0x0000000768000000|  0%| F|  |TAMS 0x0000000767e00000, 0x0000000767e00000| Untracked 
|  56|0x0000000768000000, 0x0000000768000000, 0x0000000768200000|  0%| F|  |TAMS 0x0000000768000000, 0x0000000768000000| Untracked 
|  57|0x0000000768200000, 0x0000000768200000, 0x0000000768400000|  0%| F|  |TAMS 0x0000000768200000, 0x0000000768200000| Untracked 
|  58|0x0000000768400000, 0x0000000768400000, 0x0000000768600000|  0%| F|  |TAMS 0x0000000768400000, 0x0000000768400000| Untracked 
|  59|0x0000000768600000, 0x0000000768600000, 0x0000000768800000|  0%| F|  |TAMS 0x0000000768600000, 0x0000000768600000| Untracked 
|  60|0x0000000768800000, 0x0000000768800000, 0x0000000768a00000|  0%| F|  |TAMS 0x0000000768800000, 0x0000000768800000| Untracked 
|  61|0x0000000768a00000, 0x0000000768a00000, 0x0000000768c00000|  0%| F|  |TAMS 0x0000000768a00000, 0x0000000768a00000| Untracked 
|  62|0x0000000768c00000, 0x0000000768c00000, 0x0000000768e00000|  0%| F|  |TAMS 0x0000000768c00000, 0x0000000768c00000| Untracked 
|  63|0x0000000768e00000, 0x0000000768e00000, 0x0000000769000000|  0%| F|  |TAMS 0x0000000768e00000, 0x0000000768e00000| Untracked 
|  64|0x0000000769000000, 0x0000000769000000, 0x0000000769200000|  0%| F|  |TAMS 0x0000000769000000, 0x0000000769000000| Untracked 
|  65|0x0000000769200000, 0x0000000769200000, 0x0000000769400000|  0%| F|  |TAMS 0x0000000769200000, 0x0000000769200000| Untracked 
|  66|0x0000000769400000, 0x0000000769400000, 0x0000000769600000|  0%| F|  |TAMS 0x0000000769400000, 0x0000000769400000| Untracked 
|  67|0x0000000769600000, 0x0000000769600000, 0x0000000769800000|  0%| F|  |TAMS 0x0000000769600000, 0x0000000769600000| Untracked 
|  68|0x0000000769800000, 0x0000000769800000, 0x0000000769a00000|  0%| F|  |TAMS 0x0000000769800000, 0x0000000769800000| Untracked 
|  69|0x0000000769a00000, 0x0000000769a00000, 0x0000000769c00000|  0%| F|  |TAMS 0x0000000769a00000, 0x0000000769a00000| Untracked 
|  70|0x0000000769c00000, 0x0000000769c00000, 0x0000000769e00000|  0%| F|  |TAMS 0x0000000769c00000, 0x0000000769c00000| Untracked 
|  71|0x0000000769e00000, 0x0000000769fc9a90, 0x000000076a000000| 89%| E|  |TAMS 0x0000000769e00000, 0x0000000769e00000| Complete 
|  72|0x000000076a000000, 0x000000076a200000, 0x000000076a200000|100%| E|CS|TAMS 0x000000076a000000, 0x000000076a000000| Complete 
|  73|0x000000076a200000, 0x000000076a400000, 0x000000076a400000|100%| E|CS|TAMS 0x000000076a200000, 0x000000076a200000| Complete 
|  74|0x000000076a400000, 0x000000076a600000, 0x000000076a600000|100%| E|CS|TAMS 0x000000076a400000, 0x000000076a400000| Complete 
|  75|0x000000076a600000, 0x000000076a800000, 0x000000076a800000|100%| E|CS|TAMS 0x000000076a600000, 0x000000076a600000| Complete 
|  76|0x000000076a800000, 0x000000076aa00000, 0x000000076aa00000|100%| E|CS|TAMS 0x000000076a800000, 0x000000076a800000| Complete 
|  77|0x000000076aa00000, 0x000000076ac00000, 0x000000076ac00000|100%| E|CS|TAMS 0x000000076aa00000, 0x000000076aa00000| Complete 
|  78|0x000000076ac00000, 0x000000076ae00000, 0x000000076ae00000|100%| E|CS|TAMS 0x000000076ac00000, 0x000000076ac00000| Complete 
|  79|0x000000076ae00000, 0x000000076b000000, 0x000000076b000000|100%| E|CS|TAMS 0x000000076ae00000, 0x000000076ae00000| Complete 

Card table byte_map: [0x0000022b6ea00000,0x0000022b6ef00000] _byte_map_base: 0x0000022b6aef8000

Marking Bits (Prev, Next): (CMBitMap*) 0x0000022b550b1e60, (CMBitMap*) 0x0000022b550b1ea0
 Prev Bits: [0x0000022b6f400000, 0x0000022b71bc0000)
 Next Bits: [0x0000022b71bc0000, 0x0000022b74380000)

Polling page: 0x0000022b54de0000

Metaspace:

Usage:
  Non-class:      5.68 MB capacity,     3.65 MB ( 64%) used,     2.02 MB ( 36%) free+waste,     8.31 KB ( <1%) overhead. 
      Class:    664.00 KB capacity,   456.25 KB ( 69%) used,   204.00 KB ( 31%) free+waste,     3.75 KB ( <1%) overhead. 
       Both:      6.33 MB capacity,     4.10 MB ( 65%) used,     2.22 MB ( 35%) free+waste,    12.06 KB ( <1%) overhead. 

Virtual space:
  Non-class space:        8.00 MB reserved,       5.75 MB ( 72%) committed 
      Class space:        1.00 GB reserved,     768.00 KB ( <1%) committed 
             Both:        1.01 GB reserved,       6.50 MB ( <1%) committed 

Chunk freelists:
   Non-Class:  6.00 KB
       Class:  8.00 KB
        Both:  14.00 KB

MaxMetaspaceSize: 17179869184.00 GB
CompressedClassSpaceSize: 1.00 GB

CodeHeap 'non-profiled nmethods': size=120000Kb used=264Kb max_used=264Kb free=119735Kb
 bounds [0x0000022b66560000, 0x0000022b667d0000, 0x0000022b6da90000]
CodeHeap 'profiled nmethods': size=120000Kb used=1215Kb max_used=1215Kb free=118784Kb
 bounds [0x0000022b5f030000, 0x0000022b5f2a0000, 0x0000022b66560000]
CodeHeap 'non-nmethods': size=5760Kb used=1213Kb max_used=1227Kb free=4546Kb
 bounds [0x0000022b5ea90000, 0x0000022b5ed00000, 0x0000022b5f030000]
 total_blobs=1323 nmethods=840 adapters=396
 compilation: enabled
              stopped_count=0, restarted_count=0
 full_count=0

Compilation events (20 events):
Event: 0.612 Thread 0x0000022b76e231d0  806       3       jdk.internal.org.objectweb.asm.SymbolTable::addConstantMethodref (24 bytes)
Event: 0.612 Thread 0x0000022b76e231d0 nmethod 806 0x0000022b5f14e990 code [0x0000022b5f14eb40, 0x0000022b5f14ece8]
Event: 0.612 Thread 0x0000022b76e231d0  808       3       java.lang.reflect.Modifier::isFinal (13 bytes)
Event: 0.613 Thread 0x0000022b76e231d0 nmethod 808 0x0000022b5f14ed90 code [0x0000022b5f14ef20, 0x0000022b5f14f058]
Event: 0.615 Thread 0x0000022b76e231d0  809       3       java.util.ArrayDeque::addLast (51 bytes)
Event: 0.616 Thread 0x0000022b76e231d0 nmethod 809 0x0000022b5f14f110 code [0x0000022b5f14f2e0, 0x0000022b5f14f7b8]
Event: 0.616 Thread 0x0000022b76e231d0  810       3       jdk.internal.ref.PhantomCleanable::clean (16 bytes)
Event: 0.616 Thread 0x0000022b76e231d0 nmethod 810 0x0000022b5f14f990 code [0x0000022b5f14fb40, 0x0000022b5f14fe18]
Event: 0.616 Thread 0x0000022b76e231d0  811       3       jdk.internal.ref.CleanerImpl$PhantomCleanableRef::performCleanup (10 bytes)
Event: 0.616 Thread 0x0000022b76e231d0 nmethod 811 0x0000022b5f14ff10 code [0x0000022b5f1500c0, 0x0000022b5f150288]
Event: 0.639 Thread 0x0000022b7792d080 

Event: 0.650 Thread 0x0000022b7792d080  812       4       java.lang.StringBuilder::append (8 bytes)
Event: 0.652 Thread 0x0000022b76e231d0  813   !   3       java.util.zip.ZipFile$ZipFileInflaterInputStream::close (67 bytes)
Event: 0.652 Thread 0x0000022b76e231d0 nmethod 813 0x0000022b5f150390 code [0x0000022b5f150580, 0x0000022b5f150bb8]
Event: 0.652 Thread 0x0000022b76e231d0  814       3       java.util.zip.InflaterInputStream::close (34 bytes)
Event: 0.653 Thread 0x0000022b76e231d0 nmethod 814 0x0000022b5f150e90 code [0x0000022b5f151040, 0x0000022b5f1512f8]
Event: 0.653 Thread 0x0000022b76e231d0  815       3       java.util.zip.ZipFile$InflaterCleanupAction::run (12 bytes)
Event: 0.653 Thread 0x0000022b76e231d0 nmethod 815 0x0000022b5f151410 code [0x0000022b5f1515c0, 0x0000022b5f151728]
Event: 0.654 Thread 0x0000022b76e231d0  816   !   3       java.util.zip.Inflater::reset (64 bytes)
Event: 0.654 Thread 0x0000022b76e231d0 nmethod 816 0x0000022b5f151810 code [0x0000022b5f1519e0, 0x0000022b5f151d58]

GC Heap History (0 events):
No events

Deoptimization events (20 events):
Event: 0.304 Thread 0x0000022b55075f00 DEOPT PACKING pc=0x0000022b665896dc sp=0x000000c5d3bfca70
Event: 0.304 Thread 0x0000022b55075f00 DEOPT UNPACKING pc=0x0000022b5eade42f sp=0x000000c5d3bfc9f0 mode 2
Event: 0.304 Thread 0x0000022b55075f00 Uncommon trap: trap_request=0xffffffbe fr.pc=0x0000022b665896dc relative=0x000000000000053c
Event: 0.304 Thread 0x0000022b55075f00 Uncommon trap: reason=profile_predicate action=maybe_recompile pc=0x0000022b665896dc method=jdk.internal.org.objectweb.asm.ByteVector.putUTF8(Ljava/lang/String;)Ljdk/internal/org/objectweb/asm/ByteVector; @ 79 c2
Event: 0.304 Thread 0x0000022b55075f00 DEOPT PACKING pc=0x0000022b665896dc sp=0x000000c5d3bfca60
Event: 0.304 Thread 0x0000022b55075f00 DEOPT UNPACKING pc=0x0000022b5eade42f sp=0x000000c5d3bfc9e0 mode 2
Event: 0.304 Thread 0x0000022b55075f00 Uncommon trap: trap_request=0xffffffbe fr.pc=0x0000022b665896dc relative=0x000000000000053c
Event: 0.304 Thread 0x0000022b55075f00 Uncommon trap: reason=profile_predicate action=maybe_recompile pc=0x0000022b665896dc method=jdk.internal.org.objectweb.asm.ByteVector.putUTF8(Ljava/lang/String;)Ljdk/internal/org/objectweb/asm/ByteVector; @ 79 c2
Event: 0.304 Thread 0x0000022b55075f00 DEOPT PACKING pc=0x0000022b665896dc sp=0x000000c5d3bfca30
Event: 0.304 Thread 0x0000022b55075f00 DEOPT UNPACKING pc=0x0000022b5eade42f sp=0x000000c5d3bfc9b0 mode 2
Event: 0.336 Thread 0x0000022b55075f00 Uncommon trap: trap_request=0xffffff45 fr.pc=0x0000022b6657419c relative=0x0000000000000a9c
Event: 0.336 Thread 0x0000022b55075f00 Uncommon trap: reason=unstable_if action=reinterpret pc=0x0000022b6657419c method=java.lang.String.isEmpty()Z @ 5 c2
Event: 0.336 Thread 0x0000022b55075f00 DEOPT PACKING pc=0x0000022b6657419c sp=0x000000c5d3bfe2b0
Event: 0.336 Thread 0x0000022b55075f00 DEOPT UNPACKING pc=0x0000022b5eade42f sp=0x000000c5d3bfe1f0 mode 2
Event: 0.352 Thread 0x0000022b55075f00 Uncommon trap: trap_request=0xffffff45 fr.pc=0x0000022b6657c304 relative=0x0000000000000d84
Event: 0.352 Thread 0x0000022b55075f00 Uncommon trap: reason=unstable_if action=reinterpret pc=0x0000022b6657c304 method=java.util.HashMap.putVal(ILjava/lang/Object;Ljava/lang/Object;ZZ)Ljava/lang/Object; @ 193 c2
Event: 0.352 Thread 0x0000022b55075f00 DEOPT PACKING pc=0x0000022b6657c304 sp=0x000000c5d3bfdf00
Event: 0.352 Thread 0x0000022b55075f00 DEOPT UNPACKING pc=0x0000022b5eade42f sp=0x000000c5d3bfdea0 mode 2
Event: 0.496 Thread 0x0000022b55075f00 DEOPT PACKING pc=0x0000022b5f10dfbf sp=0x000000c5d3bfe170
Event: 0.496 Thread 0x0000022b55075f00 DEOPT UNPACKING pc=0x0000022b5eade23f sp=0x000000c5d3bfd590 mode 0

Classes unloaded (0 events):
No events

Classes redefined (0 events):
No events

Internal exceptions (11 events):
Event: 0.165 Thread 0x0000022b55075f00 Exception <a 'java/lang/NoSuchMethodError'{0x000000076ab42708}: 'void java.lang.invoke.DirectMethodHandle$Holder.invokeVirtual(java.lang.Object, java.lang.Object)'> (0x000000076ab42708) 
thrown [./open/src/hotspot/share/interpreter/linkResolver.cpp, line 782]
Event: 0.224 Thread 0x0000022b783ede40 Exception <a 'java/lang/NoSuchMethodError'{0x000000076a879850}: 'java.lang.Object java.lang.invoke.DirectMethodHandle$Holder.invokeStatic(java.lang.Object)'> (0x000000076a879850) 
thrown [./open/src/hotspot/share/interpreter/linkResolver.cpp, line 782]
Event: 0.225 Thread 0x0000022b783ede40 Exception <a 'java/lang/NoSuchMethodError'{0x000000076a87cfa0}: 'java.lang.Object java.lang.invoke.DirectMethodHandle$Holder.invokeStaticInit(java.lang.Object)'> (0x000000076a87cfa0) 
thrown [./open/src/hotspot/share/interpreter/linkResolver.cpp, line 782]
Event: 0.230 Thread 0x0000022b783ede40 Exception <a 'java/lang/ClassNotFoundException'{0x000000076a8881f8}: jdk/net/ExtendedSocketOptions> (0x000000076a8881f8) 
thrown [./open/src/hotspot/share/classfile/systemDictionary.cpp, line 295]
Event: 0.231 Thread 0x0000022b783ede40 Exception <a 'java/lang/NoSuchMethodError'{0x000000076a889978}: 'void java.lang.invoke.DirectMethodHandle$Holder.invokeStatic(java.lang.Object, java.lang.Object)'> (0x000000076a889978) 
thrown [./open/src/hotspot/share/interpreter/linkResolver.cpp, line 782]
Event: 0.348 Thread 0x0000022b55075f00 Exception <a 'java/lang/NoSuchMethodError'{0x000000076a7162e0}: 'void java.lang.invoke.DirectMethodHandle$Holder.invokeStaticInit(java.lang.Object, java.lang.Object)'> (0x000000076a7162e0) 
thrown [./open/src/hotspot/share/interpreter/linkResolver.cpp, line 782]
Event: 0.530 Thread 0x0000022b55075f00 Exception <a 'java/lang/NoSuchMethodError'{0x000000076a3006e0}: 'void java.lang.invoke.DirectMethodHandle$Holder.invokeSpecial(java.lang.Object, java.lang.Object, java.lang.Object)'> (0x000000076a3006e0) 
thrown [./open/src/hotspot/share/interpreter/linkResolver.cpp, line 782]
Event: 0.540 Thread 0x0000022b55075f00 Exception <a 'java/lang/NoSuchMethodError'{0x000000076a338a78}: 'void java.lang.invoke.DirectMethodHandle$Holder.invokeStatic(java.lang.Object, java.lang.Object, java.lang.Object)'> (0x000000076a338a78) 
thrown [./open/src/hotspot/share/interpreter/linkResolver.cpp, line 782]
Event: 0.572 Thread 0x0000022b55075f00 Exception <a 'java/lang/NoSuchMethodError'{0x000000076a356010}: 'int java.lang.invoke.DirectMethodHandle$Holder.invokeStaticInit(java.lang.Object, java.lang.Object, java.lang.Object)'> (0x000000076a356010) 
thrown [./open/src/hotspot/share/interpreter/linkResolver.cpp, line 782]
Event: 0.600 Thread 0x0000022b55075f00 Exception <a 'java/lang/NoSuchMethodError'{0x000000076a089cd8}: 'java.lang.Object java.lang.invoke.DirectMethodHandle$Holder.newInvokeSpecial(java.lang.Object, java.lang.Object, int, java.lang.Object)'> (0x000000076a089cd8) 
thrown [./open/src/hotspot/share/interpreter/linkResolver.cpp, line 782]
Event: 0.601 Thread 0x0000022b55075f00 Exception <a 'java/lang/NoSuchMethodError'{0x000000076a08e1c0}: 'java.lang.Object java.lang.invoke.DirectMethodHandle$Holder.invokeSpecial(java.lang.Object, java.lang.Object, java.lang.Object, int, java.lang.Object)'> (0x000000076a08e1c0) 
thrown [./open/src/hotspot/share/interpreter/linkResolver.cpp, line 782]

Events (20 events):
Event: 0.585 loading class java/lang/ProcessEnvironment$CheckedEntry
Event: 0.585 loading class java/lang/ProcessEnvironment$CheckedEntry done
Event: 0.594 Loaded shared library C:\Users\Павел\.openjfx\cache\15.0.1\glass.dll
Event: 0.595 loading class java/util/concurrent/BlockingDeque
Event: 0.596 loading class java/util/concurrent/BlockingDeque done
Event: 0.596 loading class java/util/concurrent/LinkedBlockingDeque
Event: 0.596 loading class java/util/concurrent/LinkedBlockingDeque done
Event: 0.597 Thread 0x0000022b781697e0 Thread added: 0x0000022b781697e0
Event: 0.603 Thread 0x0000022b78167160 Thread added: 0x0000022b78167160
Event: 0.611 loading class java/util/concurrent/FutureTask
Event: 0.611 loading class java/util/concurrent/FutureTask done
Event: 0.612 loading class java/util/concurrent/CancellationException
Event: 0.612 loading class java/util/concurrent/CancellationException done
Event: 0.612 loading class java/util/concurrent/ExecutionException
Event: 0.612 loading class java/util/concurrent/ExecutionException done
Event: 0.612 loading class java/util/concurrent/FutureTask$WaitNode
Event: 0.612 loading class java/util/concurrent/FutureTask$WaitNode done
Event: 0.613 loading class java/util/concurrent/Executors$RunnableAdapter
Event: 0.613 loading class java/util/concurrent/Executors$RunnableAdapter done
Event: 0.655 Loaded shared library C:\proj\jdk-15.0.2\bin\zip.dll


Dynamic libraries:
0x00007ff6e1af0000 - 0x00007ff6e1afd000 	C:\proj\jdk-15.0.2\bin\java.exe
0x00007ffaf3ce0000 - 0x00007ffaf3ecd000 	C:\Windows\SYSTEM32\ntdll.dll
0x00007ffaf1b50000 - 0x00007ffaf1c04000 	C:\Windows\System32\KERNEL32.DLL
0x00007ffaf0790000 - 0x00007ffaf0a24000 	C:\Windows\System32\KERNELBASE.dll
0x00007ffaf05f0000 - 0x00007ffaf06ea000 	C:\Windows\System32\ucrtbase.dll
0x00007ffae66a0000 - 0x00007ffae66b9000 	C:\proj\jdk-15.0.2\bin\VCRUNTIME140.dll
0x00007ffae7bc0000 - 0x00007ffae7bd8000 	C:\proj\jdk-15.0.2\bin\jli.dll
0x00007ffaf1140000 - 0x00007ffaf12d7000 	C:\Windows\System32\USER32.dll
0x00007ffadfea0000 - 0x00007ffae0119000 	C:\Windows\WinSxS\amd64_microsoft.windows.common-controls_6595b64144ccf1df_6.0.17763.2366_none_de735d0053496d5d\COMCTL32.dll
0x00007ffaf04f0000 - 0x00007ffaf0510000 	C:\Windows\System32\win32u.dll
0x00007ffaf1c70000 - 0x00007ffaf1d0e000 	C:\Windows\System32\msvcrt.dll
0x00007ffaf25e0000 - 0x00007ffaf2609000 	C:\Windows\System32\GDI32.dll
0x00007ffaf1460000 - 0x00007ffaf178d000 	C:\Windows\System32\combase.dll
0x00007ffaf0c30000 - 0x00007ffaf0dcc000 	C:\Windows\System32\gdi32full.dll
0x00007ffaf3b90000 - 0x00007ffaf3caf000 	C:\Windows\System32\RPCRT4.dll
0x00007ffaf06f0000 - 0x00007ffaf0790000 	C:\Windows\System32\msvcp_win.dll
0x00007ffaf0e30000 - 0x00007ffaf0eb2000 	C:\Windows\System32\bcryptPrimitives.dll
0x00007ffaf20d0000 - 0x00007ffaf20fe000 	C:\Windows\System32\IMM32.DLL
0x00007ffaeb070000 - 0x00007ffaeb07c000 	C:\proj\jdk-15.0.2\bin\vcruntime140_1.dll
0x00007ffae0640000 - 0x00007ffae06d1000 	C:\proj\jdk-15.0.2\bin\msvcp140.dll
0x00007ffabe350000 - 0x00007ffabeeae000 	C:\proj\jdk-15.0.2\bin\server\jvm.dll
0x00007ffaf0f20000 - 0x00007ffaf0fc4000 	C:\Windows\System32\ADVAPI32.dll
0x00007ffaf1970000 - 0x00007ffaf1a0e000 	C:\Windows\System32\sechost.dll
0x00007ffaf20c0000 - 0x00007ffaf20c8000 	C:\Windows\System32\PSAPI.DLL
0x00007ffaed9a0000 - 0x00007ffaed9c4000 	C:\Windows\SYSTEM32\WINMM.dll
0x00007ffad52c0000 - 0x00007ffad52c9000 	C:\Windows\SYSTEM32\WSOCK32.dll
0x00007ffae9e40000 - 0x00007ffae9e4a000 	C:\Windows\SYSTEM32\VERSION.dll
0x00007ffaf1ee0000 - 0x00007ffaf1f4d000 	C:\Windows\System32\WS2_32.dll
0x00007ffaed950000 - 0x00007ffaed97d000 	C:\Windows\SYSTEM32\WINMMBASE.dll
0x00007ffaf0ec0000 - 0x00007ffaf0f0a000 	C:\Windows\System32\cfgmgr32.dll
0x00007ffaefd00000 - 0x00007ffaefd11000 	C:\Windows\System32\kernel.appcore.dll
0x00007ffae89b0000 - 0x00007ffae89ba000 	C:\proj\jdk-15.0.2\bin\jimage.dll
0x00007ffadfc90000 - 0x00007ffadfe7d000 	C:\Windows\SYSTEM32\DBGHELP.DLL
0x00007ffadf330000 - 0x00007ffadf35a000 	C:\Windows\SYSTEM32\dbgcore.DLL
0x00007ffae5550000 - 0x00007ffae555e000 	C:\proj\jdk-15.0.2\bin\instrument.dll
0x00007ffae5710000 - 0x00007ffae5735000 	C:\proj\jdk-15.0.2\bin\java.dll
0x00007ffaf2610000 - 0x00007ffaf3b09000 	C:\Windows\System32\SHELL32.dll
0x00007ffaf1fb0000 - 0x00007ffaf2058000 	C:\Windows\System32\shcore.dll
0x00007ffaefda0000 - 0x00007ffaf04ea000 	C:\Windows\System32\windows.storage.dll
0x00007ffaefcd0000 - 0x00007ffaefcf4000 	C:\Windows\System32\profapi.dll
0x00007ffaefd20000 - 0x00007ffaefd7d000 	C:\Windows\System32\powrprof.dll
0x00007ffaf1c10000 - 0x00007ffaf1c62000 	C:\Windows\System32\shlwapi.dll
0x00007ffaefd80000 - 0x00007ffaefd97000 	C:\Windows\System32\cryptsp.dll
0x00007ffae56f0000 - 0x00007ffae5709000 	C:\proj\jdk-15.0.2\bin\net.dll
0x00007ffae5910000 - 0x00007ffae5a01000 	C:\Windows\SYSTEM32\WINHTTP.dll
0x00007ffaef4a0000 - 0x00007ffaef507000 	C:\Windows\system32\mswsock.dll
0x00007ffae5560000 - 0x00007ffae5572000 	C:\proj\jdk-15.0.2\bin\nio.dll
0x00007ffae5120000 - 0x00007ffae5138000 	C:\proj\jdk-15.0.2\bin\zip.dll
0x00007ffae4670000 - 0x00007ffae468a000 	C:\Program Files\JetBrains\IntelliJ IDEA Community Edition 2021.1\bin\breakgen64.dll
0x0000022b79330000 - 0x0000022b79333000 	C:\Users\Павел\.openjfx\cache\15.0.1\api-ms-win-core-console-l1-1-0.dll
0x0000022b79340000 - 0x0000022b79343000 	C:\Users\Павел\.openjfx\cache\15.0.1\api-ms-win-core-console-l1-2-0.dll
0x0000022b79350000 - 0x0000022b79353000 	C:\Users\Павел\.openjfx\cache\15.0.1\api-ms-win-core-datetime-l1-1-0.dll
0x0000022b79360000 - 0x0000022b79363000 	C:\Users\Павел\.openjfx\cache\15.0.1\api-ms-win-core-debug-l1-1-0.dll
0x0000022b79370000 - 0x0000022b79373000 	C:\Users\Павел\.openjfx\cache\15.0.1\api-ms-win-core-errorhandling-l1-1-0.dll
0x0000022b79380000 - 0x0000022b79384000 	C:\Users\Павел\.openjfx\cache\15.0.1\api-ms-win-core-file-l1-1-0.dll
0x0000022b79390000 - 0x0000022b79393000 	C:\Users\Павел\.openjfx\cache\15.0.1\api-ms-win-core-file-l1-2-0.dll
0x0000022b793a0000 - 0x0000022b793a3000 	C:\Users\Павел\.openjfx\cache\15.0.1\api-ms-win-core-file-l2-1-0.dll
0x0000022b79510000 - 0x0000022b79513000 	C:\Users\Павел\.openjfx\cache\15.0.1\api-ms-win-core-handle-l1-1-0.dll
0x0000022b793b0000 - 0x0000022b793b3000 	C:\Users\Павел\.openjfx\cache\15.0.1\api-ms-win-core-heap-l1-1-0.dll
0x0000022b793c0000 - 0x0000022b793c3000 	C:\Users\Павел\.openjfx\cache\15.0.1\api-ms-win-core-interlocked-l1-1-0.dll
0x0000022b793d0000 - 0x0000022b793d3000 	C:\Users\Павел\.openjfx\cache\15.0.1\api-ms-win-core-libraryloader-l1-1-0.dll
0x0000022b793e0000 - 0x0000022b793e3000 	C:\Users\Павел\.openjfx\cache\15.0.1\api-ms-win-core-localization-l1-2-0.dll
0x0000022b793f0000 - 0x0000022b793f3000 	C:\Users\Павел\.openjfx\cache\15.0.1\api-ms-win-core-memory-l1-1-0.dll
0x0000022b79400000 - 0x0000022b79403000 	C:\Users\Павел\.openjfx\cache\15.0.1\api-ms-win-core-namedpipe-l1-1-0.dll
0x0000022b79410000 - 0x0000022b79413000 	C:\Users\Павел\.openjfx\cache\15.0.1\api-ms-win-core-processenvironment-l1-1-0.dll
0x0000022b79420000 - 0x0000022b79423000 	C:\Users\Павел\.openjfx\cache\15.0.1\api-ms-win-core-processthreads-l1-1-0.dll
0x0000022b79430000 - 0x0000022b79433000 	C:\Users\Павел\.openjfx\cache\15.0.1\api-ms-win-core-processthreads-l1-1-1.dll
0x0000022b79440000 - 0x0000022b79443000 	C:\Users\Павел\.openjfx\cache\15.0.1\api-ms-win-core-profile-l1-1-0.dll
0x0000022b79450000 - 0x0000022b79453000 	C:\Users\Павел\.openjfx\cache\15.0.1\api-ms-win-core-rtlsupport-l1-1-0.dll
0x0000022b79460000 - 0x0000022b79463000 	C:\Users\Павел\.openjfx\cache\15.0.1\api-ms-win-core-string-l1-1-0.dll
0x0000022b79470000 - 0x0000022b79473000 	C:\Users\Павел\.openjfx\cache\15.0.1\api-ms-win-core-synch-l1-1-0.dll
0x0000022b79480000 - 0x0000022b79483000 	C:\Users\Павел\.openjfx\cache\15.0.1\api-ms-win-core-synch-l1-2-0.dll
0x0000022b79490000 - 0x0000022b79493000 	C:\Users\Павел\.openjfx\cache\15.0.1\api-ms-win-core-sysinfo-l1-1-0.dll
0x0000022b794a0000 - 0x0000022b794a3000 	C:\Users\Павел\.openjfx\cache\15.0.1\api-ms-win-core-timezone-l1-1-0.dll
0x0000022b794b0000 - 0x0000022b794b3000 	C:\Users\Павел\.openjfx\cache\15.0.1\api-ms-win-core-util-l1-1-0.dll
0x0000022b794c0000 - 0x0000022b794c3000 	C:\Users\Павел\.openjfx\cache\15.0.1\api-ms-win-crt-conio-l1-1-0.dll
0x0000022b794d0000 - 0x0000022b794d4000 	C:\Users\Павел\.openjfx\cache\15.0.1\api-ms-win-crt-convert-l1-1-0.dll
0x0000022b794e0000 - 0x0000022b794e3000 	C:\Users\Павел\.openjfx\cache\15.0.1\api-ms-win-crt-environment-l1-1-0.dll
0x0000022b794f0000 - 0x0000022b794f3000 	C:\Users\Павел\.openjfx\cache\15.0.1\api-ms-win-crt-filesystem-l1-1-0.dll
0x0000022b79500000 - 0x0000022b79503000 	C:\Users\Павел\.openjfx\cache\15.0.1\api-ms-win-crt-heap-l1-1-0.dll
0x0000022b798d0000 - 0x0000022b798d3000 	C:\Users\Павел\.openjfx\cache\15.0.1\api-ms-win-crt-locale-l1-1-0.dll
0x0000022b798e0000 - 0x0000022b798e5000 	C:\Users\Павел\.openjfx\cache\15.0.1\api-ms-win-crt-math-l1-1-0.dll
0x0000022b798f0000 - 0x0000022b798f5000 	C:\Users\Павел\.openjfx\cache\15.0.1\api-ms-win-crt-multibyte-l1-1-0.dll
0x0000022b79900000 - 0x0000022b79910000 	C:\Users\Павел\.openjfx\cache\15.0.1\api-ms-win-crt-private-l1-1-0.dll
0x0000022b79520000 - 0x0000022b79523000 	C:\Users\Павел\.openjfx\cache\15.0.1\api-ms-win-crt-process-l1-1-0.dll
0x0000022b79530000 - 0x0000022b79534000 	C:\Users\Павел\.openjfx\cache\15.0.1\api-ms-win-crt-runtime-l1-1-0.dll
0x0000022b79540000 - 0x0000022b79544000 	C:\Users\Павел\.openjfx\cache\15.0.1\api-ms-win-crt-stdio-l1-1-0.dll
0x0000022b79550000 - 0x0000022b79554000 	C:\Users\Павел\.openjfx\cache\15.0.1\api-ms-win-crt-string-l1-1-0.dll
0x0000022b79560000 - 0x0000022b79563000 	C:\Users\Павел\.openjfx\cache\15.0.1\api-ms-win-crt-time-l1-1-0.dll
0x0000022b79570000 - 0x0000022b79573000 	C:\Users\Павел\.openjfx\cache\15.0.1\api-ms-win-crt-utility-l1-1-0.dll
0x00007ffae0b90000 - 0x00007ffae0c8c000 	C:\Users\Павел\.openjfx\cache\15.0.1\ucrtbase.dll
0x00007ffae8530000 - 0x00007ffae8545000 	C:\Users\Павел\.openjfx\cache\15.0.1\vcruntime140.dll
0x00007ffad48d0000 - 0x00007ffad496b000 	C:\Users\Павел\.openjfx\cache\15.0.1\msvcp140.dll
0x00007ffae8400000 - 0x00007ffae8423000 	C:\Users\Павел\.openjfx\cache\15.0.1\prism_d3d.dll
0x00007ffabc940000 - 0x00007ffabcade000 	C:\Windows\system32\d3d9.dll
0x00007ffaedfc0000 - 0x00007ffaedfee000 	C:\Windows\SYSTEM32\dwmapi.dll
0x00007ffaf0a30000 - 0x00007ffaf0c25000 	C:\Windows\System32\CRYPT32.dll
0x00007ffaefcb0000 - 0x00007ffaefcc2000 	C:\Windows\System32\MSASN1.dll
0x00007ffaedee0000 - 0x00007ffaedf7c000 	C:\Windows\system32\uxtheme.dll
0x00007ffae9f60000 - 0x00007ffaea13d000 	C:\Windows\System32\DriverStore\FileRepository\u0346830.inf_amd64_35731e557194973d\B345901\aticfx64.dll
0x00007ffae0ad0000 - 0x00007ffae0b00000 	C:\Windows\System32\DriverStore\FileRepository\u0346830.inf_amd64_35731e557194973d\B345901\atiu9p64.dll
0x00007ffa98ec0000 - 0x00007ffa99b8e000 	C:\Windows\System32\DriverStore\FileRepository\u0346830.inf_amd64_35731e557194973d\B345901\atiumd64.dll
0x00007ffaf1790000 - 0x00007ffaf18e6000 	C:\Windows\System32\ole32.dll
0x00000000583f0000 - 0x0000000059184000 	C:\Windows\System32\DriverStore\FileRepository\u0346830.inf_amd64_35731e557194973d\B345901\atiumd6a.dll
0x00007ffae7f70000 - 0x00007ffae7fb5000 	C:\Users\Павел\.openjfx\cache\15.0.1\glass.dll
0x00007ffaf1a20000 - 0x00007ffaf1b47000 	C:\Windows\System32\COMDLG32.dll
0x00007ffaf1390000 - 0x00007ffaf1454000 	C:\Windows\System32\OLEAUT32.dll
0x00007ffaf0fd0000 - 0x00007ffaf113b000 	C:\Windows\System32\MSCTF.dll

dbghelp: loaded successfully - version: 4.0.5 - missing functions: none
symbol engine: initialized successfully - sym options: 0x614 - pdb path: .;C:\proj\jdk-15.0.2\bin;C:\Windows\SYSTEM32;C:\Windows\WinSxS\amd64_microsoft.windows.common-controls_6595b64144ccf1df_6.0.17763.2366_none_de735d0053496d5d;C:\proj\jdk-15.0.2\bin\server;C:\Program Files\JetBrains\IntelliJ IDEA Community Edition 2021.1\bin;C:\Users\Павел\.openjfx\cache\15.0.1;C:\Windows\System32\DriverStore\FileRepository\u0346830.inf_amd64_35731e557194973d\B345901

VM Arguments:
jvm_args: -javaagent:C:\Program Files\JetBrains\IntelliJ IDEA Community Edition 2021.1\lib\idea_rt.jar=51200:C:\Program Files\JetBrains\IntelliJ IDEA Community Edition 2021.1\bin -Dfile.encoding=UTF-8 --module-path=C:\Users\Павел\.m2\repository\org\openjfx\javafx-fxml\15.0.1\javafx-fxml-15.0.1-win.jar;C:\Users\Павел\.m2\repository\org\openjfx\javafx-graphics\15.0.1\javafx-graphics-15.0.1-win.jar;C:\Users\Павел\.m2\repository\org\openjfx\javafx-base\15.0.1\javafx-base-15.0.1-win.jar;C:\Users\Павел\.m2\repository\org\openjfx\javafx-controls\15.0.1\javafx-controls-15.0.1-win.jar;C:\Users\Павел\IdeaProjects\fileMeneger_V2\target\classes -Djdk.module.main=com.example.filemeneger_v2 
java_command: com.example.filemeneger_v2/com.example.filemeneger_v2.HelloApplication
java_class_path (initial): C:\Users\Павел\.m2\repository\org\openjfx\javafx-controls\15.0.1\javafx-controls-15.0.1.jar;C:\Users\Павел\.m2\repository\org\openjfx\javafx-graphics\15.0.1\javafx-graphics-15.0.1.jar;C:\Users\Павел\.m2\repository\org\openjfx\javafx-base\15.0.1\javafx-base-15.0.1.jar;C:\Users\Павел\.m2\repository\org\openjfx\javafx-fxml\15.0.1\javafx-fxml-15.0.1.jar
Launcher Type: SUN_STANDARD

[Global flags]
     intx CICompilerCount                          = 4                                         {product} {ergonomic}
     uint ConcGCThreads                            = 2                                         {product} {ergonomic}
     uint G1ConcRefinementThreads                  = 8                                         {product} {ergonomic}
   size_t G1HeapRegionSize                         = 2097152                                   {product} {ergonomic}
    uintx GCDrainStackTargetSize                   = 64                                        {product} {ergonomic}
   size_t InitialHeapSize                          = 167772160                                 {product} {ergonomic}
   size_t MarkStackSize                            = 4194304                                   {product} {ergonomic}
   size_t MaxHeapSize                              = 2667577344                                {product} {ergonomic}
   size_t MaxNewSize                               = 1600126976                                {product} {ergonomic}
   size_t MinHeapDeltaBytes                        = 2097152                                   {product} {ergonomic}
   size_t MinHeapSize                              = 8388608                                   {product} {ergonomic}
    uintx NonNMethodCodeHeapSize                   = 5839372                                {pd product} {ergonomic}
    uintx NonProfiledCodeHeapSize                  = 122909434                              {pd product} {ergonomic}
    uintx ProfiledCodeHeapSize                     = 122909434                              {pd product} {ergonomic}
    uintx ReservedCodeCacheSize                    = 251658240                              {pd product} {ergonomic}
     bool SegmentedCodeCache                       = true                                      {product} {ergonomic}
   size_t SoftMaxHeapSize                          = 2667577344                             {manageable} {ergonomic}
     bool UseCompressedClassPointers               = true                                 {lp64_product} {ergonomic}
     bool UseCompressedOops                        = true                                 {lp64_product} {ergonomic}
     bool UseG1GC                                  = true                                      {product} {ergonomic}
     bool UseLargePagesIndividualAllocation        = false                                  {pd product} {ergonomic}

Logging:
Log output configuration:
 #0: stdout all=warning uptime,level,tags
 #1: stderr all=off uptime,level,tags

Environment Variables:
JAVA_HOME=C:\proj\jdk-15.0.2
PATH=C:\Program Files (x86)\NVIDIA Corporation\PhysX\Common;C:\Program Files (x86)\Common Files\Oracle\Java\javapath;C:\Windows\system32;C:\Windows;C:\Windows\System32\Wbem;C:\Windows\System32\WindowsPowerShell\v1.0\;C:\Windows\System32\OpenSSH\;C:\Program Files (x86)\Windows Kits\8.1\Windows Performance Toolkit\;C:\Program Files\Git\cmd;C:\proj\jdk-15.0.2\bin;C:\Program Files\PuTTY\;C:\Program Files\MySQL\MySQL Shell 8.0\bin\;C:\Users\Павел\AppData\Local\Microsoft\WindowsApps;C:\Users\Павел\AppData\Local\Programs\Microsoft VS Code\bin;
USERNAME=Павел
OS=Windows_NT
PROCESSOR_IDENTIFIER=AMD64 Family 23 Model 24 Stepping 1, AuthenticAMD



---------------  S Y S T E M  ---------------

OS:
 Windows 10 , 64 bit Build 17763 (10.0.17763.2300)
OS uptime: 13 days 4:11 hours

CPU: total 8 (initial active 8) (8 cores per cpu, 2 threads per core) family 23 model 24 stepping 1 microcode 0x0, cmov, cx8, fxsr, mmx, sse, sse2, sse3, ssse3, sse4.1, sse4.2, popcnt, vzeroupper, avx, avx2, aes, clmul, 3dnowpref, lzcnt, sse4a, ht, tsc, tscinvbit, tscinv, bmi1, bmi2, adx, sha, fma, clflush, clflushopt

Memory: 4k page, system-wide physical 10170M (2761M free)
TotalPageFile size 12218M (AvailPageFile size 5M)
current process WorkingSet (physical memory assigned to process): 94M, peak: 94M
current process commit charge ("private bytes"): 297M, peak: 297M

vm_info: OpenJDK 64-Bit Server VM (15.0.2+7-27) for windows-amd64 JRE (15.0.2+7-27), built on Dec  7 2020 20:02:38 by "mach5one" with unknown MS VC++:1925

END.
