#
# There is insufficient memory for the Java Runtime Environment to continue.
# Native memory allocation (malloc) failed to allocate 2240800 bytes for Chunk::new
# Possible reasons:
#   The system is out of physical RAM or swap space
#   The process is running with CompressedOops enabled, and the Java Heap may be blocking the growth of the native heap
# Possible solutions:
#   Reduce memory load on the system
#   Increase physical memory or swap space
#   Check if swap backing store is full
#   Decrease Java heap size (-Xmx/-Xms)
#   Decrease number of Java threads
#   Decrease Java thread stack sizes (-Xss)
#   Set larger code cache with -XX:ReservedCodeCacheSize=
#   JVM is running with Zero Based Compressed Oops mode in which the Java heap is
#     placed in the first 32GB address space. The Java Heap base address is the
#     maximum limit for the native heap growth. Please use -XX:HeapBaseMinAddress
#     to set the Java Heap base and to place the Java Heap above 32GB virtual address.
# This output file may be truncated or incomplete.
#
#  Out of Memory Error (./open/src/hotspot/share/memory/arena.cpp:195), pid=12852, tid=13908
#
# JRE version: OpenJDK Runtime Environment (15.0.2+7) (build 15.0.2+7-27)
# Java VM: OpenJDK 64-Bit Server VM (15.0.2+7-27, mixed mode, sharing, tiered, compressed oops, g1 gc, windows-amd64)
# No core dump will be written. Minidumps are not enabled by default on client versions of Windows
#

---------------  S U M M A R Y ------------

Command Line: -javaagent:C:\Program Files\JetBrains\IntelliJ IDEA Community Edition 2021.1\lib\idea_rt.jar=52725:C:\Program Files\JetBrains\IntelliJ IDEA Community Edition 2021.1\bin -Dfile.encoding=UTF-8 --module-path=C:\Users\相忮\.m2\repository\org\openjfx\javafx-graphics\15.0.1\javafx-graphics-15.0.1-win.jar;C:\Users\相忮\.m2\repository\org\openjfx\javafx-fxml\15.0.1\javafx-fxml-15.0.1-win.jar;C:\Users\相忮\.m2\repository\org\openjfx\javafx-controls\15.0.1\javafx-controls-15.0.1-win.jar;C:\Users\相忮\.m2\repository\org\openjfx\javafx-base\15.0.1\javafx-base-15.0.1-win.jar;C:\Users\相忮\IdeaProjects\fileMeneger_V2\target\classes -Djdk.module.main=com.example.filemeneger_v2 com.example.filemeneger_v2/com.example.filemeneger_v2.HelloApplication

Host: AMD Ryzen 5 3500U with Radeon Vega Mobile Gfx  , 8 cores, 9G,  Windows 10 , 64 bit Build 17763 (10.0.17763.2300)
Time: Mon Dec  5 18:47:47 2022 RTZ 2 (ceia) elapsed time: 2.712597 seconds (0d 0h 0m 2s)

---------------  T H R E A D  ---------------

Current thread (0x0000025166cf7cb0):  JavaThread "C2 CompilerThread0" daemon [_thread_in_native, id=13908, stack(0x000000a671600000,0x000000a671700000)]


Current CompileTask:
C2:   2712 2782   !   4       javafx.scene.CssStyleHelper::transitionToState (1021 bytes)

Stack: [0x000000a671600000,0x000000a671700000]
Native frames: (J=compiled Java code, j=interpreted, Vv=VM code, C=native code)
V  [jvm.dll+0x62ae9a]
V  [jvm.dll+0x7817a9]
V  [jvm.dll+0x782f03]
V  [jvm.dll+0x783563]
V  [jvm.dll+0x216325]
V  [jvm.dll+0x97f3a]
V  [jvm.dll+0x9861c]
V  [jvm.dll+0x32e305]
V  [jvm.dll+0x18e1ba]
V  [jvm.dll+0x1ea822]
V  [jvm.dll+0x1e996e]
V  [jvm.dll+0x178567]
V  [jvm.dll+0x1f9225]
V  [jvm.dll+0x1f72cc]
V  [jvm.dll+0x74495d]
V  [jvm.dll+0x73d75a]
V  [jvm.dll+0x629c56]
C  [ucrtbase.dll+0x2268a]
C  [KERNEL32.DLL+0x17974]
C  [ntdll.dll+0x5a2f1]


---------------  P R O C E S S  ---------------

Threads class SMR info:
_java_thread_list=0x00000251719fac70, length=21, elements={
0x0000025146ebb910, 0x0000025166cda6c0, 0x0000025166cdb5c0, 0x0000025166cf35f0,
0x0000025166cf5ec0, 0x0000025166cf6ba0, 0x0000025166cf7cb0, 0x0000025166d073b0,
0x0000025166cfc160, 0x0000025166cc13e0, 0x0000025167802070, 0x0000025167789d90,
0x0000025167a39080, 0x0000025168171940, 0x000002516870e4d0, 0x000002516870b4b0,
0x000002516870db30, 0x000002516870c320, 0x000002516870e9a0, 0x000002516870e000,
0x000002516870ccc0
}

Java Threads: ( => current thread )
  0x0000025146ebb910 JavaThread "main" [_thread_blocked, id=20960, stack(0x000000a670a00000,0x000000a670b00000)]
  0x0000025166cda6c0 JavaThread "Reference Handler" daemon [_thread_blocked, id=9696, stack(0x000000a671100000,0x000000a671200000)]
  0x0000025166cdb5c0 JavaThread "Finalizer" daemon [_thread_blocked, id=4988, stack(0x000000a671200000,0x000000a671300000)]
  0x0000025166cf35f0 JavaThread "Signal Dispatcher" daemon [_thread_blocked, id=17396, stack(0x000000a671300000,0x000000a671400000)]
  0x0000025166cf5ec0 JavaThread "Attach Listener" daemon [_thread_blocked, id=17676, stack(0x000000a671400000,0x000000a671500000)]
  0x0000025166cf6ba0 JavaThread "Service Thread" daemon [_thread_blocked, id=10024, stack(0x000000a671500000,0x000000a671600000)]
=>0x0000025166cf7cb0 JavaThread "C2 CompilerThread0" daemon [_thread_in_native, id=13908, stack(0x000000a671600000,0x000000a671700000)]
  0x0000025166d073b0 JavaThread "C1 CompilerThread0" daemon [_thread_blocked, id=20932, stack(0x000000a671700000,0x000000a671800000)]
  0x0000025166cfc160 JavaThread "Sweeper thread" daemon [_thread_blocked, id=1900, stack(0x000000a671800000,0x000000a671900000)]
  0x0000025166cc13e0 JavaThread "Common-Cleaner" daemon [_thread_blocked, id=5456, stack(0x000000a671900000,0x000000a671a00000)]
  0x0000025167802070 JavaThread "C2 CompilerThread1" daemon [_thread_in_native, id=6528, stack(0x000000a671a00000,0x000000a671b00000)]
  0x0000025167789d90 JavaThread "C2 CompilerThread2" daemon [_thread_blocked, id=1696, stack(0x000000a671b00000,0x000000a671c00000)]
  0x0000025167a39080 JavaThread "Monitor Ctrl-Break" daemon [_thread_in_native, id=18488, stack(0x000000a671c00000,0x000000a671d00000)]
  0x0000025168171940 JavaThread "Notification Thread" daemon [_thread_blocked, id=2624, stack(0x000000a671d00000,0x000000a671e00000)]
  0x000002516870e4d0 JavaThread "QuantumRenderer-0" daemon [_thread_blocked, id=8092, stack(0x000000a671f00000,0x000000a672000000)]
  0x000002516870b4b0 JavaThread "InvokeLaterDispatcher" daemon [_thread_blocked, id=18796, stack(0x000000a672200000,0x000000a672300000)]
  0x000002516870db30 JavaThread "JavaFX Application Thread" [_thread_in_native, id=6956, stack(0x000000a672300000,0x000000a672400000)]
  0x000002516870c320 JavaThread "Thread-1" daemon [_thread_in_native, id=5032, stack(0x000000a672a00000,0x000000a672b00000)]
  0x000002516870e9a0 JavaThread "JavaFX-Launcher" [_thread_blocked, id=13712, stack(0x000000a672b00000,0x000000a672c00000)]
  0x000002516870e000 JavaThread "Prism Font Disposer" daemon [_thread_blocked, id=19580, stack(0x000000a673100000,0x000000a673200000)]
  0x000002516870ccc0 JavaThread "Cleaner-0" daemon [_thread_blocked, id=14500, stack(0x000000a673500000,0x000000a673600000)]

Other Threads:
  0x0000025166cd6700 VMThread "VM Thread" [stack: 0x000000a671000000,0x000000a671100000] [id=18876]
  0x0000025167aa55a0 WatcherThread [stack: 0x000000a671e00000,0x000000a671f00000] [id=6984]
  0x0000025146ef3cb0 GCTaskThread "GC Thread#0" [stack: 0x000000a670b00000,0x000000a670c00000] [id=9004]
  0x000002516801ca60 GCTaskThread "GC Thread#1" [stack: 0x000000a672c00000,0x000000a672d00000] [id=12888]
  0x0000025168020090 GCTaskThread "GC Thread#2" [stack: 0x000000a672d00000,0x000000a672e00000] [id=11288]
  0x00000251680203c0 GCTaskThread "GC Thread#3" [stack: 0x000000a672e00000,0x000000a672f00000] [id=4752]
  0x000002516801cd90 GCTaskThread "GC Thread#4" [stack: 0x000000a672f00000,0x000000a673000000] [id=21696]
  0x000002516801d0c0 GCTaskThread "GC Thread#5" [stack: 0x000000a673000000,0x000000a673100000] [id=15652]
  0x0000025146effb20 ConcurrentGCThread "G1 Main Marker" [stack: 0x000000a670c00000,0x000000a670d00000] [id=16108]
  0x0000025146f02270 ConcurrentGCThread "G1 Conc#0" [stack: 0x000000a670d00000,0x000000a670e00000] [id=15040]
  0x0000025166b524b0 ConcurrentGCThread "G1 Refine#0" [stack: 0x000000a670e00000,0x000000a670f00000] [id=5784]
  0x0000025146f7afa0 ConcurrentGCThread "G1 Young RemSet Sampling" [stack: 0x000000a670f00000,0x000000a671000000] [id=20972]

Threads with active compile tasks:
C2 CompilerThread0     2730 2782   !   4       javafx.scene.CssStyleHelper::transitionToState (1021 bytes)
C2 CompilerThread1     2730 3251 %     4       com.sun.marlin.DRenderer::_endRendering @ 235 (2473 bytes)

VM state: not at safepoint (normal execution)

VM Mutex/Monitor currently owned by a thread: None

Heap address: 0x0000000761000000, size: 2544 MB, Compressed Oops mode: Zero based, Oop shift amount: 3
CDS archive(s) mapped at: [0x0000000800000000-0x0000000800b50000-0x0000000800b50000), size 11862016, SharedBaseAddress: 0x0000000800000000, ArchiveRelocationMode: 0.
Compressed class space mapped at: 0x0000000800b50000-0x0000000840b50000, size: 1073741824
Narrow klass base: 0x0000000800000000, Narrow klass shift: 3, Narrow klass range: 0x100000000

GC Precious Log:
 CPUs: 8 total, 8 available
 Memory: 10170M
 Large Page Support: Disabled
 NUMA Support: Disabled
 Compressed Oops: Enabled (Zero based)
 Heap Region Size: 2M
 Heap Min Capacity: 8M
 Heap Initial Capacity: 160M
 Heap Max Capacity: 2544M
 Pre-touch: Disabled
 Parallel Workers: 8
 Concurrent Workers: 2
 Concurrent Refinement Workers: 8
 Periodic GC: Disabled

Heap:
 garbage-first heap   total 163840K, used 37784K [0x0000000761000000, 0x0000000800000000)
  region size 2048K, 18 young (36864K), 3 survivors (6144K)
 Metaspace       used 19330K, capacity 19627K, committed 19840K, reserved 1067008K
  class space    used 2797K, capacity 2903K, committed 2944K, reserved 1048576K

Heap Regions: E=young(eden), S=young(survivor), O=old, HS=humongous(starts), HC=humongous(continues), CS=collection set, F=free, OA=open archive, CA=closed archive, TAMS=top-at-mark-start (previous, next)
|   0|0x0000000761000000, 0x00000007610e6000, 0x0000000761200000| 44%| O|  |TAMS 0x0000000761000000, 0x0000000761000000| Untracked 
|   1|0x0000000761200000, 0x0000000761400000, 0x0000000761400000|100%|HS|  |TAMS 0x0000000761200000, 0x0000000761200000| Complete 
|   2|0x0000000761400000, 0x0000000761400000, 0x0000000761600000|  0%| F|  |TAMS 0x0000000761400000, 0x0000000761400000| Untracked 
|   3|0x0000000761600000, 0x0000000761600000, 0x0000000761800000|  0%| F|  |TAMS 0x0000000761600000, 0x0000000761600000| Untracked 
|   4|0x0000000761800000, 0x0000000761800000, 0x0000000761a00000|  0%| F|  |TAMS 0x0000000761800000, 0x0000000761800000| Untracked 
|   5|0x0000000761a00000, 0x0000000761a00000, 0x0000000761c00000|  0%| F|  |TAMS 0x0000000761a00000, 0x0000000761a00000| Untracked 
|   6|0x0000000761c00000, 0x0000000761c00000, 0x0000000761e00000|  0%| F|  |TAMS 0x0000000761c00000, 0x0000000761c00000| Untracked 
|   7|0x0000000761e00000, 0x0000000761e00000, 0x0000000762000000|  0%| F|  |TAMS 0x0000000761e00000, 0x0000000761e00000| Untracked 
|   8|0x0000000762000000, 0x0000000762000000, 0x0000000762200000|  0%| F|  |TAMS 0x0000000762000000, 0x0000000762000000| Untracked 
|   9|0x0000000762200000, 0x0000000762200000, 0x0000000762400000|  0%| F|  |TAMS 0x0000000762200000, 0x0000000762200000| Untracked 
|  10|0x0000000762400000, 0x0000000762400000, 0x0000000762600000|  0%| F|  |TAMS 0x0000000762400000, 0x0000000762400000| Untracked 
|  11|0x0000000762600000, 0x0000000762600000, 0x0000000762800000|  0%| F|  |TAMS 0x0000000762600000, 0x0000000762600000| Untracked 
|  12|0x0000000762800000, 0x0000000762800000, 0x0000000762a00000|  0%| F|  |TAMS 0x0000000762800000, 0x0000000762800000| Untracked 
|  13|0x0000000762a00000, 0x0000000762a00000, 0x0000000762c00000|  0%| F|  |TAMS 0x0000000762a00000, 0x0000000762a00000| Untracked 
|  14|0x0000000762c00000, 0x0000000762c00000, 0x0000000762e00000|  0%| F|  |TAMS 0x0000000762c00000, 0x0000000762c00000| Untracked 
|  15|0x0000000762e00000, 0x0000000762e00000, 0x0000000763000000|  0%| F|  |TAMS 0x0000000762e00000, 0x0000000762e00000| Untracked 
|  16|0x0000000763000000, 0x0000000763000000, 0x0000000763200000|  0%| F|  |TAMS 0x0000000763000000, 0x0000000763000000| Untracked 
|  17|0x0000000763200000, 0x0000000763200000, 0x0000000763400000|  0%| F|  |TAMS 0x0000000763200000, 0x0000000763200000| Untracked 
|  18|0x0000000763400000, 0x0000000763400000, 0x0000000763600000|  0%| F|  |TAMS 0x0000000763400000, 0x0000000763400000| Untracked 
|  19|0x0000000763600000, 0x0000000763600000, 0x0000000763800000|  0%| F|  |TAMS 0x0000000763600000, 0x0000000763600000| Untracked 
|  20|0x0000000763800000, 0x0000000763800000, 0x0000000763a00000|  0%| F|  |TAMS 0x0000000763800000, 0x0000000763800000| Untracked 
|  21|0x0000000763a00000, 0x0000000763a00000, 0x0000000763c00000|  0%| F|  |TAMS 0x0000000763a00000, 0x0000000763a00000| Untracked 
|  22|0x0000000763c00000, 0x0000000763c00000, 0x0000000763e00000|  0%| F|  |TAMS 0x0000000763c00000, 0x0000000763c00000| Untracked 
|  23|0x0000000763e00000, 0x0000000763e00000, 0x0000000764000000|  0%| F|  |TAMS 0x0000000763e00000, 0x0000000763e00000| Untracked 
|  24|0x0000000764000000, 0x0000000764000000, 0x0000000764200000|  0%| F|  |TAMS 0x0000000764000000, 0x0000000764000000| Untracked 
|  25|0x0000000764200000, 0x0000000764200000, 0x0000000764400000|  0%| F|  |TAMS 0x0000000764200000, 0x0000000764200000| Untracked 
|  26|0x0000000764400000, 0x0000000764400000, 0x0000000764600000|  0%| F|  |TAMS 0x0000000764400000, 0x0000000764400000| Untracked 
|  27|0x0000000764600000, 0x0000000764600000, 0x0000000764800000|  0%| F|  |TAMS 0x0000000764600000, 0x0000000764600000| Untracked 
|  28|0x0000000764800000, 0x0000000764800000, 0x0000000764a00000|  0%| F|  |TAMS 0x0000000764800000, 0x0000000764800000| Untracked 
|  29|0x0000000764a00000, 0x0000000764a00000, 0x0000000764c00000|  0%| F|  |TAMS 0x0000000764a00000, 0x0000000764a00000| Untracked 
|  30|0x0000000764c00000, 0x0000000764c00000, 0x0000000764e00000|  0%| F|  |TAMS 0x0000000764c00000, 0x0000000764c00000| Untracked 
|  31|0x0000000764e00000, 0x0000000764e00000, 0x0000000765000000|  0%| F|  |TAMS 0x0000000764e00000, 0x0000000764e00000| Untracked 
|  32|0x0000000765000000, 0x0000000765000000, 0x0000000765200000|  0%| F|  |TAMS 0x0000000765000000, 0x0000000765000000| Untracked 
|  33|0x0000000765200000, 0x0000000765200000, 0x0000000765400000|  0%| F|  |TAMS 0x0000000765200000, 0x0000000765200000| Untracked 
|  34|0x0000000765400000, 0x0000000765400000, 0x0000000765600000|  0%| F|  |TAMS 0x0000000765400000, 0x0000000765400000| Untracked 
|  35|0x0000000765600000, 0x0000000765600000, 0x0000000765800000|  0%| F|  |TAMS 0x0000000765600000, 0x0000000765600000| Untracked 
|  36|0x0000000765800000, 0x0000000765800000, 0x0000000765a00000|  0%| F|  |TAMS 0x0000000765800000, 0x0000000765800000| Untracked 
|  37|0x0000000765a00000, 0x0000000765a00000, 0x0000000765c00000|  0%| F|  |TAMS 0x0000000765a00000, 0x0000000765a00000| Untracked 
|  38|0x0000000765c00000, 0x0000000765c00000, 0x0000000765e00000|  0%| F|  |TAMS 0x0000000765c00000, 0x0000000765c00000| Untracked 
|  39|0x0000000765e00000, 0x0000000765e00000, 0x0000000766000000|  0%| F|  |TAMS 0x0000000765e00000, 0x0000000765e00000| Untracked 
|  40|0x0000000766000000, 0x0000000766000000, 0x0000000766200000|  0%| F|  |TAMS 0x0000000766000000, 0x0000000766000000| Untracked 
|  41|0x0000000766200000, 0x0000000766200000, 0x0000000766400000|  0%| F|  |TAMS 0x0000000766200000, 0x0000000766200000| Untracked 
|  42|0x0000000766400000, 0x0000000766400000, 0x0000000766600000|  0%| F|  |TAMS 0x0000000766400000, 0x0000000766400000| Untracked 
|  43|0x0000000766600000, 0x0000000766600000, 0x0000000766800000|  0%| F|  |TAMS 0x0000000766600000, 0x0000000766600000| Untracked 
|  44|0x0000000766800000, 0x0000000766800000, 0x0000000766a00000|  0%| F|  |TAMS 0x0000000766800000, 0x0000000766800000| Untracked 
|  45|0x0000000766a00000, 0x0000000766a00000, 0x0000000766c00000|  0%| F|  |TAMS 0x0000000766a00000, 0x0000000766a00000| Untracked 
|  46|0x0000000766c00000, 0x0000000766c00000, 0x0000000766e00000|  0%| F|  |TAMS 0x0000000766c00000, 0x0000000766c00000| Untracked 
|  47|0x0000000766e00000, 0x0000000766e00000, 0x0000000767000000|  0%| F|  |TAMS 0x0000000766e00000, 0x0000000766e00000| Untracked 
|  48|0x0000000767000000, 0x0000000767000000, 0x0000000767200000|  0%| F|  |TAMS 0x0000000767000000, 0x0000000767000000| Untracked 
|  49|0x0000000767200000, 0x0000000767200000, 0x0000000767400000|  0%| F|  |TAMS 0x0000000767200000, 0x0000000767200000| Untracked 
|  50|0x0000000767400000, 0x0000000767400000, 0x0000000767600000|  0%| F|  |TAMS 0x0000000767400000, 0x0000000767400000| Untracked 
|  51|0x0000000767600000, 0x0000000767600000, 0x0000000767800000|  0%| F|  |TAMS 0x0000000767600000, 0x0000000767600000| Untracked 
|  52|0x0000000767800000, 0x0000000767800000, 0x0000000767a00000|  0%| F|  |TAMS 0x0000000767800000, 0x0000000767800000| Untracked 
|  53|0x0000000767a00000, 0x0000000767a00000, 0x0000000767c00000|  0%| F|  |TAMS 0x0000000767a00000, 0x0000000767a00000| Untracked 
|  54|0x0000000767c00000, 0x0000000767c00000, 0x0000000767e00000|  0%| F|  |TAMS 0x0000000767c00000, 0x0000000767c00000| Untracked 
|  55|0x0000000767e00000, 0x0000000767e00000, 0x0000000768000000|  0%| F|  |TAMS 0x0000000767e00000, 0x0000000767e00000| Untracked 
|  56|0x0000000768000000, 0x0000000768000000, 0x0000000768200000|  0%| F|  |TAMS 0x0000000768000000, 0x0000000768000000| Untracked 
|  57|0x0000000768200000, 0x0000000768200000, 0x0000000768400000|  0%| F|  |TAMS 0x0000000768200000, 0x0000000768200000| Untracked 
|  58|0x0000000768400000, 0x0000000768600000, 0x0000000768600000|100%| S|CS|TAMS 0x0000000768400000, 0x0000000768400000| Complete 
|  59|0x0000000768600000, 0x0000000768800000, 0x0000000768800000|100%| S|CS|TAMS 0x0000000768600000, 0x0000000768600000| Complete 
|  60|0x0000000768800000, 0x0000000768a00000, 0x0000000768a00000|100%| S|CS|TAMS 0x0000000768800000, 0x0000000768800000| Complete 
|  61|0x0000000768a00000, 0x0000000768a00000, 0x0000000768c00000|  0%| F|  |TAMS 0x0000000768a00000, 0x0000000768a00000| Untracked 
|  62|0x0000000768c00000, 0x0000000768c00000, 0x0000000768e00000|  0%| F|  |TAMS 0x0000000768c00000, 0x0000000768c00000| Untracked 
|  63|0x0000000768e00000, 0x0000000768e00000, 0x0000000769000000|  0%| F|  |TAMS 0x0000000768e00000, 0x0000000768e00000| Untracked 
|  64|0x0000000769000000, 0x0000000769000000, 0x0000000769200000|  0%| F|  |TAMS 0x0000000769000000, 0x0000000769000000| Untracked 
|  65|0x0000000769200000, 0x000000076939ab28, 0x0000000769400000| 80%| E|  |TAMS 0x0000000769200000, 0x0000000769200000| Complete 
|  66|0x0000000769400000, 0x0000000769600000, 0x0000000769600000|100%| E|CS|TAMS 0x0000000769400000, 0x0000000769400000| Complete 
|  67|0x0000000769600000, 0x0000000769800000, 0x0000000769800000|100%| E|CS|TAMS 0x0000000769600000, 0x0000000769600000| Complete 
|  68|0x0000000769800000, 0x0000000769a00000, 0x0000000769a00000|100%| E|CS|TAMS 0x0000000769800000, 0x0000000769800000| Complete 
|  69|0x0000000769a00000, 0x0000000769c00000, 0x0000000769c00000|100%| E|CS|TAMS 0x0000000769a00000, 0x0000000769a00000| Complete 
|  70|0x0000000769c00000, 0x0000000769e00000, 0x0000000769e00000|100%| E|CS|TAMS 0x0000000769c00000, 0x0000000769c00000| Complete 
|  71|0x0000000769e00000, 0x000000076a000000, 0x000000076a000000|100%| E|CS|TAMS 0x0000000769e00000, 0x0000000769e00000| Complete 
|  72|0x000000076a000000, 0x000000076a200000, 0x000000076a200000|100%| E|CS|TAMS 0x000000076a000000, 0x000000076a000000| Complete 
|  73|0x000000076a200000, 0x000000076a400000, 0x000000076a400000|100%| E|CS|TAMS 0x000000076a200000, 0x000000076a200000| Complete 
|  74|0x000000076a400000, 0x000000076a600000, 0x000000076a600000|100%| E|CS|TAMS 0x000000076a400000, 0x000000076a400000| Complete 
|  75|0x000000076a600000, 0x000000076a800000, 0x000000076a800000|100%| E|CS|TAMS 0x000000076a600000, 0x000000076a600000| Complete 
|  76|0x000000076a800000, 0x000000076aa00000, 0x000000076aa00000|100%| E|CS|TAMS 0x000000076a800000, 0x000000076a800000| Complete 
|  77|0x000000076aa00000, 0x000000076ac00000, 0x000000076ac00000|100%| E|CS|TAMS 0x000000076aa00000, 0x000000076aa00000| Complete 
|  78|0x000000076ac00000, 0x000000076ae00000, 0x000000076ae00000|100%| E|CS|TAMS 0x000000076ac00000, 0x000000076ac00000| Complete 
|  79|0x000000076ae00000, 0x000000076b000000, 0x000000076b000000|100%| E|CS|TAMS 0x000000076ae00000, 0x000000076ae00000| Complete 

Card table byte_map: [0x000002515e910000,0x000002515ee10000] _byte_map_base: 0x000002515ae08000

Marking Bits (Prev, Next): (CMBitMap*) 0x0000025146ef52c0, (CMBitMap*) 0x0000025146ef5300
 Prev Bits: [0x000002515f310000, 0x0000025161ad0000)
 Next Bits: [0x0000025161ad0000, 0x0000025164290000)

Polling page: 0x0000025144ce0000

Metaspace:

Usage:
  Non-class:     16.33 MB capacity,    16.15 MB ( 99%) used,   164.77 KB ( <1%) free+waste,    26.56 KB ( <1%) overhead. 
      Class:      2.83 MB capacity,     2.73 MB ( 96%) used,    93.77 KB (  3%) free+waste,    11.50 KB ( <1%) overhead. 
       Both:     19.17 MB capacity,    18.88 MB ( 98%) used,   258.54 KB (  1%) free+waste,    38.06 KB ( <1%) overhead. 

Virtual space:
  Non-class space:       18.00 MB reserved,      16.50 MB ( 92%) committed 
      Class space:        1.00 GB reserved,       2.88 MB ( <1%) committed 
             Both:        1.02 GB reserved,      19.38 MB (  2%) committed 

Chunk freelists:
   Non-Class:  44.00 KB
       Class:  9.00 KB
        Both:  53.00 KB

MaxMetaspaceSize: 17179869184.00 GB
CompressedClassSpaceSize: 1.00 GB

CodeHeap 'non-profiled nmethods': size=120000Kb used=1342Kb max_used=1342Kb free=118657Kb
 bounds [0x0000025156bb0000, 0x0000025156e20000, 0x000002515e0e0000]
CodeHeap 'profiled nmethods': size=120000Kb used=6200Kb max_used=6200Kb free=113799Kb
 bounds [0x000002514f680000, 0x000002514fc90000, 0x0000025156bb0000]
CodeHeap 'non-nmethods': size=5760Kb used=1472Kb max_used=1499Kb free=4287Kb
 bounds [0x000002514f0e0000, 0x000002514f350000, 0x000002514f680000]
 total_blobs=4067 nmethods=3257 adapters=721
 compilation: enabled
              stopped_count=0, restarted_count=0
 full_count=0

Compilation events (20 events):
Event: 2.709 Thread 0x0000025166d073b0 3247       3       com.sun.prism.impl.ps.BaseShaderContext::getStockShaderIndex (57 bytes)
Event: 2.709 Thread 0x0000025166d073b0 nmethod 3247 0x000002514fc8b610 code [0x000002514fc8b7c0, 0x000002514fc8bb98]
Event: 2.709 Thread 0x0000025166d073b0 3248       3       com.sun.prism.impl.ps.BaseShaderContext::updatePaintShader (157 bytes)
Event: 2.709 Thread 0x0000025166d073b0 nmethod 3248 0x000002514fc8bd10 code [0x000002514fc8bf40, 0x000002514fc8c6c8]
Event: 2.709 Thread 0x0000025166d073b0 3250       3       com.sun.prism.d3d.D3DTexture::getContext (17 bytes)
Event: 2.710 Thread 0x0000025166d073b0 nmethod 3250 0x000002514fc8c910 code [0x000002514fc8cae0, 0x000002514fc8d088]
Event: 2.710 Thread 0x0000025166d073b0 3255       3       com.sun.prism.d3d.D3DRTTexture::isMSAA (25 bytes)
Event: 2.710 Thread 0x0000025166d073b0 nmethod 3255 0x000002514fc8d290 code [0x000002514fc8d460, 0x000002514fc8d9c8]
Event: 2.710 Thread 0x0000025166d073b0 3252       1       com.sun.scenario.effect.impl.EffectPeer::getRenderState (5 bytes)
Event: 2.710 Thread 0x0000025166d073b0 nmethod 3252 0x0000025156cfec90 code [0x0000025156cfee20, 0x0000025156cfeed8]
Event: 2.710 Thread 0x0000025166d073b0 3261       1       com.sun.scenario.effect.ImageData::getUntransformedImage (5 bytes)
Event: 2.710 Thread 0x0000025166d073b0 nmethod 3261 0x0000025156cfef90 code [0x0000025156cff120, 0x0000025156cff1d8]
Event: 2.710 Thread 0x0000025166d073b0 3260       1       com.sun.scenario.effect.FilterContext::getReferent (5 bytes)
Event: 2.710 Thread 0x0000025166d073b0 nmethod 3260 0x0000025156cff290 code [0x0000025156cff420, 0x0000025156cff4d8]
Event: 2.710 Thread 0x0000025166d073b0 3262       3       com.sun.prism.impl.VertexBuffer::setPerVertexColor (63 bytes)
Event: 2.710 Thread 0x0000025166d073b0 nmethod 3262 0x000002514fc8db90 code [0x000002514fc8dd60, 0x000002514fc8df78]
Event: 2.710 Thread 0x0000025166d073b0 3259       1       com.sun.prism.paint.Gradient::getNumStops (5 bytes)
Event: 2.710 Thread 0x0000025166d073b0 nmethod 3259 0x0000025156cff590 code [0x0000025156cff720, 0x0000025156cff7d8]
Event: 2.710 Thread 0x0000025166d073b0 3257       1       java.util.concurrent.locks.AbstractOwnableSynchronizer::getExclusiveOwnerThread (5 bytes)
Event: 2.710 Thread 0x0000025166d073b0 nmethod 3257 0x0000025156cff890 code [0x0000025156cffa20, 0x0000025156cffad8]

GC Heap History (4 events):
Event: 0.767 GC heap before
{Heap before GC invocations=0 (full 0):
 garbage-first heap   total 163840K, used 22528K [0x0000000761000000, 0x0000000800000000)
  region size 2048K, 11 young (22528K), 0 survivors (0K)
 Metaspace       used 5520K, capacity 7428K, committed 7552K, reserved 1056768K
  class space    used 675K, capacity 830K, committed 896K, reserved 1048576K
}
Event: 0.770 GC heap after
{Heap after GC invocations=1 (full 0):
 garbage-first heap   total 163840K, used 2682K [0x0000000761000000, 0x0000000800000000)
  region size 2048K, 2 young (4096K), 2 survivors (4096K)
 Metaspace       used 5520K, capacity 7428K, committed 7552K, reserved 1056768K
  class space    used 675K, capacity 830K, committed 896K, reserved 1048576K
}
Event: 1.604 GC heap before
{Heap before GC invocations=1 (full 0):
 garbage-first heap   total 163840K, used 35450K [0x0000000761000000, 0x0000000800000000)
  region size 2048K, 19 young (38912K), 2 survivors (4096K)
 Metaspace       used 14609K, capacity 14882K, committed 15104K, reserved 1062912K
  class space    used 2136K, capacity 2221K, committed 2304K, reserved 1048576K
}
Event: 1.611 GC heap after
{Heap after GC invocations=2 (full 0):
 garbage-first heap   total 163840K, used 7064K [0x0000000761000000, 0x0000000800000000)
  region size 2048K, 3 young (6144K), 3 survivors (6144K)
 Metaspace       used 14609K, capacity 14882K, committed 15104K, reserved 1062912K
  class space    used 2136K, capacity 2221K, committed 2304K, reserved 1048576K
}

Deoptimization events (20 events):
Event: 2.685 Thread 0x000002516870e4d0 DEOPT PACKING pc=0x000002514fc0b75c sp=0x000000a671ffdb30
Event: 2.685 Thread 0x000002516870e4d0 DEOPT UNPACKING pc=0x000002514f12e23f sp=0x000000a671ffcf98 mode 0
Event: 2.686 Thread 0x000002516870e4d0 DEOPT PACKING pc=0x000002514fc0b69f sp=0x000000a671ffdb30
Event: 2.686 Thread 0x000002516870e4d0 DEOPT UNPACKING pc=0x000002514f12e23f sp=0x000000a671ffcf88 mode 0
Event: 2.686 Thread 0x000002516870e4d0 DEOPT PACKING pc=0x000002514fc0b75c sp=0x000000a671ffdb30
Event: 2.686 Thread 0x000002516870e4d0 DEOPT UNPACKING pc=0x000002514f12e23f sp=0x000000a671ffcf98 mode 0
Event: 2.686 Thread 0x000002516870e4d0 DEOPT PACKING pc=0x000002514fc0b69f sp=0x000000a671ffdb30
Event: 2.686 Thread 0x000002516870e4d0 DEOPT UNPACKING pc=0x000002514f12e23f sp=0x000000a671ffcf88 mode 0
Event: 2.687 Thread 0x000002516870e4d0 DEOPT PACKING pc=0x000002514fc0b75c sp=0x000000a671ffdb30
Event: 2.687 Thread 0x000002516870e4d0 DEOPT UNPACKING pc=0x000002514f12e23f sp=0x000000a671ffcf98 mode 0
Event: 2.687 Thread 0x000002516870e4d0 DEOPT PACKING pc=0x000002514fc0b69f sp=0x000000a671ffdb30
Event: 2.687 Thread 0x000002516870e4d0 DEOPT UNPACKING pc=0x000002514f12e23f sp=0x000000a671ffcf88 mode 0
Event: 2.687 Thread 0x000002516870e4d0 DEOPT PACKING pc=0x000002514fc0b69f sp=0x000000a671ffdb30
Event: 2.687 Thread 0x000002516870e4d0 DEOPT UNPACKING pc=0x000002514f12e23f sp=0x000000a671ffcf88 mode 0
Event: 2.687 Thread 0x000002516870e4d0 DEOPT PACKING pc=0x000002514fc0b75c sp=0x000000a671ffdb30
Event: 2.687 Thread 0x000002516870e4d0 DEOPT UNPACKING pc=0x000002514f12e23f sp=0x000000a671ffcf98 mode 0
Event: 2.687 Thread 0x000002516870e4d0 DEOPT PACKING pc=0x000002514fc0b75c sp=0x000000a671ffdb30
Event: 2.687 Thread 0x000002516870e4d0 DEOPT UNPACKING pc=0x000002514f12e23f sp=0x000000a671ffcf98 mode 0
Event: 2.703 Thread 0x000002516870e4d0 DEOPT PACKING pc=0x000002514fc6eade sp=0x000000a671ffc190
Event: 2.703 Thread 0x000002516870e4d0 DEOPT UNPACKING pc=0x000002514f12e23f sp=0x000000a671ffb5c8 mode 0

Classes unloaded (0 events):
No events

Classes redefined (0 events):
No events

Internal exceptions (20 events):
Event: 0.833 Thread 0x000002516870db30 Exception <a 'java/lang/NullPointerException'{0x000000076aa06f08}> (0x000000076aa06f08) 
thrown [./open/src/hotspot/share/interpreter/linkResolver.cpp, line 1374]
Event: 0.838 Thread 0x000002516870db30 Exception <a 'java/lang/NoSuchMethodError'{0x000000076aa33d90}: 'void java.lang.invoke.DirectMethodHandle$Holder.invokeSpecial(java.lang.Object, java.lang.Object, java.lang.Object, java.lang.Object, java.lang.Object)'> (0x000000076aa33d90) 
thrown [./open/src/hotspot/share/interpreter/linkResolver.cpp, line 782]
Event: 0.849 Thread 0x000002516870db30 Exception <a 'sun/nio/fs/WindowsException'{0x000000076aa86910}> (0x000000076aa86910) 
thrown [./open/src/hotspot/share/prims/jni.cpp, line 578]
Event: 0.870 Thread 0x000002516870db30 Exception <a 'sun/nio/fs/WindowsException'{0x000000076ab15230}> (0x000000076ab15230) 
thrown [./open/src/hotspot/share/prims/jni.cpp, line 578]
Event: 0.879 Thread 0x000002516870db30 Exception <a 'java/lang/ClassNotFoundException'{0x000000076ab2f9e8}: sun/util/logging/resources/spi/loggingProvider> (0x000000076ab2f9e8) 
thrown [./open/src/hotspot/share/classfile/systemDictionary.cpp, line 295]
Event: 1.189 Thread 0x000002516870db30 Implicit null exception at 0x0000025156bd0fd8 to 0x0000025156bd106a
Event: 1.190 Thread 0x000002516870db30 Implicit null exception at 0x0000025156bcfd2f to 0x0000025156bcfda9
Event: 1.327 Thread 0x000002516870db30 Implicit null exception at 0x0000025156c18c2b to 0x0000025156c19204
Event: 1.458 Thread 0x000002516870db30 Exception <a 'java/lang/NoSuchMethodError'{0x0000000769143768}: 'int java.lang.invoke.DirectMethodHandle$Holder.invokeStaticInit(java.lang.Object, java.lang.Object)'> (0x0000000769143768) 
thrown [./open/src/hotspot/share/interpreter/linkResolver.cpp, line 782]
Event: 1.501 Thread 0x000002516870db30 Exception <a 'java/lang/NoSuchMethodError'{0x0000000768fee7e8}: 'void java.lang.invoke.DirectMethodHandle$Holder.invokeSpecial(java.lang.Object, java.lang.Object, java.lang.Object, java.lang.Object, java.lang.Object, java.lang.Object)'> (0x0000000768fee7e8) 
thrown [./open/src/hotspot/share/interpreter/linkResolver.cpp, line 782]
Event: 1.527 Thread 0x000002516870db30 Exception <a 'java/lang/NoSuchMethodError'{0x0000000768cdefe0}: 'java.lang.Object java.lang.invoke.DirectMethodHandle$Holder.invokeInterface(java.lang.Object, java.lang.Object, java.lang.Object)'> (0x0000000768cdefe0) 
thrown [./open/src/hotspot/share/interpreter/linkResolver.cpp, line 782]
Event: 1.528 Thread 0x000002516870db30 Exception <a 'java/lang/IncompatibleClassChangeError'{0x0000000768ce2b60}: Found class java.lang.Object, but interface was expected> (0x0000000768ce2b60) 
thrown [./open/src/hotspot/share/interpreter/linkResolver.cpp, line 848]
Event: 1.595 Thread 0x000002516870db30 Exception <a 'java/lang/NoSuchMethodError'{0x0000000768bac608}: 'void java.lang.invoke.DirectMethodHandle$Holder.invokeSpecialIFC(java.lang.Object, java.lang.Object, java.lang.Object, java.lang.Object)'> (0x0000000768bac608) 
thrown [./open/src/hotspot/share/interpreter/linkResolver.cpp, line 782]
Event: 1.603 Thread 0x000002516870db30 Exception <a 'java/lang/ClassNotFoundException'{0x0000000768bf2e98}: com/sun/javafx/scene/control/skin/resources/controls> (0x0000000768bf2e98) 
thrown [./open/src/hotspot/share/prims/jni.cpp, line 599]
Event: 1.611 Thread 0x000002516870db30 Exception <a 'java/lang/ClassNotFoundException'{0x000000076ae010e8}: com/sun/javafx/scene/control/skin/resources/controls_ru> (0x000000076ae010e8) 
thrown [./open/src/hotspot/share/prims/jni.cpp, line 599]
Event: 1.611 Thread 0x000002516870db30 Exception <a 'java/lang/ClassNotFoundException'{0x000000076ae02338}: com/sun/javafx/scene/control/skin/resources/controls_ru_RU> (0x000000076ae02338) 
thrown [./open/src/hotspot/share/prims/jni.cpp, line 599]
Event: 1.644 Thread 0x000002516870db30 Exception <a 'java/lang/NoSuchMethodError'{0x000000076ac3b938}: 'int java.lang.invoke.DirectMethodHandle$Holder.invokeSpecial(java.lang.Object, java.lang.Object, int)'> (0x000000076ac3b938) 
thrown [./open/src/hotspot/share/interpreter/linkResolver.cpp, line 782]
Event: 1.975 Thread 0x000002516870db30 Implicit null exception at 0x0000025156c7d1e2 to 0x0000025156c7dbb8
Event: 2.277 Thread 0x000002516870db30 Exception <a 'java/lang/NoSuchMethodError'{0x0000000769ac3e00}: 'java.lang.Object java.lang.invoke.DirectMethodHandle$Holder.newInvokeSpecial(java.lang.Object, java.lang.Object, int)'> (0x0000000769ac3e00) 
thrown [./open/src/hotspot/share/interpreter/linkResolver.cpp, line 782]
Event: 2.585 Thread 0x000002516870e4d0 Exception <a 'java/lang/NoSuchMethodError'{0x0000000769224e30}: 'java.lang.Object java.lang.invoke.DirectMethodHandle$Holder.invokeStaticInit(java.lang.Object, int)'> (0x0000000769224e30) 
thrown [./open/src/hotspot/share/interpreter/linkResolver.cpp, line 782]

Events (20 events):
Event: 2.475 loading class jdk/internal/misc/InnocuousThread$1 done
Event: 2.475 Thread 0x000002516870ccc0 Thread added: 0x000002516870ccc0
Event: 2.479 loading class jdk/internal/math/FDBigInteger
Event: 2.480 loading class jdk/internal/math/FDBigInteger done
Event: 2.484 loading class sun/misc/Unsafe
Event: 2.484 loading class sun/misc/Unsafe done
Event: 2.485 loading class jdk/internal/reflect/UnsafeQualifiedStaticObjectFieldAccessorImpl
Event: 2.485 loading class jdk/internal/reflect/UnsafeQualifiedStaticFieldAccessorImpl
Event: 2.485 loading class jdk/internal/reflect/UnsafeQualifiedStaticFieldAccessorImpl done
Event: 2.485 loading class jdk/internal/reflect/UnsafeQualifiedStaticObjectFieldAccessorImpl done
Event: 2.576 Loaded shared library C:\Users\相忮\.openjfx\cache\15.0.1\prism_d3d.dll
Event: 2.601 Executing VM operation: HandshakeAllThreads
Event: 2.601 Executing VM operation: HandshakeAllThreads done
Event: 2.625 Loaded shared library C:\Users\相忮\.openjfx\cache\15.0.1\prism_d3d.dll
Event: 2.661 Loaded shared library C:\Users\相忮\.openjfx\cache\15.0.1\prism_d3d.dll
Event: 2.700 Loaded shared library C:\Users\相忮\.openjfx\cache\15.0.1\prism_d3d.dll
Event: 2.708 Executing VM operation: ICBufferFull
Event: 2.708 Executing VM operation: ICBufferFull done
Event: 2.708 Executing VM operation: HandshakeAllThreads
Event: 2.708 Executing VM operation: HandshakeAllThreads done


Dynamic libraries:
0x00007ff6e1af0000 - 0x00007ff6e1afd000 	C:\proj\jdk-15.0.2\bin\java.exe
0x00007ffaf3ce0000 - 0x00007ffaf3ecd000 	C:\Windows\SYSTEM32\ntdll.dll
0x00007ffaf1b50000 - 0x00007ffaf1c04000 	C:\Windows\System32\KERNEL32.DLL
0x00007ffaf0790000 - 0x00007ffaf0a24000 	C:\Windows\System32\KERNELBASE.dll
0x00007ffaf05f0000 - 0x00007ffaf06ea000 	C:\Windows\System32\ucrtbase.dll
0x00007ffae7bc0000 - 0x00007ffae7bd8000 	C:\proj\jdk-15.0.2\bin\jli.dll
0x00007ffae66a0000 - 0x00007ffae66b9000 	C:\proj\jdk-15.0.2\bin\VCRUNTIME140.dll
0x00007ffaf1140000 - 0x00007ffaf12d7000 	C:\Windows\System32\USER32.dll
0x00007ffaf04f0000 - 0x00007ffaf0510000 	C:\Windows\System32\win32u.dll
0x00007ffaf25e0000 - 0x00007ffaf2609000 	C:\Windows\System32\GDI32.dll
0x00007ffadfea0000 - 0x00007ffae0119000 	C:\Windows\WinSxS\amd64_microsoft.windows.common-controls_6595b64144ccf1df_6.0.17763.2366_none_de735d0053496d5d\COMCTL32.dll
0x00007ffaf0c30000 - 0x00007ffaf0dcc000 	C:\Windows\System32\gdi32full.dll
0x00007ffaf1c70000 - 0x00007ffaf1d0e000 	C:\Windows\System32\msvcrt.dll
0x00007ffaf06f0000 - 0x00007ffaf0790000 	C:\Windows\System32\msvcp_win.dll
0x00007ffaf1460000 - 0x00007ffaf178d000 	C:\Windows\System32\combase.dll
0x00007ffaf3b90000 - 0x00007ffaf3caf000 	C:\Windows\System32\RPCRT4.dll
0x00007ffaf0e30000 - 0x00007ffaf0eb2000 	C:\Windows\System32\bcryptPrimitives.dll
0x00007ffaf20d0000 - 0x00007ffaf20fe000 	C:\Windows\System32\IMM32.DLL
0x00007ffaeb070000 - 0x00007ffaeb07c000 	C:\proj\jdk-15.0.2\bin\vcruntime140_1.dll
0x00007ffae0640000 - 0x00007ffae06d1000 	C:\proj\jdk-15.0.2\bin\msvcp140.dll
0x00007ffabe350000 - 0x00007ffabeeae000 	C:\proj\jdk-15.0.2\bin\server\jvm.dll
0x00007ffaf0f20000 - 0x00007ffaf0fc4000 	C:\Windows\System32\ADVAPI32.dll
0x00007ffaf1970000 - 0x00007ffaf1a0e000 	C:\Windows\System32\sechost.dll
0x00007ffaf20c0000 - 0x00007ffaf20c8000 	C:\Windows\System32\PSAPI.DLL
0x00007ffad52c0000 - 0x00007ffad52c9000 	C:\Windows\SYSTEM32\WSOCK32.dll
0x00007ffaed9a0000 - 0x00007ffaed9c4000 	C:\Windows\SYSTEM32\WINMM.dll
0x00007ffaf1ee0000 - 0x00007ffaf1f4d000 	C:\Windows\System32\WS2_32.dll
0x00007ffae9e40000 - 0x00007ffae9e4a000 	C:\Windows\SYSTEM32\VERSION.dll
0x00007ffaed950000 - 0x00007ffaed97d000 	C:\Windows\SYSTEM32\WINMMBASE.dll
0x00007ffaf0ec0000 - 0x00007ffaf0f0a000 	C:\Windows\System32\cfgmgr32.dll
0x00007ffaefd00000 - 0x00007ffaefd11000 	C:\Windows\System32\kernel.appcore.dll
0x00007ffae89b0000 - 0x00007ffae89ba000 	C:\proj\jdk-15.0.2\bin\jimage.dll
0x00007ffadfc90000 - 0x00007ffadfe7d000 	C:\Windows\SYSTEM32\DBGHELP.DLL
0x00007ffadf330000 - 0x00007ffadf35a000 	C:\Windows\SYSTEM32\dbgcore.DLL
0x00007ffae5550000 - 0x00007ffae555e000 	C:\proj\jdk-15.0.2\bin\instrument.dll
0x00007ffae5710000 - 0x00007ffae5735000 	C:\proj\jdk-15.0.2\bin\java.dll
0x00007ffaf2610000 - 0x00007ffaf3b09000 	C:\Windows\System32\SHELL32.dll
0x00007ffaf1fb0000 - 0x00007ffaf2058000 	C:\Windows\System32\shcore.dll
0x00007ffaefda0000 - 0x00007ffaf04ea000 	C:\Windows\System32\windows.storage.dll
0x00007ffaefcd0000 - 0x00007ffaefcf4000 	C:\Windows\System32\profapi.dll
0x00007ffaefd20000 - 0x00007ffaefd7d000 	C:\Windows\System32\powrprof.dll
0x00007ffaf1c10000 - 0x00007ffaf1c62000 	C:\Windows\System32\shlwapi.dll
0x00007ffaefd80000 - 0x00007ffaefd97000 	C:\Windows\System32\cryptsp.dll
0x00007ffae56f0000 - 0x00007ffae5709000 	C:\proj\jdk-15.0.2\bin\net.dll
0x00007ffae5910000 - 0x00007ffae5a01000 	C:\Windows\SYSTEM32\WINHTTP.dll
0x00007ffaef4a0000 - 0x00007ffaef507000 	C:\Windows\system32\mswsock.dll
0x00007ffae5560000 - 0x00007ffae5572000 	C:\proj\jdk-15.0.2\bin\nio.dll
0x00007ffae5120000 - 0x00007ffae5138000 	C:\proj\jdk-15.0.2\bin\zip.dll
0x00007ffae4670000 - 0x00007ffae468a000 	C:\Program Files\JetBrains\IntelliJ IDEA Community Edition 2021.1\bin\breakgen64.dll
0x0000025144e90000 - 0x0000025144e93000 	C:\Users\相忮\.openjfx\cache\15.0.1\api-ms-win-core-console-l1-1-0.dll
0x0000025144ea0000 - 0x0000025144ea3000 	C:\Users\相忮\.openjfx\cache\15.0.1\api-ms-win-core-console-l1-2-0.dll
0x0000025144eb0000 - 0x0000025144eb3000 	C:\Users\相忮\.openjfx\cache\15.0.1\api-ms-win-core-datetime-l1-1-0.dll
0x0000025144ec0000 - 0x0000025144ec3000 	C:\Users\相忮\.openjfx\cache\15.0.1\api-ms-win-core-debug-l1-1-0.dll
0x0000025146db0000 - 0x0000025146db3000 	C:\Users\相忮\.openjfx\cache\15.0.1\api-ms-win-core-errorhandling-l1-1-0.dll
0x0000025146dc0000 - 0x0000025146dc4000 	C:\Users\相忮\.openjfx\cache\15.0.1\api-ms-win-core-file-l1-1-0.dll
0x0000025146dd0000 - 0x0000025146dd3000 	C:\Users\相忮\.openjfx\cache\15.0.1\api-ms-win-core-file-l1-2-0.dll
0x0000025146de0000 - 0x0000025146de3000 	C:\Users\相忮\.openjfx\cache\15.0.1\api-ms-win-core-file-l2-1-0.dll
0x0000025146df0000 - 0x0000025146df3000 	C:\Users\相忮\.openjfx\cache\15.0.1\api-ms-win-core-handle-l1-1-0.dll
0x0000025146e00000 - 0x0000025146e03000 	C:\Users\相忮\.openjfx\cache\15.0.1\api-ms-win-core-heap-l1-1-0.dll
0x0000025146e10000 - 0x0000025146e13000 	C:\Users\相忮\.openjfx\cache\15.0.1\api-ms-win-core-interlocked-l1-1-0.dll
0x0000025146e20000 - 0x0000025146e23000 	C:\Users\相忮\.openjfx\cache\15.0.1\api-ms-win-core-libraryloader-l1-1-0.dll
0x0000025146e30000 - 0x0000025146e33000 	C:\Users\相忮\.openjfx\cache\15.0.1\api-ms-win-core-localization-l1-2-0.dll
0x0000025146e40000 - 0x0000025146e43000 	C:\Users\相忮\.openjfx\cache\15.0.1\api-ms-win-core-memory-l1-1-0.dll
0x0000025146e50000 - 0x0000025146e53000 	C:\Users\相忮\.openjfx\cache\15.0.1\api-ms-win-core-namedpipe-l1-1-0.dll
0x0000025146e60000 - 0x0000025146e63000 	C:\Users\相忮\.openjfx\cache\15.0.1\api-ms-win-core-processenvironment-l1-1-0.dll
0x0000025146e70000 - 0x0000025146e73000 	C:\Users\相忮\.openjfx\cache\15.0.1\api-ms-win-core-processthreads-l1-1-0.dll
0x00000251691e0000 - 0x00000251691e3000 	C:\Users\相忮\.openjfx\cache\15.0.1\api-ms-win-core-processthreads-l1-1-1.dll
0x00000251691f0000 - 0x00000251691f3000 	C:\Users\相忮\.openjfx\cache\15.0.1\api-ms-win-core-profile-l1-1-0.dll
0x0000025169200000 - 0x0000025169203000 	C:\Users\相忮\.openjfx\cache\15.0.1\api-ms-win-core-rtlsupport-l1-1-0.dll
0x00000251695a0000 - 0x00000251695a3000 	C:\Users\相忮\.openjfx\cache\15.0.1\api-ms-win-core-string-l1-1-0.dll
0x00000251695b0000 - 0x00000251695b3000 	C:\Users\相忮\.openjfx\cache\15.0.1\api-ms-win-core-synch-l1-1-0.dll
0x00000251695c0000 - 0x00000251695c3000 	C:\Users\相忮\.openjfx\cache\15.0.1\api-ms-win-core-synch-l1-2-0.dll
0x00000251695d0000 - 0x00000251695d3000 	C:\Users\相忮\.openjfx\cache\15.0.1\api-ms-win-core-sysinfo-l1-1-0.dll
0x0000025169210000 - 0x0000025169213000 	C:\Users\相忮\.openjfx\cache\15.0.1\api-ms-win-core-timezone-l1-1-0.dll
0x0000025169220000 - 0x0000025169223000 	C:\Users\相忮\.openjfx\cache\15.0.1\api-ms-win-core-util-l1-1-0.dll
0x0000025169230000 - 0x0000025169233000 	C:\Users\相忮\.openjfx\cache\15.0.1\api-ms-win-crt-conio-l1-1-0.dll
0x0000025169240000 - 0x0000025169244000 	C:\Users\相忮\.openjfx\cache\15.0.1\api-ms-win-crt-convert-l1-1-0.dll
0x0000025169250000 - 0x0000025169253000 	C:\Users\相忮\.openjfx\cache\15.0.1\api-ms-win-crt-environment-l1-1-0.dll
0x0000025169260000 - 0x0000025169263000 	C:\Users\相忮\.openjfx\cache\15.0.1\api-ms-win-crt-filesystem-l1-1-0.dll
0x0000025169270000 - 0x0000025169273000 	C:\Users\相忮\.openjfx\cache\15.0.1\api-ms-win-crt-heap-l1-1-0.dll
0x0000025169280000 - 0x0000025169283000 	C:\Users\相忮\.openjfx\cache\15.0.1\api-ms-win-crt-locale-l1-1-0.dll
0x0000025169290000 - 0x0000025169295000 	C:\Users\相忮\.openjfx\cache\15.0.1\api-ms-win-crt-math-l1-1-0.dll
0x00000251692a0000 - 0x00000251692a5000 	C:\Users\相忮\.openjfx\cache\15.0.1\api-ms-win-crt-multibyte-l1-1-0.dll
0x00000251692b0000 - 0x00000251692c0000 	C:\Users\相忮\.openjfx\cache\15.0.1\api-ms-win-crt-private-l1-1-0.dll
0x00000251692c0000 - 0x00000251692c3000 	C:\Users\相忮\.openjfx\cache\15.0.1\api-ms-win-crt-process-l1-1-0.dll
0x00000251692d0000 - 0x00000251692d4000 	C:\Users\相忮\.openjfx\cache\15.0.1\api-ms-win-crt-runtime-l1-1-0.dll
0x00000251692e0000 - 0x00000251692e4000 	C:\Users\相忮\.openjfx\cache\15.0.1\api-ms-win-crt-stdio-l1-1-0.dll
0x00000251692f0000 - 0x00000251692f4000 	C:\Users\相忮\.openjfx\cache\15.0.1\api-ms-win-crt-string-l1-1-0.dll
0x0000025169300000 - 0x0000025169303000 	C:\Users\相忮\.openjfx\cache\15.0.1\api-ms-win-crt-time-l1-1-0.dll
0x0000025169310000 - 0x0000025169313000 	C:\Users\相忮\.openjfx\cache\15.0.1\api-ms-win-crt-utility-l1-1-0.dll
0x00007ffae0b90000 - 0x00007ffae0c8c000 	C:\Users\相忮\.openjfx\cache\15.0.1\ucrtbase.dll
0x00007ffae8410000 - 0x00007ffae8425000 	C:\Users\相忮\.openjfx\cache\15.0.1\vcruntime140.dll
0x00007ffad48b0000 - 0x00007ffad494b000 	C:\Users\相忮\.openjfx\cache\15.0.1\msvcp140.dll
0x00007ffae7f50000 - 0x00007ffae7f73000 	C:\Users\相忮\.openjfx\cache\15.0.1\prism_d3d.dll
0x00007ffabc940000 - 0x00007ffabcade000 	C:\Windows\system32\d3d9.dll
0x00007ffaedfc0000 - 0x00007ffaedfee000 	C:\Windows\SYSTEM32\dwmapi.dll
0x00007ffaf0a30000 - 0x00007ffaf0c25000 	C:\Windows\System32\CRYPT32.dll
0x00007ffaefcb0000 - 0x00007ffaefcc2000 	C:\Windows\System32\MSASN1.dll
0x00007ffaedee0000 - 0x00007ffaedf7c000 	C:\Windows\system32\uxtheme.dll
0x00007ffae9f60000 - 0x00007ffaea13d000 	C:\Windows\System32\DriverStore\FileRepository\u0346830.inf_amd64_35731e557194973d\B345901\aticfx64.dll
0x00007ffae0ad0000 - 0x00007ffae0b00000 	C:\Windows\System32\DriverStore\FileRepository\u0346830.inf_amd64_35731e557194973d\B345901\atiu9p64.dll
0x00007ffa98ec0000 - 0x00007ffa99b8e000 	C:\Windows\System32\DriverStore\FileRepository\u0346830.inf_amd64_35731e557194973d\B345901\atiumd64.dll
0x00007ffaf1790000 - 0x00007ffaf18e6000 	C:\Windows\System32\ole32.dll
0x00000000583f0000 - 0x0000000059184000 	C:\Windows\System32\DriverStore\FileRepository\u0346830.inf_amd64_35731e557194973d\B345901\atiumd6a.dll
0x00007ffae5180000 - 0x00007ffae51c5000 	C:\Users\相忮\.openjfx\cache\15.0.1\glass.dll
0x00007ffaf1a20000 - 0x00007ffaf1b47000 	C:\Windows\System32\COMDLG32.dll
0x00007ffaf1390000 - 0x00007ffaf1454000 	C:\Windows\System32\OLEAUT32.dll
0x00007ffaf0fd0000 - 0x00007ffaf113b000 	C:\Windows\System32\MSCTF.dll
0x00007ffae7f30000 - 0x00007ffae7f44000 	C:\Users\相忮\.openjfx\cache\15.0.1\javafx_font.dll
0x00007ffae2380000 - 0x00007ffae2689000 	C:\Windows\SYSTEM32\dwrite.dll
0x00007ffaf12e0000 - 0x00007ffaf1382000 	C:\Windows\System32\clbcatq.dll
0x00007ffaeb4f0000 - 0x00007ffaeb6a8000 	C:\Windows\SYSTEM32\WindowsCodecs.dll
0x00007ffacb4b0000 - 0x00007ffacb507000 	C:\Windows\system32\dataexchange.dll
0x00007ffaecae0000 - 0x00007ffaecd5e000 	C:\Windows\system32\d3d11.dll
0x00007ffaed320000 - 0x00007ffaed4e3000 	C:\Windows\system32\dcomp.dll
0x00007ffaeea70000 - 0x00007ffaeeb32000 	C:\Windows\system32\dxgi.dll
0x00007ffaedff0000 - 0x00007ffaee1fc000 	C:\Windows\system32\twinapi.appcore.dll
0x00007ffaee200000 - 0x00007ffaee228000 	C:\Windows\system32\RMCLIENT.dll
0x00007ffae2830000 - 0x00007ffae2863000 	C:\Program Files\Common Files\Microsoft Shared\Ink\rtscom.dll
0x00007ffae44e0000 - 0x00007ffae4573000 	C:\Windows\System32\TextInputFramework.dll
0x00007ffaebb40000 - 0x00007ffaebe62000 	C:\Windows\System32\CoreUIComponents.dll
0x00007ffaed860000 - 0x00007ffaed941000 	C:\Windows\System32\CoreMessaging.dll
0x00007ffaeb9e0000 - 0x00007ffaebb31000 	C:\Windows\SYSTEM32\wintypes.dll
0x00007ffaeecf0000 - 0x00007ffaeed21000 	C:\Windows\SYSTEM32\ntmarta.dll
0x00007ffaecd60000 - 0x00007ffaed31e000 	C:\Windows\SYSTEM32\d2d1.dll
0x00007ffa91770000 - 0x00007ffa91eab000 	C:\Windows\SYSTEM32\D3D10Warp.dll

dbghelp: loaded successfully - version: 4.0.5 - missing functions: none
symbol engine: initialized successfully - sym options: 0x614 - pdb path: .;C:\proj\jdk-15.0.2\bin;C:\Windows\SYSTEM32;C:\Windows\WinSxS\amd64_microsoft.windows.common-controls_6595b64144ccf1df_6.0.17763.2366_none_de735d0053496d5d;C:\proj\jdk-15.0.2\bin\server;C:\Program Files\JetBrains\IntelliJ IDEA Community Edition 2021.1\bin;C:\Users\相忮\.openjfx\cache\15.0.1;C:\Windows\System32\DriverStore\FileRepository\u0346830.inf_amd64_35731e557194973d\B345901;C:\Program Files\Common Files\Microsoft Shared\Ink

VM Arguments:
jvm_args: -javaagent:C:\Program Files\JetBrains\IntelliJ IDEA Community Edition 2021.1\lib\idea_rt.jar=52725:C:\Program Files\JetBrains\IntelliJ IDEA Community Edition 2021.1\bin -Dfile.encoding=UTF-8 --module-path=C:\Users\相忮\.m2\repository\org\openjfx\javafx-graphics\15.0.1\javafx-graphics-15.0.1-win.jar;C:\Users\相忮\.m2\repository\org\openjfx\javafx-fxml\15.0.1\javafx-fxml-15.0.1-win.jar;C:\Users\相忮\.m2\repository\org\openjfx\javafx-controls\15.0.1\javafx-controls-15.0.1-win.jar;C:\Users\相忮\.m2\repository\org\openjfx\javafx-base\15.0.1\javafx-base-15.0.1-win.jar;C:\Users\相忮\IdeaProjects\fileMeneger_V2\target\classes -Djdk.module.main=com.example.filemeneger_v2 
java_command: com.example.filemeneger_v2/com.example.filemeneger_v2.HelloApplication
java_class_path (initial): C:\Users\相忮\.m2\repository\org\openjfx\javafx-controls\15.0.1\javafx-controls-15.0.1.jar;C:\Users\相忮\.m2\repository\org\openjfx\javafx-graphics\15.0.1\javafx-graphics-15.0.1.jar;C:\Users\相忮\.m2\repository\org\openjfx\javafx-base\15.0.1\javafx-base-15.0.1.jar;C:\Users\相忮\.m2\repository\org\openjfx\javafx-fxml\15.0.1\javafx-fxml-15.0.1.jar
Launcher Type: SUN_STANDARD

[Global flags]
     intx CICompilerCount                          = 4                                         {product} {ergonomic}
     uint ConcGCThreads                            = 2                                         {product} {ergonomic}
     uint G1ConcRefinementThreads                  = 8                                         {product} {ergonomic}
   size_t G1HeapRegionSize                         = 2097152                                   {product} {ergonomic}
    uintx GCDrainStackTargetSize                   = 64                                        {product} {ergonomic}
   size_t InitialHeapSize                          = 167772160                                 {product} {ergonomic}
   size_t MarkStackSize                            = 4194304                                   {product} {ergonomic}
   size_t MaxHeapSize                              = 2667577344                                {product} {ergonomic}
   size_t MaxNewSize                               = 1600126976                                {product} {ergonomic}
   size_t MinHeapDeltaBytes                        = 2097152                                   {product} {ergonomic}
   size_t MinHeapSize                              = 8388608                                   {product} {ergonomic}
    uintx NonNMethodCodeHeapSize                   = 5839372                                {pd product} {ergonomic}
    uintx NonProfiledCodeHeapSize                  = 122909434                              {pd product} {ergonomic}
    uintx ProfiledCodeHeapSize                     = 122909434                              {pd product} {ergonomic}
    uintx ReservedCodeCacheSize                    = 251658240                              {pd product} {ergonomic}
     bool SegmentedCodeCache                       = true                                      {product} {ergonomic}
   size_t SoftMaxHeapSize                          = 2667577344                             {manageable} {ergonomic}
     bool UseCompressedClassPointers               = true                                 {lp64_product} {ergonomic}
     bool UseCompressedOops                        = true                                 {lp64_product} {ergonomic}
     bool UseG1GC                                  = true                                      {product} {ergonomic}
     bool UseLargePagesIndividualAllocation        = false                                  {pd product} {ergonomic}

Logging:
Log output configuration:
 #0: stdout all=warning uptime,level,tags
 #1: stderr all=off uptime,level,tags

Environment Variables:
JAVA_HOME=C:\proj\jdk-15.0.2
PATH=C:\Program Files (x86)\NVIDIA Corporation\PhysX\Common;C:\Program Files (x86)\Common Files\Oracle\Java\javapath;C:\Windows\system32;C:\Windows;C:\Windows\System32\Wbem;C:\Windows\System32\WindowsPowerShell\v1.0\;C:\Windows\System32\OpenSSH\;C:\Program Files (x86)\Windows Kits\8.1\Windows Performance Toolkit\;C:\Program Files\Git\cmd;C:\proj\jdk-15.0.2\bin;C:\Program Files\PuTTY\;C:\Program Files\MySQL\MySQL Shell 8.0\bin\;C:\Users\相忮\AppData\Local\Microsoft\WindowsApps;C:\Users\相忮\AppData\Local\Programs\Microsoft VS Code\bin;
USERNAME=相忮
OS=Windows_NT
PROCESSOR_IDENTIFIER=AMD64 Family 23 Model 24 Stepping 1, AuthenticAMD



---------------  S Y S T E M  ---------------

OS:
 Windows 10 , 64 bit Build 17763 (10.0.17763.2300)
OS uptime: 13 days 4:46 hours

CPU: total 8 (initial active 8) (8 cores per cpu, 2 threads per core) family 23 model 24 stepping 1 microcode 0x0, cmov, cx8, fxsr, mmx, sse, sse2, sse3, ssse3, sse4.1, sse4.2, popcnt, vzeroupper, avx, avx2, aes, clmul, 3dnowpref, lzcnt, sse4a, ht, tsc, tscinvbit, tscinv, bmi1, bmi2, adx, sha, fma, clflush, clflushopt

Memory: 4k page, system-wide physical 10170M (2920M free)
TotalPageFile size 12218M (AvailPageFile size 5M)
current process WorkingSet (physical memory assigned to process): 186M, peak: 188M
current process commit charge ("private bytes"): 373M, peak: 375M

vm_info: OpenJDK 64-Bit Server VM (15.0.2+7-27) for windows-amd64 JRE (15.0.2+7-27), built on Dec  7 2020 20:02:38 by "mach5one" with unknown MS VC++:1925

END.
