#
# There is insufficient memory for the Java Runtime Environment to continue.
# Native memory allocation (malloc) failed to allocate 1159456 bytes for Chunk::new
# Possible reasons:
#   The system is out of physical RAM or swap space
#   The process is running with CompressedOops enabled, and the Java Heap may be blocking the growth of the native heap
# Possible solutions:
#   Reduce memory load on the system
#   Increase physical memory or swap space
#   Check if swap backing store is full
#   Decrease Java heap size (-Xmx/-Xms)
#   Decrease number of Java threads
#   Decrease Java thread stack sizes (-Xss)
#   Set larger code cache with -XX:ReservedCodeCacheSize=
#   JVM is running with Zero Based Compressed Oops mode in which the Java heap is
#     placed in the first 32GB address space. The Java Heap base address is the
#     maximum limit for the native heap growth. Please use -XX:HeapBaseMinAddress
#     to set the Java Heap base and to place the Java Heap above 32GB virtual address.
# This output file may be truncated or incomplete.
#
#  Out of Memory Error (./open/src/hotspot/share/memory/arena.cpp:195), pid=18752, tid=21740
#
# JRE version: OpenJDK Runtime Environment (15.0.2+7) (build 15.0.2+7-27)
# Java VM: OpenJDK 64-Bit Server VM (15.0.2+7-27, mixed mode, sharing, tiered, compressed oops, g1 gc, windows-amd64)
# No core dump will be written. Minidumps are not enabled by default on client versions of Windows
#

---------------  S U M M A R Y ------------

Command Line: -javaagent:C:\Program Files\JetBrains\IntelliJ IDEA Community Edition 2021.1\lib\idea_rt.jar=51652:C:\Program Files\JetBrains\IntelliJ IDEA Community Edition 2021.1\bin -Dfile.encoding=UTF-8 --module-path=C:\Users\相忮\IdeaProjects\fileMeneger_V2\target\classes;C:\Users\相忮\.m2\repository\org\openjfx\javafx-graphics\15.0.1\javafx-graphics-15.0.1-win.jar;C:\Users\相忮\.m2\repository\org\openjfx\javafx-base\15.0.1\javafx-base-15.0.1-win.jar;C:\Users\相忮\.m2\repository\org\openjfx\javafx-controls\15.0.1\javafx-controls-15.0.1-win.jar;C:\Users\相忮\.m2\repository\org\openjfx\javafx-fxml\15.0.1\javafx-fxml-15.0.1-win.jar -Djdk.module.main=com.example.filemeneger_v2 com.example.filemeneger_v2/com.example.filemeneger_v2.HelloApplication

Host: AMD Ryzen 5 3500U with Radeon Vega Mobile Gfx  , 8 cores, 9G,  Windows 10 , 64 bit Build 17763 (10.0.17763.2300)
Time: Mon Dec  5 18:20:07 2022 RTZ 2 (ceia) elapsed time: 2.442391 seconds (0d 0h 0m 2s)

---------------  T H R E A D  ---------------

Current thread (0x0000025ed0f72f70):  JavaThread "C2 CompilerThread2" daemon [_thread_in_native, id=21740, stack(0x000000aebd900000,0x000000aebda00000)]


Current CompileTask:
C2:   2442 2771   !   4       javafx.scene.CssStyleHelper::transitionToState (1021 bytes)

Stack: [0x000000aebd900000,0x000000aebda00000]
Native frames: (J=compiled Java code, j=interpreted, Vv=VM code, C=native code)
V  [jvm.dll+0x62ae9a]
V  [jvm.dll+0x7817a9]
V  [jvm.dll+0x782f03]
V  [jvm.dll+0x783563]
V  [jvm.dll+0x216325]
V  [jvm.dll+0x97f3a]
V  [jvm.dll+0x9861c]
V  [jvm.dll+0x279f9f]
V  [jvm.dll+0x540794]
V  [jvm.dll+0x1f3124]
V  [jvm.dll+0x1ecaf1]
V  [jvm.dll+0x1e9867]
V  [jvm.dll+0x178567]
V  [jvm.dll+0x1f9225]
V  [jvm.dll+0x1f72cc]
V  [jvm.dll+0x74495d]
V  [jvm.dll+0x73d75a]
V  [jvm.dll+0x629c56]
C  [ucrtbase.dll+0x2268a]
C  [KERNEL32.DLL+0x17974]
C  [ntdll.dll+0x5a2f1]


---------------  P R O C E S S  ---------------

Threads class SMR info:
_java_thread_list=0x0000025ed97064a0, length=20, elements={
0x0000025eb11450e0, 0x0000025ed0f42860, 0x0000025ed0f44320, 0x0000025ed0f59f80,
0x0000025ed0f5ca40, 0x0000025ed0f5d4f0, 0x0000025ed0f60f50, 0x0000025ed0f743b0,
0x0000025ed0f8b430, 0x0000025ed19630f0, 0x0000025ed0f757f0, 0x0000025ed1cc7050,
0x0000025ed1cc7520, 0x0000025ed2302a50, 0x0000025ed2d47c70, 0x0000025ed30d8110,
0x0000025ed3436790, 0x0000025ed273cf70, 0x0000025ed0f72f70, 0x0000025ed91f3fa0
}

Java Threads: ( => current thread )
  0x0000025eb11450e0 JavaThread "main" [_thread_blocked, id=21352, stack(0x000000aebb300000,0x000000aebb400000)]
  0x0000025ed0f42860 JavaThread "Reference Handler" daemon [_thread_blocked, id=20824, stack(0x000000aebba00000,0x000000aebbb00000)]
  0x0000025ed0f44320 JavaThread "Finalizer" daemon [_thread_blocked, id=20988, stack(0x000000aebbb00000,0x000000aebbc00000)]
  0x0000025ed0f59f80 JavaThread "Signal Dispatcher" daemon [_thread_blocked, id=14880, stack(0x000000aebbc00000,0x000000aebbd00000)]
  0x0000025ed0f5ca40 JavaThread "Attach Listener" daemon [_thread_blocked, id=16772, stack(0x000000aebbd00000,0x000000aebbe00000)]
  0x0000025ed0f5d4f0 JavaThread "Service Thread" daemon [_thread_blocked, id=6300, stack(0x000000aebbe00000,0x000000aebbf00000)]
  0x0000025ed0f60f50 JavaThread "C2 CompilerThread0" daemon [_thread_in_native, id=21492, stack(0x000000aebbf00000,0x000000aebc000000)]
  0x0000025ed0f743b0 JavaThread "C1 CompilerThread0" daemon [_thread_blocked, id=11140, stack(0x000000aebc000000,0x000000aebc100000)]
  0x0000025ed0f8b430 JavaThread "Sweeper thread" daemon [_thread_blocked, id=12644, stack(0x000000aebc100000,0x000000aebc200000)]
  0x0000025ed19630f0 JavaThread "Common-Cleaner" daemon [_thread_blocked, id=10488, stack(0x000000aebc200000,0x000000aebc300000)]
  0x0000025ed0f757f0 JavaThread "C2 CompilerThread1" daemon [_thread_in_native, id=21752, stack(0x000000aebc300000,0x000000aebc400000)]
  0x0000025ed1cc7050 JavaThread "Monitor Ctrl-Break" daemon [_thread_in_native, id=18676, stack(0x000000aebc500000,0x000000aebc600000)]
  0x0000025ed1cc7520 JavaThread "Notification Thread" daemon [_thread_blocked, id=22480, stack(0x000000aebc600000,0x000000aebc700000)]
  0x0000025ed2302a50 JavaThread "QuantumRenderer-0" daemon [_thread_in_native, id=20376, stack(0x000000aebc800000,0x000000aebc900000)]
  0x0000025ed2d47c70 JavaThread "InvokeLaterDispatcher" daemon [_thread_blocked, id=11460, stack(0x000000aebcb00000,0x000000aebcc00000)]
  0x0000025ed30d8110 JavaThread "JavaFX Application Thread" [_thread_blocked, id=19800, stack(0x000000aebcc00000,0x000000aebcd00000)]
  0x0000025ed3436790 JavaThread "Thread-1" daemon [_thread_in_native, id=4264, stack(0x000000aebd300000,0x000000aebd400000)]
  0x0000025ed273cf70 JavaThread "JavaFX-Launcher" [_thread_blocked, id=18848, stack(0x000000aebc400000,0x000000aebc500000)]
=>0x0000025ed0f72f70 JavaThread "C2 CompilerThread2" daemon [_thread_in_native, id=21740, stack(0x000000aebd900000,0x000000aebda00000)]
  0x0000025ed91f3fa0 JavaThread "Prism Font Disposer" daemon [_thread_blocked, id=17164, stack(0x000000aebdb00000,0x000000aebdc00000)]

Other Threads:
  0x0000025ed0f3cfc0 VMThread "VM Thread" [stack: 0x000000aebb900000,0x000000aebba00000] [id=4384]
  0x0000025eb1146290 WatcherThread [stack: 0x000000aebc700000,0x000000aebc800000] [id=14016]
  0x0000025eb11826d0 GCTaskThread "GC Thread#0" [stack: 0x000000aebb400000,0x000000aebb500000] [id=15368]
  0x0000025ed1ee8560 GCTaskThread "GC Thread#1" [stack: 0x000000aebd400000,0x000000aebd500000] [id=8592]
  0x0000025ed1ee8230 GCTaskThread "GC Thread#2" [stack: 0x000000aebd500000,0x000000aebd600000] [id=7364]
  0x0000025ed1ee8890 GCTaskThread "GC Thread#3" [stack: 0x000000aebd600000,0x000000aebd700000] [id=18740]
  0x0000025ed1ee6f10 GCTaskThread "GC Thread#4" [stack: 0x000000aebd700000,0x000000aebd800000] [id=20016]
  0x0000025ed1ee78a0 GCTaskThread "GC Thread#5" [stack: 0x000000aebd800000,0x000000aebd900000] [id=7804]
  0x0000025eb118d8a0 ConcurrentGCThread "G1 Main Marker" [stack: 0x000000aebb500000,0x000000aebb600000] [id=3400]
  0x0000025eb11900e0 ConcurrentGCThread "G1 Conc#0" [stack: 0x000000aebb600000,0x000000aebb700000] [id=20812]
  0x0000025ed0dc0090 ConcurrentGCThread "G1 Refine#0" [stack: 0x000000aebb700000,0x000000aebb800000] [id=18720]
  0x0000025ed0dc0d10 ConcurrentGCThread "G1 Young RemSet Sampling" [stack: 0x000000aebb800000,0x000000aebb900000] [id=21604]

Threads with active compile tasks:
C2 CompilerThread0     2457 2838   !   4       com.sun.javafx.css.StyleManager::findMatchingStyles (1267 bytes)
C2 CompilerThread1     2457 2804       4       com.sun.javafx.scene.NodeHelper::markDirtyImpl (11 bytes)
C2 CompilerThread2     2457 2771   !   4       javafx.scene.CssStyleHelper::transitionToState (1021 bytes)

VM state: not at safepoint (normal execution)

VM Mutex/Monitor currently owned by a thread: None

Heap address: 0x0000000761000000, size: 2544 MB, Compressed Oops mode: Zero based, Oop shift amount: 3
CDS archive(s) mapped at: [0x0000000800000000-0x0000000800b50000-0x0000000800b50000), size 11862016, SharedBaseAddress: 0x0000000800000000, ArchiveRelocationMode: 0.
Compressed class space mapped at: 0x0000000800b50000-0x0000000840b50000, size: 1073741824
Narrow klass base: 0x0000000800000000, Narrow klass shift: 3, Narrow klass range: 0x100000000

GC Precious Log:
 CPUs: 8 total, 8 available
 Memory: 10170M
 Large Page Support: Disabled
 NUMA Support: Disabled
 Compressed Oops: Enabled (Zero based)
 Heap Region Size: 2M
 Heap Min Capacity: 8M
 Heap Initial Capacity: 160M
 Heap Max Capacity: 2544M
 Pre-touch: Disabled
 Parallel Workers: 8
 Concurrent Workers: 2
 Concurrent Refinement Workers: 8
 Periodic GC: Disabled

Heap:
 garbage-first heap   total 163840K, used 35653K [0x0000000761000000, 0x0000000800000000)
  region size 2048K, 18 young (36864K), 3 survivors (6144K)
 Metaspace       used 18485K, capacity 18734K, committed 18944K, reserved 1064960K
  class space    used 2701K, capacity 2800K, committed 2816K, reserved 1048576K

Heap Regions: E=young(eden), S=young(survivor), O=old, HS=humongous(starts), HC=humongous(continues), CS=collection set, F=free, OA=open archive, CA=closed archive, TAMS=top-at-mark-start (previous, next)
|   0|0x0000000761000000, 0x00000007610d1400, 0x0000000761200000| 40%| O|  |TAMS 0x0000000761000000, 0x0000000761000000| Untracked 
|   1|0x0000000761200000, 0x0000000761200000, 0x0000000761400000|  0%| F|  |TAMS 0x0000000761200000, 0x0000000761200000| Untracked 
|   2|0x0000000761400000, 0x0000000761400000, 0x0000000761600000|  0%| F|  |TAMS 0x0000000761400000, 0x0000000761400000| Untracked 
|   3|0x0000000761600000, 0x0000000761600000, 0x0000000761800000|  0%| F|  |TAMS 0x0000000761600000, 0x0000000761600000| Untracked 
|   4|0x0000000761800000, 0x0000000761800000, 0x0000000761a00000|  0%| F|  |TAMS 0x0000000761800000, 0x0000000761800000| Untracked 
|   5|0x0000000761a00000, 0x0000000761a00000, 0x0000000761c00000|  0%| F|  |TAMS 0x0000000761a00000, 0x0000000761a00000| Untracked 
|   6|0x0000000761c00000, 0x0000000761c00000, 0x0000000761e00000|  0%| F|  |TAMS 0x0000000761c00000, 0x0000000761c00000| Untracked 
|   7|0x0000000761e00000, 0x0000000761e00000, 0x0000000762000000|  0%| F|  |TAMS 0x0000000761e00000, 0x0000000761e00000| Untracked 
|   8|0x0000000762000000, 0x0000000762000000, 0x0000000762200000|  0%| F|  |TAMS 0x0000000762000000, 0x0000000762000000| Untracked 
|   9|0x0000000762200000, 0x0000000762200000, 0x0000000762400000|  0%| F|  |TAMS 0x0000000762200000, 0x0000000762200000| Untracked 
|  10|0x0000000762400000, 0x0000000762400000, 0x0000000762600000|  0%| F|  |TAMS 0x0000000762400000, 0x0000000762400000| Untracked 
|  11|0x0000000762600000, 0x0000000762600000, 0x0000000762800000|  0%| F|  |TAMS 0x0000000762600000, 0x0000000762600000| Untracked 
|  12|0x0000000762800000, 0x0000000762800000, 0x0000000762a00000|  0%| F|  |TAMS 0x0000000762800000, 0x0000000762800000| Untracked 
|  13|0x0000000762a00000, 0x0000000762a00000, 0x0000000762c00000|  0%| F|  |TAMS 0x0000000762a00000, 0x0000000762a00000| Untracked 
|  14|0x0000000762c00000, 0x0000000762c00000, 0x0000000762e00000|  0%| F|  |TAMS 0x0000000762c00000, 0x0000000762c00000| Untracked 
|  15|0x0000000762e00000, 0x0000000762e00000, 0x0000000763000000|  0%| F|  |TAMS 0x0000000762e00000, 0x0000000762e00000| Untracked 
|  16|0x0000000763000000, 0x0000000763000000, 0x0000000763200000|  0%| F|  |TAMS 0x0000000763000000, 0x0000000763000000| Untracked 
|  17|0x0000000763200000, 0x0000000763200000, 0x0000000763400000|  0%| F|  |TAMS 0x0000000763200000, 0x0000000763200000| Untracked 
|  18|0x0000000763400000, 0x0000000763400000, 0x0000000763600000|  0%| F|  |TAMS 0x0000000763400000, 0x0000000763400000| Untracked 
|  19|0x0000000763600000, 0x0000000763600000, 0x0000000763800000|  0%| F|  |TAMS 0x0000000763600000, 0x0000000763600000| Untracked 
|  20|0x0000000763800000, 0x0000000763800000, 0x0000000763a00000|  0%| F|  |TAMS 0x0000000763800000, 0x0000000763800000| Untracked 
|  21|0x0000000763a00000, 0x0000000763a00000, 0x0000000763c00000|  0%| F|  |TAMS 0x0000000763a00000, 0x0000000763a00000| Untracked 
|  22|0x0000000763c00000, 0x0000000763c00000, 0x0000000763e00000|  0%| F|  |TAMS 0x0000000763c00000, 0x0000000763c00000| Untracked 
|  23|0x0000000763e00000, 0x0000000763e00000, 0x0000000764000000|  0%| F|  |TAMS 0x0000000763e00000, 0x0000000763e00000| Untracked 
|  24|0x0000000764000000, 0x0000000764000000, 0x0000000764200000|  0%| F|  |TAMS 0x0000000764000000, 0x0000000764000000| Untracked 
|  25|0x0000000764200000, 0x0000000764200000, 0x0000000764400000|  0%| F|  |TAMS 0x0000000764200000, 0x0000000764200000| Untracked 
|  26|0x0000000764400000, 0x0000000764400000, 0x0000000764600000|  0%| F|  |TAMS 0x0000000764400000, 0x0000000764400000| Untracked 
|  27|0x0000000764600000, 0x0000000764600000, 0x0000000764800000|  0%| F|  |TAMS 0x0000000764600000, 0x0000000764600000| Untracked 
|  28|0x0000000764800000, 0x0000000764800000, 0x0000000764a00000|  0%| F|  |TAMS 0x0000000764800000, 0x0000000764800000| Untracked 
|  29|0x0000000764a00000, 0x0000000764a00000, 0x0000000764c00000|  0%| F|  |TAMS 0x0000000764a00000, 0x0000000764a00000| Untracked 
|  30|0x0000000764c00000, 0x0000000764c00000, 0x0000000764e00000|  0%| F|  |TAMS 0x0000000764c00000, 0x0000000764c00000| Untracked 
|  31|0x0000000764e00000, 0x0000000764e00000, 0x0000000765000000|  0%| F|  |TAMS 0x0000000764e00000, 0x0000000764e00000| Untracked 
|  32|0x0000000765000000, 0x0000000765000000, 0x0000000765200000|  0%| F|  |TAMS 0x0000000765000000, 0x0000000765000000| Untracked 
|  33|0x0000000765200000, 0x0000000765200000, 0x0000000765400000|  0%| F|  |TAMS 0x0000000765200000, 0x0000000765200000| Untracked 
|  34|0x0000000765400000, 0x0000000765400000, 0x0000000765600000|  0%| F|  |TAMS 0x0000000765400000, 0x0000000765400000| Untracked 
|  35|0x0000000765600000, 0x0000000765600000, 0x0000000765800000|  0%| F|  |TAMS 0x0000000765600000, 0x0000000765600000| Untracked 
|  36|0x0000000765800000, 0x0000000765800000, 0x0000000765a00000|  0%| F|  |TAMS 0x0000000765800000, 0x0000000765800000| Untracked 
|  37|0x0000000765a00000, 0x0000000765a00000, 0x0000000765c00000|  0%| F|  |TAMS 0x0000000765a00000, 0x0000000765a00000| Untracked 
|  38|0x0000000765c00000, 0x0000000765c00000, 0x0000000765e00000|  0%| F|  |TAMS 0x0000000765c00000, 0x0000000765c00000| Untracked 
|  39|0x0000000765e00000, 0x0000000765e00000, 0x0000000766000000|  0%| F|  |TAMS 0x0000000765e00000, 0x0000000765e00000| Untracked 
|  40|0x0000000766000000, 0x0000000766000000, 0x0000000766200000|  0%| F|  |TAMS 0x0000000766000000, 0x0000000766000000| Untracked 
|  41|0x0000000766200000, 0x0000000766200000, 0x0000000766400000|  0%| F|  |TAMS 0x0000000766200000, 0x0000000766200000| Untracked 
|  42|0x0000000766400000, 0x0000000766400000, 0x0000000766600000|  0%| F|  |TAMS 0x0000000766400000, 0x0000000766400000| Untracked 
|  43|0x0000000766600000, 0x0000000766600000, 0x0000000766800000|  0%| F|  |TAMS 0x0000000766600000, 0x0000000766600000| Untracked 
|  44|0x0000000766800000, 0x0000000766800000, 0x0000000766a00000|  0%| F|  |TAMS 0x0000000766800000, 0x0000000766800000| Untracked 
|  45|0x0000000766a00000, 0x0000000766a00000, 0x0000000766c00000|  0%| F|  |TAMS 0x0000000766a00000, 0x0000000766a00000| Untracked 
|  46|0x0000000766c00000, 0x0000000766c00000, 0x0000000766e00000|  0%| F|  |TAMS 0x0000000766c00000, 0x0000000766c00000| Untracked 
|  47|0x0000000766e00000, 0x0000000766e00000, 0x0000000767000000|  0%| F|  |TAMS 0x0000000766e00000, 0x0000000766e00000| Untracked 
|  48|0x0000000767000000, 0x0000000767000000, 0x0000000767200000|  0%| F|  |TAMS 0x0000000767000000, 0x0000000767000000| Untracked 
|  49|0x0000000767200000, 0x0000000767200000, 0x0000000767400000|  0%| F|  |TAMS 0x0000000767200000, 0x0000000767200000| Untracked 
|  50|0x0000000767400000, 0x0000000767400000, 0x0000000767600000|  0%| F|  |TAMS 0x0000000767400000, 0x0000000767400000| Untracked 
|  51|0x0000000767600000, 0x0000000767600000, 0x0000000767800000|  0%| F|  |TAMS 0x0000000767600000, 0x0000000767600000| Untracked 
|  52|0x0000000767800000, 0x0000000767800000, 0x0000000767a00000|  0%| F|  |TAMS 0x0000000767800000, 0x0000000767800000| Untracked 
|  53|0x0000000767a00000, 0x0000000767a00000, 0x0000000767c00000|  0%| F|  |TAMS 0x0000000767a00000, 0x0000000767a00000| Untracked 
|  54|0x0000000767c00000, 0x0000000767c00000, 0x0000000767e00000|  0%| F|  |TAMS 0x0000000767c00000, 0x0000000767c00000| Untracked 
|  55|0x0000000767e00000, 0x0000000767e00000, 0x0000000768000000|  0%| F|  |TAMS 0x0000000767e00000, 0x0000000767e00000| Untracked 
|  56|0x0000000768000000, 0x0000000768000000, 0x0000000768200000|  0%| F|  |TAMS 0x0000000768000000, 0x0000000768000000| Untracked 
|  57|0x0000000768200000, 0x0000000768200000, 0x0000000768400000|  0%| F|  |TAMS 0x0000000768200000, 0x0000000768200000| Untracked 
|  58|0x0000000768400000, 0x0000000768600000, 0x0000000768600000|100%| S|CS|TAMS 0x0000000768400000, 0x0000000768400000| Complete 
|  59|0x0000000768600000, 0x0000000768800000, 0x0000000768800000|100%| S|CS|TAMS 0x0000000768600000, 0x0000000768600000| Complete 
|  60|0x0000000768800000, 0x0000000768a00000, 0x0000000768a00000|100%| S|CS|TAMS 0x0000000768800000, 0x0000000768800000| Complete 
|  61|0x0000000768a00000, 0x0000000768a00000, 0x0000000768c00000|  0%| F|  |TAMS 0x0000000768a00000, 0x0000000768a00000| Untracked 
|  62|0x0000000768c00000, 0x0000000768c00000, 0x0000000768e00000|  0%| F|  |TAMS 0x0000000768c00000, 0x0000000768c00000| Untracked 
|  63|0x0000000768e00000, 0x0000000768e00000, 0x0000000769000000|  0%| F|  |TAMS 0x0000000768e00000, 0x0000000768e00000| Untracked 
|  64|0x0000000769000000, 0x0000000769000000, 0x0000000769200000|  0%| F|  |TAMS 0x0000000769000000, 0x0000000769000000| Untracked 
|  65|0x0000000769200000, 0x00000007692cd198, 0x0000000769400000| 40%| E|  |TAMS 0x0000000769200000, 0x0000000769200000| Complete 
|  66|0x0000000769400000, 0x0000000769600000, 0x0000000769600000|100%| E|CS|TAMS 0x0000000769400000, 0x0000000769400000| Complete 
|  67|0x0000000769600000, 0x0000000769800000, 0x0000000769800000|100%| E|CS|TAMS 0x0000000769600000, 0x0000000769600000| Complete 
|  68|0x0000000769800000, 0x0000000769a00000, 0x0000000769a00000|100%| E|CS|TAMS 0x0000000769800000, 0x0000000769800000| Complete 
|  69|0x0000000769a00000, 0x0000000769c00000, 0x0000000769c00000|100%| E|CS|TAMS 0x0000000769a00000, 0x0000000769a00000| Complete 
|  70|0x0000000769c00000, 0x0000000769e00000, 0x0000000769e00000|100%| E|CS|TAMS 0x0000000769c00000, 0x0000000769c00000| Complete 
|  71|0x0000000769e00000, 0x000000076a000000, 0x000000076a000000|100%| E|CS|TAMS 0x0000000769e00000, 0x0000000769e00000| Complete 
|  72|0x000000076a000000, 0x000000076a200000, 0x000000076a200000|100%| E|CS|TAMS 0x000000076a000000, 0x000000076a000000| Complete 
|  73|0x000000076a200000, 0x000000076a400000, 0x000000076a400000|100%| E|CS|TAMS 0x000000076a200000, 0x000000076a200000| Complete 
|  74|0x000000076a400000, 0x000000076a600000, 0x000000076a600000|100%| E|CS|TAMS 0x000000076a400000, 0x000000076a400000| Complete 
|  75|0x000000076a600000, 0x000000076a800000, 0x000000076a800000|100%| E|CS|TAMS 0x000000076a600000, 0x000000076a600000| Complete 
|  76|0x000000076a800000, 0x000000076aa00000, 0x000000076aa00000|100%| E|CS|TAMS 0x000000076a800000, 0x000000076a800000| Complete 
|  77|0x000000076aa00000, 0x000000076ac00000, 0x000000076ac00000|100%| E|CS|TAMS 0x000000076aa00000, 0x000000076aa00000| Complete 
|  78|0x000000076ac00000, 0x000000076ae00000, 0x000000076ae00000|100%| E|CS|TAMS 0x000000076ac00000, 0x000000076ac00000| Complete 
|  79|0x000000076ae00000, 0x000000076b000000, 0x000000076b000000|100%| E|CS|TAMS 0x000000076ae00000, 0x000000076ae00000| Complete 

Card table byte_map: [0x0000025ec8ba0000,0x0000025ec90a0000] _byte_map_base: 0x0000025ec5098000

Marking Bits (Prev, Next): (CMBitMap*) 0x0000025eb1182f40, (CMBitMap*) 0x0000025eb1182f80
 Prev Bits: [0x0000025ec95a0000, 0x0000025ecbd60000)
 Next Bits: [0x0000025ecbd60000, 0x0000025ece520000)

Polling page: 0x0000025eaeec0000

Metaspace:

Usage:
  Non-class:     15.56 MB capacity,    15.42 MB (>99%) used,   123.32 KB ( <1%) free+waste,    24.63 KB ( <1%) overhead. 
      Class:      2.73 MB capacity,     2.64 MB ( 96%) used,    87.58 KB (  3%) free+waste,    10.88 KB ( <1%) overhead. 
       Both:     18.29 MB capacity,    18.05 MB ( 99%) used,   210.90 KB (  1%) free+waste,    35.50 KB ( <1%) overhead. 

Virtual space:
  Non-class space:       16.00 MB reserved,      15.75 MB ( 98%) committed 
      Class space:        1.00 GB reserved,       2.75 MB ( <1%) committed 
             Both:        1.02 GB reserved,      18.50 MB (  2%) committed 

Chunk freelists:
   Non-Class:  2.00 KB
       Class:  16.00 KB
        Both:  18.00 KB

MaxMetaspaceSize: 17179869184.00 GB
CompressedClassSpaceSize: 1.00 GB

CodeHeap 'non-profiled nmethods': size=120000Kb used=1218Kb max_used=1218Kb free=118781Kb
 bounds [0x0000025ec0e40000, 0x0000025ec10b0000, 0x0000025ec8370000]
CodeHeap 'profiled nmethods': size=120000Kb used=6112Kb max_used=6112Kb free=113887Kb
 bounds [0x0000025eb9910000, 0x0000025eb9f10000, 0x0000025ec0e40000]
CodeHeap 'non-nmethods': size=5760Kb used=1451Kb max_used=1508Kb free=4308Kb
 bounds [0x0000025eb9370000, 0x0000025eb95e0000, 0x0000025eb9910000]
 total_blobs=3822 nmethods=3042 adapters=691
 compilation: enabled
              stopped_count=0, restarted_count=0
 full_count=0

Compilation events (20 events):
Event: 2.431 Thread 0x0000025ed0f743b0 nmethod 3038 0x0000025eb9ef8f90 code [0x0000025eb9ef9180, 0x0000025eb9ef9858]
Event: 2.431 Thread 0x0000025ed0f743b0 3041       1       javafx.event.EventType::getSuperType (5 bytes)
Event: 2.431 Thread 0x0000025ed0f743b0 nmethod 3041 0x0000025ec0f65a90 code [0x0000025ec0f65c20, 0x0000025ec0f65cd8]
Event: 2.431 Thread 0x0000025ed0f743b0 3042       1       javafx.event.Event::isConsumed (5 bytes)
Event: 2.431 Thread 0x0000025ed0f743b0 nmethod 3042 0x0000025ec0f65d90 code [0x0000025ec0f65f20, 0x0000025ec0f65fd8]
Event: 2.431 Thread 0x0000025ed0f743b0 3043       1       javafx.event.Event::getEventType (5 bytes)
Event: 2.431 Thread 0x0000025ed0f743b0 nmethod 3043 0x0000025ec0f66090 code [0x0000025ec0f66220, 0x0000025ec0f662d8]
Event: 2.431 Thread 0x0000025ed0f743b0 3031       3       com.sun.javafx.sg.prism.NGGroup::add (83 bytes)
Event: 2.433 Thread 0x0000025ed0f743b0 nmethod 3031 0x0000025eb9ef9a90 code [0x0000025eb9ef9d60, 0x0000025eb9efacd8]
Event: 2.433 Thread 0x0000025ed0f743b0 2936       1       javafx.scene.control.Control::isResizable (2 bytes)
Event: 2.433 Thread 0x0000025ed0f743b0 nmethod 2936 0x0000025ec0f66390 code [0x0000025ec0f66520, 0x0000025ec0f665d8]
Event: 2.433 Thread 0x0000025ed0f743b0 3045       3       javafx.scene.control.skin.LabeledSkinBase::computePrefHeight (273 bytes)
Event: 2.438 Thread 0x0000025ed0f757f0 nmethod 2726 0x0000025ec0f66690 code [0x0000025ec0f66a40, 0x0000025ec0f6a110]
Event: 2.438 Thread 0x0000025ed0f757f0 2973       4       javafx.beans.property.BooleanPropertyBase::get (29 bytes)
Event: 2.439 Thread 0x0000025ed0f757f0 nmethod 2973 0x0000025ec0f6bf90 code [0x0000025ec0f6c100, 0x0000025ec0f6c198]
Event: 2.439 Thread 0x0000025ed0f757f0 2990       4       java.util.RegularEnumSet::contains (57 bytes)
Event: 2.440 Thread 0x0000025ed0f743b0 nmethod 3045 0x0000025eb9efb110 code [0x0000025eb9efb8a0, 0x0000025eb9f012a8]
Event: 2.440 Thread 0x0000025ed0f757f0 nmethod 2990 0x0000025ec0f6c290 code [0x0000025ec0f6c420, 0x0000025ec0f6c518]
Event: 2.440 Thread 0x0000025ed0f757f0 2996       4       javafx.scene.Node::isDirty (11 bytes)
Event: 2.440 Thread 0x0000025ed0f743b0 3049       3       javafx.scene.Parent::updateBounds (44 bytes)

GC Heap History (4 events):
Event: 0.773 GC heap before
{Heap before GC invocations=0 (full 0):
 garbage-first heap   total 163840K, used 22528K [0x0000000761000000, 0x0000000800000000)
  region size 2048K, 11 young (22528K), 0 survivors (0K)
 Metaspace       used 5503K, capacity 7428K, committed 7552K, reserved 1056768K
  class space    used 679K, capacity 830K, committed 896K, reserved 1048576K
}
Event: 0.777 GC heap after
{Heap after GC invocations=1 (full 0):
 garbage-first heap   total 163840K, used 2683K [0x0000000761000000, 0x0000000800000000)
  region size 2048K, 2 young (4096K), 2 survivors (4096K)
 Metaspace       used 5503K, capacity 7428K, committed 7552K, reserved 1056768K
  class space    used 679K, capacity 830K, committed 896K, reserved 1048576K
}
Event: 1.580 GC heap before
{Heap before GC invocations=1 (full 0):
 garbage-first heap   total 163840K, used 37499K [0x0000000761000000, 0x0000000800000000)
  region size 2048K, 19 young (38912K), 2 survivors (4096K)
 Metaspace       used 14674K, capacity 14977K, committed 15104K, reserved 1062912K
  class space    used 2160K, capacity 2253K, committed 2304K, reserved 1048576K
}
Event: 1.587 GC heap after
{Heap after GC invocations=2 (full 0):
 garbage-first heap   total 163840K, used 6981K [0x0000000761000000, 0x0000000800000000)
  region size 2048K, 3 young (6144K), 3 survivors (6144K)
 Metaspace       used 14674K, capacity 14977K, committed 15104K, reserved 1062912K
  class space    used 2160K, capacity 2253K, committed 2304K, reserved 1048576K
}

Deoptimization events (20 events):
Event: 2.389 Thread 0x0000025ed30d8110 Uncommon trap: trap_request=0xffffffc6 fr.pc=0x0000025ec0f4f5fc relative=0x00000000000000bc
Event: 2.389 Thread 0x0000025ed30d8110 Uncommon trap: reason=bimorphic_or_optimized_type_check action=maybe_recompile pc=0x0000025ec0f4f5fc method=javafx.beans.property.BooleanPropertyBase.get()Z @ 23 c2
Event: 2.389 Thread 0x0000025ed30d8110 DEOPT PACKING pc=0x0000025ec0f4f5fc sp=0x000000aebccfd820
Event: 2.389 Thread 0x0000025ed30d8110 DEOPT UNPACKING pc=0x0000025eb93be42f sp=0x000000aebccfd7b0 mode 2
Event: 2.398 Thread 0x0000025ed30d8110 Uncommon trap: trap_request=0xffffffc6 fr.pc=0x0000025ec0f4f5fc relative=0x00000000000000bc
Event: 2.398 Thread 0x0000025ed30d8110 Uncommon trap: reason=bimorphic_or_optimized_type_check action=maybe_recompile pc=0x0000025ec0f4f5fc method=javafx.beans.property.BooleanPropertyBase.get()Z @ 23 c2
Event: 2.398 Thread 0x0000025ed30d8110 DEOPT PACKING pc=0x0000025ec0f4f5fc sp=0x000000aebccfd9f0
Event: 2.398 Thread 0x0000025ed30d8110 DEOPT UNPACKING pc=0x0000025eb93be42f sp=0x000000aebccfd980 mode 2
Event: 2.399 Thread 0x0000025ed30d8110 Uncommon trap: trap_request=0xffffffc6 fr.pc=0x0000025ec0f4f5fc relative=0x00000000000000bc
Event: 2.399 Thread 0x0000025ed30d8110 Uncommon trap: reason=bimorphic_or_optimized_type_check action=maybe_recompile pc=0x0000025ec0f4f5fc method=javafx.beans.property.BooleanPropertyBase.get()Z @ 23 c2
Event: 2.399 Thread 0x0000025ed30d8110 DEOPT PACKING pc=0x0000025ec0f4f5fc sp=0x000000aebccfda80
Event: 2.399 Thread 0x0000025ed30d8110 DEOPT UNPACKING pc=0x0000025eb93be42f sp=0x000000aebccfda10 mode 2
Event: 2.400 Thread 0x0000025ed30d8110 Uncommon trap: trap_request=0xffffff45 fr.pc=0x0000025ec0f54fe8 relative=0x0000000000000068
Event: 2.400 Thread 0x0000025ed30d8110 Uncommon trap: reason=unstable_if action=reinterpret pc=0x0000025ec0f54fe8 method=java.util.RegularEnumSet.isEmpty()Z @ 6 c2
Event: 2.400 Thread 0x0000025ed30d8110 DEOPT PACKING pc=0x0000025ec0f54fe8 sp=0x000000aebccfd870
Event: 2.400 Thread 0x0000025ed30d8110 DEOPT UNPACKING pc=0x0000025eb93be42f sp=0x000000aebccfd7f8 mode 2
Event: 2.433 Thread 0x0000025ed30d8110 Uncommon trap: trap_request=0xffffff45 fr.pc=0x0000025ec0f57834 relative=0x00000000000002b4
Event: 2.433 Thread 0x0000025ed30d8110 Uncommon trap: reason=unstable_if action=reinterpret pc=0x0000025ec0f57834 method=javafx.scene.Node.transformedBoundsChanged()V @ 4 c2
Event: 2.433 Thread 0x0000025ed30d8110 DEOPT PACKING pc=0x0000025ec0f57834 sp=0x000000aebccfda40
Event: 2.433 Thread 0x0000025ed30d8110 DEOPT UNPACKING pc=0x0000025eb93be42f sp=0x000000aebccfd9e8 mode 2

Classes unloaded (0 events):
No events

Classes redefined (0 events):
No events

Internal exceptions (20 events):
Event: 0.719 Thread 0x0000025eb11450e0 Exception <a 'java/lang/NoSuchMethodError'{0x000000076a0d3190}: 'java.lang.Object java.lang.invoke.DirectMethodHandle$Holder.newInvokeSpecial(java.lang.Object, java.lang.Object, java.lang.Object, java.lang.Object, java.lang.Object)'> (0x000000076a0d3190) 
thrown [./open/src/hotspot/share/interpreter/linkResolver.cpp, line 782]
Event: 0.721 Thread 0x0000025ed273cf70 Exception <a 'java/lang/NoSuchMethodError'{0x0000000769ce6008}: 'void java.lang.invoke.DirectMethodHandle$Holder.invokeStatic(java.lang.Object, java.lang.Object, java.lang.Object, java.lang.Object)'> (0x0000000769ce6008) 
thrown [./open/src/hotspot/share/interpreter/linkResolver.cpp, line 782]
Event: 0.793 Thread 0x0000025ed30d8110 Exception <a 'sun/nio/fs/WindowsException'{0x000000076ae65338}> (0x000000076ae65338) 
thrown [./open/src/hotspot/share/prims/jni.cpp, line 578]
Event: 0.845 Thread 0x0000025ed30d8110 Exception <a 'java/lang/NoSuchMethodError'{0x000000076addd2f8}: 'java.lang.Object java.lang.invoke.DirectMethodHandle$Holder.invokeStaticInit(java.lang.Object, java.lang.Object, java.lang.Object, java.lang.Object)'> (0x000000076addd2f8) 
thrown [./open/src/hotspot/share/interpreter/linkResolver.cpp, line 782]
Event: 0.847 Thread 0x0000025ed30d8110 Exception <a 'java/lang/NullPointerException'{0x000000076adea570}> (0x000000076adea570) 
thrown [./open/src/hotspot/share/interpreter/linkResolver.cpp, line 1374]
Event: 0.851 Thread 0x0000025ed30d8110 Exception <a 'java/lang/NoSuchMethodError'{0x000000076aa18138}: 'void java.lang.invoke.DirectMethodHandle$Holder.invokeSpecial(java.lang.Object, java.lang.Object, java.lang.Object, java.lang.Object, java.lang.Object)'> (0x000000076aa18138) 
thrown [./open/src/hotspot/share/interpreter/linkResolver.cpp, line 782]
Event: 0.860 Thread 0x0000025ed30d8110 Exception <a 'sun/nio/fs/WindowsException'{0x000000076aa6a5b8}> (0x000000076aa6a5b8) 
thrown [./open/src/hotspot/share/prims/jni.cpp, line 578]
Event: 0.878 Thread 0x0000025ed30d8110 Exception <a 'sun/nio/fs/WindowsException'{0x000000076aaf9030}> (0x000000076aaf9030) 
thrown [./open/src/hotspot/share/prims/jni.cpp, line 578]
Event: 0.886 Thread 0x0000025ed30d8110 Exception <a 'java/lang/ClassNotFoundException'{0x000000076ab137e8}: sun/util/logging/resources/spi/loggingProvider> (0x000000076ab137e8) 
thrown [./open/src/hotspot/share/classfile/systemDictionary.cpp, line 295]
Event: 1.407 Thread 0x0000025ed30d8110 Exception <a 'java/lang/NoSuchMethodError'{0x0000000769002068}: 'int java.lang.invoke.DirectMethodHandle$Holder.invokeStaticInit(java.lang.Object, java.lang.Object)'> (0x0000000769002068) 
thrown [./open/src/hotspot/share/interpreter/linkResolver.cpp, line 782]
Event: 1.460 Thread 0x0000025ed30d8110 Exception <a 'java/lang/NoSuchMethodError'{0x0000000768eb0fa0}: 'void java.lang.invoke.DirectMethodHandle$Holder.invokeSpecial(java.lang.Object, java.lang.Object, java.lang.Object, java.lang.Object, java.lang.Object, java.lang.Object)'> (0x0000000768eb0fa0) 
thrown [./open/src/hotspot/share/interpreter/linkResolver.cpp, line 782]
Event: 1.486 Thread 0x0000025ed30d8110 Exception <a 'java/lang/NoSuchMethodError'{0x0000000768fa17e8}: 'java.lang.Object java.lang.invoke.DirectMethodHandle$Holder.invokeInterface(java.lang.Object, java.lang.Object, java.lang.Object)'> (0x0000000768fa17e8) 
thrown [./open/src/hotspot/share/interpreter/linkResolver.cpp, line 782]
Event: 1.486 Thread 0x0000025ed30d8110 Exception <a 'java/lang/IncompatibleClassChangeError'{0x0000000768fa55d8}: Found class java.lang.Object, but interface was expected> (0x0000000768fa55d8) 
thrown [./open/src/hotspot/share/interpreter/linkResolver.cpp, line 848]
Event: 1.567 Thread 0x0000025ed30d8110 Exception <a 'java/lang/NoSuchMethodError'{0x0000000768b50c60}: 'void java.lang.invoke.DirectMethodHandle$Holder.invokeSpecialIFC(java.lang.Object, java.lang.Object, java.lang.Object, java.lang.Object)'> (0x0000000768b50c60) 
thrown [./open/src/hotspot/share/interpreter/linkResolver.cpp, line 782]
Event: 1.573 Thread 0x0000025ed30d8110 Exception <a 'java/lang/ClassNotFoundException'{0x0000000768b970e0}: com/sun/javafx/scene/control/skin/resources/controls> (0x0000000768b970e0) 
thrown [./open/src/hotspot/share/prims/jni.cpp, line 599]
Event: 1.574 Thread 0x0000025ed30d8110 Exception <a 'java/lang/ClassNotFoundException'{0x0000000768ba4e30}: com/sun/javafx/scene/control/skin/resources/controls_ru> (0x0000000768ba4e30) 
thrown [./open/src/hotspot/share/prims/jni.cpp, line 599]
Event: 1.575 Thread 0x0000025ed30d8110 Exception <a 'java/lang/ClassNotFoundException'{0x0000000768ba5dd8}: com/sun/javafx/scene/control/skin/resources/controls_ru_RU> (0x0000000768ba5dd8) 
thrown [./open/src/hotspot/share/prims/jni.cpp, line 599]
Event: 1.633 Thread 0x0000025ed30d8110 Exception <a 'java/lang/NoSuchMethodError'{0x000000076ac2b250}: 'int java.lang.invoke.DirectMethodHandle$Holder.invokeSpecial(java.lang.Object, java.lang.Object, int)'> (0x000000076ac2b250) 
thrown [./open/src/hotspot/share/interpreter/linkResolver.cpp, line 782]
Event: 1.958 Thread 0x0000025ed30d8110 Implicit null exception at 0x0000025ec0f0e0d5 to 0x0000025ec0f0eaf0
Event: 2.324 Thread 0x0000025ed30d8110 Exception <a 'java/lang/NoSuchMethodError'{0x00000007699b6358}: 'java.lang.Object java.lang.invoke.DirectMethodHandle$Holder.newInvokeSpecial(java.lang.Object, java.lang.Object, int)'> (0x00000007699b6358) 
thrown [./open/src/hotspot/share/interpreter/linkResolver.cpp, line 782]

Events (20 events):
Event: 1.897 loading class jdk/internal/icu/impl/Trie2$ValueMapper done
Event: 1.897 loading class jdk/internal/icu/impl/Trie2$1 done
Event: 1.897 loading class jdk/internal/icu/impl/Trie2$UTrie2Header
Event: 1.897 loading class jdk/internal/icu/impl/Trie2$UTrie2Header done
Event: 1.899 loading class jdk/internal/icu/text/BidiLine
Event: 1.899 loading class jdk/internal/icu/text/BidiLine done
Event: 2.117 Executing VM operation: ICBufferFull
Event: 2.117 Executing VM operation: ICBufferFull done
Event: 2.277 Executing VM operation: ICBufferFull
Event: 2.277 Executing VM operation: ICBufferFull done
Event: 2.327 loading class java/util/WeakHashMap$EntrySet
Event: 2.327 loading class java/util/WeakHashMap$EntrySet done
Event: 2.327 loading class java/util/WeakHashMap$EntryIterator
Event: 2.327 loading class java/util/WeakHashMap$EntryIterator done
Event: 2.428 loading class java/util/EnumMap$Values
Event: 2.428 loading class java/util/EnumMap$Values done
Event: 2.429 loading class java/util/EnumMap$ValueIterator
Event: 2.429 loading class java/util/EnumMap$EnumMapIterator
Event: 2.429 loading class java/util/EnumMap$EnumMapIterator done
Event: 2.429 loading class java/util/EnumMap$ValueIterator done


Dynamic libraries:
0x00007ff6e1af0000 - 0x00007ff6e1afd000 	C:\proj\jdk-15.0.2\bin\java.exe
0x00007ffaf3ce0000 - 0x00007ffaf3ecd000 	C:\Windows\SYSTEM32\ntdll.dll
0x00007ffaf1b50000 - 0x00007ffaf1c04000 	C:\Windows\System32\KERNEL32.DLL
0x00007ffaf0790000 - 0x00007ffaf0a24000 	C:\Windows\System32\KERNELBASE.dll
0x00007ffaf05f0000 - 0x00007ffaf06ea000 	C:\Windows\System32\ucrtbase.dll
0x00007ffae66a0000 - 0x00007ffae66b9000 	C:\proj\jdk-15.0.2\bin\VCRUNTIME140.dll
0x00007ffae7bc0000 - 0x00007ffae7bd8000 	C:\proj\jdk-15.0.2\bin\jli.dll
0x00007ffaf1140000 - 0x00007ffaf12d7000 	C:\Windows\System32\USER32.dll
0x00007ffaf04f0000 - 0x00007ffaf0510000 	C:\Windows\System32\win32u.dll
0x00007ffadfea0000 - 0x00007ffae0119000 	C:\Windows\WinSxS\amd64_microsoft.windows.common-controls_6595b64144ccf1df_6.0.17763.2366_none_de735d0053496d5d\COMCTL32.dll
0x00007ffaf25e0000 - 0x00007ffaf2609000 	C:\Windows\System32\GDI32.dll
0x00007ffaf1c70000 - 0x00007ffaf1d0e000 	C:\Windows\System32\msvcrt.dll
0x00007ffaf0c30000 - 0x00007ffaf0dcc000 	C:\Windows\System32\gdi32full.dll
0x00007ffaf1460000 - 0x00007ffaf178d000 	C:\Windows\System32\combase.dll
0x00007ffaf06f0000 - 0x00007ffaf0790000 	C:\Windows\System32\msvcp_win.dll
0x00007ffaf3b90000 - 0x00007ffaf3caf000 	C:\Windows\System32\RPCRT4.dll
0x00007ffaf0e30000 - 0x00007ffaf0eb2000 	C:\Windows\System32\bcryptPrimitives.dll
0x00007ffaf20d0000 - 0x00007ffaf20fe000 	C:\Windows\System32\IMM32.DLL
0x00007ffaeb070000 - 0x00007ffaeb07c000 	C:\proj\jdk-15.0.2\bin\vcruntime140_1.dll
0x00007ffae0640000 - 0x00007ffae06d1000 	C:\proj\jdk-15.0.2\bin\msvcp140.dll
0x00007ffabe350000 - 0x00007ffabeeae000 	C:\proj\jdk-15.0.2\bin\server\jvm.dll
0x00007ffaf0f20000 - 0x00007ffaf0fc4000 	C:\Windows\System32\ADVAPI32.dll
0x00007ffaf1970000 - 0x00007ffaf1a0e000 	C:\Windows\System32\sechost.dll
0x00007ffaf20c0000 - 0x00007ffaf20c8000 	C:\Windows\System32\PSAPI.DLL
0x00007ffad52c0000 - 0x00007ffad52c9000 	C:\Windows\SYSTEM32\WSOCK32.dll
0x00007ffaed9a0000 - 0x00007ffaed9c4000 	C:\Windows\SYSTEM32\WINMM.dll
0x00007ffaf1ee0000 - 0x00007ffaf1f4d000 	C:\Windows\System32\WS2_32.dll
0x00007ffae9e40000 - 0x00007ffae9e4a000 	C:\Windows\SYSTEM32\VERSION.dll
0x00007ffaed950000 - 0x00007ffaed97d000 	C:\Windows\SYSTEM32\WINMMBASE.dll
0x00007ffaf0ec0000 - 0x00007ffaf0f0a000 	C:\Windows\System32\cfgmgr32.dll
0x00007ffaefd00000 - 0x00007ffaefd11000 	C:\Windows\System32\kernel.appcore.dll
0x00007ffae89b0000 - 0x00007ffae89ba000 	C:\proj\jdk-15.0.2\bin\jimage.dll
0x00007ffadfc90000 - 0x00007ffadfe7d000 	C:\Windows\SYSTEM32\DBGHELP.DLL
0x00007ffadf330000 - 0x00007ffadf35a000 	C:\Windows\SYSTEM32\dbgcore.DLL
0x00007ffae5550000 - 0x00007ffae555e000 	C:\proj\jdk-15.0.2\bin\instrument.dll
0x00007ffae5710000 - 0x00007ffae5735000 	C:\proj\jdk-15.0.2\bin\java.dll
0x00007ffaf2610000 - 0x00007ffaf3b09000 	C:\Windows\System32\SHELL32.dll
0x00007ffaf1fb0000 - 0x00007ffaf2058000 	C:\Windows\System32\shcore.dll
0x00007ffaefda0000 - 0x00007ffaf04ea000 	C:\Windows\System32\windows.storage.dll
0x00007ffaefcd0000 - 0x00007ffaefcf4000 	C:\Windows\System32\profapi.dll
0x00007ffaefd20000 - 0x00007ffaefd7d000 	C:\Windows\System32\powrprof.dll
0x00007ffaf1c10000 - 0x00007ffaf1c62000 	C:\Windows\System32\shlwapi.dll
0x00007ffaefd80000 - 0x00007ffaefd97000 	C:\Windows\System32\cryptsp.dll
0x00007ffae56f0000 - 0x00007ffae5709000 	C:\proj\jdk-15.0.2\bin\net.dll
0x00007ffae5910000 - 0x00007ffae5a01000 	C:\Windows\SYSTEM32\WINHTTP.dll
0x00007ffaef4a0000 - 0x00007ffaef507000 	C:\Windows\system32\mswsock.dll
0x00007ffae5560000 - 0x00007ffae5572000 	C:\proj\jdk-15.0.2\bin\nio.dll
0x00007ffae5120000 - 0x00007ffae5138000 	C:\proj\jdk-15.0.2\bin\zip.dll
0x00007ffae4670000 - 0x00007ffae468a000 	C:\Program Files\JetBrains\IntelliJ IDEA Community Edition 2021.1\bin\breakgen64.dll
0x0000025eb10a0000 - 0x0000025eb10a3000 	C:\Users\相忮\.openjfx\cache\15.0.1\api-ms-win-core-console-l1-1-0.dll
0x0000025eb10b0000 - 0x0000025eb10b3000 	C:\Users\相忮\.openjfx\cache\15.0.1\api-ms-win-core-console-l1-2-0.dll
0x0000025eb10c0000 - 0x0000025eb10c3000 	C:\Users\相忮\.openjfx\cache\15.0.1\api-ms-win-core-datetime-l1-1-0.dll
0x0000025eb10d0000 - 0x0000025eb10d3000 	C:\Users\相忮\.openjfx\cache\15.0.1\api-ms-win-core-debug-l1-1-0.dll
0x0000025eb10e0000 - 0x0000025eb10e3000 	C:\Users\相忮\.openjfx\cache\15.0.1\api-ms-win-core-errorhandling-l1-1-0.dll
0x0000025eb10f0000 - 0x0000025eb10f4000 	C:\Users\相忮\.openjfx\cache\15.0.1\api-ms-win-core-file-l1-1-0.dll
0x0000025eb1100000 - 0x0000025eb1103000 	C:\Users\相忮\.openjfx\cache\15.0.1\api-ms-win-core-file-l1-2-0.dll
0x0000025ed3470000 - 0x0000025ed3473000 	C:\Users\相忮\.openjfx\cache\15.0.1\api-ms-win-core-file-l2-1-0.dll
0x0000025ed3480000 - 0x0000025ed3483000 	C:\Users\相忮\.openjfx\cache\15.0.1\api-ms-win-core-handle-l1-1-0.dll
0x0000025ed3490000 - 0x0000025ed3493000 	C:\Users\相忮\.openjfx\cache\15.0.1\api-ms-win-core-heap-l1-1-0.dll
0x0000025ed34a0000 - 0x0000025ed34a3000 	C:\Users\相忮\.openjfx\cache\15.0.1\api-ms-win-core-interlocked-l1-1-0.dll
0x0000025ed34b0000 - 0x0000025ed34b3000 	C:\Users\相忮\.openjfx\cache\15.0.1\api-ms-win-core-libraryloader-l1-1-0.dll
0x0000025ed34c0000 - 0x0000025ed34c3000 	C:\Users\相忮\.openjfx\cache\15.0.1\api-ms-win-core-localization-l1-2-0.dll
0x0000025ed34d0000 - 0x0000025ed34d3000 	C:\Users\相忮\.openjfx\cache\15.0.1\api-ms-win-core-memory-l1-1-0.dll
0x0000025ed34e0000 - 0x0000025ed34e3000 	C:\Users\相忮\.openjfx\cache\15.0.1\api-ms-win-core-namedpipe-l1-1-0.dll
0x0000025ed34f0000 - 0x0000025ed34f3000 	C:\Users\相忮\.openjfx\cache\15.0.1\api-ms-win-core-processenvironment-l1-1-0.dll
0x0000025ed3500000 - 0x0000025ed3503000 	C:\Users\相忮\.openjfx\cache\15.0.1\api-ms-win-core-processthreads-l1-1-0.dll
0x0000025ed3510000 - 0x0000025ed3513000 	C:\Users\相忮\.openjfx\cache\15.0.1\api-ms-win-core-processthreads-l1-1-1.dll
0x0000025ed3520000 - 0x0000025ed3523000 	C:\Users\相忮\.openjfx\cache\15.0.1\api-ms-win-core-profile-l1-1-0.dll
0x0000025ed3530000 - 0x0000025ed3533000 	C:\Users\相忮\.openjfx\cache\15.0.1\api-ms-win-core-rtlsupport-l1-1-0.dll
0x0000025ed3540000 - 0x0000025ed3543000 	C:\Users\相忮\.openjfx\cache\15.0.1\api-ms-win-core-string-l1-1-0.dll
0x0000025ed3550000 - 0x0000025ed3553000 	C:\Users\相忮\.openjfx\cache\15.0.1\api-ms-win-core-synch-l1-1-0.dll
0x0000025ed3560000 - 0x0000025ed3563000 	C:\Users\相忮\.openjfx\cache\15.0.1\api-ms-win-core-synch-l1-2-0.dll
0x0000025ed3570000 - 0x0000025ed3573000 	C:\Users\相忮\.openjfx\cache\15.0.1\api-ms-win-core-sysinfo-l1-1-0.dll
0x0000025ed3950000 - 0x0000025ed3953000 	C:\Users\相忮\.openjfx\cache\15.0.1\api-ms-win-core-timezone-l1-1-0.dll
0x0000025ed3960000 - 0x0000025ed3963000 	C:\Users\相忮\.openjfx\cache\15.0.1\api-ms-win-core-util-l1-1-0.dll
0x0000025ed3970000 - 0x0000025ed3973000 	C:\Users\相忮\.openjfx\cache\15.0.1\api-ms-win-crt-conio-l1-1-0.dll
0x0000025ed3980000 - 0x0000025ed3984000 	C:\Users\相忮\.openjfx\cache\15.0.1\api-ms-win-crt-convert-l1-1-0.dll
0x0000025ed3990000 - 0x0000025ed3993000 	C:\Users\相忮\.openjfx\cache\15.0.1\api-ms-win-crt-environment-l1-1-0.dll
0x0000025ed39a0000 - 0x0000025ed39a3000 	C:\Users\相忮\.openjfx\cache\15.0.1\api-ms-win-crt-filesystem-l1-1-0.dll
0x0000025ed3580000 - 0x0000025ed3583000 	C:\Users\相忮\.openjfx\cache\15.0.1\api-ms-win-crt-heap-l1-1-0.dll
0x0000025ed3590000 - 0x0000025ed3593000 	C:\Users\相忮\.openjfx\cache\15.0.1\api-ms-win-crt-locale-l1-1-0.dll
0x0000025ed35a0000 - 0x0000025ed35a5000 	C:\Users\相忮\.openjfx\cache\15.0.1\api-ms-win-crt-math-l1-1-0.dll
0x0000025ed35b0000 - 0x0000025ed35b5000 	C:\Users\相忮\.openjfx\cache\15.0.1\api-ms-win-crt-multibyte-l1-1-0.dll
0x0000025ed35c0000 - 0x0000025ed35d0000 	C:\Users\相忮\.openjfx\cache\15.0.1\api-ms-win-crt-private-l1-1-0.dll
0x0000025ed35d0000 - 0x0000025ed35d3000 	C:\Users\相忮\.openjfx\cache\15.0.1\api-ms-win-crt-process-l1-1-0.dll
0x0000025ed35e0000 - 0x0000025ed35e4000 	C:\Users\相忮\.openjfx\cache\15.0.1\api-ms-win-crt-runtime-l1-1-0.dll
0x0000025ed35f0000 - 0x0000025ed35f4000 	C:\Users\相忮\.openjfx\cache\15.0.1\api-ms-win-crt-stdio-l1-1-0.dll
0x0000025ed3600000 - 0x0000025ed3604000 	C:\Users\相忮\.openjfx\cache\15.0.1\api-ms-win-crt-string-l1-1-0.dll
0x0000025ed3610000 - 0x0000025ed3613000 	C:\Users\相忮\.openjfx\cache\15.0.1\api-ms-win-crt-time-l1-1-0.dll
0x0000025ed3620000 - 0x0000025ed3623000 	C:\Users\相忮\.openjfx\cache\15.0.1\api-ms-win-crt-utility-l1-1-0.dll
0x00007ffad4a20000 - 0x00007ffad4b1c000 	C:\Users\相忮\.openjfx\cache\15.0.1\ucrtbase.dll
0x00007ffae6840000 - 0x00007ffae6855000 	C:\Users\相忮\.openjfx\cache\15.0.1\vcruntime140.dll
0x00007ffae0b50000 - 0x00007ffae0beb000 	C:\Users\相忮\.openjfx\cache\15.0.1\msvcp140.dll
0x00007ffae2990000 - 0x00007ffae29b3000 	C:\Users\相忮\.openjfx\cache\15.0.1\prism_d3d.dll
0x00007ffabc940000 - 0x00007ffabcade000 	C:\Windows\system32\d3d9.dll
0x00007ffaedfc0000 - 0x00007ffaedfee000 	C:\Windows\SYSTEM32\dwmapi.dll
0x00007ffaf0a30000 - 0x00007ffaf0c25000 	C:\Windows\System32\CRYPT32.dll
0x00007ffaefcb0000 - 0x00007ffaefcc2000 	C:\Windows\System32\MSASN1.dll
0x00007ffaedee0000 - 0x00007ffaedf7c000 	C:\Windows\system32\uxtheme.dll
0x00007ffae9f60000 - 0x00007ffaea13d000 	C:\Windows\System32\DriverStore\FileRepository\u0346830.inf_amd64_35731e557194973d\B345901\aticfx64.dll
0x00007ffae0ad0000 - 0x00007ffae0b00000 	C:\Windows\System32\DriverStore\FileRepository\u0346830.inf_amd64_35731e557194973d\B345901\atiu9p64.dll
0x00007ffa98ec0000 - 0x00007ffa99b8e000 	C:\Windows\System32\DriverStore\FileRepository\u0346830.inf_amd64_35731e557194973d\B345901\atiumd64.dll
0x00007ffaf1790000 - 0x00007ffaf18e6000 	C:\Windows\System32\ole32.dll
0x00000000583f0000 - 0x0000000059184000 	C:\Windows\System32\DriverStore\FileRepository\u0346830.inf_amd64_35731e557194973d\B345901\atiumd6a.dll
0x00007ffadc960000 - 0x00007ffadc9a5000 	C:\Users\相忮\.openjfx\cache\15.0.1\glass.dll
0x00007ffaf1a20000 - 0x00007ffaf1b47000 	C:\Windows\System32\COMDLG32.dll
0x00007ffaf1390000 - 0x00007ffaf1454000 	C:\Windows\System32\OLEAUT32.dll
0x00007ffaf0fd0000 - 0x00007ffaf113b000 	C:\Windows\System32\MSCTF.dll
0x00007ffae50d0000 - 0x00007ffae50e4000 	C:\Users\相忮\.openjfx\cache\15.0.1\javafx_font.dll
0x00007ffae2380000 - 0x00007ffae2689000 	C:\Windows\SYSTEM32\dwrite.dll
0x00007ffaf12e0000 - 0x00007ffaf1382000 	C:\Windows\System32\clbcatq.dll
0x00007ffaeb4f0000 - 0x00007ffaeb6a8000 	C:\Windows\SYSTEM32\WindowsCodecs.dll
0x00007ffacb4b0000 - 0x00007ffacb507000 	C:\Windows\system32\dataexchange.dll
0x00007ffaecae0000 - 0x00007ffaecd5e000 	C:\Windows\system32\d3d11.dll
0x00007ffaed320000 - 0x00007ffaed4e3000 	C:\Windows\system32\dcomp.dll
0x00007ffaeea70000 - 0x00007ffaeeb32000 	C:\Windows\system32\dxgi.dll
0x00007ffaedff0000 - 0x00007ffaee1fc000 	C:\Windows\system32\twinapi.appcore.dll
0x00007ffaee200000 - 0x00007ffaee228000 	C:\Windows\system32\RMCLIENT.dll
0x00007ffae7f30000 - 0x00007ffae7f63000 	C:\Program Files\Common Files\Microsoft Shared\Ink\rtscom.dll
0x00007ffae44e0000 - 0x00007ffae4573000 	C:\Windows\System32\TextInputFramework.dll
0x00007ffaebb40000 - 0x00007ffaebe62000 	C:\Windows\System32\CoreUIComponents.dll
0x00007ffaed860000 - 0x00007ffaed941000 	C:\Windows\System32\CoreMessaging.dll
0x00007ffaeecf0000 - 0x00007ffaeed21000 	C:\Windows\SYSTEM32\ntmarta.dll
0x00007ffaeb9e0000 - 0x00007ffaebb31000 	C:\Windows\SYSTEM32\wintypes.dll

dbghelp: loaded successfully - version: 4.0.5 - missing functions: none
symbol engine: initialized successfully - sym options: 0x614 - pdb path: .;C:\proj\jdk-15.0.2\bin;C:\Windows\SYSTEM32;C:\Windows\WinSxS\amd64_microsoft.windows.common-controls_6595b64144ccf1df_6.0.17763.2366_none_de735d0053496d5d;C:\proj\jdk-15.0.2\bin\server;C:\Program Files\JetBrains\IntelliJ IDEA Community Edition 2021.1\bin;C:\Users\相忮\.openjfx\cache\15.0.1;C:\Windows\System32\DriverStore\FileRepository\u0346830.inf_amd64_35731e557194973d\B345901;C:\Program Files\Common Files\Microsoft Shared\Ink

VM Arguments:
jvm_args: -javaagent:C:\Program Files\JetBrains\IntelliJ IDEA Community Edition 2021.1\lib\idea_rt.jar=51652:C:\Program Files\JetBrains\IntelliJ IDEA Community Edition 2021.1\bin -Dfile.encoding=UTF-8 --module-path=C:\Users\相忮\IdeaProjects\fileMeneger_V2\target\classes;C:\Users\相忮\.m2\repository\org\openjfx\javafx-graphics\15.0.1\javafx-graphics-15.0.1-win.jar;C:\Users\相忮\.m2\repository\org\openjfx\javafx-base\15.0.1\javafx-base-15.0.1-win.jar;C:\Users\相忮\.m2\repository\org\openjfx\javafx-controls\15.0.1\javafx-controls-15.0.1-win.jar;C:\Users\相忮\.m2\repository\org\openjfx\javafx-fxml\15.0.1\javafx-fxml-15.0.1-win.jar -Djdk.module.main=com.example.filemeneger_v2 
java_command: com.example.filemeneger_v2/com.example.filemeneger_v2.HelloApplication
java_class_path (initial): C:\Users\相忮\.m2\repository\org\openjfx\javafx-controls\15.0.1\javafx-controls-15.0.1.jar;C:\Users\相忮\.m2\repository\org\openjfx\javafx-graphics\15.0.1\javafx-graphics-15.0.1.jar;C:\Users\相忮\.m2\repository\org\openjfx\javafx-base\15.0.1\javafx-base-15.0.1.jar;C:\Users\相忮\.m2\repository\org\openjfx\javafx-fxml\15.0.1\javafx-fxml-15.0.1.jar
Launcher Type: SUN_STANDARD

[Global flags]
     intx CICompilerCount                          = 4                                         {product} {ergonomic}
     uint ConcGCThreads                            = 2                                         {product} {ergonomic}
     uint G1ConcRefinementThreads                  = 8                                         {product} {ergonomic}
   size_t G1HeapRegionSize                         = 2097152                                   {product} {ergonomic}
    uintx GCDrainStackTargetSize                   = 64                                        {product} {ergonomic}
   size_t InitialHeapSize                          = 167772160                                 {product} {ergonomic}
   size_t MarkStackSize                            = 4194304                                   {product} {ergonomic}
   size_t MaxHeapSize                              = 2667577344                                {product} {ergonomic}
   size_t MaxNewSize                               = 1600126976                                {product} {ergonomic}
   size_t MinHeapDeltaBytes                        = 2097152                                   {product} {ergonomic}
   size_t MinHeapSize                              = 8388608                                   {product} {ergonomic}
    uintx NonNMethodCodeHeapSize                   = 5839372                                {pd product} {ergonomic}
    uintx NonProfiledCodeHeapSize                  = 122909434                              {pd product} {ergonomic}
    uintx ProfiledCodeHeapSize                     = 122909434                              {pd product} {ergonomic}
    uintx ReservedCodeCacheSize                    = 251658240                              {pd product} {ergonomic}
     bool SegmentedCodeCache                       = true                                      {product} {ergonomic}
   size_t SoftMaxHeapSize                          = 2667577344                             {manageable} {ergonomic}
     bool UseCompressedClassPointers               = true                                 {lp64_product} {ergonomic}
     bool UseCompressedOops                        = true                                 {lp64_product} {ergonomic}
     bool UseG1GC                                  = true                                      {product} {ergonomic}
     bool UseLargePagesIndividualAllocation        = false                                  {pd product} {ergonomic}

Logging:
Log output configuration:
 #0: stdout all=warning uptime,level,tags
 #1: stderr all=off uptime,level,tags

Environment Variables:
JAVA_HOME=C:\proj\jdk-15.0.2
PATH=C:\Program Files (x86)\NVIDIA Corporation\PhysX\Common;C:\Program Files (x86)\Common Files\Oracle\Java\javapath;C:\Windows\system32;C:\Windows;C:\Windows\System32\Wbem;C:\Windows\System32\WindowsPowerShell\v1.0\;C:\Windows\System32\OpenSSH\;C:\Program Files (x86)\Windows Kits\8.1\Windows Performance Toolkit\;C:\Program Files\Git\cmd;C:\proj\jdk-15.0.2\bin;C:\Program Files\PuTTY\;C:\Program Files\MySQL\MySQL Shell 8.0\bin\;C:\Users\相忮\AppData\Local\Microsoft\WindowsApps;C:\Users\相忮\AppData\Local\Programs\Microsoft VS Code\bin;
USERNAME=相忮
OS=Windows_NT
PROCESSOR_IDENTIFIER=AMD64 Family 23 Model 24 Stepping 1, AuthenticAMD



---------------  S Y S T E M  ---------------

OS:
 Windows 10 , 64 bit Build 17763 (10.0.17763.2300)
OS uptime: 13 days 4:19 hours

CPU: total 8 (initial active 8) (8 cores per cpu, 2 threads per core) family 23 model 24 stepping 1 microcode 0x0, cmov, cx8, fxsr, mmx, sse, sse2, sse3, ssse3, sse4.1, sse4.2, popcnt, vzeroupper, avx, avx2, aes, clmul, 3dnowpref, lzcnt, sse4a, ht, tsc, tscinvbit, tscinv, bmi1, bmi2, adx, sha, fma, clflush, clflushopt

Memory: 4k page, system-wide physical 10170M (2736M free)
TotalPageFile size 12218M (AvailPageFile size 5M)
current process WorkingSet (physical memory assigned to process): 194M, peak: 194M
current process commit charge ("private bytes"): 373M, peak: 375M

vm_info: OpenJDK 64-Bit Server VM (15.0.2+7-27) for windows-amd64 JRE (15.0.2+7-27), built on Dec  7 2020 20:02:38 by "mach5one" with unknown MS VC++:1925

END.
